2025-09-15 11:27:41,544 [INFO] Activator:177 - 


2025-09-15 11:27:41,546 [INFO] Activator:178 - !SESSION log4j initialized
2025-09-15 11:28:03,329 [INFO] McuFinderGlobals:39 - Set McuFinder mode to 2 (CubeIDE integrated)
2025-09-15 11:28:03,414 [INFO] ApplicationProperties:181 - Using Application install path: C:\ST\STM32CubeIDE_1.7.0\STM32CubeIDE\plugins\com.st.stm32cube.common.mx_6.3.0.202107141111
2025-09-15 11:28:03,422 [INFO] DbMcusXml:74 - Set database path to: C:\ST\STM32CubeIDE_1.7.0\STM32CubeIDE\plugins\com.st.stm32cube.common.mx_6.3.0.202107141111\\db\/mcu/
2025-09-15 11:28:03,425 [INFO] DbBoardsPdsc:56 - Set plugin database path to: C:\ST\STM32CubeIDE_1.7.0\STM32CubeIDE\plugins\com.st.stm32cube.common.mx_6.3.0.202107141111\\db\/plugins/boardmanager/
2025-09-15 11:28:03,426 [INFO] DbMcus:258 - Set plugin images path to: C:\ST\STM32CubeIDE_1.7.0\STM32CubeIDE\plugins\com.st.stm32cube.common.mx_6.3.0.202107141111\\db\/plugins/mcufinder/images/
2025-09-15 11:28:03,426 [INFO] DbBoards:264 - Set plugin images path to: C:\ST\STM32CubeIDE_1.7.0\STM32CubeIDE\plugins\com.st.stm32cube.common.mx_6.3.0.202107141111\\db\/plugins/mcufinder/images/
2025-09-15 11:28:03,428 [INFO] DbExamples:333 - Set plugin images path to: C:\ST\STM32CubeIDE_1.7.0\STM32CubeIDE\plugins\com.st.stm32cube.common.mx_6.3.0.202107141111\\db\/plugins/mcufinder/images/
2025-09-15 11:28:03,430 [INFO] DbMcusAds:119 - Set database path to: C:\Users\nguye\.stmcufinder\plugins\mcufinder//mcu/
2025-09-15 11:28:03,431 [INFO] DbMcusDocs:110 - Set database path to: C:\Users\nguye\.stmcufinder\plugins\mcufinder//mcu/
2025-09-15 11:28:03,432 [INFO] DbMcusJson:64 - Set database path to: C:\Users\nguye\.stmcufinder\plugins\mcufinder//mcu/
2025-09-15 11:28:03,433 [INFO] DbBoardsDocs:110 - Set database path to: C:\Users\nguye\.stmcufinder\plugins\mcufinder//mcu/
2025-09-15 11:28:03,433 [INFO] DbBoardsJson:57 - Set database path to: C:\Users\nguye\.stmcufinder\plugins\mcufinder//mcu/
2025-09-15 11:28:03,978 [INFO] CrossReferenceDbSqlite:196 - Set database path to: C:\Users\nguye\.stmcufinder\plugins\mcufinder//mcu/cs/
2025-09-15 11:28:03,982 [INFO] DbExamplesSqlite:767 - Set database path to: C:\Users\nguye\.stmcufinder\plugins\mcufinder//mcu/
2025-09-15 11:28:04,087 [INFO] RulesReader:57 - Compatibility file has been processed (242 Rules)
2025-09-15 11:28:04,151 [INFO] DbMcusXml:74 - Set database path to: C:\ST\STM32CubeIDE_1.7.0\STM32CubeIDE\plugins\com.st.stm32cube.common.mx_6.3.0.202107141111\\db\/mcu/
2025-09-15 11:28:04,151 [INFO] DbBoardsPdsc:56 - Set plugin database path to: C:\ST\STM32CubeIDE_1.7.0\STM32CubeIDE\plugins\com.st.stm32cube.common.mx_6.3.0.202107141111\\db\/plugins/boardmanager/
2025-09-15 11:28:04,151 [INFO] DbMcus:258 - Set plugin images path to: C:\ST\STM32CubeIDE_1.7.0\STM32CubeIDE\plugins\com.st.stm32cube.common.mx_6.3.0.202107141111\\db\/plugins/mcufinder/images/
2025-09-15 11:28:04,151 [INFO] DbBoards:264 - Set plugin images path to: C:\ST\STM32CubeIDE_1.7.0\STM32CubeIDE\plugins\com.st.stm32cube.common.mx_6.3.0.202107141111\\db\/plugins/mcufinder/images/
2025-09-15 11:28:04,151 [INFO] DbExamples:333 - Set plugin images path to: C:\ST\STM32CubeIDE_1.7.0\STM32CubeIDE\plugins\com.st.stm32cube.common.mx_6.3.0.202107141111\\db\/plugins/mcufinder/images/
2025-09-15 11:28:04,153 [WARN] DbFile:35 - Overriding database path with different value: C:\Users\nguye\.stmcufinder\plugins\mcufinder/ => C:\Users\nguye\.stmcufinder\plugins\mcufinder
2025-09-15 11:28:04,153 [INFO] DbMcusAds:119 - Set database path to: C:\Users\nguye\.stmcufinder\plugins\mcufinder//mcu/
2025-09-15 11:28:04,153 [WARN] DbFile:35 - Overriding database path with different value: C:\Users\nguye\.stmcufinder\plugins\mcufinder/ => C:\Users\nguye\.stmcufinder\plugins\mcufinder
2025-09-15 11:28:04,153 [INFO] DbMcusDocs:110 - Set database path to: C:\Users\nguye\.stmcufinder\plugins\mcufinder//mcu/
2025-09-15 11:28:04,153 [WARN] DbFile:35 - Overriding database path with different value: C:\Users\nguye\.stmcufinder\plugins\mcufinder/ => C:\Users\nguye\.stmcufinder\plugins\mcufinder
2025-09-15 11:28:04,153 [INFO] DbMcusJson:64 - Set database path to: C:\Users\nguye\.stmcufinder\plugins\mcufinder//mcu/
2025-09-15 11:28:04,153 [WARN] DbFile:35 - Overriding database path with different value: C:\Users\nguye\.stmcufinder\plugins\mcufinder/ => C:\Users\nguye\.stmcufinder\plugins\mcufinder
2025-09-15 11:28:04,153 [INFO] DbBoardsDocs:110 - Set database path to: C:\Users\nguye\.stmcufinder\plugins\mcufinder//mcu/
2025-09-15 11:28:04,153 [WARN] DbFile:35 - Overriding database path with different value: C:\Users\nguye\.stmcufinder\plugins\mcufinder/ => C:\Users\nguye\.stmcufinder\plugins\mcufinder
2025-09-15 11:28:04,153 [INFO] DbBoardsJson:57 - Set database path to: C:\Users\nguye\.stmcufinder\plugins\mcufinder//mcu/
2025-09-15 11:28:04,154 [WARN] DbFile:35 - Overriding database path with different value: C:\Users\nguye\.stmcufinder\plugins\mcufinder/ => C:\Users\nguye\.stmcufinder\plugins\mcufinder
2025-09-15 11:28:04,154 [WARN] DbFile:35 - Overriding database path with different value: C:\Users\nguye\.stmcufinder\plugins\mcufinder/ => C:\Users\nguye\.stmcufinder\plugins\mcufinder
2025-09-15 11:28:04,976 [INFO] CrossReferenceDbSqlite:196 - Set database path to: C:\Users\nguye\.stmcufinder\plugins\mcufinder//mcu/cs/
2025-09-15 11:28:04,976 [WARN] DbFile:35 - Overriding database path with different value: C:\Users\nguye\.stmcufinder\plugins\mcufinder/ => C:\Users\nguye\.stmcufinder\plugins\mcufinder
2025-09-15 11:28:04,976 [INFO] DbExamplesSqlite:767 - Set database path to: C:\Users\nguye\.stmcufinder\plugins\mcufinder//mcu/
2025-09-15 11:28:05,026 [INFO] MainPanel:214 - HeapMemory: 268435456
2025-09-15 11:28:05,069 [INFO] DbMcusXml:74 - Set database path to: C:\ST\STM32CubeIDE_1.7.0\STM32CubeIDE\plugins\com.st.stm32cube.common.mx_6.3.0.202107141111\\db\/mcu/
2025-09-15 11:28:05,069 [INFO] DbBoardsPdsc:56 - Set plugin database path to: C:\ST\STM32CubeIDE_1.7.0\STM32CubeIDE\plugins\com.st.stm32cube.common.mx_6.3.0.202107141111\\db\/plugins/boardmanager/
2025-09-15 11:28:05,069 [INFO] DbMcus:258 - Set plugin images path to: C:\ST\STM32CubeIDE_1.7.0\STM32CubeIDE\plugins\com.st.stm32cube.common.mx_6.3.0.202107141111\\db\/plugins/mcufinder/images/
2025-09-15 11:28:05,069 [INFO] DbBoards:264 - Set plugin images path to: C:\ST\STM32CubeIDE_1.7.0\STM32CubeIDE\plugins\com.st.stm32cube.common.mx_6.3.0.202107141111\\db\/plugins/mcufinder/images/
2025-09-15 11:28:05,069 [INFO] DbExamples:333 - Set plugin images path to: C:\ST\STM32CubeIDE_1.7.0\STM32CubeIDE\plugins\com.st.stm32cube.common.mx_6.3.0.202107141111\\db\/plugins/mcufinder/images/
2025-09-15 11:28:05,069 [WARN] DbFile:35 - Overriding database path with different value: C:\Users\nguye\.stmcufinder\plugins\mcufinder/ => C:\Users\nguye\.stmcufinder\plugins\mcufinder
2025-09-15 11:28:05,070 [INFO] DbMcusAds:119 - Set database path to: C:\Users\nguye\.stmcufinder\plugins\mcufinder//mcu/
2025-09-15 11:28:05,070 [WARN] DbFile:35 - Overriding database path with different value: C:\Users\nguye\.stmcufinder\plugins\mcufinder/ => C:\Users\nguye\.stmcufinder\plugins\mcufinder
2025-09-15 11:28:05,070 [INFO] DbMcusDocs:110 - Set database path to: C:\Users\nguye\.stmcufinder\plugins\mcufinder//mcu/
2025-09-15 11:28:05,070 [WARN] DbFile:35 - Overriding database path with different value: C:\Users\nguye\.stmcufinder\plugins\mcufinder/ => C:\Users\nguye\.stmcufinder\plugins\mcufinder
2025-09-15 11:28:05,070 [INFO] DbMcusJson:64 - Set database path to: C:\Users\nguye\.stmcufinder\plugins\mcufinder//mcu/
2025-09-15 11:28:05,070 [WARN] DbFile:35 - Overriding database path with different value: C:\Users\nguye\.stmcufinder\plugins\mcufinder/ => C:\Users\nguye\.stmcufinder\plugins\mcufinder
2025-09-15 11:28:05,070 [INFO] DbBoardsDocs:110 - Set database path to: C:\Users\nguye\.stmcufinder\plugins\mcufinder//mcu/
2025-09-15 11:28:05,070 [WARN] DbFile:35 - Overriding database path with different value: C:\Users\nguye\.stmcufinder\plugins\mcufinder/ => C:\Users\nguye\.stmcufinder\plugins\mcufinder
2025-09-15 11:28:05,070 [INFO] DbBoardsJson:57 - Set database path to: C:\Users\nguye\.stmcufinder\plugins\mcufinder//mcu/
2025-09-15 11:28:05,070 [WARN] DbFile:35 - Overriding database path with different value: C:\Users\nguye\.stmcufinder\plugins\mcufinder/ => C:\Users\nguye\.stmcufinder\plugins\mcufinder
2025-09-15 11:28:05,070 [WARN] DbFile:35 - Overriding database path with different value: C:\Users\nguye\.stmcufinder\plugins\mcufinder/ => C:\Users\nguye\.stmcufinder\plugins\mcufinder
2025-09-15 11:28:05,982 [INFO] CrossReferenceDbSqlite:196 - Set database path to: C:\Users\nguye\.stmcufinder\plugins\mcufinder//mcu/cs/
2025-09-15 11:28:05,984 [WARN] DbFile:35 - Overriding database path with different value: C:\Users\nguye\.stmcufinder\plugins\mcufinder/ => C:\Users\nguye\.stmcufinder\plugins\mcufinder
2025-09-15 11:28:05,984 [INFO] DbExamplesSqlite:767 - Set database path to: C:\Users\nguye\.stmcufinder\plugins\mcufinder//mcu/
2025-09-15 11:28:05,997 [INFO] ApplicationProperties:181 - Using Application install path: C:\ST\STM32CubeIDE_1.7.0\STM32CubeIDE\plugins\com.st.stm32cube.common.mx_6.3.0.202107141111
2025-09-15 11:28:05,998 [INFO] PluginManage:188 - Search for loadable plugins [exclusion list=, ]
2025-09-15 11:28:05,999 [INFO] PluginManage:302 - Check plugin analytics
2025-09-15 11:28:07,011 [INFO] AnalyticsPlugin:257 - Accepted Software Licenses: 
2025-09-15 11:28:07,011 [INFO] AnalyticsPlugin:259 - Accepted CMSIS Pack Licenses: 
2025-09-15 11:28:07,011 [INFO] AnalyticsPlugin:261 - Accepted Firmware Licenses: 
2025-09-15 11:28:07,012 [INFO] PluginManage:352 - Loaded plugin analytics (category:tool,tabindex:-1)
2025-09-15 11:28:07,012 [INFO] PluginManage:302 - Check plugin clock
2025-09-15 11:28:07,019 [INFO] PluginManage:352 - Loaded plugin clock (category:base,tabindex:2)
2025-09-15 11:28:07,020 [INFO] PluginManage:302 - Check plugin ddr
2025-09-15 11:28:07,021 [INFO] PluginManage:352 - Loaded plugin ddr (category:tool,tabindex:6)
2025-09-15 11:28:07,021 [INFO] PluginManage:302 - Check plugin filemanager
2025-09-15 11:28:07,111 [INFO] PluginManage:352 - Loaded plugin filemanager (category:base,tabindex:10)
2025-09-15 11:28:07,112 [INFO] PluginManage:302 - Check plugin ipmanager
2025-09-15 11:28:07,119 [INFO] PluginManage:352 - Loaded plugin ipmanager (category:base,tabindex:5)
2025-09-15 11:28:07,119 [INFO] PluginManage:302 - Check plugin pinoutandconfiguration
2025-09-15 11:28:07,125 [INFO] PluginManage:352 - Loaded plugin pinoutandconfiguration (category:base,tabindex:1)
2025-09-15 11:28:07,125 [INFO] PluginManage:302 - Check plugin pinoutconfig
2025-09-15 11:28:07,147 [INFO] PluginManage:352 - Loaded plugin pinoutconfig (category:base,tabindex:0)
2025-09-15 11:28:07,147 [INFO] PluginManage:302 - Check plugin power
2025-09-15 11:28:07,153 [INFO] PluginManage:352 - Loaded plugin power (category:power,tabindex:4)
2025-09-15 11:28:07,153 [INFO] PluginManage:302 - Check plugin projectmanager
2025-09-15 11:28:07,171 [INFO] PluginManage:352 - Loaded plugin projectmanager (category:projectmanager,tabindex:3)
2025-09-15 11:28:07,171 [INFO] PluginManage:302 - Check plugin thirdparty
2025-09-15 11:28:07,272 [WARN] IntegrityCheckThread:78 - waiting for thirdparty lock release [integrity check]
2025-09-15 11:28:07,274 [INFO] IntegrityCheckThread:80 - entering critical section [integrity check]
2025-09-15 11:28:07,272 [INFO] PluginManage:352 - Loaded plugin thirdparty (category:base,tabindex:-1)
2025-09-15 11:28:07,274 [INFO] PluginManage:302 - Check plugin tools
2025-09-15 11:28:07,274 [INFO] ThirdPartyUpdaterWithRetryManager:66 - Updater plugin not ready yet. [1/15]
2025-09-15 11:28:07,276 [INFO] PluginManage:352 - Loaded plugin tools (category:base,tabindex:7)
2025-09-15 11:28:07,276 [INFO] PluginManage:302 - Check plugin tutovideos
2025-09-15 11:28:07,417 [INFO] PluginManage:352 - Loaded plugin tutovideos (category:base,tabindex:-1)
2025-09-15 11:28:07,417 [INFO] PluginManage:302 - Check plugin updater
2025-09-15 11:28:07,430 [INFO] PluginManage:352 - Loaded plugin updater (category:base,tabindex:12)
2025-09-15 11:28:07,430 [INFO] PluginManage:275 - PluginManage : Loaded plugins [13]
2025-09-15 11:28:07,593 [INFO] PinOutPanel:1463 - setPackage(No Configuration,No Configuration)
2025-09-15 11:28:07,658 [INFO] IPUIPlugin:74 - create IPUIPlugin
2025-09-15 11:28:07,658 [INFO] PluginManager:213 - loadIPPluginJar : add adc
2025-09-15 11:28:07,660 [INFO] IPUIPlugin:74 - create IPUIPlugin
2025-09-15 11:28:07,660 [INFO] PluginManager:213 - loadIPPluginJar : add aes
2025-09-15 11:28:07,661 [INFO] IPUIPlugin:74 - create IPUIPlugin
2025-09-15 11:28:07,662 [INFO] PluginManager:213 - loadIPPluginJar : add can
2025-09-15 11:28:07,662 [INFO] IPUIPlugin:74 - create IPUIPlugin
2025-09-15 11:28:07,662 [INFO] PluginManager:213 - loadIPPluginJar : add comp
2025-09-15 11:28:07,664 [INFO] IPUIPlugin:74 - create IPUIPlugin
2025-09-15 11:28:07,665 [INFO] PluginManager:213 - loadIPPluginJar : add cryp
2025-09-15 11:28:07,666 [INFO] IPUIPlugin:74 - create IPUIPlugin
2025-09-15 11:28:07,667 [INFO] PluginManager:213 - loadIPPluginJar : add dfsdm
2025-09-15 11:28:07,671 [INFO] IPUIPlugin:74 - create IPUIPlugin
2025-09-15 11:28:07,671 [INFO] PluginManager:213 - loadIPPluginJar : add dma
2025-09-15 11:28:07,673 [INFO] IPUIPlugin:74 - create IPUIPlugin
2025-09-15 11:28:07,673 [INFO] PluginManager:213 - loadIPPluginJar : add dma3
2025-09-15 11:28:07,674 [INFO] IPUIPlugin:74 - create IPUIPlugin
2025-09-15 11:28:07,674 [INFO] PluginManager:213 - loadIPPluginJar : add fatfs
2025-09-15 11:28:07,677 [INFO] IPUIPlugin:74 - create IPUIPlugin
2025-09-15 11:28:07,677 [INFO] PluginManager:213 - loadIPPluginJar : add fmc
2025-09-15 11:28:07,681 [INFO] IPUIPlugin:74 - create IPUIPlugin
2025-09-15 11:28:07,681 [INFO] PluginManager:213 - loadIPPluginJar : add freertos
2025-09-15 11:28:07,682 [INFO] IPUIPlugin:74 - create IPUIPlugin
2025-09-15 11:28:07,682 [INFO] PluginManager:213 - loadIPPluginJar : add genericplugin
2025-09-15 11:28:07,684 [INFO] IPUIPlugin:74 - create IPUIPlugin
2025-09-15 11:28:07,684 [INFO] PluginManager:213 - loadIPPluginJar : add gfxmmu
2025-09-15 11:28:07,688 [INFO] IPUIPlugin:74 - create IPUIPlugin
2025-09-15 11:28:07,688 [INFO] PluginManager:213 - loadIPPluginJar : add gic
2025-09-15 11:28:07,690 [INFO] IPUIPlugin:74 - create IPUIPlugin
2025-09-15 11:28:07,691 [INFO] PluginManager:213 - loadIPPluginJar : add gpio
2025-09-15 11:28:07,692 [INFO] IPUIPlugin:74 - create IPUIPlugin
2025-09-15 11:28:07,692 [INFO] PluginManager:213 - loadIPPluginJar : add gtzc
2025-09-15 11:28:07,693 [INFO] IPUIPlugin:74 - create IPUIPlugin
2025-09-15 11:28:07,694 [INFO] PluginManager:213 - loadIPPluginJar : add hash
2025-09-15 11:28:07,695 [INFO] IPUIPlugin:74 - create IPUIPlugin
2025-09-15 11:28:07,695 [INFO] PluginManager:213 - loadIPPluginJar : add i2c
2025-09-15 11:28:07,697 [INFO] IPUIPlugin:74 - create IPUIPlugin
2025-09-15 11:28:07,697 [INFO] PluginManager:213 - loadIPPluginJar : add i2s
2025-09-15 11:28:07,698 [INFO] IPUIPlugin:74 - create IPUIPlugin
2025-09-15 11:28:07,699 [INFO] PluginManager:213 - loadIPPluginJar : add ipddr
2025-09-15 11:28:07,704 [INFO] IPUIPlugin:74 - create IPUIPlugin
2025-09-15 11:28:07,704 [INFO] PluginManager:213 - loadIPPluginJar : add linkedlist
2025-09-15 11:28:07,706 [INFO] IPUIPlugin:74 - create IPUIPlugin
2025-09-15 11:28:07,706 [INFO] PluginManager:213 - loadIPPluginJar : add lorawan
2025-09-15 11:28:07,706 [INFO] IPUIPlugin:74 - create IPUIPlugin
2025-09-15 11:28:07,706 [INFO] PluginManager:213 - loadIPPluginJar : add ltdc
2025-09-15 11:28:07,710 [INFO] IPUIPlugin:74 - create IPUIPlugin
2025-09-15 11:28:07,710 [INFO] PluginManager:213 - loadIPPluginJar : add mdma
2025-09-15 11:28:07,711 [INFO] IPUIPlugin:74 - create IPUIPlugin
2025-09-15 11:28:07,711 [INFO] PluginManager:213 - loadIPPluginJar : add nvic
2025-09-15 11:28:07,712 [INFO] IPUIPlugin:74 - create IPUIPlugin
2025-09-15 11:28:07,714 [INFO] PluginManager:213 - loadIPPluginJar : add opamp
2025-09-15 11:28:07,714 [INFO] IPUIPlugin:74 - create IPUIPlugin
2025-09-15 11:28:07,714 [INFO] PluginManager:213 - loadIPPluginJar : add openamp
2025-09-15 11:28:07,716 [INFO] IPUIPlugin:74 - create IPUIPlugin
2025-09-15 11:28:07,716 [INFO] PluginManager:213 - loadIPPluginJar : add pdm2pcm
2025-09-15 11:28:07,720 [INFO] IPUIPlugin:74 - create IPUIPlugin
2025-09-15 11:28:07,723 [INFO] PluginManager:213 - loadIPPluginJar : add plateformsettings
2025-09-15 11:28:07,724 [INFO] IPUIPlugin:74 - create IPUIPlugin
2025-09-15 11:28:07,724 [INFO] PluginManager:213 - loadIPPluginJar : add quadspi
2025-09-15 11:28:07,725 [INFO] IPUIPlugin:74 - create IPUIPlugin
2025-09-15 11:28:07,725 [INFO] PluginManager:213 - loadIPPluginJar : add resmgrutility
2025-09-15 11:28:07,728 [INFO] IPUIPlugin:74 - create IPUIPlugin
2025-09-15 11:28:07,729 [INFO] PluginManager:213 - loadIPPluginJar : add sai
2025-09-15 11:28:07,731 [INFO] IPUIPlugin:74 - create IPUIPlugin
2025-09-15 11:28:07,731 [INFO] PluginManager:213 - loadIPPluginJar : add spi
2025-09-15 11:28:07,734 [INFO] IPUIPlugin:74 - create IPUIPlugin
2025-09-15 11:28:07,734 [INFO] PluginManager:213 - loadIPPluginJar : add stm32_wpan
2025-09-15 11:28:07,735 [INFO] IPUIPlugin:74 - create IPUIPlugin
2025-09-15 11:28:07,736 [INFO] PluginManager:213 - loadIPPluginJar : add tim
2025-09-15 11:28:07,738 [INFO] IPUIPlugin:74 - create IPUIPlugin
2025-09-15 11:28:07,738 [INFO] PluginManager:213 - loadIPPluginJar : add touchsensing
2025-09-15 11:28:07,739 [INFO] IPUIPlugin:74 - create IPUIPlugin
2025-09-15 11:28:07,739 [INFO] PluginManager:213 - loadIPPluginJar : add tracer_emb
2025-09-15 11:28:07,740 [INFO] IPUIPlugin:74 - create IPUIPlugin
2025-09-15 11:28:07,741 [INFO] PluginManager:213 - loadIPPluginJar : add ts
2025-09-15 11:28:07,741 [INFO] IPUIPlugin:74 - create IPUIPlugin
2025-09-15 11:28:07,742 [INFO] PluginManager:213 - loadIPPluginJar : add tsc
2025-09-15 11:28:07,743 [INFO] IPUIPlugin:74 - create IPUIPlugin
2025-09-15 11:28:07,743 [INFO] PluginManager:213 - loadIPPluginJar : add ucpd
2025-09-15 11:28:07,745 [INFO] IPUIPlugin:74 - create IPUIPlugin
2025-09-15 11:28:07,745 [INFO] PluginManager:213 - loadIPPluginJar : add usart
2025-09-15 11:28:07,746 [INFO] IPUIPlugin:74 - create IPUIPlugin
2025-09-15 11:28:07,747 [INFO] PluginManager:213 - loadIPPluginJar : add usbx
2025-09-15 11:28:07,991 [FATAL] Updater:294 - Updater called before beeing initialized
2025-09-15 11:28:08,068 [FATAL] Updater:294 - Updater called before beeing initialized
2025-09-15 11:28:08,071 [INFO] DbMcusAds:47 - JSON generation date=Tue Jul 08 15:14:23 ICT 2025 (1751962463582)
2025-09-15 11:28:08,072 [FATAL] Updater:294 - Updater called before beeing initialized
2025-09-15 11:28:08,097 [WARN] DetailPanel:314 - Failed to get advertising image, set to default
2025-09-15 11:28:08,159 [FATAL] Updater:294 - Updater called before beeing initialized
2025-09-15 11:28:08,160 [FATAL] Updater:294 - Updater called before beeing initialized
2025-09-15 11:28:08,161 [FATAL] Updater:294 - Updater called before beeing initialized
2025-09-15 11:28:08,161 [WARN] DetailPanel:314 - Failed to get advertising image, set to default
2025-09-15 11:28:08,162 [FATAL] Updater:294 - Updater called before beeing initialized
2025-09-15 11:28:08,201 [ERROR] Updater:1075 - MainUpdater not yet initialized. External WinMGr cannot be set.
2025-09-15 11:28:08,204 [INFO] Updater:1012 - Updater Version found : 6.3.0
2025-09-15 11:28:08,216 [INFO] ApplicationProperties:181 - Using Application install path: C:\ST\STM32CubeIDE_1.7.0\STM32CubeIDE\plugins\com.st.stm32cube.common.mx_6.3.0.202107141111
2025-09-15 11:28:08,420 [INFO] MainUpdater:2671 - connection check result : 10
2025-09-15 11:28:08,421 [INFO] MainUpdater:265 - Updater Check For Update Now.
2025-09-15 11:28:08,421 [INFO] MicroXplorer:478 - Change Database Version : DB.6.0.30
2025-09-15 11:28:08,596 [INFO] CheckServerUpdateThread:112 - End of CheckServer Thread
2025-09-15 11:28:08,639 [INFO] MainUpdater:2671 - connection check result : 10
2025-09-15 11:28:08,825 [INFO] McuFinderGlobals:52 - Set McuFinderConnectedMode to false
2025-09-15 11:28:08,904 [INFO] CrossSelectorPresenter:1330 - Cross Selector saved comparison directory: C:\Users\nguye\.stmcufinder\plugins\mcufinder\mcu\cs_comparisons_mx
2025-09-15 11:28:08,910 [INFO] MultiScanPanel:197 - Auto-refresh data requested => check proxy status ongoing
2025-09-15 11:28:08,910 [INFO] MultiScanPanel:201 - Proxy status is invalid
2025-09-15 11:28:08,913 [INFO] FinderPluginLoader:87 - Searching for filters in installed packs
2025-09-15 11:28:08,915 [INFO] DbMcusXml:100 - Load MCU database from C:\ST\STM32CubeIDE_1.7.0\STM32CubeIDE\plugins\com.st.stm32cube.common.mx_6.3.0.202107141111\\db\/mcu/families.xml
2025-09-15 11:28:09,546 [INFO] DbMcusJson:93 - JSON generation date=Tue Nov 16 23:17:54 ICT 2021 (1637079474)
2025-09-15 11:28:10,106 [INFO] DbMcus:175 - Found 1951 MCUs (1903 are supported by CubeMX, 1914 are visible in CubeMX)
2025-09-15 11:28:10,106 [INFO] ApiDb:251 - Load user favorites file C:\Users\nguye/.stm32cubeide/favorites.mcus.txt: 0 item(s)
2025-09-15 11:28:10,106 [INFO] ApiDb:255 - User favorites MCUs=[]
2025-09-15 11:28:10,106 [INFO] DbMcus:187 - Set 0 / 0 favorites MCUs
2025-09-15 11:28:10,425 [ERROR] Engine:463 - C:\Users\nguye\.stm32cubemx\thirdparties\pdsc\STMicroelectronics.FP-SNS-MOTENVWB1.1.4.0.pdsc: PDSC version is not supported
2025-09-15 11:28:10,444 [WARN] PackLoader:238 - Cannot read IP mode file for STMicroelectronics.FP-ATR-ASTRA1.2.0.2
2025-09-15 11:28:10,448 [ERROR] Engine:463 - C:\Users\nguye\.stm32cubemx\thirdparties\pdsc\STMicroelectronics.X-CUBE-SMBUS.2.1.0.pdsc: PDSC version is not supported
2025-09-15 11:28:10,450 [ERROR] Engine:463 - C:\Users\nguye\.stm32cubemx\thirdparties\pdsc\STMicroelectronics.X-CUBE-ST60.1.0.0.pdsc: PDSC version is not supported
2025-09-15 11:28:10,484 [WARN] PackLoader:238 - Cannot read IP mode file for STMicroelectronics.X-CUBE-AZRTOS-F7.1.1.0
2025-09-15 11:28:10,494 [ERROR] Engine:463 - C:\Users\nguye\.stm32cubemx\thirdparties\pdsc\WES.I-CUBE-Cesium.1.4.0.pdsc: PDSC version is not supported
2025-09-15 11:28:10,501 [ERROR] Engine:463 - C:\Users\nguye\.stm32cubemx\thirdparties\pdsc\Infineon.AIROC-Wi-Fi-Bluetooth-STM32.1.7.1.pdsc: PDSC version is not supported
2025-09-15 11:28:10,531 [WARN] PackLoader:238 - Cannot read IP mode file for STMicroelectronics.X-CUBE-AZRTOS-H7.3.4.0
2025-09-15 11:28:10,547 [ERROR] Engine:463 - C:\Users\nguye\.stm32cubemx\thirdparties\pdsc\STMicroelectronics.X-CUBE-DISPLAY.3.0.0.pdsc: PDSC version is not supported
2025-09-15 11:28:10,557 [WARN] PackLoader:238 - Cannot read IP mode file for STMicroelectronics.X-CUBE-NFC10.1.0.0
2025-09-15 11:28:10,563 [ERROR] Engine:463 - C:\Users\nguye\.stm32cubemx\thirdparties\pdsc\emotas.I-CUBE-CANOPEN.1.3.0.pdsc: PDSC version is not supported
2025-09-15 11:28:10,568 [ERROR] Engine:463 - C:\Users\nguye\.stm32cubemx\thirdparties\pdsc\STMicroelectronics.FP-SNS-STBOX1.2.1.0.pdsc: PDSC version is not supported
2025-09-15 11:28:10,570 [ERROR] Engine:463 - C:\Users\nguye\.stm32cubemx\thirdparties\pdsc\STMicroelectronics.FP-SNS-SMARTAG2.1.2.0.pdsc: PDSC version is not supported
2025-09-15 11:28:10,572 [ERROR] Engine:463 - C:\Users\nguye\.stm32cubemx\thirdparties\pdsc\STMicroelectronics.FP-SNS-FLIGHT1.5.1.0.pdsc: PDSC version is not supported
2025-09-15 11:28:10,584 [INFO] LogOutputStream:76 - [STDOUT_REDIRECT] 1 : Invalid condition id : UX_CORESTACK_Condition cause : null
2025-09-15 11:28:10,586 [INFO] LogOutputStream:76 - [STDOUT_REDIRECT] 1 : Invalid condition id : UX_CORESTACK_Condition cause : null
2025-09-15 11:28:10,586 [INFO] LogOutputStream:76 - [STDOUT_REDIRECT] 1 : Invalid condition id : UX_CORESTACK_Condition cause : null
2025-09-15 11:28:10,587 [INFO] LogOutputStream:76 - [STDOUT_REDIRECT] 1 : Invalid condition id : UX_CORESTACK_Condition cause : null
2025-09-15 11:28:10,588 [INFO] LogOutputStream:76 - [STDOUT_REDIRECT] 1 : Invalid condition id : UX_CORESTACK_Condition cause : null
2025-09-15 11:28:10,590 [WARN] PackLoader:238 - Cannot read IP mode file for STMicroelectronics.X-CUBE-AZRTOS-WL.2.0.0
2025-09-15 11:28:10,593 [ERROR] Engine:463 - C:\Users\nguye\.stm32cubemx\thirdparties\pdsc\STMicroelectronics.FP-SNS-MOTENV1.5.0.0.pdsc: PDSC version is not supported
2025-09-15 11:28:10,598 [WARN] PackLoader:238 - Cannot read IP mode file for STMicroelectronics.X-CUBE-BLE2.3.3.0
2025-09-15 11:28:10,604 [WARN] PackLoader:238 - Cannot read IP mode file for STMicroelectronics.X-CUBE-NFC9.1.0.0
2025-09-15 11:28:10,609 [WARN] PackLoader:238 - Cannot read IP mode file for wolfSSL.I-CUBE-wolfSSL.5.8.2
2025-09-15 11:28:10,613 [WARN] PackLoader:238 - Cannot read IP mode file for STMicroelectronics.X-CUBE-BLE1.7.1.0
2025-09-15 11:28:10,617 [WARN] PackLoader:238 - Cannot read IP mode file for wolfSSL.I-CUBE-wolfMQTT.1.19.2
2025-09-15 11:28:10,630 [WARN] PackLoader:238 - Cannot read IP mode file for STMicroelectronics.X-CUBE-EEPRMA1.5.2.0
2025-09-15 11:28:10,638 [INFO] DetailPanel:309 - Set advertising image to C:/Users/nguye/STM32Cube/Repository/\en.2400x1350px.jpeg
2025-09-15 11:28:10,649 [WARN] PackLoader:238 - Cannot read IP mode file for STMicroelectronics.X-CUBE-AZRTOS-G0.1.1.0
2025-09-15 11:28:10,660 [WARN] PackLoader:238 - Cannot read IP mode file for STMicroelectronics.X-CUBE-SAFEA1.1.2.2
2025-09-15 11:28:10,668 [WARN] PackLoader:238 - Cannot read IP mode file for STMicroelectronics.X-CUBE-NFC4.3.0.0
2025-09-15 11:28:10,671 [ERROR] Engine:463 - C:\Users\nguye\.stm32cubemx\thirdparties\pdsc\EmbeddedOffice.I-CUBE-FS-RTOS.1.0.1.pdsc: PDSC version is not supported
2025-09-15 11:28:10,675 [WARN] PackLoader:238 - Cannot read IP mode file for STMicroelectronics.X-CUBE-WB05N.2.0.0
2025-09-15 11:28:10,678 [WARN] PackLoader:238 - Cannot read IP mode file for wolfSSL.I-CUBE-wolfTPM.3.8.0
2025-09-15 11:28:10,681 [ERROR] Engine:463 - C:\Users\nguye\.stm32cubemx\thirdparties\pdsc\STMicroelectronics.X-CUBE-TCPP.4.2.0.pdsc: PDSC version is not supported
2025-09-15 11:28:10,682 [ERROR] Engine:463 - C:\Users\nguye\.stm32cubemx\thirdparties\pdsc\RealThread.X-CUBE-RT-Thread_Nano.4.1.1.pdsc: PDSC version is not supported
2025-09-15 11:28:10,685 [WARN] PackLoader:238 - Cannot read IP mode file for STMicroelectronics.FP-ATR-SIGFOX1.3.2.0
2025-09-15 11:28:10,687 [ERROR] Engine:463 - C:\Users\nguye\.stm32cubemx\thirdparties\pdsc\ITTIA_DB.I-CUBE-ITTIADB.8.9.0.pdsc: PDSC version is not supported
2025-09-15 11:28:10,688 [ERROR] Engine:463 - C:\Users\nguye\.stm32cubemx\thirdparties\pdsc\STMicroelectronics.X-CUBE-ST67W61.1.0.0.pdsc: PDSC version is not supported
2025-09-15 11:28:10,691 [WARN] PackLoader:238 - Cannot read IP mode file for STMicroelectronics.X-CUBE-AI.10.2.0
2025-09-15 11:28:10,734 [WARN] PackLoader:238 - Cannot read IP mode file for SEGGER.I-CUBE-embOS.1.3.1
2025-09-15 11:28:10,776 [WARN] PackLoader:238 - Cannot read IP mode file for STMicroelectronics.X-CUBE-ALGOBUILD.1.4.0
2025-09-15 11:28:10,835 [WARN] PackLoader:238 - Cannot read IP mode file for STMicroelectronics.X-CUBE-MEMS1.11.3.0
2025-09-15 11:28:10,992 [WARN] PackLoader:238 - Cannot read IP mode file for STMicroelectronics.X-CUBE-PM33A1.1.0.0
2025-09-15 11:28:11,004 [INFO] DbBoardsPdsc:90 - Found 25 items
2025-09-15 11:28:11,006 [INFO] DbBoardsPdsc:90 - Found 9 items
2025-09-15 11:28:11,009 [INFO] DbBoardsPdsc:90 - Found 33 items
2025-09-15 11:28:11,010 [INFO] DbBoardsPdsc:90 - Found 1 items
2025-09-15 11:28:11,013 [WARN] PackLoader:238 - Cannot read IP mode file for STMicroelectronics.X-CUBE-AZRTOS-F4.1.1.0
2025-09-15 11:28:11,015 [INFO] DbBoardsPdsc:90 - Found 48 items
2025-09-15 11:28:11,017 [ERROR] Engine:463 - C:\Users\nguye\.stm32cubemx\thirdparties\pdsc\Avnet-IotConnect.X-CUBE-IoTC-DA16k-PMOD.1.0.0.pdsc: PDSC version is not supported
2025-09-15 11:28:11,019 [WARN] PackLoader:238 - Cannot read IP mode file for STMicroelectronics.X-CUBE-ISPU.2.1.0
2025-09-15 11:28:11,020 [INFO] DbBoardsPdsc:90 - Found 43 items
2025-09-15 11:28:11,021 [INFO] DbBoardsPdsc:90 - Found 2 items
2025-09-15 11:28:11,022 [INFO] DbBoardsPdsc:90 - Found 5 items
2025-09-15 11:28:11,024 [WARN] PackLoader:238 - Cannot read IP mode file for STMicroelectronics.X-CUBE-NFC12.1.0.0
2025-09-15 11:28:11,025 [WARN] DbBoardsPdsc:254 - Board STM32H7B3I-DK: unknown feature type=Audio, name=, username=Audio stereo codec with Headphone Amp (CS42L51-CNZ), n=1
2025-09-15 11:28:11,025 [WARN] DbBoardsPdsc:254 - Board STM32H735G-DK: unknown feature type=Audio, name=, username=Audio stereo codec with Headphone Amp (WM8994ECS/R), n=1
2025-09-15 11:28:11,026 [WARN] DbBoardsPdsc:254 - Board STM32H7B3I-EVAL: unknown feature type=Audio, name=, username=Multi-Channel Audio Codec (CS42L51-CNZ), n=1
2025-09-15 11:28:11,027 [WARN] DbBoardsPdsc:254 - Board STM32H7B3I-EVAL: unknown feature type=Meter, name=, username=Power-metering and Temperature-monitoring with sigma-delta modulators, n=1
2025-09-15 11:28:11,027 [WARN] DbBoardsPdsc:254 - Board STM32H7B3I-EVAL: unknown feature type=Motor, name=, username=Motor Control, n=1
2025-09-15 11:28:11,027 [WARN] DbBoardsPdsc:254 - Board STM32U575I-EV: unknown feature type=joystick, name=, username=4-direction joystick with selection button, n=1
2025-09-15 11:28:11,051 [INFO] DbBoardsJson:86 - JSON generation date=Tue Nov 16 23:17:54 ICT 2021 (1637079474)
2025-09-15 11:28:11,057 [INFO] DbBoards:117 - Found 167 boards (163 are supported by CubeMX)
2025-09-15 11:28:11,058 [WARN] PackLoader:238 - Cannot read IP mode file for STMicroelectronics.X-CUBE-AZRTOS-L5.2.0.0
2025-09-15 11:28:11,060 [INFO] DbBoardsDocs:143 - JSON generation date=Tue Nov 16 23:17:54 ICT 2021 (1637079474)
2025-09-15 11:28:11,064 [INFO] DbBoardsDocs:79 - Found 209 boards documents
2025-09-15 11:28:11,065 [WARN] DbBoards:127 - board B-L475E-IOT01A2 has no document id list !
2025-09-15 11:28:11,066 [WARN] DbBoards:127 - board NUCLEO-H743ZI has no document id list !
2025-09-15 11:28:11,067 [WARN] DbBoards:127 - board NUCLEO-WL55JC2 has no document id list !
2025-09-15 11:28:11,067 [WARN] DbBoards:127 - board P-NUCLEO-WB55-Nucleo has no document id list !
2025-09-15 11:28:11,067 [WARN] DbBoards:127 - board P-NUCLEO-WB55-USBDongle has no document id list !
2025-09-15 11:28:11,067 [WARN] DbBoards:127 - board STEVAL-BFA001V1B has no document id list !
2025-09-15 11:28:11,067 [WARN] DbBoards:127 - board STEVAL-BFA001V2B has no document id list !
2025-09-15 11:28:11,067 [WARN] DbBoards:127 - board STEVAL-IDP005V1 has no document id list !
2025-09-15 11:28:11,067 [WARN] DbBoards:127 - board STEVAL-IDP005V2 has no document id list !
2025-09-15 11:28:11,067 [WARN] DbBoards:127 - board STEVAL-MKSBOX1V1 has no document id list !
2025-09-15 11:28:11,067 [WARN] DbBoards:127 - board STEVAL-STWINKT1 has no document id list !
2025-09-15 11:28:11,067 [WARN] DbBoards:127 - board STEVAL-STWINKT1B has no document id list !
2025-09-15 11:28:11,068 [WARN] DbBoards:127 - board STM32439I-EVAL2 has no document id list !
2025-09-15 11:28:11,068 [WARN] DbBoards:127 - board STM32F401C-DISCO has no document id list !
2025-09-15 11:28:11,068 [WARN] PackLoader:238 - Cannot read IP mode file for STMicroelectronics.X-CUBE-NFC6.3.1.0
2025-09-15 11:28:11,069 [WARN] DbBoards:127 - board STM32F769I-DISC1 has no document id list !
2025-09-15 11:28:11,069 [WARN] DbBoards:127 - board STM32G474E-EVAL1 has no document id list !
2025-09-15 11:28:11,069 [WARN] DbBoards:127 - board STM32H743I-EVAL2 has no document id list !
2025-09-15 11:28:11,069 [WARN] DbBoards:127 - board STM32H747I-DISC1 has no document id list !
2025-09-15 11:28:11,070 [WARN] DbBoards:127 - board STM32H753I-EVAL2 has no document id list !
2025-09-15 11:28:11,070 [WARN] DbBoards:127 - board STM32L-DISCOVERY has no document id list !
2025-09-15 11:28:11,073 [ERROR] Engine:463 - C:\Users\nguye\.stm32cubemx\thirdparties\pdsc\STMicroelectronics.X-CUBE-FREERTOS.1.3.1.pdsc: PDSC version is not supported
2025-09-15 11:28:11,075 [ERROR] Engine:463 - C:\Users\nguye\.stm32cubemx\thirdparties\pdsc\STMicroelectronics.FP-SNS-STAIOTCFT.1.0.0.pdsc: PDSC version is not supported
2025-09-15 11:28:11,077 [ERROR] Engine:463 - C:\Users\nguye\.stm32cubemx\thirdparties\pdsc\STMicroelectronics.X-CUBE-DPower.1.3.0.pdsc: PDSC version is not supported
2025-09-15 11:28:11,092 [WARN] ConditionMgr:437 - getConditionDescription Invalid condition id : LAN8742 Phy interface Condition cause : null
2025-09-15 11:28:11,093 [WARN] PackLoader:238 - Cannot read IP mode file for STMicroelectronics.X-CUBE-AZRTOS-L4.2.0.0
2025-09-15 11:28:11,094 [WARN] ConditionMgr:1038 - genDependencies : Invalid condition id : LAN8742 Phy interface Condition cause : null
2025-09-15 11:28:11,094 [WARN] ConditionMgr:1038 - genDependencies : Invalid condition id : LAN8742 Phy interface Condition cause : null
2025-09-15 11:28:11,095 [WARN] ConditionMgr:1038 - genDependencies : Invalid condition id : LAN8742 Phy interface Condition cause : null
2025-09-15 11:28:11,102 [WARN] PackLoader:238 - Cannot read IP mode file for STMicroelectronics.X-CUBE-SFXS2LP1.4.0.0
2025-09-15 11:28:11,109 [ERROR] Engine:463 - C:\Users\nguye\.stm32cubemx\thirdparties\pdsc\STMicroelectronics.X-CUBE-BLEMGR.4.1.0.pdsc: PDSC version is not supported
2025-09-15 11:28:11,131 [WARN] ConditionMgr:437 - getConditionDescription Invalid condition id : UX DEVICE CLASS RTOS Condition cause : null
2025-09-15 11:28:11,131 [WARN] ConditionMgr:437 - getConditionDescription Invalid condition id : UX DEVICE CLASS RTOS Condition cause : null
2025-09-15 11:28:11,133 [WARN] PackLoader:238 - Cannot read IP mode file for STMicroelectronics.X-CUBE-AZRTOS-WB.2.0.0
2025-09-15 11:28:11,134 [WARN] ConditionMgr:1038 - genDependencies : Invalid condition id : UX DEVICE CLASS RTOS Condition cause : null
2025-09-15 11:28:11,134 [WARN] ConditionMgr:1038 - genDependencies : Invalid condition id : UX DEVICE CLASS RTOS Condition cause : null
2025-09-15 11:28:11,135 [WARN] ConditionMgr:1038 - genDependencies : Invalid condition id : UX DEVICE CLASS RTOS Condition cause : null
2025-09-15 11:28:11,135 [WARN] ConditionMgr:1038 - genDependencies : Invalid condition id : UX DEVICE CLASS RTOS Condition cause : null
2025-09-15 11:28:11,135 [WARN] ConditionMgr:1038 - genDependencies : Invalid condition id : UX DEVICE CLASS RTOS Condition cause : null
2025-09-15 11:28:11,141 [WARN] PackLoader:238 - Cannot read IP mode file for STMicroelectronics.X-CUBE-GNSS1.7.0.1
2025-09-15 11:28:11,146 [WARN] PackLoader:238 - Cannot read IP mode file for STMicroelectronics.X-CUBE-TOUCHGFX.4.25.0
2025-09-15 11:28:11,147 [ERROR] Engine:463 - C:\Users\nguye\.stm32cubemx\thirdparties\pdsc\quantropi.X-CUBE-qispace-sdk-base.2.1.0.pdsc: PDSC version is not supported
2025-09-15 11:28:11,154 [WARN] PackLoader:238 - Cannot read IP mode file for STMicroelectronics.X-CUBE-SUBG2.5.0.0
2025-09-15 11:28:11,177 [WARN] PackLoader:238 - Cannot read IP mode file for STMicroelectronics.X-CUBE-AZRTOS-H7RS.1.1.0
2025-09-15 11:28:11,181 [ERROR] Engine:463 - C:\Users\nguye\.stm32cubemx\thirdparties\pdsc\Cesanta.I-CUBE-Mongoose.7.13.0.pdsc: PDSC version is not supported
2025-09-15 11:28:11,193 [WARN] PackLoader:238 - Cannot read IP mode file for STMicroelectronics.X-CUBE-AZRTOS-G4.2.0.0
2025-09-15 11:28:11,198 [WARN] PackLoader:238 - Cannot read IP mode file for wolfSSL.I-CUBE-wolfSSH.1.4.20
2025-09-15 11:28:11,201 [ERROR] DbBoards:189 - Image file not found for board B-U585I-IOT02A: C:\ST\STM32CubeIDE_1.7.0\STM32CubeIDE\plugins\com.st.stm32cube.common.mx_6.3.0.202107141111\\db\/plugins/mcufinder/images/boards/B-U585I-IOT02A_small.jpg
2025-09-15 11:28:11,202 [WARN] PackLoader:238 - Cannot read IP mode file for STMicroelectronics.X-CUBE-NFC7.2.0.0
2025-09-15 11:28:11,207 [ERROR] Engine:463 - C:\Users\nguye\.stm32cubemx\thirdparties\pdsc\STMicroelectronics.X-CUBE-IPS.3.1.0.pdsc: PDSC version is not supported
2025-09-15 11:28:11,208 [ERROR] Engine:463 - C:\Users\nguye\.stm32cubemx\thirdparties\pdsc\STMicroelectronics.X-CUBE-ALS.1.0.2.pdsc: PDSC version is not supported
2025-09-15 11:28:11,213 [WARN] PackLoader:238 - Cannot read IP mode file for STMicroelectronics.X-CUBE-STSE01.1.0.0
2025-09-15 11:28:11,219 [ERROR] Engine:463 - C:\Users\nguye\.stm32cubemx\thirdparties\pdsc\STMicroelectronics.X-CUBE-TOF1.3.4.3.pdsc: PDSC version is not supported
2025-09-15 11:28:11,220 [INFO] ThirdParty:915 - Integrity check success = true
2025-09-15 11:28:11,220 [INFO] IntegrityCheckThread:94 - exiting critical section [integrity check]
2025-09-15 11:28:11,220 [INFO] IntegrityCheckThread:97 - End integrity checks thread
2025-09-15 11:28:11,289 [ERROR] DbBoards:189 - Image file not found for board NUCLEO-F413ZH: C:\ST\STM32CubeIDE_1.7.0\STM32CubeIDE\plugins\com.st.stm32cube.common.mx_6.3.0.202107141111\\db\/plugins/mcufinder/images/boards/nucleo-f413zh_small.jpg
2025-09-15 11:28:11,448 [ERROR] DbBoards:189 - Image file not found for board NUCLEO-L552ZE-Q: C:\ST\STM32CubeIDE_1.7.0\STM32CubeIDE\plugins\com.st.stm32cube.common.mx_6.3.0.202107141111\\db\/plugins/mcufinder/images/boards/nucleo_l552ze_q_small.jpg
2025-09-15 11:28:11,448 [ERROR] DbBoards:189 - Image file not found for board NUCLEO-U575ZI-Q: C:\ST\STM32CubeIDE_1.7.0\STM32CubeIDE\plugins\com.st.stm32cube.common.mx_6.3.0.202107141111\\db\/plugins/mcufinder/images/boards/nucleo-u575zi-q_small.jpg
2025-09-15 11:28:11,448 [ERROR] DbBoards:189 - Image file not found for board NUCLEO-WB15CC: C:\ST\STM32CubeIDE_1.7.0\STM32CubeIDE\plugins\com.st.stm32cube.common.mx_6.3.0.202107141111\\db\/plugins/mcufinder/images/boards/nucleo-wb15cc_small.jpg
2025-09-15 11:28:11,448 [ERROR] DbBoards:189 - Image file not found for board NUCLEO-WB55RG: C:\ST\STM32CubeIDE_1.7.0\STM32CubeIDE\plugins\com.st.stm32cube.common.mx_6.3.0.202107141111\\db\/plugins/mcufinder/images/boards/nucleo-wb55rg_small.jpg
2025-09-15 11:28:12,351 [INFO] ApiDb:251 - Load user favorites file C:\Users\nguye/.stm32cubeide/favorites.boards.txt: 0 item(s)
2025-09-15 11:28:12,351 [INFO] ApiDb:255 - User favorites Boards=[]
2025-09-15 11:28:12,351 [INFO] DbBoards:206 - Set 0 / 0 favorites Boards
2025-09-15 11:28:35,677 [INFO] MainUpdater:2671 - connection check result : 10
2025-09-15 11:28:35,678 [INFO] MainUpdater:2671 - connection check result : 10
2025-09-15 11:28:35,726 [INFO] MicroXplorer:448 - Change Database Path : 
2025-09-15 11:28:35,726 [INFO] MicroXplorer:478 - Change Database Version : DB.6.0.30
2025-09-15 11:28:35,727 [WARN] ThirdParty:813 - waiting for thirdparty lock release [close project]
2025-09-15 11:28:35,727 [INFO] ThirdParty:815 - entering critical section [close project]
2025-09-15 11:28:35,728 [INFO] ThirdParty:825 - exiting critical section [close project]
2025-09-15 11:28:35,734 [INFO] PinOutPanel:1463 - setPackage(No Configuration,No Configuration)
2025-09-15 11:28:35,735 [INFO] UtilMem:74 - Begin LoadConfig() Used Memory: 432594896 Bytes (515899392)
2025-09-15 11:28:35,736 [INFO] MicroXplorer:448 - Change Database Path : 
2025-09-15 11:28:35,736 [INFO] MicroXplorer:478 - Change Database Version : DB.6.0.30
2025-09-15 11:28:35,736 [INFO] OpenFileManager:313 - Change cursor
2025-09-15 11:28:36,387 [INFO] Context:592 - Trying to add GPIOservice into a context  which must be forbidden
2025-09-15 11:28:36,605 [WARN] ApiManager:304 - Cannot register API 'Board Extension:PM33A1' from pack STMicroelectronics.X-CUBE-PM33A1.1.0.0: no header file found
2025-09-15 11:28:36,608 [WARN] ApiManager:304 - Cannot register API 'Board Extension:NFC09A1' from pack STMicroelectronics.X-CUBE-NFC9.1.0.0: no header file found
2025-09-15 11:28:36,612 [WARN] ApiManager:304 - Cannot register API 'Wireless:BlueNRG-MS' from pack STMicroelectronics.X-CUBE-BLE1.7.1.0: no header file found
2025-09-15 11:28:36,614 [WARN] ApiManager:304 - Cannot register API 'Board Extension:EEPRMA2' from pack STMicroelectronics.X-CUBE-EEPRMA1.5.2.0: no header file found
2025-09-15 11:28:36,614 [WARN] ApiManager:304 - Cannot register API 'Board Extension:PGEEZ1' from pack STMicroelectronics.X-CUBE-EEPRMA1.5.2.0: no header file found
2025-09-15 11:28:36,614 [WARN] ApiManager:304 - Cannot register API 'Board Extension:EEICA1' from pack STMicroelectronics.X-CUBE-EEPRMA1.5.2.0: no header file found
2025-09-15 11:28:36,614 [WARN] ApiManager:304 - Cannot register API 'Board Part:M24' from pack STMicroelectronics.X-CUBE-EEPRMA1.5.2.0: no header file found
2025-09-15 11:28:36,614 [WARN] ApiManager:304 - Cannot register API 'Board Part:M95' from pack STMicroelectronics.X-CUBE-EEPRMA1.5.2.0: no header file found
2025-09-15 11:28:36,615 [WARN] ApiManager:304 - Cannot register API 'Board Part:M95P32' from pack STMicroelectronics.X-CUBE-EEPRMA1.5.2.0: no header file found
2025-09-15 11:28:36,615 [WARN] ApiManager:304 - Cannot register API 'Board Part:M24256E-F' from pack STMicroelectronics.X-CUBE-EEPRMA1.5.2.0: no header file found
2025-09-15 11:28:36,615 [WARN] ApiManager:304 - Cannot register API 'Board Part:M24M01E-F' from pack STMicroelectronics.X-CUBE-EEPRMA1.5.2.0: no header file found
2025-09-15 11:28:36,615 [WARN] ApiManager:304 - Cannot register API 'PGEEZ1:SPI' from pack STMicroelectronics.X-CUBE-EEPRMA1.5.2.0: no header file found
2025-09-15 11:28:36,615 [WARN] ApiManager:304 - Cannot register API 'PGEEZ1:QDSPI' from pack STMicroelectronics.X-CUBE-EEPRMA1.5.2.0: no header file found
2025-09-15 11:28:36,617 [WARN] ApiManager:304 - Cannot register API 'Board Extension:GNSS1A1' from pack STMicroelectronics.X-CUBE-GNSS1.7.0.1: no header file found
2025-09-15 11:28:36,617 [WARN] ApiManager:304 - Cannot register API 'Board Support:Custom' from pack STMicroelectronics.X-CUBE-GNSS1.7.0.1: no header file found
2025-09-15 11:28:36,617 [WARN] ApiManager:304 - Cannot register API 'Data Exchange:lib_gnss' from pack STMicroelectronics.X-CUBE-GNSS1.7.0.1: no header file found
2025-09-15 11:28:36,618 [WARN] ApiManager:304 - Cannot register API 'Board Extension:NFC12A1' from pack STMicroelectronics.X-CUBE-NFC12.1.0.0: no header file found
2025-09-15 11:28:36,625 [WARN] ApiManager:304 - Cannot register API 'Board Extension:NFC06A1' from pack STMicroelectronics.X-CUBE-NFC6.3.1.0: no header file found
2025-09-15 11:28:36,625 [WARN] ApiManager:304 - Cannot register API 'Board Extension:NFC08A1' from pack STMicroelectronics.X-CUBE-NFC6.3.1.0: no header file found
2025-09-15 11:28:36,626 [INFO] RtosManager:484 - Registered RTOS mode: class=CMSIS, group=RTOS, mode=CMSIS_V1, owner=FREERTOS
2025-09-15 11:28:36,626 [INFO] RtosManager:484 - Registered RTOS mode: class=CMSIS, group=RTOS2, mode=CMSIS_V2, owner=FREERTOS
2025-09-15 11:28:36,626 [INFO] RtosManager:484 - Registered RTOS mode: class=RTOS, group=Core, mode=CMSIS_V1, owner=FREERTOS
2025-09-15 11:28:36,627 [INFO] RtosManager:484 - Registered RTOS mode: class=RTOS, group=Core, mode=CMSIS_V2, owner=FREERTOS
2025-09-15 11:28:36,627 [WARN] ModelIntegratedComponent:181 - Missing modes for component STMicroelectronics:FreeRTOS:0.0.1:STMicroelectronics:RTOS:FreeRTOS:Core:::10.2.0:
2025-09-15 11:28:36,628 [WARN] ApiManager:304 - Cannot register API 'Board Extension:STSAFEA1' from pack STMicroelectronics.X-CUBE-SAFEA1.1.2.2: no header file found
2025-09-15 11:28:36,628 [WARN] ApiManager:304 - Cannot register API 'Board Part:STSAFEA110' from pack STMicroelectronics.X-CUBE-SAFEA1.1.2.2: no header file found
2025-09-15 11:28:36,628 [WARN] ApiManager:304 - Cannot register API 'Security:ST_Cryptolib' from pack STMicroelectronics.X-CUBE-SAFEA1.1.2.2: no header file found
2025-09-15 11:28:36,628 [WARN] ApiManager:304 - Cannot register API 'Security:MbedTLS' from pack STMicroelectronics.X-CUBE-SAFEA1.1.2.2: no header file found
2025-09-15 11:28:36,629 [WARN] ApiManager:304 - Cannot register API 'Board Extension:NFC04A1' from pack STMicroelectronics.X-CUBE-NFC4.3.0.0: no header file found
2025-09-15 11:28:36,632 [WARN] ApiManager:304 - Cannot register API 'Board Extension:S2868A1' from pack STMicroelectronics.X-CUBE-SUBG2.5.0.0: no header file found
2025-09-15 11:28:36,632 [WARN] ApiManager:304 - Cannot register API 'Board Extension:S2868A2' from pack STMicroelectronics.X-CUBE-SUBG2.5.0.0: no header file found
2025-09-15 11:28:36,632 [WARN] ApiManager:304 - Cannot register API 'Board Extension:S2915A1' from pack STMicroelectronics.X-CUBE-SUBG2.5.0.0: no header file found
2025-09-15 11:28:36,634 [WARN] ApiManager:304 - Cannot register API 'Wireless:STM32WB05N' from pack STMicroelectronics.X-CUBE-WB05N.2.0.0: no header file found
2025-09-15 11:28:36,642 [WARN] ApiManager:304 - Cannot register API 'Board Extension:NFC07A1' from pack STMicroelectronics.X-CUBE-NFC7.2.0.0: no header file found
2025-09-15 11:28:36,643 [WARN] ApiManager:304 - Cannot register API 'Board Extension:NFC10A1' from pack STMicroelectronics.X-CUBE-NFC10.1.0.0: no header file found
2025-09-15 11:28:36,645 [WARN] ModelIntegratedComponent:60 - No mode defined for component null
2025-09-15 11:28:36,645 [WARN] ModelIntegratedComponent:60 - No mode defined for component null
2025-09-15 11:28:36,645 [WARN] ModelIntegratedComponent:60 - No mode defined for component null
2025-09-15 11:28:36,645 [WARN] ModelIntegratedComponent:60 - No mode defined for component null
2025-09-15 11:28:36,645 [WARN] ModelIntegratedComponent:60 - No mode defined for component null
2025-09-15 11:28:36,645 [WARN] ModelIntegratedComponent:60 - No mode defined for component null
2025-09-15 11:28:36,645 [WARN] ModelIntegratedComponent:60 - No mode defined for component null
2025-09-15 11:28:36,645 [WARN] ModelIntegratedComponent:60 - No mode defined for component null
2025-09-15 11:28:36,645 [WARN] ModelIntegratedComponent:60 - No mode defined for component null
2025-09-15 11:28:36,645 [WARN] ModelIntegratedComponent:60 - No mode defined for component null
2025-09-15 11:28:36,645 [WARN] ModelIntegratedComponent:60 - No mode defined for component null
2025-09-15 11:28:36,645 [WARN] ModelIntegratedComponent:60 - No mode defined for component null
2025-09-15 11:28:36,645 [WARN] ModelIntegratedComponent:60 - No mode defined for component null
2025-09-15 11:28:36,645 [WARN] ModelIntegratedComponent:60 - No mode defined for component null
2025-09-15 11:28:36,645 [WARN] ModelIntegratedComponent:60 - No mode defined for component null
2025-09-15 11:28:36,645 [WARN] ModelIntegratedComponent:60 - No mode defined for component null
2025-09-15 11:28:36,646 [WARN] ModelIntegratedComponent:60 - No mode defined for component null
2025-09-15 11:28:36,646 [WARN] ModelIntegratedComponent:60 - No mode defined for component null
2025-09-15 11:28:36,646 [WARN] ModelIntegratedComponent:60 - No mode defined for component null
2025-09-15 11:28:36,646 [WARN] ModelIntegratedComponent:60 - No mode defined for component null
2025-09-15 11:28:36,646 [WARN] ModelIntegratedComponent:60 - No mode defined for component null
2025-09-15 11:28:36,646 [WARN] ModelIntegratedComponent:60 - No mode defined for component null
2025-09-15 11:28:36,646 [WARN] ModelIntegratedComponent:60 - No mode defined for component null
2025-09-15 11:28:36,646 [WARN] ModelIntegratedComponent:60 - No mode defined for component null
2025-09-15 11:28:36,646 [WARN] ModelIntegratedComponent:60 - No mode defined for component null
2025-09-15 11:28:36,646 [WARN] ModelIntegratedComponent:60 - No mode defined for component null
2025-09-15 11:28:36,646 [WARN] ModelIntegratedComponent:60 - No mode defined for component null
2025-09-15 11:28:36,646 [WARN] ModelIntegratedComponent:60 - No mode defined for component null
2025-09-15 11:28:36,646 [WARN] ModelIntegratedComponent:60 - No mode defined for component null
2025-09-15 11:28:36,646 [WARN] ModelIntegratedComponent:60 - No mode defined for component null
2025-09-15 11:28:36,646 [WARN] ModelIntegratedComponent:60 - No mode defined for component null
2025-09-15 11:28:36,647 [WARN] ApiManager:304 - Cannot register API 'Board Extension:SAFEA1' from pack STMicroelectronics.X-CUBE-STSE01.1.0.0: no header file found
2025-09-15 11:28:36,647 [WARN] ApiManager:304 - Cannot register API 'Board Extension:ESE01A1' from pack STMicroelectronics.X-CUBE-STSE01.1.0.0: no header file found
2025-09-15 11:28:36,647 [WARN] ApiManager:304 - Cannot register API 'Board Part:STSAFEA110' from pack STMicroelectronics.X-CUBE-STSE01.1.0.0: no header file found
2025-09-15 11:28:36,648 [WARN] ApiManager:304 - Cannot register API 'Board Part:STSAFEA120' from pack STMicroelectronics.X-CUBE-STSE01.1.0.0: no header file found
2025-09-15 11:28:36,648 [WARN] ApiManager:304 - Cannot register API 'Security:STM32_Cryptographic' from pack STMicroelectronics.X-CUBE-STSE01.1.0.0: no header file found
2025-09-15 11:28:36,648 [WARN] ApiManager:304 - Cannot register API 'Security:STSELib' from pack STMicroelectronics.X-CUBE-STSE01.1.0.0: no header file found
2025-09-15 11:28:36,872 [WARN] ApiManager:304 - Cannot register API 'Board Extension:IKS01A3' from pack STMicroelectronics.X-CUBE-MEMS1.11.3.0: no header file found
2025-09-15 11:28:36,872 [WARN] ApiManager:304 - Cannot register API 'Board Extension:IKS02A1' from pack STMicroelectronics.X-CUBE-MEMS1.11.3.0: no header file found
2025-09-15 11:28:36,872 [WARN] ApiManager:304 - Cannot register API 'Board Extension:IKS4A1' from pack STMicroelectronics.X-CUBE-MEMS1.11.3.0: no header file found
2025-09-15 11:28:36,888 [WARN] ApiManager:304 - Cannot register API 'Board Extension:S2868A1' from pack STMicroelectronics.X-CUBE-SFXS2LP1.4.0.0: no header file found
2025-09-15 11:28:36,888 [WARN] ApiManager:304 - Cannot register API 'Board Extension:S2868A2' from pack STMicroelectronics.X-CUBE-SFXS2LP1.4.0.0: no header file found
2025-09-15 11:28:36,889 [WARN] ApiManager:304 - Cannot register API 'Board Extension:S2915A1' from pack STMicroelectronics.X-CUBE-SFXS2LP1.4.0.0: no header file found
2025-09-15 11:28:36,889 [WARN] ApiManager:304 - Cannot register API 'Wireless:BlueNRG-2' from pack STMicroelectronics.X-CUBE-BLE2.3.3.0: no header file found
2025-09-15 11:28:38,309 [INFO] UtilMem:74 - End LoadConfig() Used Memory: 582391952 Bytes (672137216)
2025-09-15 11:28:38,316 [WARN] ThirdParty:779 - waiting for thirdparty lock release [change project]
2025-09-15 11:28:38,317 [INFO] ThirdParty:781 - entering critical section [change project]
2025-09-15 11:28:38,317 [INFO] ThirdParty:967 - CMSIS Pack Vendor :STMicroelectronics X-CUBE-PM33A1 1.0.0
2025-09-15 11:28:38,317 [INFO] ThirdParty:967 - CMSIS Pack Vendor :STMicroelectronics X-CUBE-NFC9 1.0.0
2025-09-15 11:28:38,317 [INFO] ThirdParty:967 - CMSIS Pack Vendor :STMicroelectronics USB_HOST 2.0.0
2025-09-15 11:28:38,317 [INFO] ThirdParty:967 - CMSIS Pack Vendor :STMicroelectronics X-CUBE-AZRTOS-F4 1.1.0
2025-09-15 11:28:38,317 [INFO] ThirdParty:967 - CMSIS Pack Vendor :STMicroelectronics FP-ATR-ASTRA1 2.0.2
2025-09-15 11:28:38,317 [INFO] ThirdParty:967 - CMSIS Pack Vendor :wolfSSL I-CUBE-wolfSSL 5.8.2
2025-09-15 11:28:38,317 [INFO] ThirdParty:967 - CMSIS Pack Vendor :STMicroelectronics X-CUBE-BLE1 7.1.0
2025-09-15 11:28:38,317 [INFO] ThirdParty:967 - CMSIS Pack Vendor :wolfSSL I-CUBE-wolfMQTT 1.19.2
2025-09-15 11:28:38,317 [INFO] ThirdParty:967 - CMSIS Pack Vendor :STMicroelectronics USB_DEVICE 3.0.0
2025-09-15 11:28:38,317 [INFO] ThirdParty:967 - CMSIS Pack Vendor :STMicroelectronics X-CUBE-ISPU 2.1.0
2025-09-15 11:28:38,317 [INFO] ThirdParty:967 - CMSIS Pack Vendor :STMicroelectronics X-CUBE-EEPRMA1 5.2.0
2025-09-15 11:28:38,317 [INFO] ThirdParty:967 - CMSIS Pack Vendor :STMicroelectronics X-CUBE-AZRTOS-WB 2.0.0
2025-09-15 11:28:38,317 [INFO] ThirdParty:967 - CMSIS Pack Vendor :STMicroelectronics X-CUBE-GNSS1 7.0.1
2025-09-15 11:28:38,317 [INFO] ThirdParty:967 - CMSIS Pack Vendor :STMicroelectronics X-CUBE-NFC12 1.0.0
2025-09-15 11:28:38,317 [INFO] ThirdParty:967 - CMSIS Pack Vendor :STMicroelectronics X-CUBE-AZRTOS-F7 1.1.0
2025-09-15 11:28:38,317 [INFO] ThirdParty:967 - CMSIS Pack Vendor :STMicroelectronics X-CUBE-AZRTOS-L5 2.0.0
2025-09-15 11:28:38,317 [INFO] ThirdParty:967 - CMSIS Pack Vendor :STMicroelectronics X-CUBE-TOUCHGFX 4.25.0
2025-09-15 11:28:38,318 [INFO] ThirdParty:967 - CMSIS Pack Vendor :STMicroelectronics USB_DEVICE 2.0.0
2025-09-15 11:28:38,318 [INFO] ThirdParty:967 - CMSIS Pack Vendor :STMicroelectronics X-CUBE-NFC6 3.1.0
2025-09-15 11:28:38,318 [INFO] ThirdParty:967 - CMSIS Pack Vendor :STMicroelectronics FreeRTOS 0.0.1
2025-09-15 11:28:38,318 [INFO] ThirdParty:967 - CMSIS Pack Vendor :STMicroelectronics X-CUBE-AZRTOS-G0 1.1.0
2025-09-15 11:28:38,318 [INFO] ThirdParty:967 - CMSIS Pack Vendor :STMicroelectronics X-CUBE-SAFEA1 1.2.2
2025-09-15 11:28:38,318 [INFO] ThirdParty:967 - CMSIS Pack Vendor :STMicroelectronics X-CUBE-NFC4 3.0.0
2025-09-15 11:28:38,318 [INFO] ThirdParty:967 - CMSIS Pack Vendor :STMicroelectronics X-CUBE-SUBG2 5.0.0
2025-09-15 11:28:38,318 [INFO] ThirdParty:967 - CMSIS Pack Vendor :STMicroelectronics X-CUBE-AZRTOS-H7RS 1.1.0
2025-09-15 11:28:38,318 [INFO] ThirdParty:967 - CMSIS Pack Vendor :STMicroelectronics lwIP 2.0.3
2025-09-15 11:28:38,318 [INFO] ThirdParty:967 - CMSIS Pack Vendor :STMicroelectronics USB_HOST 1.0.0
2025-09-15 11:28:38,318 [INFO] ThirdParty:967 - CMSIS Pack Vendor :STMicroelectronics X-CUBE-AZRTOS-G4 2.0.0
2025-09-15 11:28:38,318 [INFO] ThirdParty:967 - CMSIS Pack Vendor :STMicroelectronics X-CUBE-WB05N 2.0.0
2025-09-15 11:28:38,318 [INFO] ThirdParty:967 - CMSIS Pack Vendor :STMicroelectronics PDM2PCM 3.1.0
2025-09-15 11:28:38,318 [INFO] ThirdParty:967 - CMSIS Pack Vendor :STMicroelectronics PDM2PCM 3.3.0
2025-09-15 11:28:38,318 [INFO] ThirdParty:967 - CMSIS Pack Vendor :wolfSSL I-CUBE-wolfTPM 3.8.0
2025-09-15 11:28:38,318 [INFO] ThirdParty:967 - CMSIS Pack Vendor :STMicroelectronics X-CUBE-AZRTOS-H7 3.4.0
2025-09-15 11:28:38,318 [INFO] ThirdParty:967 - CMSIS Pack Vendor :wolfSSL I-CUBE-wolfSSH 1.4.20
2025-09-15 11:28:38,318 [INFO] ThirdParty:967 - CMSIS Pack Vendor :STMicroelectronics X-CUBE-NFC7 2.0.0
2025-09-15 11:28:38,319 [INFO] ThirdParty:967 - CMSIS Pack Vendor :STMicroelectronics FP-ATR-SIGFOX1 3.2.0
2025-09-15 11:28:38,319 [INFO] ThirdParty:967 - CMSIS Pack Vendor :STMicroelectronics X-CUBE-NFC10 1.0.0
2025-09-15 11:28:38,319 [INFO] ThirdParty:967 - CMSIS Pack Vendor :STMicroelectronics HAL Drivers 0.0.0
2025-09-15 11:28:38,319 [INFO] ThirdParty:967 - CMSIS Pack Vendor :STMicroelectronics MBEDTLS 2.16.2
2025-09-15 11:28:38,319 [INFO] ThirdParty:967 - CMSIS Pack Vendor :STMicroelectronics MBEDTLS 2.14.1
2025-09-15 11:28:38,319 [INFO] ThirdParty:967 - CMSIS Pack Vendor :STMicroelectronics X-CUBE-STSE01 1.0.0
2025-09-15 11:28:38,319 [INFO] ThirdParty:967 - CMSIS Pack Vendor :STMicroelectronics X-CUBE-AI 10.2.0
2025-09-15 11:28:38,319 [INFO] ThirdParty:967 - CMSIS Pack Vendor :STMicroelectronics X-CUBE-AZRTOS-WL 2.0.0
2025-09-15 11:28:38,319 [INFO] ThirdParty:967 - CMSIS Pack Vendor :SEGGER I-CUBE-embOS 1.3.1
2025-09-15 11:28:38,319 [INFO] ThirdParty:967 - CMSIS Pack Vendor :STMicroelectronics X-CUBE-ALGOBUILD 1.4.0
2025-09-15 11:28:38,319 [INFO] ThirdParty:967 - CMSIS Pack Vendor :STMicroelectronics X-CUBE-MEMS1 11.3.0
2025-09-15 11:28:38,319 [INFO] ThirdParty:967 - CMSIS Pack Vendor :STMicroelectronics USB_DEVICE 1.0.0
2025-09-15 11:28:38,319 [INFO] ThirdParty:967 - CMSIS Pack Vendor :STMicroelectronics X-CUBE-AZRTOS-L4 2.0.0
2025-09-15 11:28:38,319 [INFO] ThirdParty:967 - CMSIS Pack Vendor :STMicroelectronics ThreadX 0.0.2
2025-09-15 11:28:38,319 [INFO] ThirdParty:967 - CMSIS Pack Vendor :STMicroelectronics lwIP 2.1.2
2025-09-15 11:28:38,319 [INFO] ThirdParty:967 - CMSIS Pack Vendor :STMicroelectronics X-CUBE-SFXS2LP1 4.0.0
2025-09-15 11:28:38,319 [INFO] ThirdParty:967 - CMSIS Pack Vendor :STMicroelectronics X-CUBE-BLE2 3.3.0
2025-09-15 11:28:38,319 [INFO] ThirdParty:967 - CMSIS Pack Vendor :STMicroelectronics PDM2PCM 3.2.0
2025-09-15 11:28:38,320 [INFO] ThirdParty:787 - exiting critical section [change project]
2025-09-15 11:28:38,465 [INFO] PinOutPanel:1463 - setPackage(No Configuration,No Configuration)
2025-09-15 11:28:38,467 [INFO] PinOutPanel:1463 - setPackage(STM32F103C6Ux,UFQFPN48)
2025-09-15 11:28:38,712 [INFO] UtilMem:74 - Before build in PCC Used Memory: 547567784 Bytes (672137216)
2025-09-15 11:28:39,165 [INFO] UtilMem:74 - After build in PCC Used Memory: 501862560 Bytes (672137216)
2025-09-15 11:28:39,181 [INFO] IPUIPlugin:74 - create IPUIPlugin
2025-09-15 11:28:39,181 [INFO] IPUIPlugin:74 - create IPUIPlugin
2025-09-15 11:28:39,181 [INFO] IPUIPlugin:74 - create IPUIPlugin
2025-09-15 11:28:39,181 [INFO] IPUIPlugin:74 - create IPUIPlugin
2025-09-15 11:28:39,181 [INFO] IPUIPlugin:74 - create IPUIPlugin
2025-09-15 11:28:39,182 [INFO] IPUIPlugin:74 - create IPUIPlugin
2025-09-15 11:28:39,182 [INFO] IPUIPlugin:74 - create IPUIPlugin
2025-09-15 11:28:39,182 [INFO] IPUIPlugin:74 - create IPUIPlugin
2025-09-15 11:28:39,182 [INFO] IPUIPlugin:74 - create IPUIPlugin
2025-09-15 11:28:39,182 [INFO] IPUIPlugin:74 - create IPUIPlugin
2025-09-15 11:28:39,182 [INFO] IPUIPlugin:74 - create IPUIPlugin
2025-09-15 11:28:39,182 [INFO] IPUIPlugin:74 - create IPUIPlugin
2025-09-15 11:28:39,182 [INFO] IPUIPlugin:74 - create IPUIPlugin
2025-09-15 11:28:39,183 [INFO] IPUIPlugin:74 - create IPUIPlugin
2025-09-15 11:28:39,183 [INFO] IPUIPlugin:74 - create IPUIPlugin
2025-09-15 11:28:39,183 [INFO] IPUIPlugin:74 - create IPUIPlugin
2025-09-15 11:28:39,184 [INFO] IPUIPlugin:74 - create IPUIPlugin
2025-09-15 11:28:39,184 [INFO] IPUIPlugin:74 - create IPUIPlugin
2025-09-15 11:28:39,184 [INFO] IPUIPlugin:74 - create IPUIPlugin
2025-09-15 11:28:39,184 [INFO] IPUIPlugin:74 - create IPUIPlugin
2025-09-15 11:28:39,185 [INFO] IPUIPlugin:74 - create IPUIPlugin
2025-09-15 11:28:39,185 [INFO] IPUIPlugin:74 - create IPUIPlugin
2025-09-15 11:28:39,185 [INFO] IPUIPlugin:74 - create IPUIPlugin
2025-09-15 11:28:39,280 [INFO] OpenFileManager:333 - Restore cursor
2025-09-15 11:28:39,525 [INFO] UtilMem:74 - End SaveConfig() Used Memory: 540967464 Bytes (672137216)
2025-09-15 11:28:39,588 [INFO] UtilMem:74 - End SaveConfig() Used Memory: 558247168 Bytes (672137216)
2025-09-15 11:28:39,910 [INFO] BlockDiagram:2740 - set Specific Code input for plugin: NVIC
2025-09-15 11:28:39,910 [INFO] BlockDiagram:2740 - set Specific Code input for plugin: SYS
2025-09-15 11:28:39,910 [INFO] BlockDiagram:2740 - set Specific Code input for plugin: GPIO
2025-09-15 11:28:39,910 [INFO] BlockDiagram:2740 - set Specific Code input for plugin: RCC
2025-09-15 11:28:39,911 [INFO] CodeGenerator:663 - code generatio: config db path: C:\ST\STM32CubeIDE_1.7.0\STM32CubeIDE\plugins\com.st.stm32cube.common.mx_6.3.0.202107141111\\db\
2025-09-15 11:28:40,219 [INFO] CodeEngine:239 - oldGeneratedFile, C:\Users\nguye\Desktop\VXL\Ex4_5\Ex4_5\MXTmpFiles\license.tmp_save
2025-09-15 11:28:40,508 [INFO] CodeEngine:257 - Generated code: C:\Users\nguye\Desktop\VXL\Ex4_5\Ex4_5\MXTmpFiles\license.tmp
2025-09-15 11:28:40,598 [INFO] CodeEngine:239 - oldGeneratedFile, C:\Users\nguye\Desktop\VXL\Ex4_5\Ex4_5\MXTmpFiles\gpio.tmp_save
2025-09-15 11:28:40,674 [INFO] CodeEngine:257 - Generated code: C:\Users\nguye\Desktop\VXL\Ex4_5\Ex4_5\MXTmpFiles\gpio.tmp
2025-09-15 11:28:40,719 [INFO] CodeEngine:239 - oldGeneratedFile, C:\Users\nguye\Desktop\VXL\Ex4_5\Ex4_5\Core\Src\stm32f1xx_it.c_save
2025-09-15 11:28:40,835 [INFO] CodeEngine:257 - Generated code: C:\Users\nguye\Desktop\VXL\Ex4_5\Ex4_5\Core\Src\stm32f1xx_it.c
2025-09-15 11:28:40,838 [INFO] CodeEngine:239 - oldGeneratedFile, C:\Users\nguye\Desktop\VXL\Ex4_5\Ex4_5\Core\Inc\stm32f1xx_it.h_save
2025-09-15 11:28:40,905 [INFO] CodeEngine:257 - Generated code: C:\Users\nguye\Desktop\VXL\Ex4_5\Ex4_5\Core\Inc\stm32f1xx_it.h
2025-09-15 11:28:40,914 [INFO] CodeEngine:239 - oldGeneratedFile, C:\Users\nguye\Desktop\VXL\Ex4_5\Ex4_5\Core\Src\stm32f1xx_hal_msp.c_save
2025-09-15 11:28:41,053 [INFO] CodeEngine:257 - Generated code: C:\Users\nguye\Desktop\VXL\Ex4_5\Ex4_5\Core\Src\stm32f1xx_hal_msp.c
2025-09-15 11:28:41,056 [INFO] CodeEngine:239 - oldGeneratedFile, C:\Users\nguye\Desktop\VXL\Ex4_5\Ex4_5\MXTmpFiles\system.tmp_save
2025-09-15 11:28:41,114 [INFO] CodeEngine:257 - Generated code: C:\Users\nguye\Desktop\VXL\Ex4_5\Ex4_5\MXTmpFiles\system.tmp
2025-09-15 11:28:41,121 [INFO] CodeEngine:239 - oldGeneratedFile, C:\Users\nguye\Desktop\VXL\Ex4_5\Ex4_5\Core\Inc\stm32f1xx_hal_conf.h_save
2025-09-15 11:28:41,215 [INFO] CodeEngine:257 - Generated code: C:\Users\nguye\Desktop\VXL\Ex4_5\Ex4_5\Core\Inc\stm32f1xx_hal_conf.h
2025-09-15 11:28:41,250 [INFO] CodeEngine:239 - oldGeneratedFile, C:\Users\nguye\Desktop\VXL\Ex4_5\Ex4_5\Core\Inc\main.h_save
2025-09-15 11:28:41,345 [INFO] CodeEngine:257 - Generated code: C:\Users\nguye\Desktop\VXL\Ex4_5\Ex4_5\Core\Inc\main.h
2025-09-15 11:28:41,348 [INFO] CodeEngine:239 - oldGeneratedFile, C:\Users\nguye\Desktop\VXL\Ex4_5\Ex4_5\Core\Src\main.c_save
2025-09-15 11:28:41,433 [INFO] CodeEngine:257 - Generated code: C:\Users\nguye\Desktop\VXL\Ex4_5\Ex4_5\Core\Src\main.c
2025-09-15 11:28:42,179 [INFO] ProjectBuilder:2578 - Time for Copy HAL[1] : 57mS.
2025-09-15 11:28:42,183 [INFO] ProjectBuilder:3622 - Project Generator version: 3.14.1
2025-09-15 11:28:42,561 [INFO] ConfigFileManager:1271 - The Die is : DIE412
2025-09-15 11:28:42,572 [INFO] ApiDbMcu:468 - Load IP Config File for FATFS
2025-09-15 11:28:42,618 [INFO] ApiDbMcu:468 - Load IP Config File for FREERTOS
2025-09-15 11:28:42,633 [INFO] ApiDbMcu:468 - Load IP Config File for USB_DEVICE
2025-09-15 11:28:45,192 [INFO] ProjectBuilder:3789 - Time for Generating toolchain IDE Files: 3009mS.
2025-09-15 11:28:45,193 [INFO] ProjectBuilder:2457 - Time for Copy CMSIS : 0mS.
2025-09-15 11:28:45,195 [INFO] ProjectBuilder:2457 - Time for Copy CMSIS : 0mS.
2025-09-15 11:28:45,598 [INFO] McuFinderGlobals:52 - Set McuFinderConnectedMode to true
2025-09-15 11:28:46,003 [INFO] ApiDb:276 - Save user favorites file C:\Users\nguye/.stm32cubeide/favorites.mcus.txt: 0 item(s)
2025-09-15 11:28:46,004 [INFO] ApiDb:280 - User favorites MCUs=[]
