2025-09-14 20:15:43,425 [INFO] Activator:177 - 


2025-09-14 20:15:43,427 [INFO] Activator:178 - !SESSION log4j initialized
2025-09-14 20:16:24,380 [INFO] McuFinderGlobals:39 - Set McuFinder mode to 2 (CubeIDE integrated)
2025-09-14 20:16:24,904 [INFO] ApplicationProperties:181 - Using Application install path: C:\ST\STM32CubeIDE_1.7.0\STM32CubeIDE\plugins\com.st.stm32cube.common.mx_6.3.0.202107141111
2025-09-14 20:16:24,920 [INFO] DbMcusXml:74 - Set database path to: C:\ST\STM32CubeIDE_1.7.0\STM32CubeIDE\plugins\com.st.stm32cube.common.mx_6.3.0.202107141111\\db\/mcu/
2025-09-14 20:16:24,920 [INFO] DbBoardsPdsc:56 - Set plugin database path to: C:\ST\STM32CubeIDE_1.7.0\STM32CubeIDE\plugins\com.st.stm32cube.common.mx_6.3.0.202107141111\\db\/plugins/boardmanager/
2025-09-14 20:16:24,920 [INFO] DbMcus:258 - Set plugin images path to: C:\ST\STM32CubeIDE_1.7.0\STM32CubeIDE\plugins\com.st.stm32cube.common.mx_6.3.0.202107141111\\db\/plugins/mcufinder/images/
2025-09-14 20:16:24,920 [INFO] DbBoards:264 - Set plugin images path to: C:\ST\STM32CubeIDE_1.7.0\STM32CubeIDE\plugins\com.st.stm32cube.common.mx_6.3.0.202107141111\\db\/plugins/mcufinder/images/
2025-09-14 20:16:24,920 [INFO] DbExamples:333 - Set plugin images path to: C:\ST\STM32CubeIDE_1.7.0\STM32CubeIDE\plugins\com.st.stm32cube.common.mx_6.3.0.202107141111\\db\/plugins/mcufinder/images/
2025-09-14 20:16:24,936 [INFO] DbMcusAds:119 - Set database path to: C:\Users\nguye\.stmcufinder\plugins\mcufinder//mcu/
2025-09-14 20:16:24,936 [INFO] DbMcusDocs:110 - Set database path to: C:\Users\nguye\.stmcufinder\plugins\mcufinder//mcu/
2025-09-14 20:16:24,936 [INFO] DbMcusJson:64 - Set database path to: C:\Users\nguye\.stmcufinder\plugins\mcufinder//mcu/
2025-09-14 20:16:24,936 [INFO] DbBoardsDocs:110 - Set database path to: C:\Users\nguye\.stmcufinder\plugins\mcufinder//mcu/
2025-09-14 20:16:24,936 [INFO] DbBoardsJson:57 - Set database path to: C:\Users\nguye\.stmcufinder\plugins\mcufinder//mcu/
2025-09-14 20:16:24,967 [INFO] CrossReferenceDbSqlite:196 - Set database path to: C:\Users\nguye\.stmcufinder\plugins\mcufinder//mcu/cs/
2025-09-14 20:16:24,971 [INFO] DbExamplesSqlite:767 - Set database path to: C:\Users\nguye\.stmcufinder\plugins\mcufinder//mcu/
2025-09-14 20:16:25,046 [INFO] RulesReader:57 - Compatibility file has been processed (242 Rules)
2025-09-14 20:16:25,140 [INFO] DbMcusXml:74 - Set database path to: C:\ST\STM32CubeIDE_1.7.0\STM32CubeIDE\plugins\com.st.stm32cube.common.mx_6.3.0.202107141111\\db\/mcu/
2025-09-14 20:16:25,140 [INFO] DbBoardsPdsc:56 - Set plugin database path to: C:\ST\STM32CubeIDE_1.7.0\STM32CubeIDE\plugins\com.st.stm32cube.common.mx_6.3.0.202107141111\\db\/plugins/boardmanager/
2025-09-14 20:16:25,140 [INFO] DbMcus:258 - Set plugin images path to: C:\ST\STM32CubeIDE_1.7.0\STM32CubeIDE\plugins\com.st.stm32cube.common.mx_6.3.0.202107141111\\db\/plugins/mcufinder/images/
2025-09-14 20:16:25,140 [INFO] DbBoards:264 - Set plugin images path to: C:\ST\STM32CubeIDE_1.7.0\STM32CubeIDE\plugins\com.st.stm32cube.common.mx_6.3.0.202107141111\\db\/plugins/mcufinder/images/
2025-09-14 20:16:25,140 [INFO] DbExamples:333 - Set plugin images path to: C:\ST\STM32CubeIDE_1.7.0\STM32CubeIDE\plugins\com.st.stm32cube.common.mx_6.3.0.202107141111\\db\/plugins/mcufinder/images/
2025-09-14 20:16:25,140 [WARN] DbFile:35 - Overriding database path with different value: C:\Users\nguye\.stmcufinder\plugins\mcufinder/ => C:\Users\nguye\.stmcufinder\plugins\mcufinder
2025-09-14 20:16:25,140 [INFO] DbMcusAds:119 - Set database path to: C:\Users\nguye\.stmcufinder\plugins\mcufinder//mcu/
2025-09-14 20:16:25,140 [WARN] DbFile:35 - Overriding database path with different value: C:\Users\nguye\.stmcufinder\plugins\mcufinder/ => C:\Users\nguye\.stmcufinder\plugins\mcufinder
2025-09-14 20:16:25,147 [INFO] DbMcusDocs:110 - Set database path to: C:\Users\nguye\.stmcufinder\plugins\mcufinder//mcu/
2025-09-14 20:16:25,147 [WARN] DbFile:35 - Overriding database path with different value: C:\Users\nguye\.stmcufinder\plugins\mcufinder/ => C:\Users\nguye\.stmcufinder\plugins\mcufinder
2025-09-14 20:16:25,147 [INFO] DbMcusJson:64 - Set database path to: C:\Users\nguye\.stmcufinder\plugins\mcufinder//mcu/
2025-09-14 20:16:25,147 [WARN] DbFile:35 - Overriding database path with different value: C:\Users\nguye\.stmcufinder\plugins\mcufinder/ => C:\Users\nguye\.stmcufinder\plugins\mcufinder
2025-09-14 20:16:25,147 [INFO] DbBoardsDocs:110 - Set database path to: C:\Users\nguye\.stmcufinder\plugins\mcufinder//mcu/
2025-09-14 20:16:25,147 [WARN] DbFile:35 - Overriding database path with different value: C:\Users\nguye\.stmcufinder\plugins\mcufinder/ => C:\Users\nguye\.stmcufinder\plugins\mcufinder
2025-09-14 20:16:25,147 [INFO] DbBoardsJson:57 - Set database path to: C:\Users\nguye\.stmcufinder\plugins\mcufinder//mcu/
2025-09-14 20:16:25,147 [WARN] DbFile:35 - Overriding database path with different value: C:\Users\nguye\.stmcufinder\plugins\mcufinder/ => C:\Users\nguye\.stmcufinder\plugins\mcufinder
2025-09-14 20:16:25,147 [WARN] DbFile:35 - Overriding database path with different value: C:\Users\nguye\.stmcufinder\plugins\mcufinder/ => C:\Users\nguye\.stmcufinder\plugins\mcufinder
2025-09-14 20:16:25,147 [INFO] CrossReferenceDbSqlite:196 - Set database path to: C:\Users\nguye\.stmcufinder\plugins\mcufinder//mcu/cs/
2025-09-14 20:16:25,147 [WARN] DbFile:35 - Overriding database path with different value: C:\Users\nguye\.stmcufinder\plugins\mcufinder/ => C:\Users\nguye\.stmcufinder\plugins\mcufinder
2025-09-14 20:16:25,147 [INFO] DbExamplesSqlite:767 - Set database path to: C:\Users\nguye\.stmcufinder\plugins\mcufinder//mcu/
2025-09-14 20:16:25,203 [INFO] MainPanel:214 - HeapMemory: 292552704
2025-09-14 20:16:25,300 [INFO] DbMcusXml:74 - Set database path to: C:\ST\STM32CubeIDE_1.7.0\STM32CubeIDE\plugins\com.st.stm32cube.common.mx_6.3.0.202107141111\\db\/mcu/
2025-09-14 20:16:25,300 [INFO] DbBoardsPdsc:56 - Set plugin database path to: C:\ST\STM32CubeIDE_1.7.0\STM32CubeIDE\plugins\com.st.stm32cube.common.mx_6.3.0.202107141111\\db\/plugins/boardmanager/
2025-09-14 20:16:25,300 [INFO] DbMcus:258 - Set plugin images path to: C:\ST\STM32CubeIDE_1.7.0\STM32CubeIDE\plugins\com.st.stm32cube.common.mx_6.3.0.202107141111\\db\/plugins/mcufinder/images/
2025-09-14 20:16:25,300 [INFO] DbBoards:264 - Set plugin images path to: C:\ST\STM32CubeIDE_1.7.0\STM32CubeIDE\plugins\com.st.stm32cube.common.mx_6.3.0.202107141111\\db\/plugins/mcufinder/images/
2025-09-14 20:16:25,300 [INFO] DbExamples:333 - Set plugin images path to: C:\ST\STM32CubeIDE_1.7.0\STM32CubeIDE\plugins\com.st.stm32cube.common.mx_6.3.0.202107141111\\db\/plugins/mcufinder/images/
2025-09-14 20:16:25,300 [WARN] DbFile:35 - Overriding database path with different value: C:\Users\nguye\.stmcufinder\plugins\mcufinder/ => C:\Users\nguye\.stmcufinder\plugins\mcufinder
2025-09-14 20:16:25,300 [INFO] DbMcusAds:119 - Set database path to: C:\Users\nguye\.stmcufinder\plugins\mcufinder//mcu/
2025-09-14 20:16:25,300 [WARN] DbFile:35 - Overriding database path with different value: C:\Users\nguye\.stmcufinder\plugins\mcufinder/ => C:\Users\nguye\.stmcufinder\plugins\mcufinder
2025-09-14 20:16:25,300 [INFO] DbMcusDocs:110 - Set database path to: C:\Users\nguye\.stmcufinder\plugins\mcufinder//mcu/
2025-09-14 20:16:25,300 [WARN] DbFile:35 - Overriding database path with different value: C:\Users\nguye\.stmcufinder\plugins\mcufinder/ => C:\Users\nguye\.stmcufinder\plugins\mcufinder
2025-09-14 20:16:25,300 [INFO] DbMcusJson:64 - Set database path to: C:\Users\nguye\.stmcufinder\plugins\mcufinder//mcu/
2025-09-14 20:16:25,300 [WARN] DbFile:35 - Overriding database path with different value: C:\Users\nguye\.stmcufinder\plugins\mcufinder/ => C:\Users\nguye\.stmcufinder\plugins\mcufinder
2025-09-14 20:16:25,300 [INFO] DbBoardsDocs:110 - Set database path to: C:\Users\nguye\.stmcufinder\plugins\mcufinder//mcu/
2025-09-14 20:16:25,300 [WARN] DbFile:35 - Overriding database path with different value: C:\Users\nguye\.stmcufinder\plugins\mcufinder/ => C:\Users\nguye\.stmcufinder\plugins\mcufinder
2025-09-14 20:16:25,300 [INFO] DbBoardsJson:57 - Set database path to: C:\Users\nguye\.stmcufinder\plugins\mcufinder//mcu/
2025-09-14 20:16:25,300 [WARN] DbFile:35 - Overriding database path with different value: C:\Users\nguye\.stmcufinder\plugins\mcufinder/ => C:\Users\nguye\.stmcufinder\plugins\mcufinder
2025-09-14 20:16:25,300 [WARN] DbFile:35 - Overriding database path with different value: C:\Users\nguye\.stmcufinder\plugins\mcufinder/ => C:\Users\nguye\.stmcufinder\plugins\mcufinder
2025-09-14 20:16:25,313 [INFO] CrossReferenceDbSqlite:196 - Set database path to: C:\Users\nguye\.stmcufinder\plugins\mcufinder//mcu/cs/
2025-09-14 20:16:25,313 [WARN] DbFile:35 - Overriding database path with different value: C:\Users\nguye\.stmcufinder\plugins\mcufinder/ => C:\Users\nguye\.stmcufinder\plugins\mcufinder
2025-09-14 20:16:25,313 [INFO] DbExamplesSqlite:767 - Set database path to: C:\Users\nguye\.stmcufinder\plugins\mcufinder//mcu/
2025-09-14 20:16:25,330 [INFO] ApplicationProperties:181 - Using Application install path: C:\ST\STM32CubeIDE_1.7.0\STM32CubeIDE\plugins\com.st.stm32cube.common.mx_6.3.0.202107141111
2025-09-14 20:16:25,330 [INFO] PluginManage:188 - Search for loadable plugins [exclusion list=, ]
2025-09-14 20:16:25,330 [INFO] PluginManage:302 - Check plugin analytics
2025-09-14 20:16:25,488 [INFO] AnalyticsPlugin:257 - Accepted Software Licenses: 
2025-09-14 20:16:25,488 [INFO] AnalyticsPlugin:259 - Accepted CMSIS Pack Licenses: 
2025-09-14 20:16:25,488 [INFO] AnalyticsPlugin:261 - Accepted Firmware Licenses: 
2025-09-14 20:16:25,488 [INFO] PluginManage:352 - Loaded plugin analytics (category:tool,tabindex:-1)
2025-09-14 20:16:25,488 [INFO] PluginManage:302 - Check plugin clock
2025-09-14 20:16:25,504 [INFO] PluginManage:352 - Loaded plugin clock (category:base,tabindex:2)
2025-09-14 20:16:25,504 [INFO] PluginManage:302 - Check plugin ddr
2025-09-14 20:16:25,504 [INFO] PluginManage:352 - Loaded plugin ddr (category:tool,tabindex:6)
2025-09-14 20:16:25,504 [INFO] PluginManage:302 - Check plugin filemanager
2025-09-14 20:16:25,616 [INFO] PluginManage:352 - Loaded plugin filemanager (category:base,tabindex:10)
2025-09-14 20:16:25,616 [INFO] PluginManage:302 - Check plugin ipmanager
2025-09-14 20:16:25,632 [INFO] PluginManage:352 - Loaded plugin ipmanager (category:base,tabindex:5)
2025-09-14 20:16:25,632 [INFO] PluginManage:302 - Check plugin pinoutandconfiguration
2025-09-14 20:16:25,648 [INFO] PluginManage:352 - Loaded plugin pinoutandconfiguration (category:base,tabindex:1)
2025-09-14 20:16:25,648 [INFO] PluginManage:302 - Check plugin pinoutconfig
2025-09-14 20:16:25,679 [INFO] PluginManage:352 - Loaded plugin pinoutconfig (category:base,tabindex:0)
2025-09-14 20:16:25,679 [INFO] PluginManage:302 - Check plugin power
2025-09-14 20:16:25,710 [INFO] PluginManage:352 - Loaded plugin power (category:power,tabindex:4)
2025-09-14 20:16:25,710 [INFO] PluginManage:302 - Check plugin projectmanager
2025-09-14 20:16:25,727 [INFO] PluginManage:352 - Loaded plugin projectmanager (category:projectmanager,tabindex:3)
2025-09-14 20:16:25,727 [INFO] PluginManage:302 - Check plugin thirdparty
2025-09-14 20:16:25,981 [INFO] PluginManage:352 - Loaded plugin thirdparty (category:base,tabindex:-1)
2025-09-14 20:16:25,981 [INFO] PluginManage:302 - Check plugin tools
2025-09-14 20:16:25,981 [WARN] IntegrityCheckThread:78 - waiting for thirdparty lock release [integrity check]
2025-09-14 20:16:25,981 [INFO] IntegrityCheckThread:80 - entering critical section [integrity check]
2025-09-14 20:16:25,981 [INFO] ThirdPartyUpdaterWithRetryManager:66 - Updater plugin not ready yet. [1/15]
2025-09-14 20:16:26,091 [INFO] PluginManage:352 - Loaded plugin tools (category:base,tabindex:7)
2025-09-14 20:16:26,091 [INFO] PluginManage:302 - Check plugin tutovideos
2025-09-14 20:16:26,319 [INFO] PluginManage:352 - Loaded plugin tutovideos (category:base,tabindex:-1)
2025-09-14 20:16:26,319 [INFO] PluginManage:302 - Check plugin updater
2025-09-14 20:16:26,329 [INFO] PluginManage:352 - Loaded plugin updater (category:base,tabindex:12)
2025-09-14 20:16:26,329 [INFO] PluginManage:275 - PluginManage : Loaded plugins [13]
2025-09-14 20:16:26,528 [INFO] PinOutPanel:1463 - setPackage(No Configuration,No Configuration)
2025-09-14 20:16:26,656 [INFO] IPUIPlugin:74 - create IPUIPlugin
2025-09-14 20:16:26,658 [INFO] PluginManager:213 - loadIPPluginJar : add adc
2025-09-14 20:16:26,710 [INFO] IPUIPlugin:74 - create IPUIPlugin
2025-09-14 20:16:26,710 [INFO] PluginManager:213 - loadIPPluginJar : add aes
2025-09-14 20:16:26,761 [INFO] IPUIPlugin:74 - create IPUIPlugin
2025-09-14 20:16:26,761 [INFO] PluginManager:213 - loadIPPluginJar : add can
2025-09-14 20:16:26,805 [INFO] IPUIPlugin:74 - create IPUIPlugin
2025-09-14 20:16:26,805 [INFO] PluginManager:213 - loadIPPluginJar : add comp
2025-09-14 20:16:26,837 [INFO] IPUIPlugin:74 - create IPUIPlugin
2025-09-14 20:16:26,837 [INFO] PluginManager:213 - loadIPPluginJar : add cryp
2025-09-14 20:16:26,885 [INFO] IPUIPlugin:74 - create IPUIPlugin
2025-09-14 20:16:26,885 [INFO] PluginManager:213 - loadIPPluginJar : add dfsdm
2025-09-14 20:16:26,902 [INFO] IPUIPlugin:74 - create IPUIPlugin
2025-09-14 20:16:26,902 [INFO] PluginManager:213 - loadIPPluginJar : add dma
2025-09-14 20:16:26,980 [INFO] IPUIPlugin:74 - create IPUIPlugin
2025-09-14 20:16:26,980 [INFO] PluginManager:213 - loadIPPluginJar : add dma3
2025-09-14 20:16:27,012 [INFO] IPUIPlugin:74 - create IPUIPlugin
2025-09-14 20:16:27,012 [INFO] PluginManager:213 - loadIPPluginJar : add fatfs
2025-09-14 20:16:27,076 [INFO] IPUIPlugin:74 - create IPUIPlugin
2025-09-14 20:16:27,076 [INFO] PluginManager:213 - loadIPPluginJar : add fmc
2025-09-14 20:16:27,103 [INFO] IPUIPlugin:74 - create IPUIPlugin
2025-09-14 20:16:27,103 [INFO] PluginManager:213 - loadIPPluginJar : add freertos
2025-09-14 20:16:27,155 [INFO] IPUIPlugin:74 - create IPUIPlugin
2025-09-14 20:16:27,155 [INFO] PluginManager:213 - loadIPPluginJar : add genericplugin
2025-09-14 20:16:27,320 [INFO] IPUIPlugin:74 - create IPUIPlugin
2025-09-14 20:16:27,320 [INFO] PluginManager:213 - loadIPPluginJar : add gfxmmu
2025-09-14 20:16:27,456 [INFO] IPUIPlugin:74 - create IPUIPlugin
2025-09-14 20:16:27,456 [INFO] PluginManager:213 - loadIPPluginJar : add gic
2025-09-14 20:16:27,475 [INFO] IPUIPlugin:74 - create IPUIPlugin
2025-09-14 20:16:27,475 [INFO] PluginManager:213 - loadIPPluginJar : add gpio
2025-09-14 20:16:27,567 [INFO] IPUIPlugin:74 - create IPUIPlugin
2025-09-14 20:16:27,567 [INFO] PluginManager:213 - loadIPPluginJar : add gtzc
2025-09-14 20:16:27,630 [INFO] IPUIPlugin:74 - create IPUIPlugin
2025-09-14 20:16:27,630 [INFO] PluginManager:213 - loadIPPluginJar : add hash
2025-09-14 20:16:27,721 [INFO] IPUIPlugin:74 - create IPUIPlugin
2025-09-14 20:16:27,721 [INFO] PluginManager:213 - loadIPPluginJar : add i2c
2025-09-14 20:16:27,773 [INFO] IPUIPlugin:74 - create IPUIPlugin
2025-09-14 20:16:27,773 [INFO] PluginManager:213 - loadIPPluginJar : add i2s
2025-09-14 20:16:27,788 [INFO] IPUIPlugin:74 - create IPUIPlugin
2025-09-14 20:16:27,788 [INFO] PluginManager:213 - loadIPPluginJar : add ipddr
2025-09-14 20:16:27,883 [INFO] IPUIPlugin:74 - create IPUIPlugin
2025-09-14 20:16:27,883 [INFO] PluginManager:213 - loadIPPluginJar : add linkedlist
2025-09-14 20:16:27,946 [INFO] IPUIPlugin:74 - create IPUIPlugin
2025-09-14 20:16:27,946 [INFO] PluginManager:213 - loadIPPluginJar : add lorawan
2025-09-14 20:16:28,010 [INFO] IPUIPlugin:74 - create IPUIPlugin
2025-09-14 20:16:28,010 [INFO] PluginManager:213 - loadIPPluginJar : add ltdc
2025-09-14 20:16:28,026 [INFO] IPUIPlugin:74 - create IPUIPlugin
2025-09-14 20:16:28,026 [INFO] PluginManager:213 - loadIPPluginJar : add mdma
2025-09-14 20:16:28,042 [INFO] IPUIPlugin:74 - create IPUIPlugin
2025-09-14 20:16:28,042 [INFO] PluginManager:213 - loadIPPluginJar : add nvic
2025-09-14 20:16:28,091 [INFO] IPUIPlugin:74 - create IPUIPlugin
2025-09-14 20:16:28,091 [INFO] PluginManager:213 - loadIPPluginJar : add opamp
2025-09-14 20:16:28,170 [INFO] IPUIPlugin:74 - create IPUIPlugin
2025-09-14 20:16:28,170 [INFO] PluginManager:213 - loadIPPluginJar : add openamp
2025-09-14 20:16:28,233 [INFO] IPUIPlugin:74 - create IPUIPlugin
2025-09-14 20:16:28,233 [INFO] PluginManager:213 - loadIPPluginJar : add pdm2pcm
2025-09-14 20:16:28,249 [INFO] IPUIPlugin:74 - create IPUIPlugin
2025-09-14 20:16:28,249 [INFO] PluginManager:213 - loadIPPluginJar : add plateformsettings
2025-09-14 20:16:28,286 [INFO] IPUIPlugin:74 - create IPUIPlugin
2025-09-14 20:16:28,286 [INFO] PluginManager:213 - loadIPPluginJar : add quadspi
2025-09-14 20:16:28,304 [INFO] IPUIPlugin:74 - create IPUIPlugin
2025-09-14 20:16:28,304 [INFO] PluginManager:213 - loadIPPluginJar : add resmgrutility
2025-09-14 20:16:28,360 [INFO] IPUIPlugin:74 - create IPUIPlugin
2025-09-14 20:16:28,360 [INFO] PluginManager:213 - loadIPPluginJar : add sai
2025-09-14 20:16:28,408 [INFO] IPUIPlugin:74 - create IPUIPlugin
2025-09-14 20:16:28,408 [INFO] PluginManager:213 - loadIPPluginJar : add spi
2025-09-14 20:16:28,488 [INFO] IPUIPlugin:74 - create IPUIPlugin
2025-09-14 20:16:28,488 [INFO] PluginManager:213 - loadIPPluginJar : add stm32_wpan
2025-09-14 20:16:28,535 [INFO] IPUIPlugin:74 - create IPUIPlugin
2025-09-14 20:16:28,535 [INFO] PluginManager:213 - loadIPPluginJar : add tim
2025-09-14 20:16:28,605 [INFO] IPUIPlugin:74 - create IPUIPlugin
2025-09-14 20:16:28,605 [INFO] PluginManager:213 - loadIPPluginJar : add touchsensing
2025-09-14 20:16:28,648 [INFO] IPUIPlugin:74 - create IPUIPlugin
2025-09-14 20:16:28,648 [INFO] PluginManager:213 - loadIPPluginJar : add tracer_emb
2025-09-14 20:16:28,680 [INFO] IPUIPlugin:74 - create IPUIPlugin
2025-09-14 20:16:28,680 [INFO] PluginManager:213 - loadIPPluginJar : add ts
2025-09-14 20:16:28,743 [INFO] IPUIPlugin:74 - create IPUIPlugin
2025-09-14 20:16:28,743 [INFO] PluginManager:213 - loadIPPluginJar : add tsc
2025-09-14 20:16:28,775 [INFO] IPUIPlugin:74 - create IPUIPlugin
2025-09-14 20:16:28,775 [INFO] PluginManager:213 - loadIPPluginJar : add ucpd
2025-09-14 20:16:28,870 [INFO] IPUIPlugin:74 - create IPUIPlugin
2025-09-14 20:16:28,870 [INFO] PluginManager:213 - loadIPPluginJar : add usart
2025-09-14 20:16:28,933 [INFO] IPUIPlugin:74 - create IPUIPlugin
2025-09-14 20:16:28,933 [INFO] PluginManager:213 - loadIPPluginJar : add usbx
2025-09-14 20:16:28,996 [INFO] ThirdPartyUpdaterWithRetryManager:66 - Updater plugin not ready yet. [2/15]
2025-09-14 20:16:29,209 [FATAL] Updater:294 - Updater called before beeing initialized
2025-09-14 20:16:29,330 [FATAL] Updater:294 - Updater called before beeing initialized
2025-09-14 20:16:29,336 [INFO] DbMcusAds:47 - JSON generation date=Tue Jul 08 15:14:23 ICT 2025 (1751962463582)
2025-09-14 20:16:29,336 [FATAL] Updater:294 - Updater called before beeing initialized
2025-09-14 20:16:29,439 [WARN] DetailPanel:314 - Failed to get advertising image, set to default
2025-09-14 20:16:29,519 [FATAL] Updater:294 - Updater called before beeing initialized
2025-09-14 20:16:29,519 [FATAL] Updater:294 - Updater called before beeing initialized
2025-09-14 20:16:29,519 [FATAL] Updater:294 - Updater called before beeing initialized
2025-09-14 20:16:29,519 [WARN] DetailPanel:314 - Failed to get advertising image, set to default
2025-09-14 20:16:29,530 [FATAL] Updater:294 - Updater called before beeing initialized
2025-09-14 20:16:29,582 [ERROR] Updater:1075 - MainUpdater not yet initialized. External WinMGr cannot be set.
2025-09-14 20:16:29,582 [INFO] Updater:1012 - Updater Version found : 6.3.0
2025-09-14 20:16:29,613 [INFO] ApplicationProperties:181 - Using Application install path: C:\ST\STM32CubeIDE_1.7.0\STM32CubeIDE\plugins\com.st.stm32cube.common.mx_6.3.0.202107141111
2025-09-14 20:16:29,961 [INFO] MainUpdater:2671 - connection check result : 10
2025-09-14 20:16:29,961 [INFO] MainUpdater:265 - Updater Check For Update Now.
2025-09-14 20:16:29,961 [INFO] MicroXplorer:478 - Change Database Version : DB.6.0.30
2025-09-14 20:16:30,152 [INFO] CheckServerUpdateThread:112 - End of CheckServer Thread
2025-09-14 20:16:30,216 [INFO] MainUpdater:2671 - connection check result : 10
2025-09-14 20:16:30,304 [INFO] MainUpdater:2671 - connection check result : 10
2025-09-14 20:16:30,612 [INFO] McuFinderGlobals:52 - Set McuFinderConnectedMode to false
2025-09-14 20:16:30,714 [INFO] CrossSelectorPresenter:1330 - Cross Selector saved comparison directory: C:\Users\nguye\.stmcufinder\plugins\mcufinder\mcu\cs_comparisons_mx
2025-09-14 20:16:30,724 [INFO] MultiScanPanel:197 - Auto-refresh data requested => check proxy status ongoing
2025-09-14 20:16:30,724 [INFO] MultiScanPanel:201 - Proxy status is invalid
2025-09-14 20:16:30,724 [INFO] FinderPluginLoader:87 - Searching for filters in installed packs
2025-09-14 20:16:30,724 [INFO] DbMcusXml:100 - Load MCU database from C:\ST\STM32CubeIDE_1.7.0\STM32CubeIDE\plugins\com.st.stm32cube.common.mx_6.3.0.202107141111\\db\/mcu/families.xml
2025-09-14 20:16:31,451 [INFO] DbMcusJson:93 - JSON generation date=Tue Nov 16 23:17:54 ICT 2021 (1637079474)
2025-09-14 20:16:32,001 [INFO] DbMcus:175 - Found 1951 MCUs (1903 are supported by CubeMX, 1914 are visible in CubeMX)
2025-09-14 20:16:32,001 [INFO] ApiDb:251 - Load user favorites file C:\Users\nguye/.stm32cubeide/favorites.mcus.txt: 0 item(s)
2025-09-14 20:16:32,001 [INFO] ApiDb:255 - User favorites MCUs=[]
2025-09-14 20:16:32,001 [INFO] DbMcus:187 - Set 0 / 0 favorites MCUs
2025-09-14 20:16:32,158 [ERROR] Engine:463 - C:\Users\nguye\.stm32cubemx\thirdparties\pdsc\STMicroelectronics.FP-SNS-MOTENVWB1.1.4.0.pdsc: PDSC version is not supported
2025-09-14 20:16:32,218 [WARN] PackLoader:238 - Cannot read IP mode file for STMicroelectronics.FP-ATR-ASTRA1.2.0.2
2025-09-14 20:16:32,234 [ERROR] Engine:463 - C:\Users\nguye\.stm32cubemx\thirdparties\pdsc\STMicroelectronics.X-CUBE-SMBUS.2.1.0.pdsc: PDSC version is not supported
2025-09-14 20:16:32,250 [ERROR] Engine:463 - C:\Users\nguye\.stm32cubemx\thirdparties\pdsc\STMicroelectronics.X-CUBE-ST60.1.0.0.pdsc: PDSC version is not supported
2025-09-14 20:16:32,292 [WARN] PackLoader:238 - Cannot read IP mode file for STMicroelectronics.X-CUBE-AZRTOS-F7.1.1.0
2025-09-14 20:16:32,314 [ERROR] Engine:463 - C:\Users\nguye\.stm32cubemx\thirdparties\pdsc\WES.I-CUBE-Cesium.1.4.0.pdsc: PDSC version is not supported
2025-09-14 20:16:32,329 [ERROR] Engine:463 - C:\Users\nguye\.stm32cubemx\thirdparties\pdsc\Infineon.AIROC-Wi-Fi-Bluetooth-STM32.1.7.1.pdsc: PDSC version is not supported
2025-09-14 20:16:32,373 [WARN] PackLoader:238 - Cannot read IP mode file for STMicroelectronics.X-CUBE-AZRTOS-H7.3.4.0
2025-09-14 20:16:32,387 [ERROR] Engine:463 - C:\Users\nguye\.stm32cubemx\thirdparties\pdsc\STMicroelectronics.X-CUBE-DISPLAY.3.0.0.pdsc: PDSC version is not supported
2025-09-14 20:16:32,403 [WARN] PackLoader:238 - Cannot read IP mode file for STMicroelectronics.X-CUBE-NFC10.1.0.0
2025-09-14 20:16:32,421 [ERROR] Engine:463 - C:\Users\nguye\.stm32cubemx\thirdparties\pdsc\emotas.I-CUBE-CANOPEN.1.3.0.pdsc: PDSC version is not supported
2025-09-14 20:16:32,446 [ERROR] Engine:463 - C:\Users\nguye\.stm32cubemx\thirdparties\pdsc\STMicroelectronics.FP-SNS-STBOX1.2.1.0.pdsc: PDSC version is not supported
2025-09-14 20:16:32,459 [ERROR] Engine:463 - C:\Users\nguye\.stm32cubemx\thirdparties\pdsc\STMicroelectronics.FP-SNS-SMARTAG2.1.2.0.pdsc: PDSC version is not supported
2025-09-14 20:16:32,480 [ERROR] Engine:463 - C:\Users\nguye\.stm32cubemx\thirdparties\pdsc\STMicroelectronics.FP-SNS-FLIGHT1.5.1.0.pdsc: PDSC version is not supported
2025-09-14 20:16:32,510 [INFO] LogOutputStream:76 - [STDOUT_REDIRECT] 1 : Invalid condition id : UX_CORESTACK_Condition cause : null
2025-09-14 20:16:32,510 [INFO] LogOutputStream:76 - [STDOUT_REDIRECT] 1 : Invalid condition id : UX_CORESTACK_Condition cause : null
2025-09-14 20:16:32,514 [INFO] LogOutputStream:76 - [STDOUT_REDIRECT] 1 : Invalid condition id : UX_CORESTACK_Condition cause : null
2025-09-14 20:16:32,516 [INFO] LogOutputStream:76 - [STDOUT_REDIRECT] 1 : Invalid condition id : UX_CORESTACK_Condition cause : null
2025-09-14 20:16:32,518 [INFO] LogOutputStream:76 - [STDOUT_REDIRECT] 1 : Invalid condition id : UX_CORESTACK_Condition cause : null
2025-09-14 20:16:32,524 [WARN] PackLoader:238 - Cannot read IP mode file for STMicroelectronics.X-CUBE-AZRTOS-WL.2.0.0
2025-09-14 20:16:32,542 [ERROR] Engine:463 - C:\Users\nguye\.stm32cubemx\thirdparties\pdsc\STMicroelectronics.FP-SNS-MOTENV1.5.0.0.pdsc: PDSC version is not supported
2025-09-14 20:16:32,564 [WARN] PackLoader:238 - Cannot read IP mode file for STMicroelectronics.X-CUBE-BLE2.3.3.0
2025-09-14 20:16:32,589 [WARN] PackLoader:238 - Cannot read IP mode file for STMicroelectronics.X-CUBE-NFC9.1.0.0
2025-09-14 20:16:32,606 [INFO] DetailPanel:309 - Set advertising image to C:/Users/nguye/STM32Cube/Repository/\en.2400x1350px.jpeg
2025-09-14 20:16:32,610 [WARN] PackLoader:238 - Cannot read IP mode file for wolfSSL.I-CUBE-wolfSSL.5.8.2
2025-09-14 20:16:32,630 [WARN] PackLoader:238 - Cannot read IP mode file for STMicroelectronics.X-CUBE-BLE1.7.1.0
2025-09-14 20:16:32,646 [WARN] PackLoader:238 - Cannot read IP mode file for wolfSSL.I-CUBE-wolfMQTT.1.19.2
2025-09-14 20:16:32,665 [WARN] PackLoader:238 - Cannot read IP mode file for STMicroelectronics.X-CUBE-EEPRMA1.5.2.0
2025-09-14 20:16:32,706 [WARN] PackLoader:238 - Cannot read IP mode file for STMicroelectronics.X-CUBE-AZRTOS-G0.1.1.0
2025-09-14 20:16:32,737 [WARN] PackLoader:238 - Cannot read IP mode file for STMicroelectronics.X-CUBE-SAFEA1.1.2.2
2025-09-14 20:16:32,755 [WARN] PackLoader:238 - Cannot read IP mode file for STMicroelectronics.X-CUBE-NFC4.3.0.0
2025-09-14 20:16:32,767 [ERROR] Engine:463 - C:\Users\nguye\.stm32cubemx\thirdparties\pdsc\EmbeddedOffice.I-CUBE-FS-RTOS.1.0.1.pdsc: PDSC version is not supported
2025-09-14 20:16:32,783 [WARN] PackLoader:238 - Cannot read IP mode file for STMicroelectronics.X-CUBE-WB05N.2.0.0
2025-09-14 20:16:32,783 [WARN] PackLoader:238 - Cannot read IP mode file for wolfSSL.I-CUBE-wolfTPM.3.8.0
2025-09-14 20:16:32,799 [ERROR] Engine:463 - C:\Users\nguye\.stm32cubemx\thirdparties\pdsc\STMicroelectronics.X-CUBE-TCPP.4.2.0.pdsc: PDSC version is not supported
2025-09-14 20:16:32,814 [ERROR] Engine:463 - C:\Users\nguye\.stm32cubemx\thirdparties\pdsc\RealThread.X-CUBE-RT-Thread_Nano.4.1.1.pdsc: PDSC version is not supported
2025-09-14 20:16:32,831 [WARN] PackLoader:238 - Cannot read IP mode file for STMicroelectronics.FP-ATR-SIGFOX1.3.2.0
2025-09-14 20:16:32,847 [ERROR] Engine:463 - C:\Users\nguye\.stm32cubemx\thirdparties\pdsc\ITTIA_DB.I-CUBE-ITTIADB.8.9.0.pdsc: PDSC version is not supported
2025-09-14 20:16:32,870 [ERROR] Engine:463 - C:\Users\nguye\.stm32cubemx\thirdparties\pdsc\STMicroelectronics.X-CUBE-ST67W61.1.0.0.pdsc: PDSC version is not supported
2025-09-14 20:16:32,878 [WARN] PackLoader:238 - Cannot read IP mode file for STMicroelectronics.X-CUBE-AI.10.2.0
2025-09-14 20:16:32,929 [WARN] PackLoader:238 - Cannot read IP mode file for SEGGER.I-CUBE-embOS.1.3.1
2025-09-14 20:16:33,013 [WARN] PackLoader:238 - Cannot read IP mode file for STMicroelectronics.X-CUBE-ALGOBUILD.1.4.0
2025-09-14 20:16:33,013 [INFO] DbBoardsPdsc:90 - Found 25 items
2025-09-14 20:16:33,020 [INFO] DbBoardsPdsc:90 - Found 9 items
2025-09-14 20:16:33,046 [INFO] DbBoardsPdsc:90 - Found 33 items
2025-09-14 20:16:33,060 [INFO] DbBoardsPdsc:90 - Found 1 items
2025-09-14 20:16:33,083 [WARN] PackLoader:238 - Cannot read IP mode file for STMicroelectronics.X-CUBE-MEMS1.11.3.0
2025-09-14 20:16:33,085 [INFO] DbBoardsPdsc:90 - Found 48 items
2025-09-14 20:16:33,109 [INFO] DbBoardsPdsc:90 - Found 43 items
2025-09-14 20:16:33,123 [INFO] DbBoardsPdsc:90 - Found 2 items
2025-09-14 20:16:33,135 [INFO] DbBoardsPdsc:90 - Found 5 items
2025-09-14 20:16:33,139 [WARN] DbBoardsPdsc:254 - Board STM32H7B3I-DK: unknown feature type=Audio, name=, username=Audio stereo codec with Headphone Amp (CS42L51-CNZ), n=1
2025-09-14 20:16:33,139 [WARN] DbBoardsPdsc:254 - Board STM32H735G-DK: unknown feature type=Audio, name=, username=Audio stereo codec with Headphone Amp (WM8994ECS/R), n=1
2025-09-14 20:16:33,139 [WARN] DbBoardsPdsc:254 - Board STM32H7B3I-EVAL: unknown feature type=Audio, name=, username=Multi-Channel Audio Codec (CS42L51-CNZ), n=1
2025-09-14 20:16:33,141 [WARN] DbBoardsPdsc:254 - Board STM32H7B3I-EVAL: unknown feature type=Meter, name=, username=Power-metering and Temperature-monitoring with sigma-delta modulators, n=1
2025-09-14 20:16:33,141 [WARN] DbBoardsPdsc:254 - Board STM32H7B3I-EVAL: unknown feature type=Motor, name=, username=Motor Control, n=1
2025-09-14 20:16:33,141 [WARN] DbBoardsPdsc:254 - Board STM32U575I-EV: unknown feature type=joystick, name=, username=4-direction joystick with selection button, n=1
2025-09-14 20:16:33,195 [INFO] DbBoardsJson:86 - JSON generation date=Tue Nov 16 23:17:54 ICT 2021 (1637079474)
2025-09-14 20:16:33,201 [INFO] DbBoards:117 - Found 167 boards (163 are supported by CubeMX)
2025-09-14 20:16:33,214 [INFO] DbBoardsDocs:143 - JSON generation date=Tue Nov 16 23:17:54 ICT 2021 (1637079474)
2025-09-14 20:16:33,214 [INFO] DbBoardsDocs:79 - Found 209 boards documents
2025-09-14 20:16:33,214 [WARN] DbBoards:127 - board B-L475E-IOT01A2 has no document id list !
2025-09-14 20:16:33,214 [WARN] DbBoards:127 - board NUCLEO-H743ZI has no document id list !
2025-09-14 20:16:33,214 [WARN] DbBoards:127 - board NUCLEO-WL55JC2 has no document id list !
2025-09-14 20:16:33,214 [WARN] DbBoards:127 - board P-NUCLEO-WB55-Nucleo has no document id list !
2025-09-14 20:16:33,214 [WARN] DbBoards:127 - board P-NUCLEO-WB55-USBDongle has no document id list !
2025-09-14 20:16:33,214 [WARN] DbBoards:127 - board STEVAL-BFA001V1B has no document id list !
2025-09-14 20:16:33,214 [WARN] DbBoards:127 - board STEVAL-BFA001V2B has no document id list !
2025-09-14 20:16:33,214 [WARN] DbBoards:127 - board STEVAL-IDP005V1 has no document id list !
2025-09-14 20:16:33,214 [WARN] DbBoards:127 - board STEVAL-IDP005V2 has no document id list !
2025-09-14 20:16:33,214 [WARN] DbBoards:127 - board STEVAL-MKSBOX1V1 has no document id list !
2025-09-14 20:16:33,214 [WARN] DbBoards:127 - board STEVAL-STWINKT1 has no document id list !
2025-09-14 20:16:33,214 [WARN] DbBoards:127 - board STEVAL-STWINKT1B has no document id list !
2025-09-14 20:16:33,214 [WARN] DbBoards:127 - board STM32439I-EVAL2 has no document id list !
2025-09-14 20:16:33,214 [WARN] DbBoards:127 - board STM32F401C-DISCO has no document id list !
2025-09-14 20:16:33,226 [WARN] DbBoards:127 - board STM32F769I-DISC1 has no document id list !
2025-09-14 20:16:33,226 [WARN] DbBoards:127 - board STM32G474E-EVAL1 has no document id list !
2025-09-14 20:16:33,226 [WARN] DbBoards:127 - board STM32H743I-EVAL2 has no document id list !
2025-09-14 20:16:33,226 [WARN] DbBoards:127 - board STM32H747I-DISC1 has no document id list !
2025-09-14 20:16:33,226 [WARN] DbBoards:127 - board STM32H753I-EVAL2 has no document id list !
2025-09-14 20:16:33,226 [WARN] DbBoards:127 - board STM32L-DISCOVERY has no document id list !
2025-09-14 20:16:33,246 [WARN] PackLoader:238 - Cannot read IP mode file for STMicroelectronics.X-CUBE-PM33A1.1.0.0
2025-09-14 20:16:33,300 [WARN] PackLoader:238 - Cannot read IP mode file for STMicroelectronics.X-CUBE-AZRTOS-F4.1.1.0
2025-09-14 20:16:33,322 [ERROR] Engine:463 - C:\Users\nguye\.stm32cubemx\thirdparties\pdsc\Avnet-IotConnect.X-CUBE-IoTC-DA16k-PMOD.1.0.0.pdsc: PDSC version is not supported
2025-09-14 20:16:33,338 [WARN] PackLoader:238 - Cannot read IP mode file for STMicroelectronics.X-CUBE-ISPU.2.1.0
2025-09-14 20:16:33,352 [WARN] PackLoader:238 - Cannot read IP mode file for STMicroelectronics.X-CUBE-NFC12.1.0.0
2025-09-14 20:16:33,381 [ERROR] DbBoards:189 - Image file not found for board B-U585I-IOT02A: C:\ST\STM32CubeIDE_1.7.0\STM32CubeIDE\plugins\com.st.stm32cube.common.mx_6.3.0.202107141111\\db\/plugins/mcufinder/images/boards/B-U585I-IOT02A_small.jpg
2025-09-14 20:16:33,392 [WARN] PackLoader:238 - Cannot read IP mode file for STMicroelectronics.X-CUBE-AZRTOS-L5.2.0.0
2025-09-14 20:16:33,414 [WARN] PackLoader:238 - Cannot read IP mode file for STMicroelectronics.X-CUBE-NFC6.3.1.0
2025-09-14 20:16:33,420 [ERROR] Engine:463 - C:\Users\nguye\.stm32cubemx\thirdparties\pdsc\STMicroelectronics.X-CUBE-FREERTOS.1.3.1.pdsc: PDSC version is not supported
2025-09-14 20:16:33,431 [ERROR] Engine:463 - C:\Users\nguye\.stm32cubemx\thirdparties\pdsc\STMicroelectronics.FP-SNS-STAIOTCFT.1.0.0.pdsc: PDSC version is not supported
2025-09-14 20:16:33,455 [ERROR] Engine:463 - C:\Users\nguye\.stm32cubemx\thirdparties\pdsc\STMicroelectronics.X-CUBE-DPower.1.3.0.pdsc: PDSC version is not supported
2025-09-14 20:16:33,479 [ERROR] DbBoards:189 - Image file not found for board NUCLEO-F413ZH: C:\ST\STM32CubeIDE_1.7.0\STM32CubeIDE\plugins\com.st.stm32cube.common.mx_6.3.0.202107141111\\db\/plugins/mcufinder/images/boards/nucleo-f413zh_small.jpg
2025-09-14 20:16:33,479 [WARN] ConditionMgr:437 - getConditionDescription Invalid condition id : LAN8742 Phy interface Condition cause : null
2025-09-14 20:16:33,479 [WARN] PackLoader:238 - Cannot read IP mode file for STMicroelectronics.X-CUBE-AZRTOS-L4.2.0.0
2025-09-14 20:16:33,479 [WARN] ConditionMgr:1038 - genDependencies : Invalid condition id : LAN8742 Phy interface Condition cause : null
2025-09-14 20:16:33,479 [WARN] ConditionMgr:1038 - genDependencies : Invalid condition id : LAN8742 Phy interface Condition cause : null
2025-09-14 20:16:33,479 [WARN] ConditionMgr:1038 - genDependencies : Invalid condition id : LAN8742 Phy interface Condition cause : null
2025-09-14 20:16:33,507 [WARN] PackLoader:238 - Cannot read IP mode file for STMicroelectronics.X-CUBE-SFXS2LP1.4.0.0
2025-09-14 20:16:33,522 [ERROR] Engine:463 - C:\Users\nguye\.stm32cubemx\thirdparties\pdsc\STMicroelectronics.X-CUBE-BLEMGR.4.1.0.pdsc: PDSC version is not supported
2025-09-14 20:16:33,545 [WARN] ConditionMgr:437 - getConditionDescription Invalid condition id : UX DEVICE CLASS RTOS Condition cause : null
2025-09-14 20:16:33,545 [WARN] ConditionMgr:437 - getConditionDescription Invalid condition id : UX DEVICE CLASS RTOS Condition cause : null
2025-09-14 20:16:33,545 [WARN] PackLoader:238 - Cannot read IP mode file for STMicroelectronics.X-CUBE-AZRTOS-WB.2.0.0
2025-09-14 20:16:33,545 [WARN] ConditionMgr:1038 - genDependencies : Invalid condition id : UX DEVICE CLASS RTOS Condition cause : null
2025-09-14 20:16:33,545 [WARN] ConditionMgr:1038 - genDependencies : Invalid condition id : UX DEVICE CLASS RTOS Condition cause : null
2025-09-14 20:16:33,545 [WARN] ConditionMgr:1038 - genDependencies : Invalid condition id : UX DEVICE CLASS RTOS Condition cause : null
2025-09-14 20:16:33,545 [WARN] ConditionMgr:1038 - genDependencies : Invalid condition id : UX DEVICE CLASS RTOS Condition cause : null
2025-09-14 20:16:33,545 [WARN] ConditionMgr:1038 - genDependencies : Invalid condition id : UX DEVICE CLASS RTOS Condition cause : null
2025-09-14 20:16:33,568 [WARN] PackLoader:238 - Cannot read IP mode file for STMicroelectronics.X-CUBE-GNSS1.7.0.1
2025-09-14 20:16:33,583 [WARN] PackLoader:238 - Cannot read IP mode file for STMicroelectronics.X-CUBE-TOUCHGFX.4.25.0
2025-09-14 20:16:33,596 [ERROR] Engine:463 - C:\Users\nguye\.stm32cubemx\thirdparties\pdsc\quantropi.X-CUBE-qispace-sdk-base.2.1.0.pdsc: PDSC version is not supported
2025-09-14 20:16:33,614 [WARN] PackLoader:238 - Cannot read IP mode file for STMicroelectronics.X-CUBE-SUBG2.5.0.0
2025-09-14 20:16:33,652 [WARN] PackLoader:238 - Cannot read IP mode file for STMicroelectronics.X-CUBE-AZRTOS-H7RS.1.1.0
2025-09-14 20:16:33,652 [ERROR] DbBoards:189 - Image file not found for board NUCLEO-L552ZE-Q: C:\ST\STM32CubeIDE_1.7.0\STM32CubeIDE\plugins\com.st.stm32cube.common.mx_6.3.0.202107141111\\db\/plugins/mcufinder/images/boards/nucleo_l552ze_q_small.jpg
2025-09-14 20:16:33,652 [ERROR] DbBoards:189 - Image file not found for board NUCLEO-U575ZI-Q: C:\ST\STM32CubeIDE_1.7.0\STM32CubeIDE\plugins\com.st.stm32cube.common.mx_6.3.0.202107141111\\db\/plugins/mcufinder/images/boards/nucleo-u575zi-q_small.jpg
2025-09-14 20:16:33,652 [ERROR] DbBoards:189 - Image file not found for board NUCLEO-WB15CC: C:\ST\STM32CubeIDE_1.7.0\STM32CubeIDE\plugins\com.st.stm32cube.common.mx_6.3.0.202107141111\\db\/plugins/mcufinder/images/boards/nucleo-wb15cc_small.jpg
2025-09-14 20:16:33,652 [ERROR] DbBoards:189 - Image file not found for board NUCLEO-WB55RG: C:\ST\STM32CubeIDE_1.7.0\STM32CubeIDE\plugins\com.st.stm32cube.common.mx_6.3.0.202107141111\\db\/plugins/mcufinder/images/boards/nucleo-wb55rg_small.jpg
2025-09-14 20:16:33,668 [ERROR] Engine:463 - C:\Users\nguye\.stm32cubemx\thirdparties\pdsc\Cesanta.I-CUBE-Mongoose.7.13.0.pdsc: PDSC version is not supported
2025-09-14 20:16:33,703 [WARN] PackLoader:238 - Cannot read IP mode file for STMicroelectronics.X-CUBE-AZRTOS-G4.2.0.0
2025-09-14 20:16:33,716 [WARN] PackLoader:238 - Cannot read IP mode file for wolfSSL.I-CUBE-wolfSSH.1.4.20
2025-09-14 20:16:33,732 [WARN] PackLoader:238 - Cannot read IP mode file for STMicroelectronics.X-CUBE-NFC7.2.0.0
2025-09-14 20:16:33,748 [ERROR] Engine:463 - C:\Users\nguye\.stm32cubemx\thirdparties\pdsc\STMicroelectronics.X-CUBE-IPS.3.1.0.pdsc: PDSC version is not supported
2025-09-14 20:16:33,768 [ERROR] Engine:463 - C:\Users\nguye\.stm32cubemx\thirdparties\pdsc\STMicroelectronics.X-CUBE-ALS.1.0.2.pdsc: PDSC version is not supported
2025-09-14 20:16:33,780 [WARN] PackLoader:238 - Cannot read IP mode file for STMicroelectronics.X-CUBE-STSE01.1.0.0
2025-09-14 20:16:33,805 [ERROR] Engine:463 - C:\Users\nguye\.stm32cubemx\thirdparties\pdsc\STMicroelectronics.X-CUBE-TOF1.3.4.3.pdsc: PDSC version is not supported
2025-09-14 20:16:33,805 [INFO] ThirdParty:915 - Integrity check success = true
2025-09-14 20:16:33,805 [INFO] IntegrityCheckThread:94 - exiting critical section [integrity check]
2025-09-14 20:16:33,805 [INFO] IntegrityCheckThread:97 - End integrity checks thread
2025-09-14 20:16:34,682 [INFO] ApiDb:251 - Load user favorites file C:\Users\nguye/.stm32cubeide/favorites.boards.txt: 0 item(s)
2025-09-14 20:16:34,682 [INFO] ApiDb:255 - User favorites Boards=[]
2025-09-14 20:16:34,682 [INFO] DbBoards:206 - Set 0 / 0 favorites Boards
2025-09-14 20:16:35,359 [INFO] McuFinderGlobals:52 - Set McuFinderConnectedMode to false
2025-09-14 20:16:35,385 [INFO] CrossSelectorPresenter:1330 - Cross Selector saved comparison directory: C:\Users\nguye\.stmcufinder\plugins\mcufinder\mcu\cs_comparisons_mx
2025-09-14 20:16:35,387 [INFO] MultiScanPanel:197 - Auto-refresh data requested => check proxy status ongoing
2025-09-14 20:16:35,387 [INFO] MultiScanPanel:201 - Proxy status is invalid
2025-09-14 20:16:35,387 [INFO] FinderPluginLoader:87 - Searching for filters in installed packs
2025-09-14 20:16:35,617 [INFO] DetailPanel:309 - Set advertising image to C:/Users/nguye/STM32Cube/Repository/\en.2400x1350px.jpeg
2025-09-14 20:16:49,715 [INFO] MainUpdater:2671 - connection check result : 10
2025-09-14 20:16:49,715 [INFO] MainUpdater:2671 - connection check result : 10
2025-09-14 20:16:49,777 [INFO] MicroXplorer:448 - Change Database Path : 
2025-09-14 20:16:49,777 [INFO] MicroXplorer:478 - Change Database Version : DB.6.0.30
2025-09-14 20:16:49,777 [WARN] ThirdParty:813 - waiting for thirdparty lock release [close project]
2025-09-14 20:16:49,777 [INFO] ThirdParty:815 - entering critical section [close project]
2025-09-14 20:16:49,777 [INFO] ThirdParty:825 - exiting critical section [close project]
2025-09-14 20:16:49,791 [INFO] PinOutPanel:1463 - setPackage(No Configuration,No Configuration)
2025-09-14 20:16:49,791 [INFO] UtilMem:74 - Begin LoadConfig() Used Memory: 552380168 Bytes (586153984)
2025-09-14 20:16:49,791 [INFO] MicroXplorer:448 - Change Database Path : 
2025-09-14 20:16:49,791 [INFO] MicroXplorer:478 - Change Database Version : DB.6.0.30
2025-09-14 20:16:49,791 [INFO] OpenFileManager:313 - Change cursor
2025-09-14 20:16:50,645 [INFO] Context:592 - Trying to add GPIOservice into a context  which must be forbidden
2025-09-14 20:16:50,897 [WARN] ApiManager:304 - Cannot register API 'Board Extension:PM33A1' from pack STMicroelectronics.X-CUBE-PM33A1.1.0.0: no header file found
2025-09-14 20:16:50,897 [WARN] ApiManager:304 - Cannot register API 'Board Extension:NFC09A1' from pack STMicroelectronics.X-CUBE-NFC9.1.0.0: no header file found
2025-09-14 20:16:50,897 [WARN] ApiManager:304 - Cannot register API 'Wireless:BlueNRG-MS' from pack STMicroelectronics.X-CUBE-BLE1.7.1.0: no header file found
2025-09-14 20:16:50,897 [WARN] ApiManager:304 - Cannot register API 'Board Extension:EEPRMA2' from pack STMicroelectronics.X-CUBE-EEPRMA1.5.2.0: no header file found
2025-09-14 20:16:50,897 [WARN] ApiManager:304 - Cannot register API 'Board Extension:PGEEZ1' from pack STMicroelectronics.X-CUBE-EEPRMA1.5.2.0: no header file found
2025-09-14 20:16:50,897 [WARN] ApiManager:304 - Cannot register API 'Board Extension:EEICA1' from pack STMicroelectronics.X-CUBE-EEPRMA1.5.2.0: no header file found
2025-09-14 20:16:50,897 [WARN] ApiManager:304 - Cannot register API 'Board Part:M24' from pack STMicroelectronics.X-CUBE-EEPRMA1.5.2.0: no header file found
2025-09-14 20:16:50,897 [WARN] ApiManager:304 - Cannot register API 'Board Part:M95' from pack STMicroelectronics.X-CUBE-EEPRMA1.5.2.0: no header file found
2025-09-14 20:16:50,897 [WARN] ApiManager:304 - Cannot register API 'Board Part:M95P32' from pack STMicroelectronics.X-CUBE-EEPRMA1.5.2.0: no header file found
2025-09-14 20:16:50,897 [WARN] ApiManager:304 - Cannot register API 'Board Part:M24256E-F' from pack STMicroelectronics.X-CUBE-EEPRMA1.5.2.0: no header file found
2025-09-14 20:16:50,897 [WARN] ApiManager:304 - Cannot register API 'Board Part:M24M01E-F' from pack STMicroelectronics.X-CUBE-EEPRMA1.5.2.0: no header file found
2025-09-14 20:16:50,897 [WARN] ApiManager:304 - Cannot register API 'PGEEZ1:SPI' from pack STMicroelectronics.X-CUBE-EEPRMA1.5.2.0: no header file found
2025-09-14 20:16:50,897 [WARN] ApiManager:304 - Cannot register API 'PGEEZ1:QDSPI' from pack STMicroelectronics.X-CUBE-EEPRMA1.5.2.0: no header file found
2025-09-14 20:16:50,897 [WARN] ApiManager:304 - Cannot register API 'Board Extension:GNSS1A1' from pack STMicroelectronics.X-CUBE-GNSS1.7.0.1: no header file found
2025-09-14 20:16:50,897 [WARN] ApiManager:304 - Cannot register API 'Board Support:Custom' from pack STMicroelectronics.X-CUBE-GNSS1.7.0.1: no header file found
2025-09-14 20:16:50,897 [WARN] ApiManager:304 - Cannot register API 'Data Exchange:lib_gnss' from pack STMicroelectronics.X-CUBE-GNSS1.7.0.1: no header file found
2025-09-14 20:16:50,912 [WARN] ApiManager:304 - Cannot register API 'Board Extension:NFC12A1' from pack STMicroelectronics.X-CUBE-NFC12.1.0.0: no header file found
2025-09-14 20:16:50,912 [WARN] ApiManager:304 - Cannot register API 'Board Extension:NFC06A1' from pack STMicroelectronics.X-CUBE-NFC6.3.1.0: no header file found
2025-09-14 20:16:50,912 [WARN] ApiManager:304 - Cannot register API 'Board Extension:NFC08A1' from pack STMicroelectronics.X-CUBE-NFC6.3.1.0: no header file found
2025-09-14 20:16:50,912 [INFO] RtosManager:484 - Registered RTOS mode: class=CMSIS, group=RTOS, mode=CMSIS_V1, owner=FREERTOS
2025-09-14 20:16:50,912 [INFO] RtosManager:484 - Registered RTOS mode: class=CMSIS, group=RTOS2, mode=CMSIS_V2, owner=FREERTOS
2025-09-14 20:16:50,912 [INFO] RtosManager:484 - Registered RTOS mode: class=RTOS, group=Core, mode=CMSIS_V1, owner=FREERTOS
2025-09-14 20:16:50,912 [INFO] RtosManager:484 - Registered RTOS mode: class=RTOS, group=Core, mode=CMSIS_V2, owner=FREERTOS
2025-09-14 20:16:50,912 [WARN] ModelIntegratedComponent:181 - Missing modes for component STMicroelectronics:FreeRTOS:0.0.1:STMicroelectronics:RTOS:FreeRTOS:Core:::10.2.0:
2025-09-14 20:16:50,912 [WARN] ApiManager:304 - Cannot register API 'Board Extension:STSAFEA1' from pack STMicroelectronics.X-CUBE-SAFEA1.1.2.2: no header file found
2025-09-14 20:16:50,912 [WARN] ApiManager:304 - Cannot register API 'Board Part:STSAFEA110' from pack STMicroelectronics.X-CUBE-SAFEA1.1.2.2: no header file found
2025-09-14 20:16:50,912 [WARN] ApiManager:304 - Cannot register API 'Security:ST_Cryptolib' from pack STMicroelectronics.X-CUBE-SAFEA1.1.2.2: no header file found
2025-09-14 20:16:50,912 [WARN] ApiManager:304 - Cannot register API 'Security:MbedTLS' from pack STMicroelectronics.X-CUBE-SAFEA1.1.2.2: no header file found
2025-09-14 20:16:50,912 [WARN] ApiManager:304 - Cannot register API 'Board Extension:NFC04A1' from pack STMicroelectronics.X-CUBE-NFC4.3.0.0: no header file found
2025-09-14 20:16:50,912 [WARN] ApiManager:304 - Cannot register API 'Board Extension:S2868A1' from pack STMicroelectronics.X-CUBE-SUBG2.5.0.0: no header file found
2025-09-14 20:16:50,912 [WARN] ApiManager:304 - Cannot register API 'Board Extension:S2868A2' from pack STMicroelectronics.X-CUBE-SUBG2.5.0.0: no header file found
2025-09-14 20:16:50,912 [WARN] ApiManager:304 - Cannot register API 'Board Extension:S2915A1' from pack STMicroelectronics.X-CUBE-SUBG2.5.0.0: no header file found
2025-09-14 20:16:50,928 [WARN] ApiManager:304 - Cannot register API 'Wireless:STM32WB05N' from pack STMicroelectronics.X-CUBE-WB05N.2.0.0: no header file found
2025-09-14 20:16:50,928 [WARN] ApiManager:304 - Cannot register API 'Board Extension:NFC07A1' from pack STMicroelectronics.X-CUBE-NFC7.2.0.0: no header file found
2025-09-14 20:16:50,928 [WARN] ApiManager:304 - Cannot register API 'Board Extension:NFC10A1' from pack STMicroelectronics.X-CUBE-NFC10.1.0.0: no header file found
2025-09-14 20:16:50,928 [WARN] ModelIntegratedComponent:60 - No mode defined for component null
2025-09-14 20:16:50,928 [WARN] ModelIntegratedComponent:60 - No mode defined for component null
2025-09-14 20:16:50,928 [WARN] ModelIntegratedComponent:60 - No mode defined for component null
2025-09-14 20:16:50,928 [WARN] ModelIntegratedComponent:60 - No mode defined for component null
2025-09-14 20:16:50,928 [WARN] ModelIntegratedComponent:60 - No mode defined for component null
2025-09-14 20:16:50,928 [WARN] ModelIntegratedComponent:60 - No mode defined for component null
2025-09-14 20:16:50,928 [WARN] ModelIntegratedComponent:60 - No mode defined for component null
2025-09-14 20:16:50,928 [WARN] ModelIntegratedComponent:60 - No mode defined for component null
2025-09-14 20:16:50,928 [WARN] ModelIntegratedComponent:60 - No mode defined for component null
2025-09-14 20:16:50,928 [WARN] ModelIntegratedComponent:60 - No mode defined for component null
2025-09-14 20:16:50,928 [WARN] ModelIntegratedComponent:60 - No mode defined for component null
2025-09-14 20:16:50,928 [WARN] ModelIntegratedComponent:60 - No mode defined for component null
2025-09-14 20:16:50,928 [WARN] ModelIntegratedComponent:60 - No mode defined for component null
2025-09-14 20:16:50,928 [WARN] ModelIntegratedComponent:60 - No mode defined for component null
2025-09-14 20:16:50,928 [WARN] ModelIntegratedComponent:60 - No mode defined for component null
2025-09-14 20:16:50,928 [WARN] ModelIntegratedComponent:60 - No mode defined for component null
2025-09-14 20:16:50,928 [WARN] ModelIntegratedComponent:60 - No mode defined for component null
2025-09-14 20:16:50,928 [WARN] ModelIntegratedComponent:60 - No mode defined for component null
2025-09-14 20:16:50,928 [WARN] ModelIntegratedComponent:60 - No mode defined for component null
2025-09-14 20:16:50,928 [WARN] ModelIntegratedComponent:60 - No mode defined for component null
2025-09-14 20:16:50,928 [WARN] ModelIntegratedComponent:60 - No mode defined for component null
2025-09-14 20:16:50,928 [WARN] ModelIntegratedComponent:60 - No mode defined for component null
2025-09-14 20:16:50,928 [WARN] ModelIntegratedComponent:60 - No mode defined for component null
2025-09-14 20:16:50,928 [WARN] ModelIntegratedComponent:60 - No mode defined for component null
2025-09-14 20:16:50,928 [WARN] ModelIntegratedComponent:60 - No mode defined for component null
2025-09-14 20:16:50,928 [WARN] ModelIntegratedComponent:60 - No mode defined for component null
2025-09-14 20:16:50,928 [WARN] ModelIntegratedComponent:60 - No mode defined for component null
2025-09-14 20:16:50,928 [WARN] ModelIntegratedComponent:60 - No mode defined for component null
2025-09-14 20:16:50,928 [WARN] ModelIntegratedComponent:60 - No mode defined for component null
2025-09-14 20:16:50,928 [WARN] ModelIntegratedComponent:60 - No mode defined for component null
2025-09-14 20:16:50,928 [WARN] ModelIntegratedComponent:60 - No mode defined for component null
2025-09-14 20:16:50,928 [WARN] ApiManager:304 - Cannot register API 'Board Extension:SAFEA1' from pack STMicroelectronics.X-CUBE-STSE01.1.0.0: no header file found
2025-09-14 20:16:50,928 [WARN] ApiManager:304 - Cannot register API 'Board Extension:ESE01A1' from pack STMicroelectronics.X-CUBE-STSE01.1.0.0: no header file found
2025-09-14 20:16:50,928 [WARN] ApiManager:304 - Cannot register API 'Board Part:STSAFEA110' from pack STMicroelectronics.X-CUBE-STSE01.1.0.0: no header file found
2025-09-14 20:16:50,928 [WARN] ApiManager:304 - Cannot register API 'Board Part:STSAFEA120' from pack STMicroelectronics.X-CUBE-STSE01.1.0.0: no header file found
2025-09-14 20:16:50,928 [WARN] ApiManager:304 - Cannot register API 'Security:STM32_Cryptographic' from pack STMicroelectronics.X-CUBE-STSE01.1.0.0: no header file found
2025-09-14 20:16:50,928 [WARN] ApiManager:304 - Cannot register API 'Security:STSELib' from pack STMicroelectronics.X-CUBE-STSE01.1.0.0: no header file found
2025-09-14 20:16:51,118 [WARN] ApiManager:304 - Cannot register API 'Board Extension:IKS01A3' from pack STMicroelectronics.X-CUBE-MEMS1.11.3.0: no header file found
2025-09-14 20:16:51,118 [WARN] ApiManager:304 - Cannot register API 'Board Extension:IKS02A1' from pack STMicroelectronics.X-CUBE-MEMS1.11.3.0: no header file found
2025-09-14 20:16:51,118 [WARN] ApiManager:304 - Cannot register API 'Board Extension:IKS4A1' from pack STMicroelectronics.X-CUBE-MEMS1.11.3.0: no header file found
2025-09-14 20:16:51,118 [WARN] ApiManager:304 - Cannot register API 'Board Extension:S2868A1' from pack STMicroelectronics.X-CUBE-SFXS2LP1.4.0.0: no header file found
2025-09-14 20:16:51,118 [WARN] ApiManager:304 - Cannot register API 'Board Extension:S2868A2' from pack STMicroelectronics.X-CUBE-SFXS2LP1.4.0.0: no header file found
2025-09-14 20:16:51,118 [WARN] ApiManager:304 - Cannot register API 'Board Extension:S2915A1' from pack STMicroelectronics.X-CUBE-SFXS2LP1.4.0.0: no header file found
2025-09-14 20:16:51,118 [WARN] ApiManager:304 - Cannot register API 'Wireless:BlueNRG-2' from pack STMicroelectronics.X-CUBE-BLE2.3.3.0: no header file found
2025-09-14 20:16:52,691 [INFO] UtilMem:74 - End LoadConfig() Used Memory: 594491712 Bytes (694157312)
2025-09-14 20:16:52,706 [WARN] ThirdParty:779 - waiting for thirdparty lock release [change project]
2025-09-14 20:16:52,706 [INFO] ThirdParty:781 - entering critical section [change project]
2025-09-14 20:16:52,706 [INFO] ThirdParty:967 - CMSIS Pack Vendor :STMicroelectronics X-CUBE-PM33A1 1.0.0
2025-09-14 20:16:52,706 [INFO] ThirdParty:967 - CMSIS Pack Vendor :STMicroelectronics X-CUBE-NFC9 1.0.0
2025-09-14 20:16:52,706 [INFO] ThirdParty:967 - CMSIS Pack Vendor :STMicroelectronics USB_HOST 2.0.0
2025-09-14 20:16:52,706 [INFO] ThirdParty:967 - CMSIS Pack Vendor :STMicroelectronics X-CUBE-AZRTOS-F4 1.1.0
2025-09-14 20:16:52,706 [INFO] ThirdParty:967 - CMSIS Pack Vendor :STMicroelectronics FP-ATR-ASTRA1 2.0.2
2025-09-14 20:16:52,706 [INFO] ThirdParty:967 - CMSIS Pack Vendor :wolfSSL I-CUBE-wolfSSL 5.8.2
2025-09-14 20:16:52,706 [INFO] ThirdParty:967 - CMSIS Pack Vendor :STMicroelectronics X-CUBE-BLE1 7.1.0
2025-09-14 20:16:52,706 [INFO] ThirdParty:967 - CMSIS Pack Vendor :wolfSSL I-CUBE-wolfMQTT 1.19.2
2025-09-14 20:16:52,706 [INFO] ThirdParty:967 - CMSIS Pack Vendor :STMicroelectronics USB_DEVICE 3.0.0
2025-09-14 20:16:52,706 [INFO] ThirdParty:967 - CMSIS Pack Vendor :STMicroelectronics X-CUBE-ISPU 2.1.0
2025-09-14 20:16:52,706 [INFO] ThirdParty:967 - CMSIS Pack Vendor :STMicroelectronics X-CUBE-EEPRMA1 5.2.0
2025-09-14 20:16:52,706 [INFO] ThirdParty:967 - CMSIS Pack Vendor :STMicroelectronics X-CUBE-AZRTOS-WB 2.0.0
2025-09-14 20:16:52,706 [INFO] ThirdParty:967 - CMSIS Pack Vendor :STMicroelectronics X-CUBE-GNSS1 7.0.1
2025-09-14 20:16:52,706 [INFO] ThirdParty:967 - CMSIS Pack Vendor :STMicroelectronics X-CUBE-NFC12 1.0.0
2025-09-14 20:16:52,706 [INFO] ThirdParty:967 - CMSIS Pack Vendor :STMicroelectronics X-CUBE-AZRTOS-F7 1.1.0
2025-09-14 20:16:52,706 [INFO] ThirdParty:967 - CMSIS Pack Vendor :STMicroelectronics X-CUBE-AZRTOS-L5 2.0.0
2025-09-14 20:16:52,706 [INFO] ThirdParty:967 - CMSIS Pack Vendor :STMicroelectronics X-CUBE-TOUCHGFX 4.25.0
2025-09-14 20:16:52,706 [INFO] ThirdParty:967 - CMSIS Pack Vendor :STMicroelectronics USB_DEVICE 2.0.0
2025-09-14 20:16:52,706 [INFO] ThirdParty:967 - CMSIS Pack Vendor :STMicroelectronics X-CUBE-NFC6 3.1.0
2025-09-14 20:16:52,706 [INFO] ThirdParty:967 - CMSIS Pack Vendor :STMicroelectronics FreeRTOS 0.0.1
2025-09-14 20:16:52,706 [INFO] ThirdParty:967 - CMSIS Pack Vendor :STMicroelectronics X-CUBE-AZRTOS-G0 1.1.0
2025-09-14 20:16:52,706 [INFO] ThirdParty:967 - CMSIS Pack Vendor :STMicroelectronics X-CUBE-SAFEA1 1.2.2
2025-09-14 20:16:52,706 [INFO] ThirdParty:967 - CMSIS Pack Vendor :STMicroelectronics X-CUBE-NFC4 3.0.0
2025-09-14 20:16:52,706 [INFO] ThirdParty:967 - CMSIS Pack Vendor :STMicroelectronics X-CUBE-SUBG2 5.0.0
2025-09-14 20:16:52,706 [INFO] ThirdParty:967 - CMSIS Pack Vendor :STMicroelectronics X-CUBE-AZRTOS-H7RS 1.1.0
2025-09-14 20:16:52,706 [INFO] ThirdParty:967 - CMSIS Pack Vendor :STMicroelectronics lwIP 2.0.3
2025-09-14 20:16:52,706 [INFO] ThirdParty:967 - CMSIS Pack Vendor :STMicroelectronics USB_HOST 1.0.0
2025-09-14 20:16:52,706 [INFO] ThirdParty:967 - CMSIS Pack Vendor :STMicroelectronics X-CUBE-AZRTOS-G4 2.0.0
2025-09-14 20:16:52,706 [INFO] ThirdParty:967 - CMSIS Pack Vendor :STMicroelectronics X-CUBE-WB05N 2.0.0
2025-09-14 20:16:52,706 [INFO] ThirdParty:967 - CMSIS Pack Vendor :STMicroelectronics PDM2PCM 3.1.0
2025-09-14 20:16:52,706 [INFO] ThirdParty:967 - CMSIS Pack Vendor :STMicroelectronics PDM2PCM 3.3.0
2025-09-14 20:16:52,706 [INFO] ThirdParty:967 - CMSIS Pack Vendor :wolfSSL I-CUBE-wolfTPM 3.8.0
2025-09-14 20:16:52,706 [INFO] ThirdParty:967 - CMSIS Pack Vendor :STMicroelectronics X-CUBE-AZRTOS-H7 3.4.0
2025-09-14 20:16:52,706 [INFO] ThirdParty:967 - CMSIS Pack Vendor :wolfSSL I-CUBE-wolfSSH 1.4.20
2025-09-14 20:16:52,706 [INFO] ThirdParty:967 - CMSIS Pack Vendor :STMicroelectronics X-CUBE-NFC7 2.0.0
2025-09-14 20:16:52,706 [INFO] ThirdParty:967 - CMSIS Pack Vendor :STMicroelectronics FP-ATR-SIGFOX1 3.2.0
2025-09-14 20:16:52,706 [INFO] ThirdParty:967 - CMSIS Pack Vendor :STMicroelectronics X-CUBE-NFC10 1.0.0
2025-09-14 20:16:52,706 [INFO] ThirdParty:967 - CMSIS Pack Vendor :STMicroelectronics HAL Drivers 0.0.0
2025-09-14 20:16:52,706 [INFO] ThirdParty:967 - CMSIS Pack Vendor :STMicroelectronics MBEDTLS 2.16.2
2025-09-14 20:16:52,706 [INFO] ThirdParty:967 - CMSIS Pack Vendor :STMicroelectronics MBEDTLS 2.14.1
2025-09-14 20:16:52,706 [INFO] ThirdParty:967 - CMSIS Pack Vendor :STMicroelectronics X-CUBE-STSE01 1.0.0
2025-09-14 20:16:52,706 [INFO] ThirdParty:967 - CMSIS Pack Vendor :STMicroelectronics X-CUBE-AI 10.2.0
2025-09-14 20:16:52,706 [INFO] ThirdParty:967 - CMSIS Pack Vendor :STMicroelectronics X-CUBE-AZRTOS-WL 2.0.0
2025-09-14 20:16:52,706 [INFO] ThirdParty:967 - CMSIS Pack Vendor :SEGGER I-CUBE-embOS 1.3.1
2025-09-14 20:16:52,706 [INFO] ThirdParty:967 - CMSIS Pack Vendor :STMicroelectronics X-CUBE-ALGOBUILD 1.4.0
2025-09-14 20:16:52,706 [INFO] ThirdParty:967 - CMSIS Pack Vendor :STMicroelectronics X-CUBE-MEMS1 11.3.0
2025-09-14 20:16:52,706 [INFO] ThirdParty:967 - CMSIS Pack Vendor :STMicroelectronics USB_DEVICE 1.0.0
2025-09-14 20:16:52,706 [INFO] ThirdParty:967 - CMSIS Pack Vendor :STMicroelectronics X-CUBE-AZRTOS-L4 2.0.0
2025-09-14 20:16:52,706 [INFO] ThirdParty:967 - CMSIS Pack Vendor :STMicroelectronics ThreadX 0.0.2
2025-09-14 20:16:52,706 [INFO] ThirdParty:967 - CMSIS Pack Vendor :STMicroelectronics lwIP 2.1.2
2025-09-14 20:16:52,706 [INFO] ThirdParty:967 - CMSIS Pack Vendor :STMicroelectronics X-CUBE-SFXS2LP1 4.0.0
2025-09-14 20:16:52,706 [INFO] ThirdParty:967 - CMSIS Pack Vendor :STMicroelectronics X-CUBE-BLE2 3.3.0
2025-09-14 20:16:52,706 [INFO] ThirdParty:967 - CMSIS Pack Vendor :STMicroelectronics PDM2PCM 3.2.0
2025-09-14 20:16:52,706 [INFO] ThirdParty:787 - exiting critical section [change project]
2025-09-14 20:16:52,866 [INFO] PinOutPanel:1463 - setPackage(No Configuration,No Configuration)
2025-09-14 20:16:52,866 [INFO] PinOutPanel:1463 - setPackage(STM32F103C6Ux,UFQFPN48)
2025-09-14 20:16:53,136 [INFO] UtilMem:74 - Before build in PCC Used Memory: 582378000 Bytes (694157312)
2025-09-14 20:16:53,674 [INFO] UtilMem:74 - After build in PCC Used Memory: 599263744 Bytes (694157312)
2025-09-14 20:16:53,694 [INFO] IPUIPlugin:74 - create IPUIPlugin
2025-09-14 20:16:53,694 [INFO] IPUIPlugin:74 - create IPUIPlugin
2025-09-14 20:16:53,694 [INFO] IPUIPlugin:74 - create IPUIPlugin
2025-09-14 20:16:53,694 [INFO] IPUIPlugin:74 - create IPUIPlugin
2025-09-14 20:16:53,694 [INFO] IPUIPlugin:74 - create IPUIPlugin
2025-09-14 20:16:53,694 [INFO] IPUIPlugin:74 - create IPUIPlugin
2025-09-14 20:16:53,694 [INFO] IPUIPlugin:74 - create IPUIPlugin
2025-09-14 20:16:53,694 [INFO] IPUIPlugin:74 - create IPUIPlugin
2025-09-14 20:16:53,694 [INFO] IPUIPlugin:74 - create IPUIPlugin
2025-09-14 20:16:53,694 [INFO] IPUIPlugin:74 - create IPUIPlugin
2025-09-14 20:16:53,694 [INFO] IPUIPlugin:74 - create IPUIPlugin
2025-09-14 20:16:53,694 [INFO] IPUIPlugin:74 - create IPUIPlugin
2025-09-14 20:16:53,694 [INFO] IPUIPlugin:74 - create IPUIPlugin
2025-09-14 20:16:53,694 [INFO] IPUIPlugin:74 - create IPUIPlugin
2025-09-14 20:16:53,694 [INFO] IPUIPlugin:74 - create IPUIPlugin
2025-09-14 20:16:53,694 [INFO] IPUIPlugin:74 - create IPUIPlugin
2025-09-14 20:16:53,694 [INFO] IPUIPlugin:74 - create IPUIPlugin
2025-09-14 20:16:53,694 [INFO] IPUIPlugin:74 - create IPUIPlugin
2025-09-14 20:16:53,694 [INFO] IPUIPlugin:74 - create IPUIPlugin
2025-09-14 20:16:53,694 [INFO] IPUIPlugin:74 - create IPUIPlugin
2025-09-14 20:16:53,694 [INFO] IPUIPlugin:74 - create IPUIPlugin
2025-09-14 20:16:53,694 [INFO] IPUIPlugin:74 - create IPUIPlugin
2025-09-14 20:16:53,694 [INFO] IPUIPlugin:74 - create IPUIPlugin
2025-09-14 20:16:53,801 [INFO] OpenFileManager:333 - Restore cursor
2025-09-14 20:16:54,005 [INFO] UtilMem:74 - End SaveConfig() Used Memory: 597837784 Bytes (694157312)
2025-09-14 20:16:54,040 [INFO] UtilMem:74 - End SaveConfig() Used Memory: 608325696 Bytes (694157312)
2025-09-14 20:16:54,295 [INFO] BlockDiagram:2740 - set Specific Code input for plugin: NVIC
2025-09-14 20:16:54,295 [INFO] BlockDiagram:2740 - set Specific Code input for plugin: SYS
2025-09-14 20:16:54,295 [INFO] BlockDiagram:2740 - set Specific Code input for plugin: GPIO
2025-09-14 20:16:54,295 [INFO] BlockDiagram:2740 - set Specific Code input for plugin: RCC
2025-09-14 20:16:54,295 [INFO] CodeGenerator:663 - code generatio: config db path: C:\ST\STM32CubeIDE_1.7.0\STM32CubeIDE\plugins\com.st.stm32cube.common.mx_6.3.0.202107141111\\db\
2025-09-14 20:16:54,624 [INFO] CodeEngine:239 - oldGeneratedFile, C:\Users\nguye\Desktop\VXL\Ex6\Ex6\Ex6\MXTmpFiles\license.tmp_save
2025-09-14 20:16:55,012 [INFO] CodeEngine:257 - Generated code: C:\Users\nguye\Desktop\VXL\Ex6\Ex6\Ex6\MXTmpFiles\license.tmp
2025-09-14 20:16:55,205 [INFO] CodeEngine:239 - oldGeneratedFile, C:\Users\nguye\Desktop\VXL\Ex6\Ex6\Ex6\MXTmpFiles\gpio.tmp_save
2025-09-14 20:16:55,319 [INFO] CodeEngine:257 - Generated code: C:\Users\nguye\Desktop\VXL\Ex6\Ex6\Ex6\MXTmpFiles\gpio.tmp
2025-09-14 20:16:55,417 [INFO] CodeEngine:239 - oldGeneratedFile, C:\Users\nguye\Desktop\VXL\Ex6\Ex6\Ex6\Core\Src\stm32f1xx_it.c_save
2025-09-14 20:16:55,590 [INFO] CodeEngine:257 - Generated code: C:\Users\nguye\Desktop\VXL\Ex6\Ex6\Ex6\Core\Src\stm32f1xx_it.c
2025-09-14 20:16:55,605 [INFO] CodeEngine:239 - oldGeneratedFile, C:\Users\nguye\Desktop\VXL\Ex6\Ex6\Ex6\Core\Inc\stm32f1xx_it.h_save
2025-09-14 20:16:55,724 [INFO] CodeEngine:257 - Generated code: C:\Users\nguye\Desktop\VXL\Ex6\Ex6\Ex6\Core\Inc\stm32f1xx_it.h
2025-09-14 20:16:55,746 [INFO] CodeEngine:239 - oldGeneratedFile, C:\Users\nguye\Desktop\VXL\Ex6\Ex6\Ex6\Core\Src\stm32f1xx_hal_msp.c_save
2025-09-14 20:16:55,855 [INFO] CodeEngine:257 - Generated code: C:\Users\nguye\Desktop\VXL\Ex6\Ex6\Ex6\Core\Src\stm32f1xx_hal_msp.c
2025-09-14 20:16:55,875 [INFO] CodeEngine:239 - oldGeneratedFile, C:\Users\nguye\Desktop\VXL\Ex6\Ex6\Ex6\MXTmpFiles\system.tmp_save
2025-09-14 20:16:55,951 [INFO] CodeEngine:257 - Generated code: C:\Users\nguye\Desktop\VXL\Ex6\Ex6\Ex6\MXTmpFiles\system.tmp
2025-09-14 20:16:55,962 [INFO] CodeEngine:239 - oldGeneratedFile, C:\Users\nguye\Desktop\VXL\Ex6\Ex6\Ex6\Core\Inc\stm32f1xx_hal_conf.h_save
2025-09-14 20:16:56,053 [INFO] CodeEngine:257 - Generated code: C:\Users\nguye\Desktop\VXL\Ex6\Ex6\Ex6\Core\Inc\stm32f1xx_hal_conf.h
2025-09-14 20:16:56,105 [INFO] CodeEngine:239 - oldGeneratedFile, C:\Users\nguye\Desktop\VXL\Ex6\Ex6\Ex6\Core\Inc\main.h_save
2025-09-14 20:16:56,204 [INFO] CodeEngine:257 - Generated code: C:\Users\nguye\Desktop\VXL\Ex6\Ex6\Ex6\Core\Inc\main.h
2025-09-14 20:16:56,219 [INFO] CodeEngine:239 - oldGeneratedFile, C:\Users\nguye\Desktop\VXL\Ex6\Ex6\Ex6\Core\Src\main.c_save
2025-09-14 20:16:56,360 [INFO] CodeEngine:257 - Generated code: C:\Users\nguye\Desktop\VXL\Ex6\Ex6\Ex6\Core\Src\main.c
2025-09-14 20:16:57,197 [INFO] ProjectBuilder:2578 - Time for Copy HAL[1] : 70mS.
2025-09-14 20:16:57,197 [INFO] ProjectBuilder:3622 - Project Generator version: 3.14.1
2025-09-14 20:16:57,639 [INFO] ConfigFileManager:1271 - The Die is : DIE412
2025-09-14 20:16:57,658 [INFO] ApiDbMcu:468 - Load IP Config File for FATFS
2025-09-14 20:16:57,694 [INFO] ApiDbMcu:468 - Load IP Config File for FREERTOS
2025-09-14 20:16:57,723 [INFO] ApiDbMcu:468 - Load IP Config File for USB_DEVICE
2025-09-14 20:17:03,868 [INFO] ProjectBuilder:3789 - Time for Generating toolchain IDE Files: 6671mS.
2025-09-14 20:17:03,884 [INFO] ProjectBuilder:2457 - Time for Copy CMSIS : 16mS.
2025-09-14 20:17:03,884 [INFO] ProjectBuilder:2457 - Time for Copy CMSIS : 0mS.
2025-09-14 20:17:04,307 [INFO] McuFinderGlobals:52 - Set McuFinderConnectedMode to true
2025-09-14 20:17:04,681 [INFO] ApiDb:276 - Save user favorites file C:\Users\nguye/.stm32cubeide/favorites.mcus.txt: 0 item(s)
2025-09-14 20:17:04,681 [INFO] ApiDb:280 - User favorites MCUs=[]
2025-09-14 20:17:05,020 [INFO] UtilMem:74 - End SaveConfig() Used Memory: 682412120 Bytes (1073741824)
2025-09-14 20:17:05,067 [INFO] UtilMem:74 - End SaveConfig() Used Memory: 697322832 Bytes (1073741824)
2025-09-14 20:17:05,354 [INFO] BlockDiagram:2740 - set Specific Code input for plugin: NVIC
2025-09-14 20:17:05,354 [INFO] BlockDiagram:2740 - set Specific Code input for plugin: SYS
2025-09-14 20:17:05,356 [INFO] BlockDiagram:2740 - set Specific Code input for plugin: GPIO
2025-09-14 20:17:05,356 [INFO] BlockDiagram:2740 - set Specific Code input for plugin: RCC
2025-09-14 20:17:05,356 [INFO] CodeGenerator:663 - code generatio: config db path: C:\ST\STM32CubeIDE_1.7.0\STM32CubeIDE\plugins\com.st.stm32cube.common.mx_6.3.0.202107141111\\db\
2025-09-14 20:17:05,620 [INFO] CodeEngine:239 - oldGeneratedFile, C:\Users\nguye\Desktop\VXL\Ex6\Ex6\Ex6\MXTmpFiles\license.tmp_save
2025-09-14 20:17:05,699 [INFO] CodeEngine:257 - Generated code: C:\Users\nguye\Desktop\VXL\Ex6\Ex6\Ex6\MXTmpFiles\license.tmp
2025-09-14 20:17:05,729 [INFO] CodeEngine:239 - oldGeneratedFile, C:\Users\nguye\Desktop\VXL\Ex6\Ex6\Ex6\MXTmpFiles\gpio.tmp_save
2025-09-14 20:17:05,785 [INFO] CodeEngine:257 - Generated code: C:\Users\nguye\Desktop\VXL\Ex6\Ex6\Ex6\MXTmpFiles\gpio.tmp
2025-09-14 20:17:05,852 [INFO] CodeEngine:239 - oldGeneratedFile, C:\Users\nguye\Desktop\VXL\Ex6\Ex6\Ex6\Core\Src\stm32f1xx_it.c_save
2025-09-14 20:17:05,955 [INFO] CodeEngine:257 - Generated code: C:\Users\nguye\Desktop\VXL\Ex6\Ex6\Ex6\Core\Src\stm32f1xx_it.c
2025-09-14 20:17:05,964 [INFO] CodeEngine:239 - oldGeneratedFile, C:\Users\nguye\Desktop\VXL\Ex6\Ex6\Ex6\Core\Inc\stm32f1xx_it.h_save
2025-09-14 20:17:06,052 [INFO] CodeEngine:257 - Generated code: C:\Users\nguye\Desktop\VXL\Ex6\Ex6\Ex6\Core\Inc\stm32f1xx_it.h
2025-09-14 20:17:06,074 [INFO] CodeEngine:239 - oldGeneratedFile, C:\Users\nguye\Desktop\VXL\Ex6\Ex6\Ex6\Core\Src\stm32f1xx_hal_msp.c_save
2025-09-14 20:17:06,175 [INFO] CodeEngine:257 - Generated code: C:\Users\nguye\Desktop\VXL\Ex6\Ex6\Ex6\Core\Src\stm32f1xx_hal_msp.c
2025-09-14 20:17:06,175 [INFO] CodeEngine:239 - oldGeneratedFile, C:\Users\nguye\Desktop\VXL\Ex6\Ex6\Ex6\MXTmpFiles\system.tmp_save
2025-09-14 20:17:06,235 [INFO] CodeEngine:257 - Generated code: C:\Users\nguye\Desktop\VXL\Ex6\Ex6\Ex6\MXTmpFiles\system.tmp
2025-09-14 20:17:06,259 [INFO] CodeEngine:239 - oldGeneratedFile, C:\Users\nguye\Desktop\VXL\Ex6\Ex6\Ex6\Core\Inc\stm32f1xx_hal_conf.h_save
2025-09-14 20:17:06,391 [INFO] CodeEngine:257 - Generated code: C:\Users\nguye\Desktop\VXL\Ex6\Ex6\Ex6\Core\Inc\stm32f1xx_hal_conf.h
2025-09-14 20:17:06,427 [INFO] CodeEngine:239 - oldGeneratedFile, C:\Users\nguye\Desktop\VXL\Ex6\Ex6\Ex6\Core\Inc\main.h_save
2025-09-14 20:17:06,501 [INFO] CodeEngine:257 - Generated code: C:\Users\nguye\Desktop\VXL\Ex6\Ex6\Ex6\Core\Inc\main.h
2025-09-14 20:17:06,521 [INFO] CodeEngine:239 - oldGeneratedFile, C:\Users\nguye\Desktop\VXL\Ex6\Ex6\Ex6\Core\Src\main.c_save
2025-09-14 20:17:06,663 [INFO] CodeEngine:257 - Generated code: C:\Users\nguye\Desktop\VXL\Ex6\Ex6\Ex6\Core\Src\main.c
2025-09-14 20:17:07,321 [INFO] ProjectBuilder:2578 - Time for Copy HAL[1] : 64mS.
2025-09-14 20:17:07,321 [INFO] ProjectBuilder:3622 - Project Generator version: 3.14.1
2025-09-14 20:17:07,764 [INFO] ConfigFileManager:1271 - The Die is : DIE412
2025-09-14 20:17:09,705 [INFO] ProjectBuilder:3789 - Time for Generating toolchain IDE Files: 2384mS.
2025-09-14 20:17:09,705 [INFO] ProjectBuilder:2457 - Time for Copy CMSIS : 0mS.
2025-09-14 20:17:09,721 [INFO] ProjectBuilder:2457 - Time for Copy CMSIS : 0mS.
2025-09-14 20:42:57,192 [ERROR] LogOutputStream:74 - [STDERR_REDIRECT] Exception in thread "AWT-EventQueue-0" org.eclipse.swt.SWTException: Device is disposed
2025-09-14 20:42:57,193 [ERROR] LogOutputStream:74 - [STDERR_REDIRECT] 	at org.eclipse.swt.SWT.error(SWT.java:4889)
2025-09-14 20:42:57,194 [ERROR] LogOutputStream:74 - [STDERR_REDIRECT] 	at org.eclipse.swt.SWT.error(SWT.java:4804)
2025-09-14 20:42:57,195 [ERROR] LogOutputStream:74 - [STDERR_REDIRECT] 	at org.eclipse.swt.SWT.error(SWT.java:4775)
2025-09-14 20:42:57,196 [ERROR] LogOutputStream:74 - [STDERR_REDIRECT] 	at org.eclipse.swt.widgets.Display.error(Display.java:1262)
2025-09-14 20:42:57,197 [ERROR] LogOutputStream:74 - [STDERR_REDIRECT] 	at org.eclipse.swt.widgets.Display.asyncExec(Display.java:779)
2025-09-14 20:42:57,199 [ERROR] LogOutputStream:74 - [STDERR_REDIRECT] 	at com.st.stm32cube.common.mx.oss.core.awtswtbridge.AwtEnvironment$2.run(AwtEnvironment.java:168)
2025-09-14 20:42:57,201 [ERROR] LogOutputStream:74 - [STDERR_REDIRECT] 	at java.desktop/java.awt.event.InvocationEvent.dispatch(InvocationEvent.java:313)
2025-09-14 20:42:57,202 [ERROR] LogOutputStream:74 - [STDERR_REDIRECT] 	at java.desktop/java.awt.EventQueue.dispatchEventImpl(EventQueue.java:770)
2025-09-14 20:42:57,203 [ERROR] LogOutputStream:74 - [STDERR_REDIRECT] 	at java.desktop/java.awt.EventQueue$4.run(EventQueue.java:721)
2025-09-14 20:42:57,204 [ERROR] LogOutputStream:74 - [STDERR_REDIRECT] 	at java.desktop/java.awt.EventQueue$4.run(EventQueue.java:715)
2025-09-14 20:42:57,206 [ERROR] LogOutputStream:74 - [STDERR_REDIRECT] 	at java.base/java.security.AccessController.doPrivileged(Native Method)
2025-09-14 20:42:57,209 [ERROR] LogOutputStream:74 - [STDERR_REDIRECT] 	at java.base/java.security.ProtectionDomain$JavaSecurityAccessImpl.doIntersectionPrivilege(ProtectionDomain.java:85)
2025-09-14 20:42:57,211 [ERROR] LogOutputStream:74 - [STDERR_REDIRECT] 	at java.desktop/java.awt.EventQueue.dispatchEvent(EventQueue.java:740)
2025-09-14 20:42:57,213 [ERROR] LogOutputStream:74 - [STDERR_REDIRECT] 	at java.desktop/java.awt.EventDispatchThread.pumpOneEventForFilters(EventDispatchThread.java:203)
2025-09-14 20:42:57,215 [ERROR] LogOutputStream:74 - [STDERR_REDIRECT] 	at java.desktop/java.awt.EventDispatchThread.pumpEventsForFilter(EventDispatchThread.java:124)
2025-09-14 20:42:57,216 [ERROR] LogOutputStream:74 - [STDERR_REDIRECT] 	at java.desktop/java.awt.EventDispatchThread.pumpEventsForHierarchy(EventDispatchThread.java:113)
2025-09-14 20:42:57,218 [ERROR] LogOutputStream:74 - [STDERR_REDIRECT] 	at java.desktop/java.awt.EventDispatchThread.pumpEvents(EventDispatchThread.java:109)
2025-09-14 20:42:57,219 [ERROR] LogOutputStream:74 - [STDERR_REDIRECT] 	at java.desktop/java.awt.EventDispatchThread.pumpEvents(EventDispatchThread.java:101)
2025-09-14 20:42:57,220 [ERROR] LogOutputStream:74 - [STDERR_REDIRECT] 	at java.desktop/java.awt.EventDispatchThread.run(EventDispatchThread.java:90)
