2025-09-14 21:05:41,043 [INFO] Activator:177 - 


2025-09-14 21:05:41,045 [INFO] Activator:178 - !SESSION log4j initialized
2025-09-14 21:06:20,888 [INFO] McuFinderGlobals:39 - Set McuFinder mode to 2 (CubeIDE integrated)
2025-09-14 21:06:21,412 [INFO] ApplicationProperties:181 - Using Application install path: C:\ST\STM32CubeIDE_1.7.0\STM32CubeIDE\plugins\com.st.stm32cube.common.mx_6.3.0.202107141111
2025-09-14 21:06:21,423 [INFO] DbMcusXml:74 - Set database path to: C:\ST\STM32CubeIDE_1.7.0\STM32CubeIDE\plugins\com.st.stm32cube.common.mx_6.3.0.202107141111\\db\/mcu/
2025-09-14 21:06:21,426 [INFO] DbBoardsPdsc:56 - Set plugin database path to: C:\ST\STM32CubeIDE_1.7.0\STM32CubeIDE\plugins\com.st.stm32cube.common.mx_6.3.0.202107141111\\db\/plugins/boardmanager/
2025-09-14 21:06:21,427 [INFO] DbMcus:258 - Set plugin images path to: C:\ST\STM32CubeIDE_1.7.0\STM32CubeIDE\plugins\com.st.stm32cube.common.mx_6.3.0.202107141111\\db\/plugins/mcufinder/images/
2025-09-14 21:06:21,427 [INFO] DbBoards:264 - Set plugin images path to: C:\ST\STM32CubeIDE_1.7.0\STM32CubeIDE\plugins\com.st.stm32cube.common.mx_6.3.0.202107141111\\db\/plugins/mcufinder/images/
2025-09-14 21:06:21,430 [INFO] DbExamples:333 - Set plugin images path to: C:\ST\STM32CubeIDE_1.7.0\STM32CubeIDE\plugins\com.st.stm32cube.common.mx_6.3.0.202107141111\\db\/plugins/mcufinder/images/
2025-09-14 21:06:21,434 [INFO] DbMcusAds:119 - Set database path to: C:\Users\nguye\.stmcufinder\plugins\mcufinder//mcu/
2025-09-14 21:06:21,435 [INFO] DbMcusDocs:110 - Set database path to: C:\Users\nguye\.stmcufinder\plugins\mcufinder//mcu/
2025-09-14 21:06:21,437 [INFO] DbMcusJson:64 - Set database path to: C:\Users\nguye\.stmcufinder\plugins\mcufinder//mcu/
2025-09-14 21:06:21,438 [INFO] DbBoardsDocs:110 - Set database path to: C:\Users\nguye\.stmcufinder\plugins\mcufinder//mcu/
2025-09-14 21:06:21,439 [INFO] DbBoardsJson:57 - Set database path to: C:\Users\nguye\.stmcufinder\plugins\mcufinder//mcu/
2025-09-14 21:06:21,475 [INFO] CrossReferenceDbSqlite:196 - Set database path to: C:\Users\nguye\.stmcufinder\plugins\mcufinder//mcu/cs/
2025-09-14 21:06:21,478 [INFO] DbExamplesSqlite:767 - Set database path to: C:\Users\nguye\.stmcufinder\plugins\mcufinder//mcu/
2025-09-14 21:06:21,604 [INFO] RulesReader:57 - Compatibility file has been processed (242 Rules)
2025-09-14 21:06:21,680 [INFO] DbMcusXml:74 - Set database path to: C:\ST\STM32CubeIDE_1.7.0\STM32CubeIDE\plugins\com.st.stm32cube.common.mx_6.3.0.202107141111\\db\/mcu/
2025-09-14 21:06:21,680 [INFO] DbBoardsPdsc:56 - Set plugin database path to: C:\ST\STM32CubeIDE_1.7.0\STM32CubeIDE\plugins\com.st.stm32cube.common.mx_6.3.0.202107141111\\db\/plugins/boardmanager/
2025-09-14 21:06:21,681 [INFO] DbMcus:258 - Set plugin images path to: C:\ST\STM32CubeIDE_1.7.0\STM32CubeIDE\plugins\com.st.stm32cube.common.mx_6.3.0.202107141111\\db\/plugins/mcufinder/images/
2025-09-14 21:06:21,681 [INFO] DbBoards:264 - Set plugin images path to: C:\ST\STM32CubeIDE_1.7.0\STM32CubeIDE\plugins\com.st.stm32cube.common.mx_6.3.0.202107141111\\db\/plugins/mcufinder/images/
2025-09-14 21:06:21,681 [INFO] DbExamples:333 - Set plugin images path to: C:\ST\STM32CubeIDE_1.7.0\STM32CubeIDE\plugins\com.st.stm32cube.common.mx_6.3.0.202107141111\\db\/plugins/mcufinder/images/
2025-09-14 21:06:21,681 [WARN] DbFile:35 - Overriding database path with different value: C:\Users\nguye\.stmcufinder\plugins\mcufinder/ => C:\Users\nguye\.stmcufinder\plugins\mcufinder
2025-09-14 21:06:21,681 [INFO] DbMcusAds:119 - Set database path to: C:\Users\nguye\.stmcufinder\plugins\mcufinder//mcu/
2025-09-14 21:06:21,682 [WARN] DbFile:35 - Overriding database path with different value: C:\Users\nguye\.stmcufinder\plugins\mcufinder/ => C:\Users\nguye\.stmcufinder\plugins\mcufinder
2025-09-14 21:06:21,682 [INFO] DbMcusDocs:110 - Set database path to: C:\Users\nguye\.stmcufinder\plugins\mcufinder//mcu/
2025-09-14 21:06:21,682 [WARN] DbFile:35 - Overriding database path with different value: C:\Users\nguye\.stmcufinder\plugins\mcufinder/ => C:\Users\nguye\.stmcufinder\plugins\mcufinder
2025-09-14 21:06:21,682 [INFO] DbMcusJson:64 - Set database path to: C:\Users\nguye\.stmcufinder\plugins\mcufinder//mcu/
2025-09-14 21:06:21,682 [WARN] DbFile:35 - Overriding database path with different value: C:\Users\nguye\.stmcufinder\plugins\mcufinder/ => C:\Users\nguye\.stmcufinder\plugins\mcufinder
2025-09-14 21:06:21,682 [INFO] DbBoardsDocs:110 - Set database path to: C:\Users\nguye\.stmcufinder\plugins\mcufinder//mcu/
2025-09-14 21:06:21,682 [WARN] DbFile:35 - Overriding database path with different value: C:\Users\nguye\.stmcufinder\plugins\mcufinder/ => C:\Users\nguye\.stmcufinder\plugins\mcufinder
2025-09-14 21:06:21,682 [INFO] DbBoardsJson:57 - Set database path to: C:\Users\nguye\.stmcufinder\plugins\mcufinder//mcu/
2025-09-14 21:06:21,682 [WARN] DbFile:35 - Overriding database path with different value: C:\Users\nguye\.stmcufinder\plugins\mcufinder/ => C:\Users\nguye\.stmcufinder\plugins\mcufinder
2025-09-14 21:06:21,683 [WARN] DbFile:35 - Overriding database path with different value: C:\Users\nguye\.stmcufinder\plugins\mcufinder/ => C:\Users\nguye\.stmcufinder\plugins\mcufinder
2025-09-14 21:06:21,683 [INFO] CrossReferenceDbSqlite:196 - Set database path to: C:\Users\nguye\.stmcufinder\plugins\mcufinder//mcu/cs/
2025-09-14 21:06:21,683 [WARN] DbFile:35 - Overriding database path with different value: C:\Users\nguye\.stmcufinder\plugins\mcufinder/ => C:\Users\nguye\.stmcufinder\plugins\mcufinder
2025-09-14 21:06:21,683 [INFO] DbExamplesSqlite:767 - Set database path to: C:\Users\nguye\.stmcufinder\plugins\mcufinder//mcu/
2025-09-14 21:06:21,737 [INFO] MainPanel:214 - HeapMemory: 270532608
2025-09-14 21:06:21,798 [INFO] DbMcusXml:74 - Set database path to: C:\ST\STM32CubeIDE_1.7.0\STM32CubeIDE\plugins\com.st.stm32cube.common.mx_6.3.0.202107141111\\db\/mcu/
2025-09-14 21:06:21,798 [INFO] DbBoardsPdsc:56 - Set plugin database path to: C:\ST\STM32CubeIDE_1.7.0\STM32CubeIDE\plugins\com.st.stm32cube.common.mx_6.3.0.202107141111\\db\/plugins/boardmanager/
2025-09-14 21:06:21,799 [INFO] DbMcus:258 - Set plugin images path to: C:\ST\STM32CubeIDE_1.7.0\STM32CubeIDE\plugins\com.st.stm32cube.common.mx_6.3.0.202107141111\\db\/plugins/mcufinder/images/
2025-09-14 21:06:21,799 [INFO] DbBoards:264 - Set plugin images path to: C:\ST\STM32CubeIDE_1.7.0\STM32CubeIDE\plugins\com.st.stm32cube.common.mx_6.3.0.202107141111\\db\/plugins/mcufinder/images/
2025-09-14 21:06:21,799 [INFO] DbExamples:333 - Set plugin images path to: C:\ST\STM32CubeIDE_1.7.0\STM32CubeIDE\plugins\com.st.stm32cube.common.mx_6.3.0.202107141111\\db\/plugins/mcufinder/images/
2025-09-14 21:06:21,799 [WARN] DbFile:35 - Overriding database path with different value: C:\Users\nguye\.stmcufinder\plugins\mcufinder/ => C:\Users\nguye\.stmcufinder\plugins\mcufinder
2025-09-14 21:06:21,799 [INFO] DbMcusAds:119 - Set database path to: C:\Users\nguye\.stmcufinder\plugins\mcufinder//mcu/
2025-09-14 21:06:21,799 [WARN] DbFile:35 - Overriding database path with different value: C:\Users\nguye\.stmcufinder\plugins\mcufinder/ => C:\Users\nguye\.stmcufinder\plugins\mcufinder
2025-09-14 21:06:21,800 [INFO] DbMcusDocs:110 - Set database path to: C:\Users\nguye\.stmcufinder\plugins\mcufinder//mcu/
2025-09-14 21:06:21,800 [WARN] DbFile:35 - Overriding database path with different value: C:\Users\nguye\.stmcufinder\plugins\mcufinder/ => C:\Users\nguye\.stmcufinder\plugins\mcufinder
2025-09-14 21:06:21,800 [INFO] DbMcusJson:64 - Set database path to: C:\Users\nguye\.stmcufinder\plugins\mcufinder//mcu/
2025-09-14 21:06:21,800 [WARN] DbFile:35 - Overriding database path with different value: C:\Users\nguye\.stmcufinder\plugins\mcufinder/ => C:\Users\nguye\.stmcufinder\plugins\mcufinder
2025-09-14 21:06:21,800 [INFO] DbBoardsDocs:110 - Set database path to: C:\Users\nguye\.stmcufinder\plugins\mcufinder//mcu/
2025-09-14 21:06:21,800 [WARN] DbFile:35 - Overriding database path with different value: C:\Users\nguye\.stmcufinder\plugins\mcufinder/ => C:\Users\nguye\.stmcufinder\plugins\mcufinder
2025-09-14 21:06:21,800 [INFO] DbBoardsJson:57 - Set database path to: C:\Users\nguye\.stmcufinder\plugins\mcufinder//mcu/
2025-09-14 21:06:21,800 [WARN] DbFile:35 - Overriding database path with different value: C:\Users\nguye\.stmcufinder\plugins\mcufinder/ => C:\Users\nguye\.stmcufinder\plugins\mcufinder
2025-09-14 21:06:21,800 [WARN] DbFile:35 - Overriding database path with different value: C:\Users\nguye\.stmcufinder\plugins\mcufinder/ => C:\Users\nguye\.stmcufinder\plugins\mcufinder
2025-09-14 21:06:21,800 [INFO] CrossReferenceDbSqlite:196 - Set database path to: C:\Users\nguye\.stmcufinder\plugins\mcufinder//mcu/cs/
2025-09-14 21:06:21,800 [WARN] DbFile:35 - Overriding database path with different value: C:\Users\nguye\.stmcufinder\plugins\mcufinder/ => C:\Users\nguye\.stmcufinder\plugins\mcufinder
2025-09-14 21:06:21,801 [INFO] DbExamplesSqlite:767 - Set database path to: C:\Users\nguye\.stmcufinder\plugins\mcufinder//mcu/
2025-09-14 21:06:21,817 [INFO] ApplicationProperties:181 - Using Application install path: C:\ST\STM32CubeIDE_1.7.0\STM32CubeIDE\plugins\com.st.stm32cube.common.mx_6.3.0.202107141111
2025-09-14 21:06:21,818 [INFO] PluginManage:188 - Search for loadable plugins [exclusion list=, ]
2025-09-14 21:06:21,819 [INFO] PluginManage:302 - Check plugin analytics
2025-09-14 21:06:21,936 [INFO] AnalyticsPlugin:257 - Accepted Software Licenses: 
2025-09-14 21:06:21,936 [INFO] AnalyticsPlugin:259 - Accepted CMSIS Pack Licenses: 
2025-09-14 21:06:21,937 [INFO] AnalyticsPlugin:261 - Accepted Firmware Licenses: 
2025-09-14 21:06:21,937 [INFO] PluginManage:352 - Loaded plugin analytics (category:tool,tabindex:-1)
2025-09-14 21:06:21,937 [INFO] PluginManage:302 - Check plugin clock
2025-09-14 21:06:21,958 [INFO] PluginManage:352 - Loaded plugin clock (category:base,tabindex:2)
2025-09-14 21:06:21,958 [INFO] PluginManage:302 - Check plugin ddr
2025-09-14 21:06:21,961 [INFO] PluginManage:352 - Loaded plugin ddr (category:tool,tabindex:6)
2025-09-14 21:06:21,961 [INFO] PluginManage:302 - Check plugin filemanager
2025-09-14 21:06:22,115 [INFO] PluginManage:352 - Loaded plugin filemanager (category:base,tabindex:10)
2025-09-14 21:06:22,115 [INFO] PluginManage:302 - Check plugin ipmanager
2025-09-14 21:06:22,130 [INFO] PluginManage:352 - Loaded plugin ipmanager (category:base,tabindex:5)
2025-09-14 21:06:22,130 [INFO] PluginManage:302 - Check plugin pinoutandconfiguration
2025-09-14 21:06:22,158 [INFO] PluginManage:352 - Loaded plugin pinoutandconfiguration (category:base,tabindex:1)
2025-09-14 21:06:22,159 [INFO] PluginManage:302 - Check plugin pinoutconfig
2025-09-14 21:06:22,197 [INFO] PluginManage:352 - Loaded plugin pinoutconfig (category:base,tabindex:0)
2025-09-14 21:06:22,197 [INFO] PluginManage:302 - Check plugin power
2025-09-14 21:06:22,232 [INFO] PluginManage:352 - Loaded plugin power (category:power,tabindex:4)
2025-09-14 21:06:22,233 [INFO] PluginManage:302 - Check plugin projectmanager
2025-09-14 21:06:22,254 [INFO] PluginManage:352 - Loaded plugin projectmanager (category:projectmanager,tabindex:3)
2025-09-14 21:06:22,254 [INFO] PluginManage:302 - Check plugin thirdparty
2025-09-14 21:06:22,528 [INFO] PluginManage:352 - Loaded plugin thirdparty (category:base,tabindex:-1)
2025-09-14 21:06:22,529 [INFO] PluginManage:302 - Check plugin tools
2025-09-14 21:06:22,529 [WARN] IntegrityCheckThread:78 - waiting for thirdparty lock release [integrity check]
2025-09-14 21:06:22,530 [INFO] IntegrityCheckThread:80 - entering critical section [integrity check]
2025-09-14 21:06:22,530 [INFO] ThirdPartyUpdaterWithRetryManager:66 - Updater plugin not ready yet. [1/15]
2025-09-14 21:06:22,624 [INFO] PluginManage:352 - Loaded plugin tools (category:base,tabindex:7)
2025-09-14 21:06:22,624 [INFO] PluginManage:302 - Check plugin tutovideos
2025-09-14 21:06:22,865 [INFO] PluginManage:352 - Loaded plugin tutovideos (category:base,tabindex:-1)
2025-09-14 21:06:22,886 [INFO] PluginManage:302 - Check plugin updater
2025-09-14 21:06:22,904 [INFO] PluginManage:352 - Loaded plugin updater (category:base,tabindex:12)
2025-09-14 21:06:22,906 [INFO] PluginManage:275 - PluginManage : Loaded plugins [13]
2025-09-14 21:06:23,164 [INFO] PinOutPanel:1463 - setPackage(No Configuration,No Configuration)
2025-09-14 21:06:23,745 [INFO] IPUIPlugin:74 - create IPUIPlugin
2025-09-14 21:06:23,745 [INFO] PluginManager:213 - loadIPPluginJar : add adc
2025-09-14 21:06:23,877 [INFO] IPUIPlugin:74 - create IPUIPlugin
2025-09-14 21:06:23,878 [INFO] PluginManager:213 - loadIPPluginJar : add aes
2025-09-14 21:06:24,012 [INFO] IPUIPlugin:74 - create IPUIPlugin
2025-09-14 21:06:24,012 [INFO] PluginManager:213 - loadIPPluginJar : add can
2025-09-14 21:06:24,107 [INFO] IPUIPlugin:74 - create IPUIPlugin
2025-09-14 21:06:24,108 [INFO] PluginManager:213 - loadIPPluginJar : add comp
2025-09-14 21:06:24,208 [INFO] IPUIPlugin:74 - create IPUIPlugin
2025-09-14 21:06:24,208 [INFO] PluginManager:213 - loadIPPluginJar : add cryp
2025-09-14 21:06:24,349 [INFO] IPUIPlugin:74 - create IPUIPlugin
2025-09-14 21:06:24,351 [INFO] PluginManager:213 - loadIPPluginJar : add dfsdm
2025-09-14 21:06:24,401 [INFO] IPUIPlugin:74 - create IPUIPlugin
2025-09-14 21:06:24,402 [INFO] PluginManager:213 - loadIPPluginJar : add dma
2025-09-14 21:06:24,548 [INFO] IPUIPlugin:74 - create IPUIPlugin
2025-09-14 21:06:24,549 [INFO] PluginManager:213 - loadIPPluginJar : add dma3
2025-09-14 21:06:24,633 [INFO] IPUIPlugin:74 - create IPUIPlugin
2025-09-14 21:06:24,633 [INFO] PluginManager:213 - loadIPPluginJar : add fatfs
2025-09-14 21:06:24,769 [INFO] IPUIPlugin:74 - create IPUIPlugin
2025-09-14 21:06:24,770 [INFO] PluginManager:213 - loadIPPluginJar : add fmc
2025-09-14 21:06:24,798 [INFO] IPUIPlugin:74 - create IPUIPlugin
2025-09-14 21:06:24,799 [INFO] PluginManager:213 - loadIPPluginJar : add freertos
2025-09-14 21:06:24,875 [INFO] IPUIPlugin:74 - create IPUIPlugin
2025-09-14 21:06:24,875 [INFO] PluginManager:213 - loadIPPluginJar : add genericplugin
2025-09-14 21:06:25,101 [INFO] IPUIPlugin:74 - create IPUIPlugin
2025-09-14 21:06:25,101 [INFO] PluginManager:213 - loadIPPluginJar : add gfxmmu
2025-09-14 21:06:25,447 [INFO] IPUIPlugin:74 - create IPUIPlugin
2025-09-14 21:06:25,448 [INFO] PluginManager:213 - loadIPPluginJar : add gic
2025-09-14 21:06:25,473 [INFO] IPUIPlugin:74 - create IPUIPlugin
2025-09-14 21:06:25,474 [INFO] PluginManager:213 - loadIPPluginJar : add gpio
2025-09-14 21:06:25,544 [INFO] ThirdPartyUpdaterWithRetryManager:66 - Updater plugin not ready yet. [2/15]
2025-09-14 21:06:25,657 [INFO] IPUIPlugin:74 - create IPUIPlugin
2025-09-14 21:06:25,658 [INFO] PluginManager:213 - loadIPPluginJar : add gtzc
2025-09-14 21:06:25,751 [INFO] IPUIPlugin:74 - create IPUIPlugin
2025-09-14 21:06:25,751 [INFO] PluginManager:213 - loadIPPluginJar : add hash
2025-09-14 21:06:25,902 [INFO] IPUIPlugin:74 - create IPUIPlugin
2025-09-14 21:06:25,902 [INFO] PluginManager:213 - loadIPPluginJar : add i2c
2025-09-14 21:06:26,024 [INFO] IPUIPlugin:74 - create IPUIPlugin
2025-09-14 21:06:26,025 [INFO] PluginManager:213 - loadIPPluginJar : add i2s
2025-09-14 21:06:26,050 [INFO] IPUIPlugin:74 - create IPUIPlugin
2025-09-14 21:06:26,050 [INFO] PluginManager:213 - loadIPPluginJar : add ipddr
2025-09-14 21:06:26,255 [INFO] IPUIPlugin:74 - create IPUIPlugin
2025-09-14 21:06:26,255 [INFO] PluginManager:213 - loadIPPluginJar : add linkedlist
2025-09-14 21:06:26,351 [INFO] IPUIPlugin:74 - create IPUIPlugin
2025-09-14 21:06:26,351 [INFO] PluginManager:213 - loadIPPluginJar : add lorawan
2025-09-14 21:06:26,448 [INFO] IPUIPlugin:74 - create IPUIPlugin
2025-09-14 21:06:26,448 [INFO] PluginManager:213 - loadIPPluginJar : add ltdc
2025-09-14 21:06:26,473 [INFO] IPUIPlugin:74 - create IPUIPlugin
2025-09-14 21:06:26,473 [INFO] PluginManager:213 - loadIPPluginJar : add mdma
2025-09-14 21:06:26,501 [INFO] IPUIPlugin:74 - create IPUIPlugin
2025-09-14 21:06:26,501 [INFO] PluginManager:213 - loadIPPluginJar : add nvic
2025-09-14 21:06:26,621 [INFO] IPUIPlugin:74 - create IPUIPlugin
2025-09-14 21:06:26,622 [INFO] PluginManager:213 - loadIPPluginJar : add opamp
2025-09-14 21:06:26,792 [INFO] IPUIPlugin:74 - create IPUIPlugin
2025-09-14 21:06:26,793 [INFO] PluginManager:213 - loadIPPluginJar : add openamp
2025-09-14 21:06:26,872 [INFO] IPUIPlugin:74 - create IPUIPlugin
2025-09-14 21:06:26,873 [INFO] PluginManager:213 - loadIPPluginJar : add pdm2pcm
2025-09-14 21:06:26,893 [INFO] IPUIPlugin:74 - create IPUIPlugin
2025-09-14 21:06:26,897 [INFO] PluginManager:213 - loadIPPluginJar : add plateformsettings
2025-09-14 21:06:26,952 [INFO] IPUIPlugin:74 - create IPUIPlugin
2025-09-14 21:06:26,952 [INFO] PluginManager:213 - loadIPPluginJar : add quadspi
2025-09-14 21:06:26,968 [INFO] IPUIPlugin:74 - create IPUIPlugin
2025-09-14 21:06:26,968 [INFO] PluginManager:213 - loadIPPluginJar : add resmgrutility
2025-09-14 21:06:27,076 [INFO] IPUIPlugin:74 - create IPUIPlugin
2025-09-14 21:06:27,076 [INFO] PluginManager:213 - loadIPPluginJar : add sai
2025-09-14 21:06:27,163 [INFO] IPUIPlugin:74 - create IPUIPlugin
2025-09-14 21:06:27,163 [INFO] PluginManager:213 - loadIPPluginJar : add spi
2025-09-14 21:06:27,248 [INFO] IPUIPlugin:74 - create IPUIPlugin
2025-09-14 21:06:27,248 [INFO] PluginManager:213 - loadIPPluginJar : add stm32_wpan
2025-09-14 21:06:27,298 [INFO] IPUIPlugin:74 - create IPUIPlugin
2025-09-14 21:06:27,298 [INFO] PluginManager:213 - loadIPPluginJar : add tim
2025-09-14 21:06:27,403 [INFO] IPUIPlugin:74 - create IPUIPlugin
2025-09-14 21:06:27,403 [INFO] PluginManager:213 - loadIPPluginJar : add touchsensing
2025-09-14 21:06:27,452 [INFO] IPUIPlugin:74 - create IPUIPlugin
2025-09-14 21:06:27,452 [INFO] PluginManager:213 - loadIPPluginJar : add tracer_emb
2025-09-14 21:06:27,503 [INFO] IPUIPlugin:74 - create IPUIPlugin
2025-09-14 21:06:27,503 [INFO] PluginManager:213 - loadIPPluginJar : add ts
2025-09-14 21:06:27,556 [INFO] IPUIPlugin:74 - create IPUIPlugin
2025-09-14 21:06:27,556 [INFO] PluginManager:213 - loadIPPluginJar : add tsc
2025-09-14 21:06:27,626 [INFO] IPUIPlugin:74 - create IPUIPlugin
2025-09-14 21:06:27,626 [INFO] PluginManager:213 - loadIPPluginJar : add ucpd
2025-09-14 21:06:27,725 [INFO] IPUIPlugin:74 - create IPUIPlugin
2025-09-14 21:06:27,725 [INFO] PluginManager:213 - loadIPPluginJar : add usart
2025-09-14 21:06:27,803 [INFO] IPUIPlugin:74 - create IPUIPlugin
2025-09-14 21:06:27,803 [INFO] PluginManager:213 - loadIPPluginJar : add usbx
2025-09-14 21:06:28,074 [FATAL] Updater:294 - Updater called before beeing initialized
2025-09-14 21:06:28,194 [FATAL] Updater:294 - Updater called before beeing initialized
2025-09-14 21:06:28,207 [INFO] DbMcusAds:47 - JSON generation date=Tue Jul 08 15:14:23 ICT 2025 (1751962463582)
2025-09-14 21:06:28,207 [FATAL] Updater:294 - Updater called before beeing initialized
2025-09-14 21:06:28,294 [WARN] DetailPanel:314 - Failed to get advertising image, set to default
2025-09-14 21:06:28,378 [FATAL] Updater:294 - Updater called before beeing initialized
2025-09-14 21:06:28,379 [FATAL] Updater:294 - Updater called before beeing initialized
2025-09-14 21:06:28,381 [FATAL] Updater:294 - Updater called before beeing initialized
2025-09-14 21:06:28,381 [WARN] DetailPanel:314 - Failed to get advertising image, set to default
2025-09-14 21:06:28,382 [FATAL] Updater:294 - Updater called before beeing initialized
2025-09-14 21:06:28,433 [ERROR] Updater:1075 - MainUpdater not yet initialized. External WinMGr cannot be set.
2025-09-14 21:06:28,445 [INFO] Updater:1012 - Updater Version found : 6.3.0
2025-09-14 21:06:28,461 [INFO] ApplicationProperties:181 - Using Application install path: C:\ST\STM32CubeIDE_1.7.0\STM32CubeIDE\plugins\com.st.stm32cube.common.mx_6.3.0.202107141111
2025-09-14 21:06:28,554 [INFO] ThirdPartyUpdaterWithRetryManager:66 - Updater plugin not ready yet. [3/15]
2025-09-14 21:06:28,869 [INFO] MainUpdater:2671 - connection check result : 10
2025-09-14 21:06:28,871 [INFO] MainUpdater:265 - Updater Check For Update Now.
2025-09-14 21:06:28,871 [INFO] MicroXplorer:478 - Change Database Version : DB.6.0.30
2025-09-14 21:06:29,050 [INFO] CheckServerUpdateThread:112 - End of CheckServer Thread
2025-09-14 21:06:29,129 [INFO] MainUpdater:2671 - connection check result : 10
2025-09-14 21:06:29,277 [INFO] MainUpdater:2671 - connection check result : 10
2025-09-14 21:06:29,601 [INFO] McuFinderGlobals:52 - Set McuFinderConnectedMode to false
2025-09-14 21:06:29,687 [INFO] CrossSelectorPresenter:1330 - Cross Selector saved comparison directory: C:\Users\nguye\.stmcufinder\plugins\mcufinder\mcu\cs_comparisons_mx
2025-09-14 21:06:29,692 [INFO] MultiScanPanel:197 - Auto-refresh data requested => check proxy status ongoing
2025-09-14 21:06:29,692 [INFO] MultiScanPanel:201 - Proxy status is invalid
2025-09-14 21:06:29,694 [INFO] FinderPluginLoader:87 - Searching for filters in installed packs
2025-09-14 21:06:29,695 [INFO] DbMcusXml:100 - Load MCU database from C:\ST\STM32CubeIDE_1.7.0\STM32CubeIDE\plugins\com.st.stm32cube.common.mx_6.3.0.202107141111\\db\/mcu/families.xml
2025-09-14 21:06:30,456 [INFO] DbMcusJson:93 - JSON generation date=Tue Nov 16 23:17:54 ICT 2021 (1637079474)
2025-09-14 21:06:31,016 [INFO] DbMcus:175 - Found 1951 MCUs (1903 are supported by CubeMX, 1914 are visible in CubeMX)
2025-09-14 21:06:31,016 [INFO] ApiDb:251 - Load user favorites file C:\Users\nguye/.stm32cubeide/favorites.mcus.txt: 0 item(s)
2025-09-14 21:06:31,016 [INFO] ApiDb:255 - User favorites MCUs=[]
2025-09-14 21:06:31,016 [INFO] DbMcus:187 - Set 0 / 0 favorites MCUs
2025-09-14 21:06:31,449 [INFO] DetailPanel:309 - Set advertising image to C:/Users/nguye/STM32Cube/Repository/\en.2400x1350px.jpeg
2025-09-14 21:06:31,689 [ERROR] Engine:463 - C:\Users\nguye\.stm32cubemx\thirdparties\pdsc\STMicroelectronics.FP-SNS-MOTENVWB1.1.4.0.pdsc: PDSC version is not supported
2025-09-14 21:06:31,731 [WARN] PackLoader:238 - Cannot read IP mode file for STMicroelectronics.FP-ATR-ASTRA1.2.0.2
2025-09-14 21:06:31,745 [ERROR] Engine:463 - C:\Users\nguye\.stm32cubemx\thirdparties\pdsc\STMicroelectronics.X-CUBE-SMBUS.2.1.0.pdsc: PDSC version is not supported
2025-09-14 21:06:31,759 [ERROR] Engine:463 - C:\Users\nguye\.stm32cubemx\thirdparties\pdsc\STMicroelectronics.X-CUBE-ST60.1.0.0.pdsc: PDSC version is not supported
2025-09-14 21:06:31,772 [INFO] DbBoardsPdsc:90 - Found 25 items
2025-09-14 21:06:31,788 [INFO] DbBoardsPdsc:90 - Found 9 items
2025-09-14 21:06:31,795 [WARN] PackLoader:238 - Cannot read IP mode file for STMicroelectronics.X-CUBE-AZRTOS-F7.1.1.0
2025-09-14 21:06:31,806 [INFO] DbBoardsPdsc:90 - Found 33 items
2025-09-14 21:06:31,814 [ERROR] Engine:463 - C:\Users\nguye\.stm32cubemx\thirdparties\pdsc\WES.I-CUBE-Cesium.1.4.0.pdsc: PDSC version is not supported
2025-09-14 21:06:31,819 [INFO] DbBoardsPdsc:90 - Found 1 items
2025-09-14 21:06:31,832 [ERROR] Engine:463 - C:\Users\nguye\.stm32cubemx\thirdparties\pdsc\Infineon.AIROC-Wi-Fi-Bluetooth-STM32.1.7.1.pdsc: PDSC version is not supported
2025-09-14 21:06:31,836 [INFO] DbBoardsPdsc:90 - Found 48 items
2025-09-14 21:06:31,855 [INFO] DbBoardsPdsc:90 - Found 43 items
2025-09-14 21:06:31,868 [WARN] PackLoader:238 - Cannot read IP mode file for STMicroelectronics.X-CUBE-AZRTOS-H7.3.4.0
2025-09-14 21:06:31,869 [INFO] DbBoardsPdsc:90 - Found 2 items
2025-09-14 21:06:31,882 [INFO] DbBoardsPdsc:90 - Found 5 items
2025-09-14 21:06:31,885 [ERROR] Engine:463 - C:\Users\nguye\.stm32cubemx\thirdparties\pdsc\STMicroelectronics.X-CUBE-DISPLAY.3.0.0.pdsc: PDSC version is not supported
2025-09-14 21:06:31,887 [WARN] DbBoardsPdsc:254 - Board STM32H7B3I-DK: unknown feature type=Audio, name=, username=Audio stereo codec with Headphone Amp (CS42L51-CNZ), n=1
2025-09-14 21:06:31,888 [WARN] DbBoardsPdsc:254 - Board STM32H735G-DK: unknown feature type=Audio, name=, username=Audio stereo codec with Headphone Amp (WM8994ECS/R), n=1
2025-09-14 21:06:31,889 [WARN] DbBoardsPdsc:254 - Board STM32H7B3I-EVAL: unknown feature type=Audio, name=, username=Multi-Channel Audio Codec (CS42L51-CNZ), n=1
2025-09-14 21:06:31,890 [WARN] DbBoardsPdsc:254 - Board STM32H7B3I-EVAL: unknown feature type=Meter, name=, username=Power-metering and Temperature-monitoring with sigma-delta modulators, n=1
2025-09-14 21:06:31,890 [WARN] DbBoardsPdsc:254 - Board STM32H7B3I-EVAL: unknown feature type=Motor, name=, username=Motor Control, n=1
2025-09-14 21:06:31,891 [WARN] DbBoardsPdsc:254 - Board STM32U575I-EV: unknown feature type=joystick, name=, username=4-direction joystick with selection button, n=1
2025-09-14 21:06:31,904 [WARN] PackLoader:238 - Cannot read IP mode file for STMicroelectronics.X-CUBE-NFC10.1.0.0
2025-09-14 21:06:31,919 [ERROR] Engine:463 - C:\Users\nguye\.stm32cubemx\thirdparties\pdsc\emotas.I-CUBE-CANOPEN.1.3.0.pdsc: PDSC version is not supported
2025-09-14 21:06:31,927 [INFO] DbBoardsJson:86 - JSON generation date=Tue Nov 16 23:17:54 ICT 2021 (1637079474)
2025-09-14 21:06:31,933 [INFO] DbBoards:117 - Found 167 boards (163 are supported by CubeMX)
2025-09-14 21:06:31,936 [ERROR] Engine:463 - C:\Users\nguye\.stm32cubemx\thirdparties\pdsc\STMicroelectronics.FP-SNS-STBOX1.2.1.0.pdsc: PDSC version is not supported
2025-09-14 21:06:31,950 [ERROR] Engine:463 - C:\Users\nguye\.stm32cubemx\thirdparties\pdsc\STMicroelectronics.FP-SNS-SMARTAG2.1.2.0.pdsc: PDSC version is not supported
2025-09-14 21:06:31,953 [INFO] DbBoardsDocs:143 - JSON generation date=Tue Nov 16 23:17:54 ICT 2021 (1637079474)
2025-09-14 21:06:31,956 [INFO] DbBoardsDocs:79 - Found 209 boards documents
2025-09-14 21:06:31,957 [WARN] DbBoards:127 - board B-L475E-IOT01A2 has no document id list !
2025-09-14 21:06:31,959 [WARN] DbBoards:127 - board NUCLEO-H743ZI has no document id list !
2025-09-14 21:06:31,960 [WARN] DbBoards:127 - board NUCLEO-WL55JC2 has no document id list !
2025-09-14 21:06:31,961 [WARN] DbBoards:127 - board P-NUCLEO-WB55-Nucleo has no document id list !
2025-09-14 21:06:31,961 [WARN] DbBoards:127 - board P-NUCLEO-WB55-USBDongle has no document id list !
2025-09-14 21:06:31,961 [WARN] DbBoards:127 - board STEVAL-BFA001V1B has no document id list !
2025-09-14 21:06:31,961 [WARN] DbBoards:127 - board STEVAL-BFA001V2B has no document id list !
2025-09-14 21:06:31,961 [WARN] DbBoards:127 - board STEVAL-IDP005V1 has no document id list !
2025-09-14 21:06:31,961 [WARN] DbBoards:127 - board STEVAL-IDP005V2 has no document id list !
2025-09-14 21:06:31,961 [WARN] DbBoards:127 - board STEVAL-MKSBOX1V1 has no document id list !
2025-09-14 21:06:31,961 [WARN] DbBoards:127 - board STEVAL-STWINKT1 has no document id list !
2025-09-14 21:06:31,961 [WARN] DbBoards:127 - board STEVAL-STWINKT1B has no document id list !
2025-09-14 21:06:31,961 [WARN] DbBoards:127 - board STM32439I-EVAL2 has no document id list !
2025-09-14 21:06:31,962 [WARN] DbBoards:127 - board STM32F401C-DISCO has no document id list !
2025-09-14 21:06:31,962 [WARN] DbBoards:127 - board STM32F769I-DISC1 has no document id list !
2025-09-14 21:06:31,962 [WARN] DbBoards:127 - board STM32G474E-EVAL1 has no document id list !
2025-09-14 21:06:31,963 [WARN] DbBoards:127 - board STM32H743I-EVAL2 has no document id list !
2025-09-14 21:06:31,963 [WARN] DbBoards:127 - board STM32H747I-DISC1 has no document id list !
2025-09-14 21:06:31,963 [WARN] DbBoards:127 - board STM32H753I-EVAL2 has no document id list !
2025-09-14 21:06:31,963 [WARN] DbBoards:127 - board STM32L-DISCOVERY has no document id list !
2025-09-14 21:06:31,969 [ERROR] Engine:463 - C:\Users\nguye\.stm32cubemx\thirdparties\pdsc\STMicroelectronics.FP-SNS-FLIGHT1.5.1.0.pdsc: PDSC version is not supported
2025-09-14 21:06:31,992 [INFO] LogOutputStream:76 - [STDOUT_REDIRECT] 1 : Invalid condition id : UX_CORESTACK_Condition cause : null
2025-09-14 21:06:31,994 [INFO] LogOutputStream:76 - [STDOUT_REDIRECT] 1 : Invalid condition id : UX_CORESTACK_Condition cause : null
2025-09-14 21:06:31,996 [INFO] LogOutputStream:76 - [STDOUT_REDIRECT] 1 : Invalid condition id : UX_CORESTACK_Condition cause : null
2025-09-14 21:06:31,997 [INFO] LogOutputStream:76 - [STDOUT_REDIRECT] 1 : Invalid condition id : UX_CORESTACK_Condition cause : null
2025-09-14 21:06:31,998 [INFO] LogOutputStream:76 - [STDOUT_REDIRECT] 1 : Invalid condition id : UX_CORESTACK_Condition cause : null
2025-09-14 21:06:32,001 [WARN] PackLoader:238 - Cannot read IP mode file for STMicroelectronics.X-CUBE-AZRTOS-WL.2.0.0
2025-09-14 21:06:32,018 [ERROR] Engine:463 - C:\Users\nguye\.stm32cubemx\thirdparties\pdsc\STMicroelectronics.FP-SNS-MOTENV1.5.0.0.pdsc: PDSC version is not supported
2025-09-14 21:06:32,035 [WARN] PackLoader:238 - Cannot read IP mode file for STMicroelectronics.X-CUBE-BLE2.3.3.0
2025-09-14 21:06:32,052 [WARN] PackLoader:238 - Cannot read IP mode file for STMicroelectronics.X-CUBE-NFC9.1.0.0
2025-09-14 21:06:32,069 [WARN] PackLoader:238 - Cannot read IP mode file for wolfSSL.I-CUBE-wolfSSL.5.8.2
2025-09-14 21:06:32,099 [WARN] PackLoader:238 - Cannot read IP mode file for STMicroelectronics.X-CUBE-BLE1.7.1.0
2025-09-14 21:06:32,107 [ERROR] DbBoards:189 - Image file not found for board B-U585I-IOT02A: C:\ST\STM32CubeIDE_1.7.0\STM32CubeIDE\plugins\com.st.stm32cube.common.mx_6.3.0.202107141111\\db\/plugins/mcufinder/images/boards/B-U585I-IOT02A_small.jpg
2025-09-14 21:06:32,113 [WARN] PackLoader:238 - Cannot read IP mode file for wolfSSL.I-CUBE-wolfMQTT.1.19.2
2025-09-14 21:06:32,132 [WARN] PackLoader:238 - Cannot read IP mode file for STMicroelectronics.X-CUBE-EEPRMA1.5.2.0
2025-09-14 21:06:32,167 [WARN] PackLoader:238 - Cannot read IP mode file for STMicroelectronics.X-CUBE-AZRTOS-G0.1.1.0
2025-09-14 21:06:32,186 [WARN] PackLoader:238 - Cannot read IP mode file for STMicroelectronics.X-CUBE-SAFEA1.1.2.2
2025-09-14 21:06:32,203 [WARN] PackLoader:238 - Cannot read IP mode file for STMicroelectronics.X-CUBE-NFC4.3.0.0
2025-09-14 21:06:32,209 [ERROR] DbBoards:189 - Image file not found for board NUCLEO-F413ZH: C:\ST\STM32CubeIDE_1.7.0\STM32CubeIDE\plugins\com.st.stm32cube.common.mx_6.3.0.202107141111\\db\/plugins/mcufinder/images/boards/nucleo-f413zh_small.jpg
2025-09-14 21:06:32,218 [ERROR] Engine:463 - C:\Users\nguye\.stm32cubemx\thirdparties\pdsc\EmbeddedOffice.I-CUBE-FS-RTOS.1.0.1.pdsc: PDSC version is not supported
2025-09-14 21:06:32,234 [WARN] PackLoader:238 - Cannot read IP mode file for STMicroelectronics.X-CUBE-WB05N.2.0.0
2025-09-14 21:06:32,252 [WARN] PackLoader:238 - Cannot read IP mode file for wolfSSL.I-CUBE-wolfTPM.3.8.0
2025-09-14 21:06:32,268 [ERROR] Engine:463 - C:\Users\nguye\.stm32cubemx\thirdparties\pdsc\STMicroelectronics.X-CUBE-TCPP.4.2.0.pdsc: PDSC version is not supported
2025-09-14 21:06:32,283 [ERROR] Engine:463 - C:\Users\nguye\.stm32cubemx\thirdparties\pdsc\RealThread.X-CUBE-RT-Thread_Nano.4.1.1.pdsc: PDSC version is not supported
2025-09-14 21:06:32,299 [WARN] PackLoader:238 - Cannot read IP mode file for STMicroelectronics.FP-ATR-SIGFOX1.3.2.0
2025-09-14 21:06:32,313 [ERROR] Engine:463 - C:\Users\nguye\.stm32cubemx\thirdparties\pdsc\ITTIA_DB.I-CUBE-ITTIADB.8.9.0.pdsc: PDSC version is not supported
2025-09-14 21:06:32,328 [ERROR] Engine:463 - C:\Users\nguye\.stm32cubemx\thirdparties\pdsc\STMicroelectronics.X-CUBE-ST67W61.1.0.0.pdsc: PDSC version is not supported
2025-09-14 21:06:32,342 [WARN] PackLoader:238 - Cannot read IP mode file for STMicroelectronics.X-CUBE-AI.10.2.0
2025-09-14 21:06:32,387 [WARN] PackLoader:238 - Cannot read IP mode file for SEGGER.I-CUBE-embOS.1.3.1
2025-09-14 21:06:32,410 [ERROR] DbBoards:189 - Image file not found for board NUCLEO-L552ZE-Q: C:\ST\STM32CubeIDE_1.7.0\STM32CubeIDE\plugins\com.st.stm32cube.common.mx_6.3.0.202107141111\\db\/plugins/mcufinder/images/boards/nucleo_l552ze_q_small.jpg
2025-09-14 21:06:32,410 [ERROR] DbBoards:189 - Image file not found for board NUCLEO-U575ZI-Q: C:\ST\STM32CubeIDE_1.7.0\STM32CubeIDE\plugins\com.st.stm32cube.common.mx_6.3.0.202107141111\\db\/plugins/mcufinder/images/boards/nucleo-u575zi-q_small.jpg
2025-09-14 21:06:32,410 [ERROR] DbBoards:189 - Image file not found for board NUCLEO-WB15CC: C:\ST\STM32CubeIDE_1.7.0\STM32CubeIDE\plugins\com.st.stm32cube.common.mx_6.3.0.202107141111\\db\/plugins/mcufinder/images/boards/nucleo-wb15cc_small.jpg
2025-09-14 21:06:32,410 [ERROR] DbBoards:189 - Image file not found for board NUCLEO-WB55RG: C:\ST\STM32CubeIDE_1.7.0\STM32CubeIDE\plugins\com.st.stm32cube.common.mx_6.3.0.202107141111\\db\/plugins/mcufinder/images/boards/nucleo-wb55rg_small.jpg
2025-09-14 21:06:32,437 [WARN] PackLoader:238 - Cannot read IP mode file for STMicroelectronics.X-CUBE-ALGOBUILD.1.4.0
2025-09-14 21:06:32,509 [WARN] PackLoader:238 - Cannot read IP mode file for STMicroelectronics.X-CUBE-MEMS1.11.3.0
2025-09-14 21:06:32,684 [WARN] PackLoader:238 - Cannot read IP mode file for STMicroelectronics.X-CUBE-PM33A1.1.0.0
2025-09-14 21:06:32,716 [WARN] PackLoader:238 - Cannot read IP mode file for STMicroelectronics.X-CUBE-AZRTOS-F4.1.1.0
2025-09-14 21:06:32,731 [ERROR] Engine:463 - C:\Users\nguye\.stm32cubemx\thirdparties\pdsc\Avnet-IotConnect.X-CUBE-IoTC-DA16k-PMOD.1.0.0.pdsc: PDSC version is not supported
2025-09-14 21:06:32,744 [WARN] PackLoader:238 - Cannot read IP mode file for STMicroelectronics.X-CUBE-ISPU.2.1.0
2025-09-14 21:06:32,759 [WARN] PackLoader:238 - Cannot read IP mode file for STMicroelectronics.X-CUBE-NFC12.1.0.0
2025-09-14 21:06:32,799 [WARN] PackLoader:238 - Cannot read IP mode file for STMicroelectronics.X-CUBE-AZRTOS-L5.2.0.0
2025-09-14 21:06:32,817 [WARN] PackLoader:238 - Cannot read IP mode file for STMicroelectronics.X-CUBE-NFC6.3.1.0
2025-09-14 21:06:32,832 [ERROR] Engine:463 - C:\Users\nguye\.stm32cubemx\thirdparties\pdsc\STMicroelectronics.X-CUBE-FREERTOS.1.3.1.pdsc: PDSC version is not supported
2025-09-14 21:06:32,846 [ERROR] Engine:463 - C:\Users\nguye\.stm32cubemx\thirdparties\pdsc\STMicroelectronics.FP-SNS-STAIOTCFT.1.0.0.pdsc: PDSC version is not supported
2025-09-14 21:06:32,858 [ERROR] Engine:463 - C:\Users\nguye\.stm32cubemx\thirdparties\pdsc\STMicroelectronics.X-CUBE-DPower.1.3.0.pdsc: PDSC version is not supported
2025-09-14 21:06:32,887 [WARN] ConditionMgr:437 - getConditionDescription Invalid condition id : LAN8742 Phy interface Condition cause : null
2025-09-14 21:06:32,888 [WARN] PackLoader:238 - Cannot read IP mode file for STMicroelectronics.X-CUBE-AZRTOS-L4.2.0.0
2025-09-14 21:06:32,889 [WARN] ConditionMgr:1038 - genDependencies : Invalid condition id : LAN8742 Phy interface Condition cause : null
2025-09-14 21:06:32,889 [WARN] ConditionMgr:1038 - genDependencies : Invalid condition id : LAN8742 Phy interface Condition cause : null
2025-09-14 21:06:32,889 [WARN] ConditionMgr:1038 - genDependencies : Invalid condition id : LAN8742 Phy interface Condition cause : null
2025-09-14 21:06:32,907 [WARN] PackLoader:238 - Cannot read IP mode file for STMicroelectronics.X-CUBE-SFXS2LP1.4.0.0
2025-09-14 21:06:32,921 [ERROR] Engine:463 - C:\Users\nguye\.stm32cubemx\thirdparties\pdsc\STMicroelectronics.X-CUBE-BLEMGR.4.1.0.pdsc: PDSC version is not supported
2025-09-14 21:06:32,946 [WARN] ConditionMgr:437 - getConditionDescription Invalid condition id : UX DEVICE CLASS RTOS Condition cause : null
2025-09-14 21:06:32,947 [WARN] ConditionMgr:437 - getConditionDescription Invalid condition id : UX DEVICE CLASS RTOS Condition cause : null
2025-09-14 21:06:32,949 [WARN] PackLoader:238 - Cannot read IP mode file for STMicroelectronics.X-CUBE-AZRTOS-WB.2.0.0
2025-09-14 21:06:32,949 [WARN] ConditionMgr:1038 - genDependencies : Invalid condition id : UX DEVICE CLASS RTOS Condition cause : null
2025-09-14 21:06:32,949 [WARN] ConditionMgr:1038 - genDependencies : Invalid condition id : UX DEVICE CLASS RTOS Condition cause : null
2025-09-14 21:06:32,950 [WARN] ConditionMgr:1038 - genDependencies : Invalid condition id : UX DEVICE CLASS RTOS Condition cause : null
2025-09-14 21:06:32,950 [WARN] ConditionMgr:1038 - genDependencies : Invalid condition id : UX DEVICE CLASS RTOS Condition cause : null
2025-09-14 21:06:32,950 [WARN] ConditionMgr:1038 - genDependencies : Invalid condition id : UX DEVICE CLASS RTOS Condition cause : null
2025-09-14 21:06:32,966 [WARN] PackLoader:238 - Cannot read IP mode file for STMicroelectronics.X-CUBE-GNSS1.7.0.1
2025-09-14 21:06:32,984 [WARN] PackLoader:238 - Cannot read IP mode file for STMicroelectronics.X-CUBE-TOUCHGFX.4.25.0
2025-09-14 21:06:32,996 [ERROR] Engine:463 - C:\Users\nguye\.stm32cubemx\thirdparties\pdsc\quantropi.X-CUBE-qispace-sdk-base.2.1.0.pdsc: PDSC version is not supported
2025-09-14 21:06:33,019 [WARN] PackLoader:238 - Cannot read IP mode file for STMicroelectronics.X-CUBE-SUBG2.5.0.0
2025-09-14 21:06:33,069 [WARN] PackLoader:238 - Cannot read IP mode file for STMicroelectronics.X-CUBE-AZRTOS-H7RS.1.1.0
2025-09-14 21:06:33,086 [ERROR] Engine:463 - C:\Users\nguye\.stm32cubemx\thirdparties\pdsc\Cesanta.I-CUBE-Mongoose.7.13.0.pdsc: PDSC version is not supported
2025-09-14 21:06:33,114 [WARN] PackLoader:238 - Cannot read IP mode file for STMicroelectronics.X-CUBE-AZRTOS-G4.2.0.0
2025-09-14 21:06:33,129 [WARN] PackLoader:238 - Cannot read IP mode file for wolfSSL.I-CUBE-wolfSSH.1.4.20
2025-09-14 21:06:33,144 [WARN] PackLoader:238 - Cannot read IP mode file for STMicroelectronics.X-CUBE-NFC7.2.0.0
2025-09-14 21:06:33,159 [ERROR] Engine:463 - C:\Users\nguye\.stm32cubemx\thirdparties\pdsc\STMicroelectronics.X-CUBE-IPS.3.1.0.pdsc: PDSC version is not supported
2025-09-14 21:06:33,170 [ERROR] Engine:463 - C:\Users\nguye\.stm32cubemx\thirdparties\pdsc\STMicroelectronics.X-CUBE-ALS.1.0.2.pdsc: PDSC version is not supported
2025-09-14 21:06:33,185 [WARN] PackLoader:238 - Cannot read IP mode file for STMicroelectronics.X-CUBE-STSE01.1.0.0
2025-09-14 21:06:33,202 [ERROR] Engine:463 - C:\Users\nguye\.stm32cubemx\thirdparties\pdsc\STMicroelectronics.X-CUBE-TOF1.3.4.3.pdsc: PDSC version is not supported
2025-09-14 21:06:33,202 [INFO] ThirdParty:915 - Integrity check success = true
2025-09-14 21:06:33,202 [INFO] IntegrityCheckThread:94 - exiting critical section [integrity check]
2025-09-14 21:06:33,202 [INFO] IntegrityCheckThread:97 - End integrity checks thread
2025-09-14 21:06:33,456 [INFO] ApiDb:251 - Load user favorites file C:\Users\nguye/.stm32cubeide/favorites.boards.txt: 0 item(s)
2025-09-14 21:06:33,456 [INFO] ApiDb:255 - User favorites Boards=[]
2025-09-14 21:06:33,456 [INFO] DbBoards:206 - Set 0 / 0 favorites Boards
2025-09-14 21:06:34,155 [INFO] McuFinderGlobals:52 - Set McuFinderConnectedMode to false
2025-09-14 21:06:34,169 [INFO] CrossSelectorPresenter:1330 - Cross Selector saved comparison directory: C:\Users\nguye\.stmcufinder\plugins\mcufinder\mcu\cs_comparisons_mx
2025-09-14 21:06:34,172 [INFO] MultiScanPanel:197 - Auto-refresh data requested => check proxy status ongoing
2025-09-14 21:06:34,172 [INFO] MultiScanPanel:201 - Proxy status is invalid
2025-09-14 21:06:34,173 [INFO] FinderPluginLoader:87 - Searching for filters in installed packs
2025-09-14 21:06:34,421 [INFO] DetailPanel:309 - Set advertising image to C:/Users/nguye/STM32Cube/Repository/\en.2400x1350px.jpeg
2025-09-14 21:07:37,327 [ERROR] LogOutputStream:74 - [STDERR_REDIRECT] Exception in thread "AWT-EventQueue-0" org.eclipse.swt.SWTException: Device is disposed
2025-09-14 21:07:37,328 [ERROR] LogOutputStream:74 - [STDERR_REDIRECT] 	at org.eclipse.swt.SWT.error(SWT.java:4889)
2025-09-14 21:07:37,329 [ERROR] LogOutputStream:74 - [STDERR_REDIRECT] 	at org.eclipse.swt.SWT.error(SWT.java:4804)
2025-09-14 21:07:37,330 [ERROR] LogOutputStream:74 - [STDERR_REDIRECT] 	at org.eclipse.swt.SWT.error(SWT.java:4775)
2025-09-14 21:07:37,331 [ERROR] LogOutputStream:74 - [STDERR_REDIRECT] 	at org.eclipse.swt.widgets.Display.error(Display.java:1262)
2025-09-14 21:07:37,333 [ERROR] LogOutputStream:74 - [STDERR_REDIRECT] 	at org.eclipse.swt.widgets.Display.asyncExec(Display.java:779)
2025-09-14 21:07:37,334 [ERROR] LogOutputStream:74 - [STDERR_REDIRECT] 	at com.st.stm32cube.common.mx.oss.core.awtswtbridge.AwtEnvironment$2.run(AwtEnvironment.java:168)
2025-09-14 21:07:37,336 [ERROR] LogOutputStream:74 - [STDERR_REDIRECT] 	at java.desktop/java.awt.event.InvocationEvent.dispatch(InvocationEvent.java:313)
2025-09-14 21:07:37,337 [ERROR] LogOutputStream:74 - [STDERR_REDIRECT] 	at java.desktop/java.awt.EventQueue.dispatchEventImpl(EventQueue.java:770)
2025-09-14 21:07:37,339 [ERROR] LogOutputStream:74 - [STDERR_REDIRECT] 	at java.desktop/java.awt.EventQueue$4.run(EventQueue.java:721)
2025-09-14 21:07:37,341 [ERROR] LogOutputStream:74 - [STDERR_REDIRECT] 	at java.desktop/java.awt.EventQueue$4.run(EventQueue.java:715)
2025-09-14 21:07:37,342 [ERROR] LogOutputStream:74 - [STDERR_REDIRECT] 	at java.base/java.security.AccessController.doPrivileged(Native Method)
2025-09-14 21:07:37,344 [ERROR] LogOutputStream:74 - [STDERR_REDIRECT] 	at java.base/java.security.ProtectionDomain$JavaSecurityAccessImpl.doIntersectionPrivilege(ProtectionDomain.java:85)
2025-09-14 21:07:37,347 [ERROR] LogOutputStream:74 - [STDERR_REDIRECT] 	at java.desktop/java.awt.EventQueue.dispatchEvent(EventQueue.java:740)
2025-09-14 21:07:37,349 [ERROR] LogOutputStream:74 - [STDERR_REDIRECT] 	at java.desktop/java.awt.EventDispatchThread.pumpOneEventForFilters(EventDispatchThread.java:203)
2025-09-14 21:07:37,352 [ERROR] LogOutputStream:74 - [STDERR_REDIRECT] 	at java.desktop/java.awt.EventDispatchThread.pumpEventsForFilter(EventDispatchThread.java:124)
2025-09-14 21:07:37,353 [ERROR] LogOutputStream:74 - [STDERR_REDIRECT] 	at java.desktop/java.awt.EventDispatchThread.pumpEventsForHierarchy(EventDispatchThread.java:113)
2025-09-14 21:07:37,355 [ERROR] LogOutputStream:74 - [STDERR_REDIRECT] 	at java.desktop/java.awt.EventDispatchThread.pumpEvents(EventDispatchThread.java:109)
2025-09-14 21:07:37,357 [ERROR] LogOutputStream:74 - [STDERR_REDIRECT] 	at java.desktop/java.awt.EventDispatchThread.pumpEvents(EventDispatchThread.java:101)
2025-09-14 21:07:37,359 [ERROR] LogOutputStream:74 - [STDERR_REDIRECT] 	at java.desktop/java.awt.EventDispatchThread.run(EventDispatchThread.java:90)
2025-09-14 21:07:37,376 [ERROR] LogOutputStream:74 - [STDERR_REDIRECT] Exception in thread "AWT-EventQueue-0" org.eclipse.swt.SWTException: Device is disposed
2025-09-14 21:07:37,377 [ERROR] LogOutputStream:74 - [STDERR_REDIRECT] 	at org.eclipse.swt.SWT.error(SWT.java:4889)
2025-09-14 21:07:37,378 [ERROR] LogOutputStream:74 - [STDERR_REDIRECT] 	at org.eclipse.swt.SWT.error(SWT.java:4804)
2025-09-14 21:07:37,380 [ERROR] LogOutputStream:74 - [STDERR_REDIRECT] 	at org.eclipse.swt.SWT.error(SWT.java:4775)
2025-09-14 21:07:37,381 [ERROR] LogOutputStream:74 - [STDERR_REDIRECT] 	at org.eclipse.swt.widgets.Display.error(Display.java:1262)
2025-09-14 21:07:37,383 [ERROR] LogOutputStream:74 - [STDERR_REDIRECT] 	at org.eclipse.swt.widgets.Display.asyncExec(Display.java:779)
2025-09-14 21:07:37,385 [ERROR] LogOutputStream:74 - [STDERR_REDIRECT] 	at com.st.stm32cube.common.mx.oss.core.awtswtbridge.AwtEnvironment$2.run(AwtEnvironment.java:168)
2025-09-14 21:07:37,387 [ERROR] LogOutputStream:74 - [STDERR_REDIRECT] 	at java.desktop/java.awt.event.InvocationEvent.dispatch(InvocationEvent.java:313)
2025-09-14 21:07:37,390 [ERROR] LogOutputStream:74 - [STDERR_REDIRECT] 	at java.desktop/java.awt.EventQueue.dispatchEventImpl(EventQueue.java:770)
2025-09-14 21:07:37,391 [ERROR] LogOutputStream:74 - [STDERR_REDIRECT] 	at java.desktop/java.awt.EventQueue$4.run(EventQueue.java:721)
2025-09-14 21:07:37,392 [ERROR] LogOutputStream:74 - [STDERR_REDIRECT] 	at java.desktop/java.awt.EventQueue$4.run(EventQueue.java:715)
2025-09-14 21:07:37,393 [ERROR] LogOutputStream:74 - [STDERR_REDIRECT] 	at java.base/java.security.AccessController.doPrivileged(Native Method)
2025-09-14 21:07:37,396 [ERROR] LogOutputStream:74 - [STDERR_REDIRECT] 	at java.base/java.security.ProtectionDomain$JavaSecurityAccessImpl.doIntersectionPrivilege(ProtectionDomain.java:85)
2025-09-14 21:07:37,398 [ERROR] LogOutputStream:74 - [STDERR_REDIRECT] 	at java.desktop/java.awt.EventQueue.dispatchEvent(EventQueue.java:740)
2025-09-14 21:07:37,401 [ERROR] LogOutputStream:74 - [STDERR_REDIRECT] 	at java.desktop/java.awt.EventDispatchThread.pumpOneEventForFilters(EventDispatchThread.java:203)
2025-09-14 21:07:37,403 [ERROR] LogOutputStream:74 - [STDERR_REDIRECT] 	at java.desktop/java.awt.EventDispatchThread.pumpEventsForFilter(EventDispatchThread.java:124)
2025-09-14 21:07:37,404 [ERROR] LogOutputStream:74 - [STDERR_REDIRECT] 	at java.desktop/java.awt.EventDispatchThread.pumpEventsForHierarchy(EventDispatchThread.java:113)
2025-09-14 21:07:37,407 [ERROR] LogOutputStream:74 - [STDERR_REDIRECT] 	at java.desktop/java.awt.EventDispatchThread.pumpEvents(EventDispatchThread.java:109)
2025-09-14 21:07:37,409 [ERROR] LogOutputStream:74 - [STDERR_REDIRECT] 	at java.desktop/java.awt.EventDispatchThread.pumpEvents(EventDispatchThread.java:101)
2025-09-14 21:07:37,411 [ERROR] LogOutputStream:74 - [STDERR_REDIRECT] 	at java.desktop/java.awt.EventDispatchThread.run(EventDispatchThread.java:90)
2025-09-14 21:31:05,768 [INFO] Activator:177 - 


2025-09-14 21:31:05,769 [INFO] Activator:178 - !SESSION log4j initialized
