2025-09-12 21:05:50,193 [INFO] Activator:177 - 


2025-09-12 21:05:50,194 [INFO] Activator:178 - !SESSION log4j initialized
2025-09-12 21:05:55,650 [INFO] McuFinderGlobals:39 - Set McuFinder mode to 2 (CubeIDE integrated)
2025-09-12 21:05:55,737 [INFO] ApplicationProperties:181 - Using Application install path: C:\ST\STM32CubeIDE_1.7.0\STM32CubeIDE\plugins\com.st.stm32cube.common.mx_6.3.0.202107141111
2025-09-12 21:05:55,744 [INFO] DbMcusXml:74 - Set database path to: C:\ST\STM32CubeIDE_1.7.0\STM32CubeIDE\plugins\com.st.stm32cube.common.mx_6.3.0.202107141111\\db\/mcu/
2025-09-12 21:05:55,746 [INFO] DbBoardsPdsc:56 - Set plugin database path to: C:\ST\STM32CubeIDE_1.7.0\STM32CubeIDE\plugins\com.st.stm32cube.common.mx_6.3.0.202107141111\\db\/plugins/boardmanager/
2025-09-12 21:05:55,748 [INFO] DbMcus:258 - Set plugin images path to: C:\ST\STM32CubeIDE_1.7.0\STM32CubeIDE\plugins\com.st.stm32cube.common.mx_6.3.0.202107141111\\db\/plugins/mcufinder/images/
2025-09-12 21:05:55,748 [INFO] DbBoards:264 - Set plugin images path to: C:\ST\STM32CubeIDE_1.7.0\STM32CubeIDE\plugins\com.st.stm32cube.common.mx_6.3.0.202107141111\\db\/plugins/mcufinder/images/
2025-09-12 21:05:55,750 [INFO] DbExamples:333 - Set plugin images path to: C:\ST\STM32CubeIDE_1.7.0\STM32CubeIDE\plugins\com.st.stm32cube.common.mx_6.3.0.202107141111\\db\/plugins/mcufinder/images/
2025-09-12 21:05:55,753 [INFO] DbMcusAds:119 - Set database path to: C:\Users\nguye\.stmcufinder\plugins\mcufinder//mcu/
2025-09-12 21:05:55,753 [INFO] DbMcusDocs:110 - Set database path to: C:\Users\nguye\.stmcufinder\plugins\mcufinder//mcu/
2025-09-12 21:05:55,754 [INFO] DbMcusJson:64 - Set database path to: C:\Users\nguye\.stmcufinder\plugins\mcufinder//mcu/
2025-09-12 21:05:55,755 [INFO] DbBoardsDocs:110 - Set database path to: C:\Users\nguye\.stmcufinder\plugins\mcufinder//mcu/
2025-09-12 21:05:55,755 [INFO] DbBoardsJson:57 - Set database path to: C:\Users\nguye\.stmcufinder\plugins\mcufinder//mcu/
2025-09-12 21:05:55,756 [INFO] CrossReferenceDbSqlite:196 - Set database path to: C:\Users\nguye\.stmcufinder\plugins\mcufinder//mcu/cs/
2025-09-12 21:05:55,760 [INFO] DbExamplesSqlite:767 - Set database path to: C:\Users\nguye\.stmcufinder\plugins\mcufinder//mcu/
2025-09-12 21:05:55,822 [INFO] RulesReader:57 - Compatibility file has been processed (242 Rules)
2025-09-12 21:05:55,883 [INFO] DbMcusXml:74 - Set database path to: C:\ST\STM32CubeIDE_1.7.0\STM32CubeIDE\plugins\com.st.stm32cube.common.mx_6.3.0.202107141111\\db\/mcu/
2025-09-12 21:05:55,884 [INFO] DbBoardsPdsc:56 - Set plugin database path to: C:\ST\STM32CubeIDE_1.7.0\STM32CubeIDE\plugins\com.st.stm32cube.common.mx_6.3.0.202107141111\\db\/plugins/boardmanager/
2025-09-12 21:05:55,884 [INFO] DbMcus:258 - Set plugin images path to: C:\ST\STM32CubeIDE_1.7.0\STM32CubeIDE\plugins\com.st.stm32cube.common.mx_6.3.0.202107141111\\db\/plugins/mcufinder/images/
2025-09-12 21:05:55,884 [INFO] DbBoards:264 - Set plugin images path to: C:\ST\STM32CubeIDE_1.7.0\STM32CubeIDE\plugins\com.st.stm32cube.common.mx_6.3.0.202107141111\\db\/plugins/mcufinder/images/
2025-09-12 21:05:55,884 [INFO] DbExamples:333 - Set plugin images path to: C:\ST\STM32CubeIDE_1.7.0\STM32CubeIDE\plugins\com.st.stm32cube.common.mx_6.3.0.202107141111\\db\/plugins/mcufinder/images/
2025-09-12 21:05:55,884 [WARN] DbFile:35 - Overriding database path with different value: C:\Users\nguye\.stmcufinder\plugins\mcufinder/ => C:\Users\nguye\.stmcufinder\plugins\mcufinder
2025-09-12 21:05:55,884 [INFO] DbMcusAds:119 - Set database path to: C:\Users\nguye\.stmcufinder\plugins\mcufinder//mcu/
2025-09-12 21:05:55,884 [WARN] DbFile:35 - Overriding database path with different value: C:\Users\nguye\.stmcufinder\plugins\mcufinder/ => C:\Users\nguye\.stmcufinder\plugins\mcufinder
2025-09-12 21:05:55,884 [INFO] DbMcusDocs:110 - Set database path to: C:\Users\nguye\.stmcufinder\plugins\mcufinder//mcu/
2025-09-12 21:05:55,884 [WARN] DbFile:35 - Overriding database path with different value: C:\Users\nguye\.stmcufinder\plugins\mcufinder/ => C:\Users\nguye\.stmcufinder\plugins\mcufinder
2025-09-12 21:05:55,885 [INFO] DbMcusJson:64 - Set database path to: C:\Users\nguye\.stmcufinder\plugins\mcufinder//mcu/
2025-09-12 21:05:55,885 [WARN] DbFile:35 - Overriding database path with different value: C:\Users\nguye\.stmcufinder\plugins\mcufinder/ => C:\Users\nguye\.stmcufinder\plugins\mcufinder
2025-09-12 21:05:55,885 [INFO] DbBoardsDocs:110 - Set database path to: C:\Users\nguye\.stmcufinder\plugins\mcufinder//mcu/
2025-09-12 21:05:55,885 [WARN] DbFile:35 - Overriding database path with different value: C:\Users\nguye\.stmcufinder\plugins\mcufinder/ => C:\Users\nguye\.stmcufinder\plugins\mcufinder
2025-09-12 21:05:55,885 [INFO] DbBoardsJson:57 - Set database path to: C:\Users\nguye\.stmcufinder\plugins\mcufinder//mcu/
2025-09-12 21:05:55,885 [WARN] DbFile:35 - Overriding database path with different value: C:\Users\nguye\.stmcufinder\plugins\mcufinder/ => C:\Users\nguye\.stmcufinder\plugins\mcufinder
2025-09-12 21:05:55,885 [WARN] DbFile:35 - Overriding database path with different value: C:\Users\nguye\.stmcufinder\plugins\mcufinder/ => C:\Users\nguye\.stmcufinder\plugins\mcufinder
2025-09-12 21:05:55,885 [INFO] CrossReferenceDbSqlite:196 - Set database path to: C:\Users\nguye\.stmcufinder\plugins\mcufinder//mcu/cs/
2025-09-12 21:05:55,885 [WARN] DbFile:35 - Overriding database path with different value: C:\Users\nguye\.stmcufinder\plugins\mcufinder/ => C:\Users\nguye\.stmcufinder\plugins\mcufinder
2025-09-12 21:05:55,885 [INFO] DbExamplesSqlite:767 - Set database path to: C:\Users\nguye\.stmcufinder\plugins\mcufinder//mcu/
2025-09-12 21:05:55,933 [INFO] MainPanel:214 - HeapMemory: 268435456
2025-09-12 21:05:55,978 [INFO] DbMcusXml:74 - Set database path to: C:\ST\STM32CubeIDE_1.7.0\STM32CubeIDE\plugins\com.st.stm32cube.common.mx_6.3.0.202107141111\\db\/mcu/
2025-09-12 21:05:55,978 [INFO] DbBoardsPdsc:56 - Set plugin database path to: C:\ST\STM32CubeIDE_1.7.0\STM32CubeIDE\plugins\com.st.stm32cube.common.mx_6.3.0.202107141111\\db\/plugins/boardmanager/
2025-09-12 21:05:55,978 [INFO] DbMcus:258 - Set plugin images path to: C:\ST\STM32CubeIDE_1.7.0\STM32CubeIDE\plugins\com.st.stm32cube.common.mx_6.3.0.202107141111\\db\/plugins/mcufinder/images/
2025-09-12 21:05:55,978 [INFO] DbBoards:264 - Set plugin images path to: C:\ST\STM32CubeIDE_1.7.0\STM32CubeIDE\plugins\com.st.stm32cube.common.mx_6.3.0.202107141111\\db\/plugins/mcufinder/images/
2025-09-12 21:05:55,978 [INFO] DbExamples:333 - Set plugin images path to: C:\ST\STM32CubeIDE_1.7.0\STM32CubeIDE\plugins\com.st.stm32cube.common.mx_6.3.0.202107141111\\db\/plugins/mcufinder/images/
2025-09-12 21:05:55,978 [WARN] DbFile:35 - Overriding database path with different value: C:\Users\nguye\.stmcufinder\plugins\mcufinder/ => C:\Users\nguye\.stmcufinder\plugins\mcufinder
2025-09-12 21:05:55,978 [INFO] DbMcusAds:119 - Set database path to: C:\Users\nguye\.stmcufinder\plugins\mcufinder//mcu/
2025-09-12 21:05:55,979 [WARN] DbFile:35 - Overriding database path with different value: C:\Users\nguye\.stmcufinder\plugins\mcufinder/ => C:\Users\nguye\.stmcufinder\plugins\mcufinder
2025-09-12 21:05:55,979 [INFO] DbMcusDocs:110 - Set database path to: C:\Users\nguye\.stmcufinder\plugins\mcufinder//mcu/
2025-09-12 21:05:55,979 [WARN] DbFile:35 - Overriding database path with different value: C:\Users\nguye\.stmcufinder\plugins\mcufinder/ => C:\Users\nguye\.stmcufinder\plugins\mcufinder
2025-09-12 21:05:55,979 [INFO] DbMcusJson:64 - Set database path to: C:\Users\nguye\.stmcufinder\plugins\mcufinder//mcu/
2025-09-12 21:05:55,979 [WARN] DbFile:35 - Overriding database path with different value: C:\Users\nguye\.stmcufinder\plugins\mcufinder/ => C:\Users\nguye\.stmcufinder\plugins\mcufinder
2025-09-12 21:05:55,979 [INFO] DbBoardsDocs:110 - Set database path to: C:\Users\nguye\.stmcufinder\plugins\mcufinder//mcu/
2025-09-12 21:05:55,979 [WARN] DbFile:35 - Overriding database path with different value: C:\Users\nguye\.stmcufinder\plugins\mcufinder/ => C:\Users\nguye\.stmcufinder\plugins\mcufinder
2025-09-12 21:05:55,979 [INFO] DbBoardsJson:57 - Set database path to: C:\Users\nguye\.stmcufinder\plugins\mcufinder//mcu/
2025-09-12 21:05:55,979 [WARN] DbFile:35 - Overriding database path with different value: C:\Users\nguye\.stmcufinder\plugins\mcufinder/ => C:\Users\nguye\.stmcufinder\plugins\mcufinder
2025-09-12 21:05:55,979 [WARN] DbFile:35 - Overriding database path with different value: C:\Users\nguye\.stmcufinder\plugins\mcufinder/ => C:\Users\nguye\.stmcufinder\plugins\mcufinder
2025-09-12 21:05:55,979 [INFO] CrossReferenceDbSqlite:196 - Set database path to: C:\Users\nguye\.stmcufinder\plugins\mcufinder//mcu/cs/
2025-09-12 21:05:55,979 [WARN] DbFile:35 - Overriding database path with different value: C:\Users\nguye\.stmcufinder\plugins\mcufinder/ => C:\Users\nguye\.stmcufinder\plugins\mcufinder
2025-09-12 21:05:55,979 [INFO] DbExamplesSqlite:767 - Set database path to: C:\Users\nguye\.stmcufinder\plugins\mcufinder//mcu/
2025-09-12 21:05:55,994 [INFO] ApplicationProperties:181 - Using Application install path: C:\ST\STM32CubeIDE_1.7.0\STM32CubeIDE\plugins\com.st.stm32cube.common.mx_6.3.0.202107141111
2025-09-12 21:05:55,995 [INFO] PluginManage:188 - Search for loadable plugins [exclusion list=, ]
2025-09-12 21:05:55,996 [INFO] PluginManage:302 - Check plugin analytics
2025-09-12 21:05:56,088 [INFO] AnalyticsPlugin:257 - Accepted Software Licenses: 
2025-09-12 21:05:56,088 [INFO] AnalyticsPlugin:259 - Accepted CMSIS Pack Licenses: 
2025-09-12 21:05:56,089 [INFO] AnalyticsPlugin:261 - Accepted Firmware Licenses: 
2025-09-12 21:05:56,089 [INFO] PluginManage:352 - Loaded plugin analytics (category:tool,tabindex:-1)
2025-09-12 21:05:56,089 [INFO] PluginManage:302 - Check plugin clock
2025-09-12 21:05:56,096 [INFO] PluginManage:352 - Loaded plugin clock (category:base,tabindex:2)
2025-09-12 21:05:56,096 [INFO] PluginManage:302 - Check plugin ddr
2025-09-12 21:05:56,097 [INFO] PluginManage:352 - Loaded plugin ddr (category:tool,tabindex:6)
2025-09-12 21:05:56,097 [INFO] PluginManage:302 - Check plugin filemanager
2025-09-12 21:05:56,187 [INFO] PluginManage:352 - Loaded plugin filemanager (category:base,tabindex:10)
2025-09-12 21:05:56,187 [INFO] PluginManage:302 - Check plugin ipmanager
2025-09-12 21:05:56,196 [INFO] PluginManage:352 - Loaded plugin ipmanager (category:base,tabindex:5)
2025-09-12 21:05:56,196 [INFO] PluginManage:302 - Check plugin pinoutandconfiguration
2025-09-12 21:05:56,221 [INFO] PluginManage:352 - Loaded plugin pinoutandconfiguration (category:base,tabindex:1)
2025-09-12 21:05:56,221 [INFO] PluginManage:302 - Check plugin pinoutconfig
2025-09-12 21:05:56,244 [INFO] PluginManage:352 - Loaded plugin pinoutconfig (category:base,tabindex:0)
2025-09-12 21:05:56,245 [INFO] PluginManage:302 - Check plugin power
2025-09-12 21:05:56,250 [INFO] PluginManage:352 - Loaded plugin power (category:power,tabindex:4)
2025-09-12 21:05:56,250 [INFO] PluginManage:302 - Check plugin projectmanager
2025-09-12 21:05:56,266 [INFO] PluginManage:352 - Loaded plugin projectmanager (category:projectmanager,tabindex:3)
2025-09-12 21:05:56,266 [INFO] PluginManage:302 - Check plugin thirdparty
2025-09-12 21:05:56,367 [INFO] PluginManage:352 - Loaded plugin thirdparty (category:base,tabindex:-1)
2025-09-12 21:05:56,368 [INFO] PluginManage:302 - Check plugin tools
2025-09-12 21:05:56,368 [WARN] IntegrityCheckThread:78 - waiting for thirdparty lock release [integrity check]
2025-09-12 21:05:56,369 [INFO] IntegrityCheckThread:80 - entering critical section [integrity check]
2025-09-12 21:05:56,370 [INFO] ThirdPartyUpdaterWithRetryManager:66 - Updater plugin not ready yet. [1/15]
2025-09-12 21:05:56,371 [INFO] PluginManage:352 - Loaded plugin tools (category:base,tabindex:7)
2025-09-12 21:05:56,371 [INFO] PluginManage:302 - Check plugin tutovideos
2025-09-12 21:05:56,561 [INFO] PluginManage:352 - Loaded plugin tutovideos (category:base,tabindex:-1)
2025-09-12 21:05:56,561 [INFO] PluginManage:302 - Check plugin updater
2025-09-12 21:05:56,574 [INFO] PluginManage:352 - Loaded plugin updater (category:base,tabindex:12)
2025-09-12 21:05:56,574 [INFO] PluginManage:275 - PluginManage : Loaded plugins [13]
2025-09-12 21:05:56,745 [INFO] PinOutPanel:1463 - setPackage(No Configuration,No Configuration)
2025-09-12 21:05:56,807 [INFO] IPUIPlugin:74 - create IPUIPlugin
2025-09-12 21:05:56,807 [INFO] PluginManager:213 - loadIPPluginJar : add adc
2025-09-12 21:05:56,809 [INFO] IPUIPlugin:74 - create IPUIPlugin
2025-09-12 21:05:56,809 [INFO] PluginManager:213 - loadIPPluginJar : add aes
2025-09-12 21:05:56,811 [INFO] IPUIPlugin:74 - create IPUIPlugin
2025-09-12 21:05:56,811 [INFO] PluginManager:213 - loadIPPluginJar : add can
2025-09-12 21:05:56,812 [INFO] IPUIPlugin:74 - create IPUIPlugin
2025-09-12 21:05:56,812 [INFO] PluginManager:213 - loadIPPluginJar : add comp
2025-09-12 21:05:56,813 [INFO] IPUIPlugin:74 - create IPUIPlugin
2025-09-12 21:05:56,813 [INFO] PluginManager:213 - loadIPPluginJar : add cryp
2025-09-12 21:05:56,814 [INFO] IPUIPlugin:74 - create IPUIPlugin
2025-09-12 21:05:56,814 [INFO] PluginManager:213 - loadIPPluginJar : add dfsdm
2025-09-12 21:05:56,818 [INFO] IPUIPlugin:74 - create IPUIPlugin
2025-09-12 21:05:56,819 [INFO] PluginManager:213 - loadIPPluginJar : add dma
2025-09-12 21:05:56,820 [INFO] IPUIPlugin:74 - create IPUIPlugin
2025-09-12 21:05:56,821 [INFO] PluginManager:213 - loadIPPluginJar : add dma3
2025-09-12 21:05:56,821 [INFO] IPUIPlugin:74 - create IPUIPlugin
2025-09-12 21:05:56,821 [INFO] PluginManager:213 - loadIPPluginJar : add fatfs
2025-09-12 21:05:56,824 [INFO] IPUIPlugin:74 - create IPUIPlugin
2025-09-12 21:05:56,824 [INFO] PluginManager:213 - loadIPPluginJar : add fmc
2025-09-12 21:05:56,827 [INFO] IPUIPlugin:74 - create IPUIPlugin
2025-09-12 21:05:56,827 [INFO] PluginManager:213 - loadIPPluginJar : add freertos
2025-09-12 21:05:56,828 [INFO] IPUIPlugin:74 - create IPUIPlugin
2025-09-12 21:05:56,828 [INFO] PluginManager:213 - loadIPPluginJar : add genericplugin
2025-09-12 21:05:56,829 [INFO] IPUIPlugin:74 - create IPUIPlugin
2025-09-12 21:05:56,829 [INFO] PluginManager:213 - loadIPPluginJar : add gfxmmu
2025-09-12 21:05:56,833 [INFO] IPUIPlugin:74 - create IPUIPlugin
2025-09-12 21:05:56,833 [INFO] PluginManager:213 - loadIPPluginJar : add gic
2025-09-12 21:05:56,835 [INFO] IPUIPlugin:74 - create IPUIPlugin
2025-09-12 21:05:56,835 [INFO] PluginManager:213 - loadIPPluginJar : add gpio
2025-09-12 21:05:56,836 [INFO] IPUIPlugin:74 - create IPUIPlugin
2025-09-12 21:05:56,836 [INFO] PluginManager:213 - loadIPPluginJar : add gtzc
2025-09-12 21:05:56,839 [INFO] IPUIPlugin:74 - create IPUIPlugin
2025-09-12 21:05:56,839 [INFO] PluginManager:213 - loadIPPluginJar : add hash
2025-09-12 21:05:56,840 [INFO] IPUIPlugin:74 - create IPUIPlugin
2025-09-12 21:05:56,840 [INFO] PluginManager:213 - loadIPPluginJar : add i2c
2025-09-12 21:05:56,842 [INFO] IPUIPlugin:74 - create IPUIPlugin
2025-09-12 21:05:56,842 [INFO] PluginManager:213 - loadIPPluginJar : add i2s
2025-09-12 21:05:56,843 [INFO] IPUIPlugin:74 - create IPUIPlugin
2025-09-12 21:05:56,844 [INFO] PluginManager:213 - loadIPPluginJar : add ipddr
2025-09-12 21:05:56,848 [INFO] IPUIPlugin:74 - create IPUIPlugin
2025-09-12 21:05:56,848 [INFO] PluginManager:213 - loadIPPluginJar : add linkedlist
2025-09-12 21:05:56,849 [INFO] IPUIPlugin:74 - create IPUIPlugin
2025-09-12 21:05:56,850 [INFO] PluginManager:213 - loadIPPluginJar : add lorawan
2025-09-12 21:05:56,850 [INFO] IPUIPlugin:74 - create IPUIPlugin
2025-09-12 21:05:56,850 [INFO] PluginManager:213 - loadIPPluginJar : add ltdc
2025-09-12 21:05:56,853 [INFO] IPUIPlugin:74 - create IPUIPlugin
2025-09-12 21:05:56,853 [INFO] PluginManager:213 - loadIPPluginJar : add mdma
2025-09-12 21:05:56,855 [INFO] IPUIPlugin:74 - create IPUIPlugin
2025-09-12 21:05:56,855 [INFO] PluginManager:213 - loadIPPluginJar : add nvic
2025-09-12 21:05:56,856 [INFO] IPUIPlugin:74 - create IPUIPlugin
2025-09-12 21:05:56,856 [INFO] PluginManager:213 - loadIPPluginJar : add opamp
2025-09-12 21:05:56,858 [INFO] IPUIPlugin:74 - create IPUIPlugin
2025-09-12 21:05:56,858 [INFO] PluginManager:213 - loadIPPluginJar : add openamp
2025-09-12 21:05:56,860 [INFO] IPUIPlugin:74 - create IPUIPlugin
2025-09-12 21:05:56,860 [INFO] PluginManager:213 - loadIPPluginJar : add pdm2pcm
2025-09-12 21:05:56,864 [INFO] IPUIPlugin:74 - create IPUIPlugin
2025-09-12 21:05:56,866 [INFO] PluginManager:213 - loadIPPluginJar : add plateformsettings
2025-09-12 21:05:56,867 [INFO] IPUIPlugin:74 - create IPUIPlugin
2025-09-12 21:05:56,867 [INFO] PluginManager:213 - loadIPPluginJar : add quadspi
2025-09-12 21:05:56,869 [INFO] IPUIPlugin:74 - create IPUIPlugin
2025-09-12 21:05:56,869 [INFO] PluginManager:213 - loadIPPluginJar : add resmgrutility
2025-09-12 21:05:56,871 [INFO] IPUIPlugin:74 - create IPUIPlugin
2025-09-12 21:05:56,871 [INFO] PluginManager:213 - loadIPPluginJar : add sai
2025-09-12 21:05:56,872 [INFO] IPUIPlugin:74 - create IPUIPlugin
2025-09-12 21:05:56,872 [INFO] PluginManager:213 - loadIPPluginJar : add spi
2025-09-12 21:05:56,874 [INFO] IPUIPlugin:74 - create IPUIPlugin
2025-09-12 21:05:56,874 [INFO] PluginManager:213 - loadIPPluginJar : add stm32_wpan
2025-09-12 21:05:56,875 [INFO] IPUIPlugin:74 - create IPUIPlugin
2025-09-12 21:05:56,876 [INFO] PluginManager:213 - loadIPPluginJar : add tim
2025-09-12 21:05:56,878 [INFO] IPUIPlugin:74 - create IPUIPlugin
2025-09-12 21:05:56,878 [INFO] PluginManager:213 - loadIPPluginJar : add touchsensing
2025-09-12 21:05:56,879 [INFO] IPUIPlugin:74 - create IPUIPlugin
2025-09-12 21:05:56,879 [INFO] PluginManager:213 - loadIPPluginJar : add tracer_emb
2025-09-12 21:05:56,880 [INFO] IPUIPlugin:74 - create IPUIPlugin
2025-09-12 21:05:56,880 [INFO] PluginManager:213 - loadIPPluginJar : add ts
2025-09-12 21:05:56,881 [INFO] IPUIPlugin:74 - create IPUIPlugin
2025-09-12 21:05:56,881 [INFO] PluginManager:213 - loadIPPluginJar : add tsc
2025-09-12 21:05:56,882 [INFO] IPUIPlugin:74 - create IPUIPlugin
2025-09-12 21:05:56,882 [INFO] PluginManager:213 - loadIPPluginJar : add ucpd
2025-09-12 21:05:56,883 [INFO] IPUIPlugin:74 - create IPUIPlugin
2025-09-12 21:05:56,883 [INFO] PluginManager:213 - loadIPPluginJar : add usart
2025-09-12 21:05:56,885 [INFO] IPUIPlugin:74 - create IPUIPlugin
2025-09-12 21:05:56,885 [INFO] PluginManager:213 - loadIPPluginJar : add usbx
2025-09-12 21:05:57,109 [FATAL] Updater:294 - Updater called before beeing initialized
2025-09-12 21:05:57,183 [FATAL] Updater:294 - Updater called before beeing initialized
2025-09-12 21:05:57,186 [INFO] DbMcusAds:47 - JSON generation date=Tue Jul 08 15:14:23 ICT 2025 (1751962463582)
2025-09-12 21:05:57,186 [FATAL] Updater:294 - Updater called before beeing initialized
2025-09-12 21:05:57,211 [WARN] DetailPanel:314 - Failed to get advertising image, set to default
2025-09-12 21:05:57,295 [FATAL] Updater:294 - Updater called before beeing initialized
2025-09-12 21:05:57,297 [FATAL] Updater:294 - Updater called before beeing initialized
2025-09-12 21:05:57,297 [FATAL] Updater:294 - Updater called before beeing initialized
2025-09-12 21:05:57,297 [WARN] DetailPanel:314 - Failed to get advertising image, set to default
2025-09-12 21:05:57,298 [FATAL] Updater:294 - Updater called before beeing initialized
2025-09-12 21:05:57,333 [ERROR] Updater:1075 - MainUpdater not yet initialized. External WinMGr cannot be set.
2025-09-12 21:05:57,335 [INFO] Updater:1012 - Updater Version found : 6.3.0
2025-09-12 21:05:57,348 [INFO] ApplicationProperties:181 - Using Application install path: C:\ST\STM32CubeIDE_1.7.0\STM32CubeIDE\plugins\com.st.stm32cube.common.mx_6.3.0.202107141111
2025-09-12 21:05:57,651 [INFO] MainUpdater:2671 - connection check result : 10
2025-09-12 21:05:57,652 [INFO] MainUpdater:265 - Updater Check For Update Now.
2025-09-12 21:05:57,652 [INFO] MicroXplorer:478 - Change Database Version : DB.6.0.30
2025-09-12 21:05:57,816 [INFO] CheckServerUpdateThread:112 - End of CheckServer Thread
2025-09-12 21:05:57,874 [INFO] MainUpdater:2671 - connection check result : 10
2025-09-12 21:05:58,028 [INFO] McuFinderGlobals:52 - Set McuFinderConnectedMode to false
2025-09-12 21:05:58,096 [INFO] CrossSelectorPresenter:1330 - Cross Selector saved comparison directory: C:\Users\nguye\.stmcufinder\plugins\mcufinder\mcu\cs_comparisons_mx
2025-09-12 21:05:58,101 [INFO] MultiScanPanel:197 - Auto-refresh data requested => check proxy status ongoing
2025-09-12 21:05:58,101 [INFO] MultiScanPanel:201 - Proxy status is invalid
2025-09-12 21:05:58,104 [INFO] FinderPluginLoader:87 - Searching for filters in installed packs
2025-09-12 21:05:58,105 [INFO] DbMcusXml:100 - Load MCU database from C:\ST\STM32CubeIDE_1.7.0\STM32CubeIDE\plugins\com.st.stm32cube.common.mx_6.3.0.202107141111\\db\/mcu/families.xml
2025-09-12 21:05:58,731 [INFO] DbMcusJson:93 - JSON generation date=Tue Nov 16 23:17:54 ICT 2021 (1637079474)
2025-09-12 21:05:59,301 [INFO] DbMcus:175 - Found 1951 MCUs (1903 are supported by CubeMX, 1914 are visible in CubeMX)
2025-09-12 21:05:59,301 [INFO] ApiDb:251 - Load user favorites file C:\Users\nguye/.stm32cubeide/favorites.mcus.txt: 0 item(s)
2025-09-12 21:05:59,301 [INFO] ApiDb:255 - User favorites MCUs=[]
2025-09-12 21:05:59,301 [INFO] DbMcus:187 - Set 0 / 0 favorites MCUs
2025-09-12 21:05:59,508 [ERROR] Engine:463 - C:\Users\nguye\.stm32cubemx\thirdparties\pdsc\STMicroelectronics.FP-SNS-MOTENVWB1.1.4.0.pdsc: PDSC version is not supported
2025-09-12 21:05:59,528 [WARN] PackLoader:238 - Cannot read IP mode file for STMicroelectronics.FP-ATR-ASTRA1.2.0.2
2025-09-12 21:05:59,533 [ERROR] Engine:463 - C:\Users\nguye\.stm32cubemx\thirdparties\pdsc\STMicroelectronics.X-CUBE-SMBUS.2.1.0.pdsc: PDSC version is not supported
2025-09-12 21:05:59,534 [ERROR] Engine:463 - C:\Users\nguye\.stm32cubemx\thirdparties\pdsc\STMicroelectronics.X-CUBE-ST60.1.0.0.pdsc: PDSC version is not supported
2025-09-12 21:05:59,560 [WARN] PackLoader:238 - Cannot read IP mode file for STMicroelectronics.X-CUBE-AZRTOS-F7.1.1.0
2025-09-12 21:05:59,567 [ERROR] Engine:463 - C:\Users\nguye\.stm32cubemx\thirdparties\pdsc\WES.I-CUBE-Cesium.1.4.0.pdsc: PDSC version is not supported
2025-09-12 21:05:59,574 [ERROR] Engine:463 - C:\Users\nguye\.stm32cubemx\thirdparties\pdsc\Infineon.AIROC-Wi-Fi-Bluetooth-STM32.1.7.1.pdsc: PDSC version is not supported
2025-09-12 21:05:59,608 [WARN] PackLoader:238 - Cannot read IP mode file for STMicroelectronics.X-CUBE-AZRTOS-H7.3.4.0
2025-09-12 21:05:59,615 [ERROR] Engine:463 - C:\Users\nguye\.stm32cubemx\thirdparties\pdsc\STMicroelectronics.X-CUBE-DISPLAY.3.0.0.pdsc: PDSC version is not supported
2025-09-12 21:05:59,622 [WARN] PackLoader:238 - Cannot read IP mode file for STMicroelectronics.X-CUBE-NFC10.1.0.0
2025-09-12 21:05:59,626 [ERROR] Engine:463 - C:\Users\nguye\.stm32cubemx\thirdparties\pdsc\emotas.I-CUBE-CANOPEN.1.3.0.pdsc: PDSC version is not supported
2025-09-12 21:05:59,629 [ERROR] Engine:463 - C:\Users\nguye\.stm32cubemx\thirdparties\pdsc\STMicroelectronics.FP-SNS-STBOX1.2.1.0.pdsc: PDSC version is not supported
2025-09-12 21:05:59,630 [ERROR] Engine:463 - C:\Users\nguye\.stm32cubemx\thirdparties\pdsc\STMicroelectronics.FP-SNS-SMARTAG2.1.2.0.pdsc: PDSC version is not supported
2025-09-12 21:05:59,631 [ERROR] Engine:463 - C:\Users\nguye\.stm32cubemx\thirdparties\pdsc\STMicroelectronics.FP-SNS-FLIGHT1.5.1.0.pdsc: PDSC version is not supported
2025-09-12 21:05:59,639 [INFO] LogOutputStream:76 - [STDOUT_REDIRECT] 1 : Invalid condition id : UX_CORESTACK_Condition cause : null
2025-09-12 21:05:59,643 [INFO] LogOutputStream:76 - [STDOUT_REDIRECT] 1 : Invalid condition id : UX_CORESTACK_Condition cause : null
2025-09-12 21:05:59,643 [INFO] LogOutputStream:76 - [STDOUT_REDIRECT] 1 : Invalid condition id : UX_CORESTACK_Condition cause : null
2025-09-12 21:05:59,644 [INFO] LogOutputStream:76 - [STDOUT_REDIRECT] 1 : Invalid condition id : UX_CORESTACK_Condition cause : null
2025-09-12 21:05:59,645 [INFO] LogOutputStream:76 - [STDOUT_REDIRECT] 1 : Invalid condition id : UX_CORESTACK_Condition cause : null
2025-09-12 21:05:59,647 [WARN] PackLoader:238 - Cannot read IP mode file for STMicroelectronics.X-CUBE-AZRTOS-WL.2.0.0
2025-09-12 21:05:59,650 [ERROR] Engine:463 - C:\Users\nguye\.stm32cubemx\thirdparties\pdsc\STMicroelectronics.FP-SNS-MOTENV1.5.0.0.pdsc: PDSC version is not supported
2025-09-12 21:05:59,654 [WARN] PackLoader:238 - Cannot read IP mode file for STMicroelectronics.X-CUBE-BLE2.3.3.0
2025-09-12 21:05:59,662 [WARN] PackLoader:238 - Cannot read IP mode file for STMicroelectronics.X-CUBE-NFC9.1.0.0
2025-09-12 21:05:59,669 [WARN] PackLoader:238 - Cannot read IP mode file for wolfSSL.I-CUBE-wolfSSL.5.8.2
2025-09-12 21:05:59,674 [WARN] PackLoader:238 - Cannot read IP mode file for STMicroelectronics.X-CUBE-BLE1.7.1.0
2025-09-12 21:05:59,677 [WARN] PackLoader:238 - Cannot read IP mode file for wolfSSL.I-CUBE-wolfMQTT.1.19.2
2025-09-12 21:05:59,683 [WARN] PackLoader:238 - Cannot read IP mode file for STMicroelectronics.X-CUBE-EEPRMA1.5.2.0
2025-09-12 21:05:59,702 [WARN] PackLoader:238 - Cannot read IP mode file for STMicroelectronics.X-CUBE-AZRTOS-G0.1.1.0
2025-09-12 21:05:59,713 [WARN] PackLoader:238 - Cannot read IP mode file for STMicroelectronics.X-CUBE-SAFEA1.1.2.2
2025-09-12 21:05:59,719 [WARN] PackLoader:238 - Cannot read IP mode file for STMicroelectronics.X-CUBE-NFC4.3.0.0
2025-09-12 21:05:59,730 [ERROR] Engine:463 - C:\Users\nguye\.stm32cubemx\thirdparties\pdsc\EmbeddedOffice.I-CUBE-FS-RTOS.1.0.1.pdsc: PDSC version is not supported
2025-09-12 21:05:59,734 [WARN] PackLoader:238 - Cannot read IP mode file for STMicroelectronics.X-CUBE-WB05N.2.0.0
2025-09-12 21:05:59,737 [WARN] PackLoader:238 - Cannot read IP mode file for wolfSSL.I-CUBE-wolfTPM.3.8.0
2025-09-12 21:05:59,740 [ERROR] Engine:463 - C:\Users\nguye\.stm32cubemx\thirdparties\pdsc\STMicroelectronics.X-CUBE-TCPP.4.2.0.pdsc: PDSC version is not supported
2025-09-12 21:05:59,742 [ERROR] Engine:463 - C:\Users\nguye\.stm32cubemx\thirdparties\pdsc\RealThread.X-CUBE-RT-Thread_Nano.4.1.1.pdsc: PDSC version is not supported
2025-09-12 21:05:59,744 [WARN] PackLoader:238 - Cannot read IP mode file for STMicroelectronics.FP-ATR-SIGFOX1.3.2.0
2025-09-12 21:05:59,746 [ERROR] Engine:463 - C:\Users\nguye\.stm32cubemx\thirdparties\pdsc\ITTIA_DB.I-CUBE-ITTIADB.8.9.0.pdsc: PDSC version is not supported
2025-09-12 21:05:59,748 [ERROR] Engine:463 - C:\Users\nguye\.stm32cubemx\thirdparties\pdsc\STMicroelectronics.X-CUBE-ST67W61.1.0.0.pdsc: PDSC version is not supported
2025-09-12 21:05:59,751 [WARN] PackLoader:238 - Cannot read IP mode file for STMicroelectronics.X-CUBE-AI.10.2.0
2025-09-12 21:05:59,778 [WARN] PackLoader:238 - Cannot read IP mode file for SEGGER.I-CUBE-embOS.1.3.1
2025-09-12 21:05:59,782 [INFO] DetailPanel:309 - Set advertising image to C:/Users/nguye/STM32Cube/Repository/\en.2400x1350px.jpeg
2025-09-12 21:05:59,825 [WARN] PackLoader:238 - Cannot read IP mode file for STMicroelectronics.X-CUBE-ALGOBUILD.1.4.0
2025-09-12 21:05:59,881 [WARN] PackLoader:238 - Cannot read IP mode file for STMicroelectronics.X-CUBE-MEMS1.11.3.0
2025-09-12 21:06:00,046 [WARN] PackLoader:238 - Cannot read IP mode file for STMicroelectronics.X-CUBE-PM33A1.1.0.0
2025-09-12 21:06:00,059 [WARN] PackLoader:238 - Cannot read IP mode file for STMicroelectronics.X-CUBE-AZRTOS-F4.1.1.0
2025-09-12 21:06:00,062 [ERROR] Engine:463 - C:\Users\nguye\.stm32cubemx\thirdparties\pdsc\Avnet-IotConnect.X-CUBE-IoTC-DA16k-PMOD.1.0.0.pdsc: PDSC version is not supported
2025-09-12 21:06:00,066 [WARN] PackLoader:238 - Cannot read IP mode file for STMicroelectronics.X-CUBE-ISPU.2.1.0
2025-09-12 21:06:00,071 [WARN] PackLoader:238 - Cannot read IP mode file for STMicroelectronics.X-CUBE-NFC12.1.0.0
2025-09-12 21:06:00,093 [WARN] PackLoader:238 - Cannot read IP mode file for STMicroelectronics.X-CUBE-AZRTOS-L5.2.0.0
2025-09-12 21:06:00,105 [WARN] PackLoader:238 - Cannot read IP mode file for STMicroelectronics.X-CUBE-NFC6.3.1.0
2025-09-12 21:06:00,115 [ERROR] Engine:463 - C:\Users\nguye\.stm32cubemx\thirdparties\pdsc\STMicroelectronics.X-CUBE-FREERTOS.1.3.1.pdsc: PDSC version is not supported
2025-09-12 21:06:00,120 [ERROR] Engine:463 - C:\Users\nguye\.stm32cubemx\thirdparties\pdsc\STMicroelectronics.FP-SNS-STAIOTCFT.1.0.0.pdsc: PDSC version is not supported
2025-09-12 21:06:00,127 [ERROR] Engine:463 - C:\Users\nguye\.stm32cubemx\thirdparties\pdsc\STMicroelectronics.X-CUBE-DPower.1.3.0.pdsc: PDSC version is not supported
2025-09-12 21:06:00,153 [WARN] ConditionMgr:437 - getConditionDescription Invalid condition id : LAN8742 Phy interface Condition cause : null
2025-09-12 21:06:00,154 [WARN] PackLoader:238 - Cannot read IP mode file for STMicroelectronics.X-CUBE-AZRTOS-L4.2.0.0
2025-09-12 21:06:00,155 [WARN] ConditionMgr:1038 - genDependencies : Invalid condition id : LAN8742 Phy interface Condition cause : null
2025-09-12 21:06:00,156 [WARN] ConditionMgr:1038 - genDependencies : Invalid condition id : LAN8742 Phy interface Condition cause : null
2025-09-12 21:06:00,157 [WARN] ConditionMgr:1038 - genDependencies : Invalid condition id : LAN8742 Phy interface Condition cause : null
2025-09-12 21:06:00,165 [INFO] DbBoardsPdsc:90 - Found 25 items
2025-09-12 21:06:00,166 [WARN] PackLoader:238 - Cannot read IP mode file for STMicroelectronics.X-CUBE-SFXS2LP1.4.0.0
2025-09-12 21:06:00,166 [INFO] DbBoardsPdsc:90 - Found 9 items
2025-09-12 21:06:00,171 [INFO] DbBoardsPdsc:90 - Found 33 items
2025-09-12 21:06:00,172 [ERROR] Engine:463 - C:\Users\nguye\.stm32cubemx\thirdparties\pdsc\STMicroelectronics.X-CUBE-BLEMGR.4.1.0.pdsc: PDSC version is not supported
2025-09-12 21:06:00,172 [INFO] DbBoardsPdsc:90 - Found 1 items
2025-09-12 21:06:00,178 [INFO] DbBoardsPdsc:90 - Found 48 items
2025-09-12 21:06:00,184 [WARN] ConditionMgr:437 - getConditionDescription Invalid condition id : UX DEVICE CLASS RTOS Condition cause : null
2025-09-12 21:06:00,184 [WARN] ConditionMgr:437 - getConditionDescription Invalid condition id : UX DEVICE CLASS RTOS Condition cause : null
2025-09-12 21:06:00,184 [INFO] DbBoardsPdsc:90 - Found 43 items
2025-09-12 21:06:00,186 [INFO] DbBoardsPdsc:90 - Found 2 items
2025-09-12 21:06:00,187 [WARN] PackLoader:238 - Cannot read IP mode file for STMicroelectronics.X-CUBE-AZRTOS-WB.2.0.0
2025-09-12 21:06:00,187 [WARN] ConditionMgr:1038 - genDependencies : Invalid condition id : UX DEVICE CLASS RTOS Condition cause : null
2025-09-12 21:06:00,187 [WARN] ConditionMgr:1038 - genDependencies : Invalid condition id : UX DEVICE CLASS RTOS Condition cause : null
2025-09-12 21:06:00,189 [INFO] DbBoardsPdsc:90 - Found 5 items
2025-09-12 21:06:00,189 [WARN] ConditionMgr:1038 - genDependencies : Invalid condition id : UX DEVICE CLASS RTOS Condition cause : null
2025-09-12 21:06:00,189 [WARN] ConditionMgr:1038 - genDependencies : Invalid condition id : UX DEVICE CLASS RTOS Condition cause : null
2025-09-12 21:06:00,189 [WARN] ConditionMgr:1038 - genDependencies : Invalid condition id : UX DEVICE CLASS RTOS Condition cause : null
2025-09-12 21:06:00,193 [WARN] DbBoardsPdsc:254 - Board STM32H7B3I-DK: unknown feature type=Audio, name=, username=Audio stereo codec with Headphone Amp (CS42L51-CNZ), n=1
2025-09-12 21:06:00,193 [WARN] DbBoardsPdsc:254 - Board STM32H735G-DK: unknown feature type=Audio, name=, username=Audio stereo codec with Headphone Amp (WM8994ECS/R), n=1
2025-09-12 21:06:00,194 [WARN] DbBoardsPdsc:254 - Board STM32H7B3I-EVAL: unknown feature type=Audio, name=, username=Multi-Channel Audio Codec (CS42L51-CNZ), n=1
2025-09-12 21:06:00,195 [WARN] DbBoardsPdsc:254 - Board STM32H7B3I-EVAL: unknown feature type=Meter, name=, username=Power-metering and Temperature-monitoring with sigma-delta modulators, n=1
2025-09-12 21:06:00,195 [WARN] DbBoardsPdsc:254 - Board STM32H7B3I-EVAL: unknown feature type=Motor, name=, username=Motor Control, n=1
2025-09-12 21:06:00,195 [WARN] PackLoader:238 - Cannot read IP mode file for STMicroelectronics.X-CUBE-GNSS1.7.0.1
2025-09-12 21:06:00,195 [WARN] DbBoardsPdsc:254 - Board STM32U575I-EV: unknown feature type=joystick, name=, username=4-direction joystick with selection button, n=1
2025-09-12 21:06:00,198 [WARN] PackLoader:238 - Cannot read IP mode file for STMicroelectronics.X-CUBE-TOUCHGFX.4.25.0
2025-09-12 21:06:00,200 [ERROR] Engine:463 - C:\Users\nguye\.stm32cubemx\thirdparties\pdsc\quantropi.X-CUBE-qispace-sdk-base.2.1.0.pdsc: PDSC version is not supported
2025-09-12 21:06:00,207 [WARN] PackLoader:238 - Cannot read IP mode file for STMicroelectronics.X-CUBE-SUBG2.5.0.0
2025-09-12 21:06:00,210 [INFO] DbBoardsJson:86 - JSON generation date=Tue Nov 16 23:17:54 ICT 2021 (1637079474)
2025-09-12 21:06:00,216 [INFO] DbBoards:117 - Found 167 boards (163 are supported by CubeMX)
2025-09-12 21:06:00,217 [INFO] DbBoardsDocs:143 - JSON generation date=Tue Nov 16 23:17:54 ICT 2021 (1637079474)
2025-09-12 21:06:00,220 [INFO] DbBoardsDocs:79 - Found 209 boards documents
2025-09-12 21:06:00,220 [WARN] DbBoards:127 - board B-L475E-IOT01A2 has no document id list !
2025-09-12 21:06:00,221 [WARN] DbBoards:127 - board NUCLEO-H743ZI has no document id list !
2025-09-12 21:06:00,222 [WARN] DbBoards:127 - board NUCLEO-WL55JC2 has no document id list !
2025-09-12 21:06:00,222 [WARN] DbBoards:127 - board P-NUCLEO-WB55-Nucleo has no document id list !
2025-09-12 21:06:00,222 [WARN] DbBoards:127 - board P-NUCLEO-WB55-USBDongle has no document id list !
2025-09-12 21:06:00,222 [WARN] DbBoards:127 - board STEVAL-BFA001V1B has no document id list !
2025-09-12 21:06:00,222 [WARN] DbBoards:127 - board STEVAL-BFA001V2B has no document id list !
2025-09-12 21:06:00,222 [WARN] DbBoards:127 - board STEVAL-IDP005V1 has no document id list !
2025-09-12 21:06:00,222 [WARN] DbBoards:127 - board STEVAL-IDP005V2 has no document id list !
2025-09-12 21:06:00,222 [WARN] DbBoards:127 - board STEVAL-MKSBOX1V1 has no document id list !
2025-09-12 21:06:00,222 [WARN] DbBoards:127 - board STEVAL-STWINKT1 has no document id list !
2025-09-12 21:06:00,223 [WARN] DbBoards:127 - board STEVAL-STWINKT1B has no document id list !
2025-09-12 21:06:00,223 [WARN] DbBoards:127 - board STM32439I-EVAL2 has no document id list !
2025-09-12 21:06:00,223 [WARN] DbBoards:127 - board STM32F401C-DISCO has no document id list !
2025-09-12 21:06:00,224 [WARN] DbBoards:127 - board STM32F769I-DISC1 has no document id list !
2025-09-12 21:06:00,225 [WARN] DbBoards:127 - board STM32G474E-EVAL1 has no document id list !
2025-09-12 21:06:00,225 [WARN] DbBoards:127 - board STM32H743I-EVAL2 has no document id list !
2025-09-12 21:06:00,225 [WARN] DbBoards:127 - board STM32H747I-DISC1 has no document id list !
2025-09-12 21:06:00,225 [WARN] DbBoards:127 - board STM32H753I-EVAL2 has no document id list !
2025-09-12 21:06:00,225 [WARN] DbBoards:127 - board STM32L-DISCOVERY has no document id list !
2025-09-12 21:06:00,233 [WARN] PackLoader:238 - Cannot read IP mode file for STMicroelectronics.X-CUBE-AZRTOS-H7RS.1.1.0
2025-09-12 21:06:00,237 [ERROR] Engine:463 - C:\Users\nguye\.stm32cubemx\thirdparties\pdsc\Cesanta.I-CUBE-Mongoose.7.13.0.pdsc: PDSC version is not supported
2025-09-12 21:06:00,252 [WARN] PackLoader:238 - Cannot read IP mode file for STMicroelectronics.X-CUBE-AZRTOS-G4.2.0.0
2025-09-12 21:06:00,258 [WARN] PackLoader:238 - Cannot read IP mode file for wolfSSL.I-CUBE-wolfSSH.1.4.20
2025-09-12 21:06:00,262 [WARN] PackLoader:238 - Cannot read IP mode file for STMicroelectronics.X-CUBE-NFC7.2.0.0
2025-09-12 21:06:00,267 [ERROR] Engine:463 - C:\Users\nguye\.stm32cubemx\thirdparties\pdsc\STMicroelectronics.X-CUBE-IPS.3.1.0.pdsc: PDSC version is not supported
2025-09-12 21:06:00,268 [ERROR] Engine:463 - C:\Users\nguye\.stm32cubemx\thirdparties\pdsc\STMicroelectronics.X-CUBE-ALS.1.0.2.pdsc: PDSC version is not supported
2025-09-12 21:06:00,272 [WARN] PackLoader:238 - Cannot read IP mode file for STMicroelectronics.X-CUBE-STSE01.1.0.0
2025-09-12 21:06:00,278 [ERROR] Engine:463 - C:\Users\nguye\.stm32cubemx\thirdparties\pdsc\STMicroelectronics.X-CUBE-TOF1.3.4.3.pdsc: PDSC version is not supported
2025-09-12 21:06:00,279 [INFO] ThirdParty:915 - Integrity check success = true
2025-09-12 21:06:00,279 [INFO] IntegrityCheckThread:94 - exiting critical section [integrity check]
2025-09-12 21:06:00,279 [INFO] IntegrityCheckThread:97 - End integrity checks thread
2025-09-12 21:06:00,338 [ERROR] DbBoards:189 - Image file not found for board B-U585I-IOT02A: C:\ST\STM32CubeIDE_1.7.0\STM32CubeIDE\plugins\com.st.stm32cube.common.mx_6.3.0.202107141111\\db\/plugins/mcufinder/images/boards/B-U585I-IOT02A_small.jpg
2025-09-12 21:06:00,447 [ERROR] DbBoards:189 - Image file not found for board NUCLEO-F413ZH: C:\ST\STM32CubeIDE_1.7.0\STM32CubeIDE\plugins\com.st.stm32cube.common.mx_6.3.0.202107141111\\db\/plugins/mcufinder/images/boards/nucleo-f413zh_small.jpg
2025-09-12 21:06:00,621 [ERROR] DbBoards:189 - Image file not found for board NUCLEO-L552ZE-Q: C:\ST\STM32CubeIDE_1.7.0\STM32CubeIDE\plugins\com.st.stm32cube.common.mx_6.3.0.202107141111\\db\/plugins/mcufinder/images/boards/nucleo_l552ze_q_small.jpg
2025-09-12 21:06:00,621 [ERROR] DbBoards:189 - Image file not found for board NUCLEO-U575ZI-Q: C:\ST\STM32CubeIDE_1.7.0\STM32CubeIDE\plugins\com.st.stm32cube.common.mx_6.3.0.202107141111\\db\/plugins/mcufinder/images/boards/nucleo-u575zi-q_small.jpg
2025-09-12 21:06:00,621 [ERROR] DbBoards:189 - Image file not found for board NUCLEO-WB15CC: C:\ST\STM32CubeIDE_1.7.0\STM32CubeIDE\plugins\com.st.stm32cube.common.mx_6.3.0.202107141111\\db\/plugins/mcufinder/images/boards/nucleo-wb15cc_small.jpg
2025-09-12 21:06:00,621 [ERROR] DbBoards:189 - Image file not found for board NUCLEO-WB55RG: C:\ST\STM32CubeIDE_1.7.0\STM32CubeIDE\plugins\com.st.stm32cube.common.mx_6.3.0.202107141111\\db\/plugins/mcufinder/images/boards/nucleo-wb55rg_small.jpg
2025-09-12 21:06:01,626 [INFO] ApiDb:251 - Load user favorites file C:\Users\nguye/.stm32cubeide/favorites.boards.txt: 0 item(s)
2025-09-12 21:06:01,626 [INFO] ApiDb:255 - User favorites Boards=[]
2025-09-12 21:06:01,627 [INFO] DbBoards:206 - Set 0 / 0 favorites Boards
2025-09-12 21:06:15,255 [INFO] DbMcusDocs:143 - JSON generation date=Tue Nov 16 23:17:54 ICT 2021 (1637079474)
2025-09-12 21:06:15,477 [INFO] DbMcusDocs:79 - Found 682 MCUs documents
2025-09-12 21:06:28,277 [INFO] MainUpdater:2671 - connection check result : 10
2025-09-12 21:06:28,278 [INFO] MainUpdater:2671 - connection check result : 10
2025-09-12 21:06:28,309 [INFO] MicroXplorer:448 - Change Database Path : 
2025-09-12 21:06:28,309 [INFO] MicroXplorer:478 - Change Database Version : DB.6.0.30
2025-09-12 21:06:28,310 [WARN] ThirdParty:813 - waiting for thirdparty lock release [close project]
2025-09-12 21:06:28,310 [INFO] ThirdParty:815 - entering critical section [close project]
2025-09-12 21:06:28,310 [INFO] ThirdParty:825 - exiting critical section [close project]
2025-09-12 21:06:28,313 [INFO] PinOutPanel:1463 - setPackage(No Configuration,No Configuration)
2025-09-12 21:06:28,313 [INFO] UtilMem:74 - Begin LoadConfig() Used Memory: 307749152 Bytes (542113792)
2025-09-12 21:06:28,314 [INFO] MicroXplorer:448 - Change Database Path : 
2025-09-12 21:06:28,315 [INFO] MicroXplorer:478 - Change Database Version : DB.6.0.30
2025-09-12 21:06:28,315 [INFO] OpenFileManager:313 - Change cursor
2025-09-12 21:06:28,911 [INFO] Context:592 - Trying to add GPIOservice into a context  which must be forbidden
2025-09-12 21:06:29,081 [INFO] ImportTextPane:167 - (OptionalMessage_ERROR) Unable to find key (Mcu.ThirdPartyNb) in loaded IOC file
2025-09-12 21:06:29,082 [INFO] ImportTextPane:167 - (OptionalMessage_ERROR) Unable to find key (Mcu.PinsNb) in loaded IOC file
2025-09-12 21:06:29,082 [INFO] ImportTextPane:167 - (OptionalMessage_ERROR) Unable to find key (Mcu.IPNb) in loaded IOC file
2025-09-12 21:06:29,122 [WARN] ApiManager:304 - Cannot register API 'Board Extension:PM33A1' from pack STMicroelectronics.X-CUBE-PM33A1.1.0.0: no header file found
2025-09-12 21:06:29,125 [WARN] ApiManager:304 - Cannot register API 'Board Extension:NFC09A1' from pack STMicroelectronics.X-CUBE-NFC9.1.0.0: no header file found
2025-09-12 21:06:29,129 [WARN] ApiManager:304 - Cannot register API 'Wireless:BlueNRG-MS' from pack STMicroelectronics.X-CUBE-BLE1.7.1.0: no header file found
2025-09-12 21:06:29,132 [WARN] ApiManager:304 - Cannot register API 'Board Extension:EEPRMA2' from pack STMicroelectronics.X-CUBE-EEPRMA1.5.2.0: no header file found
2025-09-12 21:06:29,133 [WARN] ApiManager:304 - Cannot register API 'Board Extension:PGEEZ1' from pack STMicroelectronics.X-CUBE-EEPRMA1.5.2.0: no header file found
2025-09-12 21:06:29,133 [WARN] ApiManager:304 - Cannot register API 'Board Extension:EEICA1' from pack STMicroelectronics.X-CUBE-EEPRMA1.5.2.0: no header file found
2025-09-12 21:06:29,133 [WARN] ApiManager:304 - Cannot register API 'Board Part:M24' from pack STMicroelectronics.X-CUBE-EEPRMA1.5.2.0: no header file found
2025-09-12 21:06:29,133 [WARN] ApiManager:304 - Cannot register API 'Board Part:M95' from pack STMicroelectronics.X-CUBE-EEPRMA1.5.2.0: no header file found
2025-09-12 21:06:29,133 [WARN] ApiManager:304 - Cannot register API 'Board Part:M95P32' from pack STMicroelectronics.X-CUBE-EEPRMA1.5.2.0: no header file found
2025-09-12 21:06:29,133 [WARN] ApiManager:304 - Cannot register API 'Board Part:M24256E-F' from pack STMicroelectronics.X-CUBE-EEPRMA1.5.2.0: no header file found
2025-09-12 21:06:29,133 [WARN] ApiManager:304 - Cannot register API 'Board Part:M24M01E-F' from pack STMicroelectronics.X-CUBE-EEPRMA1.5.2.0: no header file found
2025-09-12 21:06:29,133 [WARN] ApiManager:304 - Cannot register API 'PGEEZ1:SPI' from pack STMicroelectronics.X-CUBE-EEPRMA1.5.2.0: no header file found
2025-09-12 21:06:29,133 [WARN] ApiManager:304 - Cannot register API 'PGEEZ1:QDSPI' from pack STMicroelectronics.X-CUBE-EEPRMA1.5.2.0: no header file found
2025-09-12 21:06:29,136 [WARN] ApiManager:304 - Cannot register API 'Board Extension:GNSS1A1' from pack STMicroelectronics.X-CUBE-GNSS1.7.0.1: no header file found
2025-09-12 21:06:29,136 [WARN] ApiManager:304 - Cannot register API 'Board Support:Custom' from pack STMicroelectronics.X-CUBE-GNSS1.7.0.1: no header file found
2025-09-12 21:06:29,136 [WARN] ApiManager:304 - Cannot register API 'Data Exchange:lib_gnss' from pack STMicroelectronics.X-CUBE-GNSS1.7.0.1: no header file found
2025-09-12 21:06:29,138 [WARN] ApiManager:304 - Cannot register API 'Board Extension:NFC12A1' from pack STMicroelectronics.X-CUBE-NFC12.1.0.0: no header file found
2025-09-12 21:06:29,152 [WARN] ApiManager:304 - Cannot register API 'Board Extension:NFC06A1' from pack STMicroelectronics.X-CUBE-NFC6.3.1.0: no header file found
2025-09-12 21:06:29,152 [WARN] ApiManager:304 - Cannot register API 'Board Extension:NFC08A1' from pack STMicroelectronics.X-CUBE-NFC6.3.1.0: no header file found
2025-09-12 21:06:29,154 [INFO] RtosManager:484 - Registered RTOS mode: class=CMSIS, group=RTOS, mode=CMSIS_V1, owner=FREERTOS
2025-09-12 21:06:29,160 [INFO] RtosManager:484 - Registered RTOS mode: class=CMSIS, group=RTOS2, mode=CMSIS_V2, owner=FREERTOS
2025-09-12 21:06:29,160 [INFO] RtosManager:484 - Registered RTOS mode: class=RTOS, group=Core, mode=CMSIS_V1, owner=FREERTOS
2025-09-12 21:06:29,161 [INFO] RtosManager:484 - Registered RTOS mode: class=RTOS, group=Core, mode=CMSIS_V2, owner=FREERTOS
2025-09-12 21:06:29,161 [WARN] ModelIntegratedComponent:181 - Missing modes for component STMicroelectronics:FreeRTOS:0.0.1:STMicroelectronics:RTOS:FreeRTOS:Core:::10.2.0:
2025-09-12 21:06:29,164 [WARN] ApiManager:304 - Cannot register API 'Board Extension:STSAFEA1' from pack STMicroelectronics.X-CUBE-SAFEA1.1.2.2: no header file found
2025-09-12 21:06:29,165 [WARN] ApiManager:304 - Cannot register API 'Board Part:STSAFEA110' from pack STMicroelectronics.X-CUBE-SAFEA1.1.2.2: no header file found
2025-09-12 21:06:29,165 [WARN] ApiManager:304 - Cannot register API 'Security:ST_Cryptolib' from pack STMicroelectronics.X-CUBE-SAFEA1.1.2.2: no header file found
2025-09-12 21:06:29,165 [WARN] ApiManager:304 - Cannot register API 'Security:MbedTLS' from pack STMicroelectronics.X-CUBE-SAFEA1.1.2.2: no header file found
2025-09-12 21:06:29,166 [WARN] ApiManager:304 - Cannot register API 'Board Extension:NFC04A1' from pack STMicroelectronics.X-CUBE-NFC4.3.0.0: no header file found
2025-09-12 21:06:29,173 [WARN] ApiManager:304 - Cannot register API 'Board Extension:S2868A1' from pack STMicroelectronics.X-CUBE-SUBG2.5.0.0: no header file found
2025-09-12 21:06:29,173 [WARN] ApiManager:304 - Cannot register API 'Board Extension:S2868A2' from pack STMicroelectronics.X-CUBE-SUBG2.5.0.0: no header file found
2025-09-12 21:06:29,173 [WARN] ApiManager:304 - Cannot register API 'Board Extension:S2915A1' from pack STMicroelectronics.X-CUBE-SUBG2.5.0.0: no header file found
2025-09-12 21:06:29,177 [WARN] ApiManager:304 - Cannot register API 'Wireless:STM32WB05N' from pack STMicroelectronics.X-CUBE-WB05N.2.0.0: no header file found
2025-09-12 21:06:29,180 [WARN] ApiManager:304 - Cannot register API 'Board Extension:NFC07A1' from pack STMicroelectronics.X-CUBE-NFC7.2.0.0: no header file found
2025-09-12 21:06:29,181 [WARN] ApiManager:304 - Cannot register API 'Board Extension:NFC10A1' from pack STMicroelectronics.X-CUBE-NFC10.1.0.0: no header file found
2025-09-12 21:06:29,183 [WARN] ModelIntegratedComponent:60 - No mode defined for component null
2025-09-12 21:06:29,183 [WARN] ModelIntegratedComponent:60 - No mode defined for component null
2025-09-12 21:06:29,183 [WARN] ModelIntegratedComponent:60 - No mode defined for component null
2025-09-12 21:06:29,183 [WARN] ModelIntegratedComponent:60 - No mode defined for component null
2025-09-12 21:06:29,183 [WARN] ModelIntegratedComponent:60 - No mode defined for component null
2025-09-12 21:06:29,183 [WARN] ModelIntegratedComponent:60 - No mode defined for component null
2025-09-12 21:06:29,184 [WARN] ModelIntegratedComponent:60 - No mode defined for component null
2025-09-12 21:06:29,184 [WARN] ModelIntegratedComponent:60 - No mode defined for component null
2025-09-12 21:06:29,184 [WARN] ModelIntegratedComponent:60 - No mode defined for component null
2025-09-12 21:06:29,184 [WARN] ModelIntegratedComponent:60 - No mode defined for component null
2025-09-12 21:06:29,184 [WARN] ModelIntegratedComponent:60 - No mode defined for component null
2025-09-12 21:06:29,184 [WARN] ModelIntegratedComponent:60 - No mode defined for component null
2025-09-12 21:06:29,184 [WARN] ModelIntegratedComponent:60 - No mode defined for component null
2025-09-12 21:06:29,184 [WARN] ModelIntegratedComponent:60 - No mode defined for component null
2025-09-12 21:06:29,184 [WARN] ModelIntegratedComponent:60 - No mode defined for component null
2025-09-12 21:06:29,184 [WARN] ModelIntegratedComponent:60 - No mode defined for component null
2025-09-12 21:06:29,184 [WARN] ModelIntegratedComponent:60 - No mode defined for component null
2025-09-12 21:06:29,184 [WARN] ModelIntegratedComponent:60 - No mode defined for component null
2025-09-12 21:06:29,184 [WARN] ModelIntegratedComponent:60 - No mode defined for component null
2025-09-12 21:06:29,184 [WARN] ModelIntegratedComponent:60 - No mode defined for component null
2025-09-12 21:06:29,184 [WARN] ModelIntegratedComponent:60 - No mode defined for component null
2025-09-12 21:06:29,185 [WARN] ModelIntegratedComponent:60 - No mode defined for component null
2025-09-12 21:06:29,185 [WARN] ModelIntegratedComponent:60 - No mode defined for component null
2025-09-12 21:06:29,185 [WARN] ModelIntegratedComponent:60 - No mode defined for component null
2025-09-12 21:06:29,185 [WARN] ModelIntegratedComponent:60 - No mode defined for component null
2025-09-12 21:06:29,185 [WARN] ModelIntegratedComponent:60 - No mode defined for component null
2025-09-12 21:06:29,185 [WARN] ModelIntegratedComponent:60 - No mode defined for component null
2025-09-12 21:06:29,185 [WARN] ModelIntegratedComponent:60 - No mode defined for component null
2025-09-12 21:06:29,185 [WARN] ModelIntegratedComponent:60 - No mode defined for component null
2025-09-12 21:06:29,185 [WARN] ModelIntegratedComponent:60 - No mode defined for component null
2025-09-12 21:06:29,185 [WARN] ModelIntegratedComponent:60 - No mode defined for component null
2025-09-12 21:06:29,187 [WARN] ApiManager:304 - Cannot register API 'Board Extension:SAFEA1' from pack STMicroelectronics.X-CUBE-STSE01.1.0.0: no header file found
2025-09-12 21:06:29,187 [WARN] ApiManager:304 - Cannot register API 'Board Extension:ESE01A1' from pack STMicroelectronics.X-CUBE-STSE01.1.0.0: no header file found
2025-09-12 21:06:29,187 [WARN] ApiManager:304 - Cannot register API 'Board Part:STSAFEA110' from pack STMicroelectronics.X-CUBE-STSE01.1.0.0: no header file found
2025-09-12 21:06:29,188 [WARN] ApiManager:304 - Cannot register API 'Board Part:STSAFEA120' from pack STMicroelectronics.X-CUBE-STSE01.1.0.0: no header file found
2025-09-12 21:06:29,188 [WARN] ApiManager:304 - Cannot register API 'Security:STM32_Cryptographic' from pack STMicroelectronics.X-CUBE-STSE01.1.0.0: no header file found
2025-09-12 21:06:29,188 [WARN] ApiManager:304 - Cannot register API 'Security:STSELib' from pack STMicroelectronics.X-CUBE-STSE01.1.0.0: no header file found
2025-09-12 21:06:29,501 [WARN] ApiManager:304 - Cannot register API 'Board Extension:IKS01A3' from pack STMicroelectronics.X-CUBE-MEMS1.11.3.0: no header file found
2025-09-12 21:06:29,501 [WARN] ApiManager:304 - Cannot register API 'Board Extension:IKS02A1' from pack STMicroelectronics.X-CUBE-MEMS1.11.3.0: no header file found
2025-09-12 21:06:29,502 [WARN] ApiManager:304 - Cannot register API 'Board Extension:IKS4A1' from pack STMicroelectronics.X-CUBE-MEMS1.11.3.0: no header file found
2025-09-12 21:06:29,513 [WARN] ApiManager:304 - Cannot register API 'Board Extension:S2868A1' from pack STMicroelectronics.X-CUBE-SFXS2LP1.4.0.0: no header file found
2025-09-12 21:06:29,514 [WARN] ApiManager:304 - Cannot register API 'Board Extension:S2868A2' from pack STMicroelectronics.X-CUBE-SFXS2LP1.4.0.0: no header file found
2025-09-12 21:06:29,514 [WARN] ApiManager:304 - Cannot register API 'Board Extension:S2915A1' from pack STMicroelectronics.X-CUBE-SFXS2LP1.4.0.0: no header file found
2025-09-12 21:06:29,515 [WARN] ApiManager:304 - Cannot register API 'Wireless:BlueNRG-2' from pack STMicroelectronics.X-CUBE-BLE2.3.3.0: no header file found
2025-09-12 21:06:31,870 [INFO] UtilMem:74 - End LoadConfig() Used Memory: 374270360 Bytes (542113792)
2025-09-12 21:06:31,872 [WARN] ThirdParty:779 - waiting for thirdparty lock release [change project]
2025-09-12 21:06:31,872 [INFO] ThirdParty:781 - entering critical section [change project]
2025-09-12 21:06:31,872 [INFO] ThirdParty:967 - CMSIS Pack Vendor :STMicroelectronics X-CUBE-PM33A1 1.0.0
2025-09-12 21:06:31,872 [INFO] ThirdParty:967 - CMSIS Pack Vendor :STMicroelectronics X-CUBE-NFC9 1.0.0
2025-09-12 21:06:31,872 [INFO] ThirdParty:967 - CMSIS Pack Vendor :STMicroelectronics USB_HOST 2.0.0
2025-09-12 21:06:31,873 [INFO] ThirdParty:967 - CMSIS Pack Vendor :STMicroelectronics X-CUBE-AZRTOS-F4 1.1.0
2025-09-12 21:06:31,873 [INFO] ThirdParty:967 - CMSIS Pack Vendor :STMicroelectronics FP-ATR-ASTRA1 2.0.2
2025-09-12 21:06:31,873 [INFO] ThirdParty:967 - CMSIS Pack Vendor :wolfSSL I-CUBE-wolfSSL 5.8.2
2025-09-12 21:06:31,873 [INFO] ThirdParty:967 - CMSIS Pack Vendor :STMicroelectronics X-CUBE-BLE1 7.1.0
2025-09-12 21:06:31,873 [INFO] ThirdParty:967 - CMSIS Pack Vendor :wolfSSL I-CUBE-wolfMQTT 1.19.2
2025-09-12 21:06:31,873 [INFO] ThirdParty:967 - CMSIS Pack Vendor :STMicroelectronics USB_DEVICE 3.0.0
2025-09-12 21:06:31,873 [INFO] ThirdParty:967 - CMSIS Pack Vendor :STMicroelectronics X-CUBE-ISPU 2.1.0
2025-09-12 21:06:31,873 [INFO] ThirdParty:967 - CMSIS Pack Vendor :STMicroelectronics X-CUBE-EEPRMA1 5.2.0
2025-09-12 21:06:31,873 [INFO] ThirdParty:967 - CMSIS Pack Vendor :STMicroelectronics X-CUBE-AZRTOS-WB 2.0.0
2025-09-12 21:06:31,873 [INFO] ThirdParty:967 - CMSIS Pack Vendor :STMicroelectronics X-CUBE-GNSS1 7.0.1
2025-09-12 21:06:31,873 [INFO] ThirdParty:967 - CMSIS Pack Vendor :STMicroelectronics X-CUBE-NFC12 1.0.0
2025-09-12 21:06:31,873 [INFO] ThirdParty:967 - CMSIS Pack Vendor :STMicroelectronics X-CUBE-AZRTOS-F7 1.1.0
2025-09-12 21:06:31,873 [INFO] ThirdParty:967 - CMSIS Pack Vendor :STMicroelectronics X-CUBE-AZRTOS-L5 2.0.0
2025-09-12 21:06:31,873 [INFO] ThirdParty:967 - CMSIS Pack Vendor :STMicroelectronics X-CUBE-TOUCHGFX 4.25.0
2025-09-12 21:06:31,873 [INFO] ThirdParty:967 - CMSIS Pack Vendor :STMicroelectronics USB_DEVICE 2.0.0
2025-09-12 21:06:31,873 [INFO] ThirdParty:967 - CMSIS Pack Vendor :STMicroelectronics X-CUBE-NFC6 3.1.0
2025-09-12 21:06:31,873 [INFO] ThirdParty:967 - CMSIS Pack Vendor :STMicroelectronics FreeRTOS 0.0.1
2025-09-12 21:06:31,873 [INFO] ThirdParty:967 - CMSIS Pack Vendor :STMicroelectronics X-CUBE-AZRTOS-G0 1.1.0
2025-09-12 21:06:31,873 [INFO] ThirdParty:967 - CMSIS Pack Vendor :STMicroelectronics X-CUBE-SAFEA1 1.2.2
2025-09-12 21:06:31,874 [INFO] ThirdParty:967 - CMSIS Pack Vendor :STMicroelectronics X-CUBE-NFC4 3.0.0
2025-09-12 21:06:31,874 [INFO] ThirdParty:967 - CMSIS Pack Vendor :STMicroelectronics X-CUBE-SUBG2 5.0.0
2025-09-12 21:06:31,874 [INFO] ThirdParty:967 - CMSIS Pack Vendor :STMicroelectronics X-CUBE-AZRTOS-H7RS 1.1.0
2025-09-12 21:06:31,874 [INFO] ThirdParty:967 - CMSIS Pack Vendor :STMicroelectronics lwIP 2.0.3
2025-09-12 21:06:31,874 [INFO] ThirdParty:967 - CMSIS Pack Vendor :STMicroelectronics USB_HOST 1.0.0
2025-09-12 21:06:31,874 [INFO] ThirdParty:967 - CMSIS Pack Vendor :STMicroelectronics X-CUBE-AZRTOS-G4 2.0.0
2025-09-12 21:06:31,874 [INFO] ThirdParty:967 - CMSIS Pack Vendor :STMicroelectronics X-CUBE-WB05N 2.0.0
2025-09-12 21:06:31,874 [INFO] ThirdParty:967 - CMSIS Pack Vendor :STMicroelectronics PDM2PCM 3.1.0
2025-09-12 21:06:31,874 [INFO] ThirdParty:967 - CMSIS Pack Vendor :STMicroelectronics PDM2PCM 3.3.0
2025-09-12 21:06:31,874 [INFO] ThirdParty:967 - CMSIS Pack Vendor :wolfSSL I-CUBE-wolfTPM 3.8.0
2025-09-12 21:06:31,874 [INFO] ThirdParty:967 - CMSIS Pack Vendor :STMicroelectronics X-CUBE-AZRTOS-H7 3.4.0
2025-09-12 21:06:31,874 [INFO] ThirdParty:967 - CMSIS Pack Vendor :wolfSSL I-CUBE-wolfSSH 1.4.20
2025-09-12 21:06:31,874 [INFO] ThirdParty:967 - CMSIS Pack Vendor :STMicroelectronics X-CUBE-NFC7 2.0.0
2025-09-12 21:06:31,874 [INFO] ThirdParty:967 - CMSIS Pack Vendor :STMicroelectronics FP-ATR-SIGFOX1 3.2.0
2025-09-12 21:06:31,874 [INFO] ThirdParty:967 - CMSIS Pack Vendor :STMicroelectronics X-CUBE-NFC10 1.0.0
2025-09-12 21:06:31,874 [INFO] ThirdParty:967 - CMSIS Pack Vendor :STMicroelectronics HAL Drivers 0.0.0
2025-09-12 21:06:31,874 [INFO] ThirdParty:967 - CMSIS Pack Vendor :STMicroelectronics MBEDTLS 2.16.2
2025-09-12 21:06:31,874 [INFO] ThirdParty:967 - CMSIS Pack Vendor :STMicroelectronics MBEDTLS 2.14.1
2025-09-12 21:06:31,874 [INFO] ThirdParty:967 - CMSIS Pack Vendor :STMicroelectronics X-CUBE-STSE01 1.0.0
2025-09-12 21:06:31,874 [INFO] ThirdParty:967 - CMSIS Pack Vendor :STMicroelectronics X-CUBE-AI 10.2.0
2025-09-12 21:06:31,875 [INFO] ThirdParty:967 - CMSIS Pack Vendor :STMicroelectronics X-CUBE-AZRTOS-WL 2.0.0
2025-09-12 21:06:31,875 [INFO] ThirdParty:967 - CMSIS Pack Vendor :SEGGER I-CUBE-embOS 1.3.1
2025-09-12 21:06:31,875 [INFO] ThirdParty:967 - CMSIS Pack Vendor :STMicroelectronics X-CUBE-ALGOBUILD 1.4.0
2025-09-12 21:06:31,875 [INFO] ThirdParty:967 - CMSIS Pack Vendor :STMicroelectronics X-CUBE-MEMS1 11.3.0
2025-09-12 21:06:31,875 [INFO] ThirdParty:967 - CMSIS Pack Vendor :STMicroelectronics USB_DEVICE 1.0.0
2025-09-12 21:06:31,875 [INFO] ThirdParty:967 - CMSIS Pack Vendor :STMicroelectronics X-CUBE-AZRTOS-L4 2.0.0
2025-09-12 21:06:31,875 [INFO] ThirdParty:967 - CMSIS Pack Vendor :STMicroelectronics ThreadX 0.0.2
2025-09-12 21:06:31,875 [INFO] ThirdParty:967 - CMSIS Pack Vendor :STMicroelectronics lwIP 2.1.2
2025-09-12 21:06:31,875 [INFO] ThirdParty:967 - CMSIS Pack Vendor :STMicroelectronics X-CUBE-SFXS2LP1 4.0.0
2025-09-12 21:06:31,875 [INFO] ThirdParty:967 - CMSIS Pack Vendor :STMicroelectronics X-CUBE-BLE2 3.3.0
2025-09-12 21:06:31,875 [INFO] ThirdParty:967 - CMSIS Pack Vendor :STMicroelectronics PDM2PCM 3.2.0
2025-09-12 21:06:31,875 [INFO] ThirdParty:787 - exiting critical section [change project]
2025-09-12 21:06:32,173 [INFO] PinOutPanel:1463 - setPackage(No Configuration,No Configuration)
2025-09-12 21:06:32,174 [INFO] PinOutPanel:1463 - setPackage(STM32F103C6Ux,UFQFPN48)
2025-09-12 21:06:32,659 [INFO] UtilMem:74 - Before build in PCC Used Memory: 336987704 Bytes (542113792)
2025-09-12 21:06:33,273 [INFO] UtilMem:74 - After build in PCC Used Memory: 406063488 Bytes (542113792)
2025-09-12 21:06:33,292 [INFO] IPUIPlugin:74 - create IPUIPlugin
2025-09-12 21:06:33,292 [INFO] IPUIPlugin:74 - create IPUIPlugin
2025-09-12 21:06:33,293 [INFO] IPUIPlugin:74 - create IPUIPlugin
2025-09-12 21:06:33,293 [INFO] IPUIPlugin:74 - create IPUIPlugin
2025-09-12 21:06:33,293 [INFO] IPUIPlugin:74 - create IPUIPlugin
2025-09-12 21:06:33,293 [INFO] IPUIPlugin:74 - create IPUIPlugin
2025-09-12 21:06:33,293 [INFO] IPUIPlugin:74 - create IPUIPlugin
2025-09-12 21:06:33,293 [INFO] IPUIPlugin:74 - create IPUIPlugin
2025-09-12 21:06:33,293 [INFO] IPUIPlugin:74 - create IPUIPlugin
2025-09-12 21:06:33,293 [INFO] IPUIPlugin:74 - create IPUIPlugin
2025-09-12 21:06:33,293 [INFO] IPUIPlugin:74 - create IPUIPlugin
2025-09-12 21:06:33,293 [INFO] IPUIPlugin:74 - create IPUIPlugin
2025-09-12 21:06:33,295 [INFO] IPUIPlugin:74 - create IPUIPlugin
2025-09-12 21:06:33,295 [INFO] IPUIPlugin:74 - create IPUIPlugin
2025-09-12 21:06:33,295 [INFO] IPUIPlugin:74 - create IPUIPlugin
2025-09-12 21:06:33,296 [INFO] IPUIPlugin:74 - create IPUIPlugin
2025-09-12 21:06:33,296 [INFO] IPUIPlugin:74 - create IPUIPlugin
2025-09-12 21:06:33,297 [INFO] IPUIPlugin:74 - create IPUIPlugin
2025-09-12 21:06:33,298 [INFO] IPUIPlugin:74 - create IPUIPlugin
2025-09-12 21:06:33,298 [INFO] IPUIPlugin:74 - create IPUIPlugin
2025-09-12 21:06:33,299 [INFO] IPUIPlugin:74 - create IPUIPlugin
2025-09-12 21:06:33,299 [INFO] IPUIPlugin:74 - create IPUIPlugin
2025-09-12 21:06:33,299 [INFO] IPUIPlugin:74 - create IPUIPlugin
2025-09-12 21:06:33,411 [INFO] OpenFileManager:333 - Restore cursor
2025-09-12 21:06:33,611 [INFO] UtilMem:74 - End SaveConfig() Used Memory: 324048840 Bytes (542113792)
2025-09-12 21:06:33,671 [INFO] UtilMem:74 - End SaveConfig() Used Memory: 345217536 Bytes (542113792)
2025-09-12 21:06:34,031 [INFO] BlockDiagram:2740 - set Specific Code input for plugin: NVIC
2025-09-12 21:06:34,031 [INFO] BlockDiagram:2740 - set Specific Code input for plugin: SYS
2025-09-12 21:06:34,031 [INFO] BlockDiagram:2740 - set Specific Code input for plugin: RCC
2025-09-12 21:06:34,032 [INFO] CodeGenerator:663 - code generatio: config db path: C:\ST\STM32CubeIDE_1.7.0\STM32CubeIDE\plugins\com.st.stm32cube.common.mx_6.3.0.202107141111\\db\
2025-09-12 21:06:34,326 [INFO] CodeEngine:239 - oldGeneratedFile, C:\Users\nguye\Desktop\VXL\Ex1\Ex1\MXTmpFiles\license.tmp_save
2025-09-12 21:06:34,806 [INFO] CodeEngine:257 - Generated code: C:\Users\nguye\Desktop\VXL\Ex1\Ex1\MXTmpFiles\license.tmp
2025-09-12 21:06:34,938 [INFO] CodeEngine:239 - oldGeneratedFile, C:\Users\nguye\Desktop\VXL\Ex1\Ex1\Core\Src\stm32f1xx_it.c_save
2025-09-12 21:06:35,082 [INFO] CodeEngine:257 - Generated code: C:\Users\nguye\Desktop\VXL\Ex1\Ex1\Core\Src\stm32f1xx_it.c
2025-09-12 21:06:35,086 [INFO] CodeEngine:239 - oldGeneratedFile, C:\Users\nguye\Desktop\VXL\Ex1\Ex1\Core\Inc\stm32f1xx_it.h_save
2025-09-12 21:06:35,148 [INFO] CodeEngine:257 - Generated code: C:\Users\nguye\Desktop\VXL\Ex1\Ex1\Core\Inc\stm32f1xx_it.h
2025-09-12 21:06:35,158 [INFO] CodeEngine:239 - oldGeneratedFile, C:\Users\nguye\Desktop\VXL\Ex1\Ex1\Core\Src\stm32f1xx_hal_msp.c_save
2025-09-12 21:06:35,286 [INFO] CodeEngine:257 - Generated code: C:\Users\nguye\Desktop\VXL\Ex1\Ex1\Core\Src\stm32f1xx_hal_msp.c
2025-09-12 21:06:35,288 [INFO] CodeEngine:239 - oldGeneratedFile, C:\Users\nguye\Desktop\VXL\Ex1\Ex1\MXTmpFiles\system.tmp_save
2025-09-12 21:06:35,381 [INFO] CodeEngine:257 - Generated code: C:\Users\nguye\Desktop\VXL\Ex1\Ex1\MXTmpFiles\system.tmp
2025-09-12 21:06:35,391 [INFO] CodeEngine:239 - oldGeneratedFile, C:\Users\nguye\Desktop\VXL\Ex1\Ex1\Core\Inc\stm32f1xx_hal_conf.h_save
2025-09-12 21:06:35,547 [INFO] CodeEngine:257 - Generated code: C:\Users\nguye\Desktop\VXL\Ex1\Ex1\Core\Inc\stm32f1xx_hal_conf.h
2025-09-12 21:06:35,603 [INFO] CodeEngine:239 - oldGeneratedFile, C:\Users\nguye\Desktop\VXL\Ex1\Ex1\Core\Inc\main.h_save
2025-09-12 21:06:35,711 [INFO] CodeEngine:257 - Generated code: C:\Users\nguye\Desktop\VXL\Ex1\Ex1\Core\Inc\main.h
2025-09-12 21:06:35,714 [INFO] CodeEngine:239 - oldGeneratedFile, C:\Users\nguye\Desktop\VXL\Ex1\Ex1\Core\Src\main.c_save
2025-09-12 21:06:35,872 [INFO] CodeEngine:257 - Generated code: C:\Users\nguye\Desktop\VXL\Ex1\Ex1\Core\Src\main.c
2025-09-12 21:06:36,962 [INFO] ProjectBuilder:2578 - Time for Copy HAL[1] : 80mS.
2025-09-12 21:06:36,968 [INFO] ProjectBuilder:3622 - Project Generator version: 3.14.1
2025-09-12 21:06:37,675 [INFO] ConfigFileManager:1271 - The Die is : DIE412
2025-09-12 21:06:37,689 [INFO] ApiDbMcu:468 - Load IP Config File for FATFS
2025-09-12 21:06:37,720 [INFO] ApiDbMcu:468 - Load IP Config File for FREERTOS
2025-09-12 21:06:37,777 [INFO] ApiDbMcu:468 - Load IP Config File for USB_DEVICE
2025-09-12 21:06:44,069 [INFO] ProjectBuilder:3789 - Time for Generating toolchain IDE Files: 7101mS.
2025-09-12 21:06:44,070 [INFO] ProjectBuilder:2457 - Time for Copy CMSIS : 1mS.
2025-09-12 21:06:44,074 [INFO] ProjectBuilder:2457 - Time for Copy CMSIS : 0mS.
2025-09-12 21:06:45,017 [INFO] McuFinderGlobals:52 - Set McuFinderConnectedMode to true
2025-09-12 21:06:45,021 [INFO] ApiDb:276 - Save user favorites file C:\Users\nguye/.stm32cubeide/favorites.mcus.txt: 0 item(s)
2025-09-12 21:06:45,021 [INFO] ApiDb:280 - User favorites MCUs=[]
2025-09-12 21:14:38,856 [INFO] UtilMem:74 - End SaveConfig() Used Memory: 931285880 Bytes (1073741824)
2025-09-12 21:14:40,970 [INFO] UtilMem:74 - End SaveConfig() Used Memory: 831226360 Bytes (1073741824)
2025-09-12 21:14:43,297 [INFO] UtilMem:74 - End SaveConfig() Used Memory: 944677496 Bytes (1073741824)
2025-09-12 21:14:43,611 [INFO] BlockDiagram:2740 - set Specific Code input for plugin: NVIC
2025-09-12 21:14:43,611 [INFO] BlockDiagram:2740 - set Specific Code input for plugin: SYS
2025-09-12 21:14:43,612 [INFO] BlockDiagram:2740 - set Specific Code input for plugin: GPIO
2025-09-12 21:14:43,612 [INFO] BlockDiagram:2740 - set Specific Code input for plugin: RCC
2025-09-12 21:14:43,612 [INFO] CodeGenerator:663 - code generatio: config db path: C:\ST\STM32CubeIDE_1.7.0\STM32CubeIDE\plugins\com.st.stm32cube.common.mx_6.3.0.202107141111\\db\
2025-09-12 21:14:43,889 [INFO] CodeEngine:239 - oldGeneratedFile, C:\Users\nguye\Desktop\VXL\Ex1\Ex1\MXTmpFiles\license.tmp_save
2025-09-12 21:14:43,944 [INFO] CodeEngine:257 - Generated code: C:\Users\nguye\Desktop\VXL\Ex1\Ex1\MXTmpFiles\license.tmp
2025-09-12 21:14:44,007 [INFO] CodeEngine:239 - oldGeneratedFile, C:\Users\nguye\Desktop\VXL\Ex1\Ex1\MXTmpFiles\gpio.tmp_save
2025-09-12 21:14:44,069 [INFO] CodeEngine:257 - Generated code: C:\Users\nguye\Desktop\VXL\Ex1\Ex1\MXTmpFiles\gpio.tmp
2025-09-12 21:14:44,095 [INFO] CodeEngine:239 - oldGeneratedFile, C:\Users\nguye\Desktop\VXL\Ex1\Ex1\Core\Src\stm32f1xx_it.c_save
2025-09-12 21:14:44,162 [INFO] CodeEngine:257 - Generated code: C:\Users\nguye\Desktop\VXL\Ex1\Ex1\Core\Src\stm32f1xx_it.c
2025-09-12 21:14:44,167 [INFO] CodeEngine:239 - oldGeneratedFile, C:\Users\nguye\Desktop\VXL\Ex1\Ex1\Core\Inc\stm32f1xx_it.h_save
2025-09-12 21:14:44,242 [INFO] CodeEngine:257 - Generated code: C:\Users\nguye\Desktop\VXL\Ex1\Ex1\Core\Inc\stm32f1xx_it.h
2025-09-12 21:14:44,263 [INFO] CodeEngine:239 - oldGeneratedFile, C:\Users\nguye\Desktop\VXL\Ex1\Ex1\Core\Src\stm32f1xx_hal_msp.c_save
2025-09-12 21:14:44,338 [INFO] CodeEngine:257 - Generated code: C:\Users\nguye\Desktop\VXL\Ex1\Ex1\Core\Src\stm32f1xx_hal_msp.c
2025-09-12 21:14:44,340 [INFO] CodeEngine:239 - oldGeneratedFile, C:\Users\nguye\Desktop\VXL\Ex1\Ex1\MXTmpFiles\system.tmp_save
2025-09-12 21:14:44,385 [INFO] CodeEngine:257 - Generated code: C:\Users\nguye\Desktop\VXL\Ex1\Ex1\MXTmpFiles\system.tmp
2025-09-12 21:14:44,399 [INFO] CodeEngine:239 - oldGeneratedFile, C:\Users\nguye\Desktop\VXL\Ex1\Ex1\Core\Inc\stm32f1xx_hal_conf.h_save
2025-09-12 21:14:44,494 [INFO] CodeEngine:257 - Generated code: C:\Users\nguye\Desktop\VXL\Ex1\Ex1\Core\Inc\stm32f1xx_hal_conf.h
2025-09-12 21:14:44,528 [INFO] CodeEngine:239 - oldGeneratedFile, C:\Users\nguye\Desktop\VXL\Ex1\Ex1\Core\Inc\main.h_save
2025-09-12 21:14:44,594 [INFO] CodeEngine:257 - Generated code: C:\Users\nguye\Desktop\VXL\Ex1\Ex1\Core\Inc\main.h
2025-09-12 21:14:44,610 [INFO] CodeEngine:239 - oldGeneratedFile, C:\Users\nguye\Desktop\VXL\Ex1\Ex1\Core\Src\main.c_save
2025-09-12 21:14:44,722 [INFO] CodeEngine:257 - Generated code: C:\Users\nguye\Desktop\VXL\Ex1\Ex1\Core\Src\main.c
2025-09-12 21:14:45,798 [INFO] ProjectBuilder:2578 - Time for Copy HAL[1] : 66mS.
2025-09-12 21:14:45,802 [INFO] ProjectBuilder:3622 - Project Generator version: 3.14.1
2025-09-12 21:14:46,210 [INFO] ConfigFileManager:1271 - The Die is : DIE412
2025-09-12 21:14:48,393 [INFO] ProjectBuilder:3789 - Time for Generating toolchain IDE Files: 2591mS.
2025-09-12 21:14:48,394 [INFO] ProjectBuilder:2457 - Time for Copy CMSIS : 0mS.
2025-09-12 21:14:48,396 [INFO] ProjectBuilder:2457 - Time for Copy CMSIS : 0mS.
