2025-09-12 22:45:21,807 [INFO] Activator:177 - 


2025-09-12 22:45:21,807 [INFO] Activator:178 - !SESSION log4j initialized
2025-09-12 22:45:26,316 [INFO] McuFinderGlobals:39 - Set McuFinder mode to 2 (CubeIDE integrated)
2025-09-12 22:45:26,395 [INFO] ApplicationProperties:181 - Using Application install path: C:\ST\STM32CubeIDE_1.7.0\STM32CubeIDE\plugins\com.st.stm32cube.common.mx_6.3.0.202107141111
2025-09-12 22:45:26,412 [INFO] DbMcusXml:74 - Set database path to: C:\ST\STM32CubeIDE_1.7.0\STM32CubeIDE\plugins\com.st.stm32cube.common.mx_6.3.0.202107141111\\db\/mcu/
2025-09-12 22:45:26,412 [INFO] DbBoardsPdsc:56 - Set plugin database path to: C:\ST\STM32CubeIDE_1.7.0\STM32CubeIDE\plugins\com.st.stm32cube.common.mx_6.3.0.202107141111\\db\/plugins/boardmanager/
2025-09-12 22:45:26,412 [INFO] DbMcus:258 - Set plugin images path to: C:\ST\STM32CubeIDE_1.7.0\STM32CubeIDE\plugins\com.st.stm32cube.common.mx_6.3.0.202107141111\\db\/plugins/mcufinder/images/
2025-09-12 22:45:26,412 [INFO] DbBoards:264 - Set plugin images path to: C:\ST\STM32CubeIDE_1.7.0\STM32CubeIDE\plugins\com.st.stm32cube.common.mx_6.3.0.202107141111\\db\/plugins/mcufinder/images/
2025-09-12 22:45:26,412 [INFO] DbExamples:333 - Set plugin images path to: C:\ST\STM32CubeIDE_1.7.0\STM32CubeIDE\plugins\com.st.stm32cube.common.mx_6.3.0.202107141111\\db\/plugins/mcufinder/images/
2025-09-12 22:45:26,412 [INFO] DbMcusAds:119 - Set database path to: C:\Users\nguye\.stmcufinder\plugins\mcufinder//mcu/
2025-09-12 22:45:26,412 [INFO] DbMcusDocs:110 - Set database path to: C:\Users\nguye\.stmcufinder\plugins\mcufinder//mcu/
2025-09-12 22:45:26,412 [INFO] DbMcusJson:64 - Set database path to: C:\Users\nguye\.stmcufinder\plugins\mcufinder//mcu/
2025-09-12 22:45:26,412 [INFO] DbBoardsDocs:110 - Set database path to: C:\Users\nguye\.stmcufinder\plugins\mcufinder//mcu/
2025-09-12 22:45:26,427 [INFO] DbBoardsJson:57 - Set database path to: C:\Users\nguye\.stmcufinder\plugins\mcufinder//mcu/
2025-09-12 22:45:26,428 [INFO] CrossReferenceDbSqlite:196 - Set database path to: C:\Users\nguye\.stmcufinder\plugins\mcufinder//mcu/cs/
2025-09-12 22:45:26,428 [INFO] DbExamplesSqlite:767 - Set database path to: C:\Users\nguye\.stmcufinder\plugins\mcufinder//mcu/
2025-09-12 22:45:26,491 [INFO] RulesReader:57 - Compatibility file has been processed (242 Rules)
2025-09-12 22:45:26,554 [INFO] DbMcusXml:74 - Set database path to: C:\ST\STM32CubeIDE_1.7.0\STM32CubeIDE\plugins\com.st.stm32cube.common.mx_6.3.0.202107141111\\db\/mcu/
2025-09-12 22:45:26,554 [INFO] DbBoardsPdsc:56 - Set plugin database path to: C:\ST\STM32CubeIDE_1.7.0\STM32CubeIDE\plugins\com.st.stm32cube.common.mx_6.3.0.202107141111\\db\/plugins/boardmanager/
2025-09-12 22:45:26,554 [INFO] DbMcus:258 - Set plugin images path to: C:\ST\STM32CubeIDE_1.7.0\STM32CubeIDE\plugins\com.st.stm32cube.common.mx_6.3.0.202107141111\\db\/plugins/mcufinder/images/
2025-09-12 22:45:26,554 [INFO] DbBoards:264 - Set plugin images path to: C:\ST\STM32CubeIDE_1.7.0\STM32CubeIDE\plugins\com.st.stm32cube.common.mx_6.3.0.202107141111\\db\/plugins/mcufinder/images/
2025-09-12 22:45:26,554 [INFO] DbExamples:333 - Set plugin images path to: C:\ST\STM32CubeIDE_1.7.0\STM32CubeIDE\plugins\com.st.stm32cube.common.mx_6.3.0.202107141111\\db\/plugins/mcufinder/images/
2025-09-12 22:45:26,554 [WARN] DbFile:35 - Overriding database path with different value: C:\Users\nguye\.stmcufinder\plugins\mcufinder/ => C:\Users\nguye\.stmcufinder\plugins\mcufinder
2025-09-12 22:45:26,554 [INFO] DbMcusAds:119 - Set database path to: C:\Users\nguye\.stmcufinder\plugins\mcufinder//mcu/
2025-09-12 22:45:26,554 [WARN] DbFile:35 - Overriding database path with different value: C:\Users\nguye\.stmcufinder\plugins\mcufinder/ => C:\Users\nguye\.stmcufinder\plugins\mcufinder
2025-09-12 22:45:26,554 [INFO] DbMcusDocs:110 - Set database path to: C:\Users\nguye\.stmcufinder\plugins\mcufinder//mcu/
2025-09-12 22:45:26,554 [WARN] DbFile:35 - Overriding database path with different value: C:\Users\nguye\.stmcufinder\plugins\mcufinder/ => C:\Users\nguye\.stmcufinder\plugins\mcufinder
2025-09-12 22:45:26,554 [INFO] DbMcusJson:64 - Set database path to: C:\Users\nguye\.stmcufinder\plugins\mcufinder//mcu/
2025-09-12 22:45:26,554 [WARN] DbFile:35 - Overriding database path with different value: C:\Users\nguye\.stmcufinder\plugins\mcufinder/ => C:\Users\nguye\.stmcufinder\plugins\mcufinder
2025-09-12 22:45:26,554 [INFO] DbBoardsDocs:110 - Set database path to: C:\Users\nguye\.stmcufinder\plugins\mcufinder//mcu/
2025-09-12 22:45:26,554 [WARN] DbFile:35 - Overriding database path with different value: C:\Users\nguye\.stmcufinder\plugins\mcufinder/ => C:\Users\nguye\.stmcufinder\plugins\mcufinder
2025-09-12 22:45:26,554 [INFO] DbBoardsJson:57 - Set database path to: C:\Users\nguye\.stmcufinder\plugins\mcufinder//mcu/
2025-09-12 22:45:26,554 [WARN] DbFile:35 - Overriding database path with different value: C:\Users\nguye\.stmcufinder\plugins\mcufinder/ => C:\Users\nguye\.stmcufinder\plugins\mcufinder
2025-09-12 22:45:26,554 [WARN] DbFile:35 - Overriding database path with different value: C:\Users\nguye\.stmcufinder\plugins\mcufinder/ => C:\Users\nguye\.stmcufinder\plugins\mcufinder
2025-09-12 22:45:26,554 [INFO] CrossReferenceDbSqlite:196 - Set database path to: C:\Users\nguye\.stmcufinder\plugins\mcufinder//mcu/cs/
2025-09-12 22:45:26,554 [WARN] DbFile:35 - Overriding database path with different value: C:\Users\nguye\.stmcufinder\plugins\mcufinder/ => C:\Users\nguye\.stmcufinder\plugins\mcufinder
2025-09-12 22:45:26,554 [INFO] DbExamplesSqlite:767 - Set database path to: C:\Users\nguye\.stmcufinder\plugins\mcufinder//mcu/
2025-09-12 22:45:26,602 [INFO] MainPanel:214 - HeapMemory: 268435456
2025-09-12 22:45:26,650 [INFO] DbMcusXml:74 - Set database path to: C:\ST\STM32CubeIDE_1.7.0\STM32CubeIDE\plugins\com.st.stm32cube.common.mx_6.3.0.202107141111\\db\/mcu/
2025-09-12 22:45:26,650 [INFO] DbBoardsPdsc:56 - Set plugin database path to: C:\ST\STM32CubeIDE_1.7.0\STM32CubeIDE\plugins\com.st.stm32cube.common.mx_6.3.0.202107141111\\db\/plugins/boardmanager/
2025-09-12 22:45:26,650 [INFO] DbMcus:258 - Set plugin images path to: C:\ST\STM32CubeIDE_1.7.0\STM32CubeIDE\plugins\com.st.stm32cube.common.mx_6.3.0.202107141111\\db\/plugins/mcufinder/images/
2025-09-12 22:45:26,650 [INFO] DbBoards:264 - Set plugin images path to: C:\ST\STM32CubeIDE_1.7.0\STM32CubeIDE\plugins\com.st.stm32cube.common.mx_6.3.0.202107141111\\db\/plugins/mcufinder/images/
2025-09-12 22:45:26,650 [INFO] DbExamples:333 - Set plugin images path to: C:\ST\STM32CubeIDE_1.7.0\STM32CubeIDE\plugins\com.st.stm32cube.common.mx_6.3.0.202107141111\\db\/plugins/mcufinder/images/
2025-09-12 22:45:26,650 [WARN] DbFile:35 - Overriding database path with different value: C:\Users\nguye\.stmcufinder\plugins\mcufinder/ => C:\Users\nguye\.stmcufinder\plugins\mcufinder
2025-09-12 22:45:26,650 [INFO] DbMcusAds:119 - Set database path to: C:\Users\nguye\.stmcufinder\plugins\mcufinder//mcu/
2025-09-12 22:45:26,650 [WARN] DbFile:35 - Overriding database path with different value: C:\Users\nguye\.stmcufinder\plugins\mcufinder/ => C:\Users\nguye\.stmcufinder\plugins\mcufinder
2025-09-12 22:45:26,650 [INFO] DbMcusDocs:110 - Set database path to: C:\Users\nguye\.stmcufinder\plugins\mcufinder//mcu/
2025-09-12 22:45:26,650 [WARN] DbFile:35 - Overriding database path with different value: C:\Users\nguye\.stmcufinder\plugins\mcufinder/ => C:\Users\nguye\.stmcufinder\plugins\mcufinder
2025-09-12 22:45:26,650 [INFO] DbMcusJson:64 - Set database path to: C:\Users\nguye\.stmcufinder\plugins\mcufinder//mcu/
2025-09-12 22:45:26,650 [WARN] DbFile:35 - Overriding database path with different value: C:\Users\nguye\.stmcufinder\plugins\mcufinder/ => C:\Users\nguye\.stmcufinder\plugins\mcufinder
2025-09-12 22:45:26,650 [INFO] DbBoardsDocs:110 - Set database path to: C:\Users\nguye\.stmcufinder\plugins\mcufinder//mcu/
2025-09-12 22:45:26,650 [WARN] DbFile:35 - Overriding database path with different value: C:\Users\nguye\.stmcufinder\plugins\mcufinder/ => C:\Users\nguye\.stmcufinder\plugins\mcufinder
2025-09-12 22:45:26,650 [INFO] DbBoardsJson:57 - Set database path to: C:\Users\nguye\.stmcufinder\plugins\mcufinder//mcu/
2025-09-12 22:45:26,650 [WARN] DbFile:35 - Overriding database path with different value: C:\Users\nguye\.stmcufinder\plugins\mcufinder/ => C:\Users\nguye\.stmcufinder\plugins\mcufinder
2025-09-12 22:45:26,650 [WARN] DbFile:35 - Overriding database path with different value: C:\Users\nguye\.stmcufinder\plugins\mcufinder/ => C:\Users\nguye\.stmcufinder\plugins\mcufinder
2025-09-12 22:45:26,650 [INFO] CrossReferenceDbSqlite:196 - Set database path to: C:\Users\nguye\.stmcufinder\plugins\mcufinder//mcu/cs/
2025-09-12 22:45:26,650 [WARN] DbFile:35 - Overriding database path with different value: C:\Users\nguye\.stmcufinder\plugins\mcufinder/ => C:\Users\nguye\.stmcufinder\plugins\mcufinder
2025-09-12 22:45:26,650 [INFO] DbExamplesSqlite:767 - Set database path to: C:\Users\nguye\.stmcufinder\plugins\mcufinder//mcu/
2025-09-12 22:45:26,665 [INFO] ApplicationProperties:181 - Using Application install path: C:\ST\STM32CubeIDE_1.7.0\STM32CubeIDE\plugins\com.st.stm32cube.common.mx_6.3.0.202107141111
2025-09-12 22:45:26,665 [INFO] PluginManage:188 - Search for loadable plugins [exclusion list=, ]
2025-09-12 22:45:26,665 [INFO] PluginManage:302 - Check plugin analytics
2025-09-12 22:45:26,760 [INFO] AnalyticsPlugin:257 - Accepted Software Licenses: 
2025-09-12 22:45:26,760 [INFO] AnalyticsPlugin:259 - Accepted CMSIS Pack Licenses: 
2025-09-12 22:45:26,760 [INFO] AnalyticsPlugin:261 - Accepted Firmware Licenses: 
2025-09-12 22:45:26,760 [INFO] PluginManage:352 - Loaded plugin analytics (category:tool,tabindex:-1)
2025-09-12 22:45:26,760 [INFO] PluginManage:302 - Check plugin clock
2025-09-12 22:45:26,760 [INFO] PluginManage:352 - Loaded plugin clock (category:base,tabindex:2)
2025-09-12 22:45:26,760 [INFO] PluginManage:302 - Check plugin ddr
2025-09-12 22:45:26,760 [INFO] PluginManage:352 - Loaded plugin ddr (category:tool,tabindex:6)
2025-09-12 22:45:26,760 [INFO] PluginManage:302 - Check plugin filemanager
2025-09-12 22:45:26,855 [INFO] PluginManage:352 - Loaded plugin filemanager (category:base,tabindex:10)
2025-09-12 22:45:26,855 [INFO] PluginManage:302 - Check plugin ipmanager
2025-09-12 22:45:26,871 [INFO] PluginManage:352 - Loaded plugin ipmanager (category:base,tabindex:5)
2025-09-12 22:45:26,871 [INFO] PluginManage:302 - Check plugin pinoutandconfiguration
2025-09-12 22:45:26,871 [INFO] PluginManage:352 - Loaded plugin pinoutandconfiguration (category:base,tabindex:1)
2025-09-12 22:45:26,871 [INFO] PluginManage:302 - Check plugin pinoutconfig
2025-09-12 22:45:26,887 [INFO] PluginManage:352 - Loaded plugin pinoutconfig (category:base,tabindex:0)
2025-09-12 22:45:26,887 [INFO] PluginManage:302 - Check plugin power
2025-09-12 22:45:26,902 [INFO] PluginManage:352 - Loaded plugin power (category:power,tabindex:4)
2025-09-12 22:45:26,902 [INFO] PluginManage:302 - Check plugin projectmanager
2025-09-12 22:45:26,918 [INFO] PluginManage:352 - Loaded plugin projectmanager (category:projectmanager,tabindex:3)
2025-09-12 22:45:26,918 [INFO] PluginManage:302 - Check plugin thirdparty
2025-09-12 22:45:26,982 [INFO] PluginManage:352 - Loaded plugin thirdparty (category:base,tabindex:-1)
2025-09-12 22:45:26,982 [INFO] PluginManage:302 - Check plugin tools
2025-09-12 22:45:26,982 [WARN] IntegrityCheckThread:78 - waiting for thirdparty lock release [integrity check]
2025-09-12 22:45:26,998 [INFO] IntegrityCheckThread:80 - entering critical section [integrity check]
2025-09-12 22:45:26,998 [INFO] ThirdPartyUpdaterWithRetryManager:66 - Updater plugin not ready yet. [1/15]
2025-09-12 22:45:26,998 [INFO] PluginManage:352 - Loaded plugin tools (category:base,tabindex:7)
2025-09-12 22:45:26,998 [INFO] PluginManage:302 - Check plugin tutovideos
2025-09-12 22:45:27,125 [INFO] PluginManage:352 - Loaded plugin tutovideos (category:base,tabindex:-1)
2025-09-12 22:45:27,125 [INFO] PluginManage:302 - Check plugin updater
2025-09-12 22:45:27,129 [INFO] PluginManage:352 - Loaded plugin updater (category:base,tabindex:12)
2025-09-12 22:45:27,129 [INFO] PluginManage:275 - PluginManage : Loaded plugins [13]
2025-09-12 22:45:27,251 [INFO] PinOutPanel:1463 - setPackage(No Configuration,No Configuration)
2025-09-12 22:45:27,314 [INFO] IPUIPlugin:74 - create IPUIPlugin
2025-09-12 22:45:27,314 [INFO] PluginManager:213 - loadIPPluginJar : add adc
2025-09-12 22:45:27,314 [INFO] IPUIPlugin:74 - create IPUIPlugin
2025-09-12 22:45:27,314 [INFO] PluginManager:213 - loadIPPluginJar : add aes
2025-09-12 22:45:27,314 [INFO] IPUIPlugin:74 - create IPUIPlugin
2025-09-12 22:45:27,314 [INFO] PluginManager:213 - loadIPPluginJar : add can
2025-09-12 22:45:27,314 [INFO] IPUIPlugin:74 - create IPUIPlugin
2025-09-12 22:45:27,314 [INFO] PluginManager:213 - loadIPPluginJar : add comp
2025-09-12 22:45:27,314 [INFO] IPUIPlugin:74 - create IPUIPlugin
2025-09-12 22:45:27,314 [INFO] PluginManager:213 - loadIPPluginJar : add cryp
2025-09-12 22:45:27,314 [INFO] IPUIPlugin:74 - create IPUIPlugin
2025-09-12 22:45:27,314 [INFO] PluginManager:213 - loadIPPluginJar : add dfsdm
2025-09-12 22:45:27,314 [INFO] IPUIPlugin:74 - create IPUIPlugin
2025-09-12 22:45:27,314 [INFO] PluginManager:213 - loadIPPluginJar : add dma
2025-09-12 22:45:27,330 [INFO] IPUIPlugin:74 - create IPUIPlugin
2025-09-12 22:45:27,330 [INFO] PluginManager:213 - loadIPPluginJar : add dma3
2025-09-12 22:45:27,331 [INFO] IPUIPlugin:74 - create IPUIPlugin
2025-09-12 22:45:27,331 [INFO] PluginManager:213 - loadIPPluginJar : add fatfs
2025-09-12 22:45:27,331 [INFO] IPUIPlugin:74 - create IPUIPlugin
2025-09-12 22:45:27,331 [INFO] PluginManager:213 - loadIPPluginJar : add fmc
2025-09-12 22:45:27,331 [INFO] IPUIPlugin:74 - create IPUIPlugin
2025-09-12 22:45:27,331 [INFO] PluginManager:213 - loadIPPluginJar : add freertos
2025-09-12 22:45:27,331 [INFO] IPUIPlugin:74 - create IPUIPlugin
2025-09-12 22:45:27,331 [INFO] PluginManager:213 - loadIPPluginJar : add genericplugin
2025-09-12 22:45:27,331 [INFO] IPUIPlugin:74 - create IPUIPlugin
2025-09-12 22:45:27,331 [INFO] PluginManager:213 - loadIPPluginJar : add gfxmmu
2025-09-12 22:45:27,331 [INFO] IPUIPlugin:74 - create IPUIPlugin
2025-09-12 22:45:27,331 [INFO] PluginManager:213 - loadIPPluginJar : add gic
2025-09-12 22:45:27,331 [INFO] IPUIPlugin:74 - create IPUIPlugin
2025-09-12 22:45:27,331 [INFO] PluginManager:213 - loadIPPluginJar : add gpio
2025-09-12 22:45:27,331 [INFO] IPUIPlugin:74 - create IPUIPlugin
2025-09-12 22:45:27,331 [INFO] PluginManager:213 - loadIPPluginJar : add gtzc
2025-09-12 22:45:27,346 [INFO] IPUIPlugin:74 - create IPUIPlugin
2025-09-12 22:45:27,346 [INFO] PluginManager:213 - loadIPPluginJar : add hash
2025-09-12 22:45:27,346 [INFO] IPUIPlugin:74 - create IPUIPlugin
2025-09-12 22:45:27,346 [INFO] PluginManager:213 - loadIPPluginJar : add i2c
2025-09-12 22:45:27,346 [INFO] IPUIPlugin:74 - create IPUIPlugin
2025-09-12 22:45:27,346 [INFO] PluginManager:213 - loadIPPluginJar : add i2s
2025-09-12 22:45:27,346 [INFO] IPUIPlugin:74 - create IPUIPlugin
2025-09-12 22:45:27,346 [INFO] PluginManager:213 - loadIPPluginJar : add ipddr
2025-09-12 22:45:27,346 [INFO] IPUIPlugin:74 - create IPUIPlugin
2025-09-12 22:45:27,346 [INFO] PluginManager:213 - loadIPPluginJar : add linkedlist
2025-09-12 22:45:27,346 [INFO] IPUIPlugin:74 - create IPUIPlugin
2025-09-12 22:45:27,346 [INFO] PluginManager:213 - loadIPPluginJar : add lorawan
2025-09-12 22:45:27,346 [INFO] IPUIPlugin:74 - create IPUIPlugin
2025-09-12 22:45:27,346 [INFO] PluginManager:213 - loadIPPluginJar : add ltdc
2025-09-12 22:45:27,346 [INFO] IPUIPlugin:74 - create IPUIPlugin
2025-09-12 22:45:27,346 [INFO] PluginManager:213 - loadIPPluginJar : add mdma
2025-09-12 22:45:27,362 [INFO] IPUIPlugin:74 - create IPUIPlugin
2025-09-12 22:45:27,362 [INFO] PluginManager:213 - loadIPPluginJar : add nvic
2025-09-12 22:45:27,362 [INFO] IPUIPlugin:74 - create IPUIPlugin
2025-09-12 22:45:27,362 [INFO] PluginManager:213 - loadIPPluginJar : add opamp
2025-09-12 22:45:27,362 [INFO] IPUIPlugin:74 - create IPUIPlugin
2025-09-12 22:45:27,362 [INFO] PluginManager:213 - loadIPPluginJar : add openamp
2025-09-12 22:45:27,362 [INFO] IPUIPlugin:74 - create IPUIPlugin
2025-09-12 22:45:27,362 [INFO] PluginManager:213 - loadIPPluginJar : add pdm2pcm
2025-09-12 22:45:27,362 [INFO] IPUIPlugin:74 - create IPUIPlugin
2025-09-12 22:45:27,362 [INFO] PluginManager:213 - loadIPPluginJar : add plateformsettings
2025-09-12 22:45:27,362 [INFO] IPUIPlugin:74 - create IPUIPlugin
2025-09-12 22:45:27,362 [INFO] PluginManager:213 - loadIPPluginJar : add quadspi
2025-09-12 22:45:27,362 [INFO] IPUIPlugin:74 - create IPUIPlugin
2025-09-12 22:45:27,362 [INFO] PluginManager:213 - loadIPPluginJar : add resmgrutility
2025-09-12 22:45:27,385 [INFO] IPUIPlugin:74 - create IPUIPlugin
2025-09-12 22:45:27,385 [INFO] PluginManager:213 - loadIPPluginJar : add sai
2025-09-12 22:45:27,394 [INFO] IPUIPlugin:74 - create IPUIPlugin
2025-09-12 22:45:27,394 [INFO] PluginManager:213 - loadIPPluginJar : add spi
2025-09-12 22:45:27,394 [INFO] IPUIPlugin:74 - create IPUIPlugin
2025-09-12 22:45:27,394 [INFO] PluginManager:213 - loadIPPluginJar : add stm32_wpan
2025-09-12 22:45:27,400 [INFO] IPUIPlugin:74 - create IPUIPlugin
2025-09-12 22:45:27,400 [INFO] PluginManager:213 - loadIPPluginJar : add tim
2025-09-12 22:45:27,402 [INFO] IPUIPlugin:74 - create IPUIPlugin
2025-09-12 22:45:27,402 [INFO] PluginManager:213 - loadIPPluginJar : add touchsensing
2025-09-12 22:45:27,404 [INFO] IPUIPlugin:74 - create IPUIPlugin
2025-09-12 22:45:27,404 [INFO] PluginManager:213 - loadIPPluginJar : add tracer_emb
2025-09-12 22:45:27,404 [INFO] IPUIPlugin:74 - create IPUIPlugin
2025-09-12 22:45:27,404 [INFO] PluginManager:213 - loadIPPluginJar : add ts
2025-09-12 22:45:27,406 [INFO] IPUIPlugin:74 - create IPUIPlugin
2025-09-12 22:45:27,406 [INFO] PluginManager:213 - loadIPPluginJar : add tsc
2025-09-12 22:45:27,409 [INFO] IPUIPlugin:74 - create IPUIPlugin
2025-09-12 22:45:27,409 [INFO] PluginManager:213 - loadIPPluginJar : add ucpd
2025-09-12 22:45:27,410 [INFO] IPUIPlugin:74 - create IPUIPlugin
2025-09-12 22:45:27,410 [INFO] PluginManager:213 - loadIPPluginJar : add usart
2025-09-12 22:45:27,412 [INFO] IPUIPlugin:74 - create IPUIPlugin
2025-09-12 22:45:27,412 [INFO] PluginManager:213 - loadIPPluginJar : add usbx
2025-09-12 22:45:27,638 [FATAL] Updater:294 - Updater called before beeing initialized
2025-09-12 22:45:27,717 [FATAL] Updater:294 - Updater called before beeing initialized
2025-09-12 22:45:27,717 [INFO] DbMcusAds:47 - JSON generation date=Tue Jul 08 15:14:23 ICT 2025 (1751962463582)
2025-09-12 22:45:27,717 [FATAL] Updater:294 - Updater called before beeing initialized
2025-09-12 22:45:27,749 [WARN] DetailPanel:314 - Failed to get advertising image, set to default
2025-09-12 22:45:27,813 [FATAL] Updater:294 - Updater called before beeing initialized
2025-09-12 22:45:27,813 [FATAL] Updater:294 - Updater called before beeing initialized
2025-09-12 22:45:27,813 [FATAL] Updater:294 - Updater called before beeing initialized
2025-09-12 22:45:27,813 [WARN] DetailPanel:314 - Failed to get advertising image, set to default
2025-09-12 22:45:27,813 [FATAL] Updater:294 - Updater called before beeing initialized
2025-09-12 22:45:27,845 [ERROR] Updater:1075 - MainUpdater not yet initialized. External WinMGr cannot be set.
2025-09-12 22:45:27,845 [INFO] Updater:1012 - Updater Version found : 6.3.0
2025-09-12 22:45:27,861 [INFO] ApplicationProperties:181 - Using Application install path: C:\ST\STM32CubeIDE_1.7.0\STM32CubeIDE\plugins\com.st.stm32cube.common.mx_6.3.0.202107141111
2025-09-12 22:45:30,010 [INFO] ThirdPartyUpdaterWithRetryManager:66 - Updater plugin not ready yet. [2/15]
2025-09-12 22:45:30,058 [WARN] ServerAccessManage:1053 - Warning during Server Connexion :  timeout Read timed out
2025-09-12 22:45:30,927 [INFO] MainUpdater:2671 - connection check result : 10
2025-09-12 22:45:30,927 [INFO] MainUpdater:265 - Updater Check For Update Now.
2025-09-12 22:45:30,927 [INFO] MicroXplorer:478 - Change Database Version : DB.6.0.30
2025-09-12 22:45:31,088 [INFO] CheckServerUpdateThread:112 - End of CheckServer Thread
2025-09-12 22:45:31,152 [INFO] MainUpdater:2671 - connection check result : 10
2025-09-12 22:45:31,295 [INFO] McuFinderGlobals:52 - Set McuFinderConnectedMode to false
2025-09-12 22:45:31,374 [INFO] CrossSelectorPresenter:1330 - Cross Selector saved comparison directory: C:\Users\nguye\.stmcufinder\plugins\mcufinder\mcu\cs_comparisons_mx
2025-09-12 22:45:31,374 [INFO] MultiScanPanel:197 - Auto-refresh data requested => check proxy status ongoing
2025-09-12 22:45:31,374 [INFO] MultiScanPanel:201 - Proxy status is invalid
2025-09-12 22:45:31,374 [INFO] FinderPluginLoader:87 - Searching for filters in installed packs
2025-09-12 22:45:31,374 [INFO] DbMcusXml:100 - Load MCU database from C:\ST\STM32CubeIDE_1.7.0\STM32CubeIDE\plugins\com.st.stm32cube.common.mx_6.3.0.202107141111\\db\/mcu/families.xml
2025-09-12 22:45:32,010 [INFO] DbMcusJson:93 - JSON generation date=Tue Nov 16 23:17:54 ICT 2021 (1637079474)
2025-09-12 22:45:32,519 [INFO] DbMcus:175 - Found 1951 MCUs (1903 are supported by CubeMX, 1914 are visible in CubeMX)
2025-09-12 22:45:32,519 [INFO] ApiDb:251 - Load user favorites file C:\Users\nguye/.stm32cubeide/favorites.mcus.txt: 0 item(s)
2025-09-12 22:45:32,519 [INFO] ApiDb:255 - User favorites MCUs=[]
2025-09-12 22:45:32,519 [INFO] DbMcus:187 - Set 0 / 0 favorites MCUs
2025-09-12 22:45:32,917 [INFO] DetailPanel:309 - Set advertising image to C:/Users/nguye/STM32Cube/Repository/\en.2400x1350px.jpeg
2025-09-12 22:45:33,149 [ERROR] Engine:463 - C:\Users\nguye\.stm32cubemx\thirdparties\pdsc\STMicroelectronics.FP-SNS-MOTENVWB1.1.4.0.pdsc: PDSC version is not supported
2025-09-12 22:45:33,169 [WARN] PackLoader:238 - Cannot read IP mode file for STMicroelectronics.FP-ATR-ASTRA1.2.0.2
2025-09-12 22:45:33,176 [ERROR] Engine:463 - C:\Users\nguye\.stm32cubemx\thirdparties\pdsc\STMicroelectronics.X-CUBE-SMBUS.2.1.0.pdsc: PDSC version is not supported
2025-09-12 22:45:33,178 [ERROR] Engine:463 - C:\Users\nguye\.stm32cubemx\thirdparties\pdsc\STMicroelectronics.X-CUBE-ST60.1.0.0.pdsc: PDSC version is not supported
2025-09-12 22:45:33,202 [WARN] PackLoader:238 - Cannot read IP mode file for STMicroelectronics.X-CUBE-AZRTOS-F7.1.1.0
2025-09-12 22:45:33,219 [ERROR] Engine:463 - C:\Users\nguye\.stm32cubemx\thirdparties\pdsc\WES.I-CUBE-Cesium.1.4.0.pdsc: PDSC version is not supported
2025-09-12 22:45:33,219 [ERROR] Engine:463 - C:\Users\nguye\.stm32cubemx\thirdparties\pdsc\Infineon.AIROC-Wi-Fi-Bluetooth-STM32.1.7.1.pdsc: PDSC version is not supported
2025-09-12 22:45:33,252 [WARN] PackLoader:238 - Cannot read IP mode file for STMicroelectronics.X-CUBE-AZRTOS-H7.3.4.0
2025-09-12 22:45:33,271 [ERROR] Engine:463 - C:\Users\nguye\.stm32cubemx\thirdparties\pdsc\STMicroelectronics.X-CUBE-DISPLAY.3.0.0.pdsc: PDSC version is not supported
2025-09-12 22:45:33,281 [INFO] DbBoardsPdsc:90 - Found 25 items
2025-09-12 22:45:33,283 [INFO] DbBoardsPdsc:90 - Found 9 items
2025-09-12 22:45:33,285 [WARN] PackLoader:238 - Cannot read IP mode file for STMicroelectronics.X-CUBE-NFC10.1.0.0
2025-09-12 22:45:33,285 [INFO] DbBoardsPdsc:90 - Found 33 items
2025-09-12 22:45:33,285 [INFO] DbBoardsPdsc:90 - Found 1 items
2025-09-12 22:45:33,285 [ERROR] Engine:463 - C:\Users\nguye\.stm32cubemx\thirdparties\pdsc\emotas.I-CUBE-CANOPEN.1.3.0.pdsc: PDSC version is not supported
2025-09-12 22:45:33,285 [ERROR] Engine:463 - C:\Users\nguye\.stm32cubemx\thirdparties\pdsc\STMicroelectronics.FP-SNS-STBOX1.2.1.0.pdsc: PDSC version is not supported
2025-09-12 22:45:33,285 [INFO] DbBoardsPdsc:90 - Found 48 items
2025-09-12 22:45:33,285 [ERROR] Engine:463 - C:\Users\nguye\.stm32cubemx\thirdparties\pdsc\STMicroelectronics.FP-SNS-SMARTAG2.1.2.0.pdsc: PDSC version is not supported
2025-09-12 22:45:33,285 [ERROR] Engine:463 - C:\Users\nguye\.stm32cubemx\thirdparties\pdsc\STMicroelectronics.FP-SNS-FLIGHT1.5.1.0.pdsc: PDSC version is not supported
2025-09-12 22:45:33,285 [INFO] DbBoardsPdsc:90 - Found 43 items
2025-09-12 22:45:33,285 [INFO] DbBoardsPdsc:90 - Found 2 items
2025-09-12 22:45:33,285 [INFO] DbBoardsPdsc:90 - Found 5 items
2025-09-12 22:45:33,300 [INFO] LogOutputStream:76 - [STDOUT_REDIRECT] 1 : Invalid condition id : UX_CORESTACK_Condition cause : null
2025-09-12 22:45:33,303 [INFO] LogOutputStream:76 - [STDOUT_REDIRECT] 1 : Invalid condition id : UX_CORESTACK_Condition cause : null
2025-09-12 22:45:33,303 [INFO] LogOutputStream:76 - [STDOUT_REDIRECT] 1 : Invalid condition id : UX_CORESTACK_Condition cause : null
2025-09-12 22:45:33,303 [WARN] DbBoardsPdsc:254 - Board STM32H7B3I-DK: unknown feature type=Audio, name=, username=Audio stereo codec with Headphone Amp (CS42L51-CNZ), n=1
2025-09-12 22:45:33,303 [INFO] LogOutputStream:76 - [STDOUT_REDIRECT] 1 : Invalid condition id : UX_CORESTACK_Condition cause : null
2025-09-12 22:45:33,303 [WARN] DbBoardsPdsc:254 - Board STM32H735G-DK: unknown feature type=Audio, name=, username=Audio stereo codec with Headphone Amp (WM8994ECS/R), n=1
2025-09-12 22:45:33,303 [INFO] LogOutputStream:76 - [STDOUT_REDIRECT] 1 : Invalid condition id : UX_CORESTACK_Condition cause : null
2025-09-12 22:45:33,303 [WARN] DbBoardsPdsc:254 - Board STM32H7B3I-EVAL: unknown feature type=Audio, name=, username=Multi-Channel Audio Codec (CS42L51-CNZ), n=1
2025-09-12 22:45:33,303 [WARN] DbBoardsPdsc:254 - Board STM32H7B3I-EVAL: unknown feature type=Meter, name=, username=Power-metering and Temperature-monitoring with sigma-delta modulators, n=1
2025-09-12 22:45:33,303 [WARN] DbBoardsPdsc:254 - Board STM32H7B3I-EVAL: unknown feature type=Motor, name=, username=Motor Control, n=1
2025-09-12 22:45:33,303 [WARN] DbBoardsPdsc:254 - Board STM32U575I-EV: unknown feature type=joystick, name=, username=4-direction joystick with selection button, n=1
2025-09-12 22:45:33,303 [WARN] PackLoader:238 - Cannot read IP mode file for STMicroelectronics.X-CUBE-AZRTOS-WL.2.0.0
2025-09-12 22:45:33,303 [ERROR] Engine:463 - C:\Users\nguye\.stm32cubemx\thirdparties\pdsc\STMicroelectronics.FP-SNS-MOTENV1.5.0.0.pdsc: PDSC version is not supported
2025-09-12 22:45:33,303 [WARN] PackLoader:238 - Cannot read IP mode file for STMicroelectronics.X-CUBE-BLE2.3.3.0
2025-09-12 22:45:33,318 [WARN] PackLoader:238 - Cannot read IP mode file for STMicroelectronics.X-CUBE-NFC9.1.0.0
2025-09-12 22:45:33,318 [INFO] DbBoardsJson:86 - JSON generation date=Tue Nov 16 23:17:54 ICT 2021 (1637079474)
2025-09-12 22:45:33,318 [WARN] PackLoader:238 - Cannot read IP mode file for wolfSSL.I-CUBE-wolfSSL.5.8.2
2025-09-12 22:45:33,318 [INFO] DbBoards:117 - Found 167 boards (163 are supported by CubeMX)
2025-09-12 22:45:33,318 [INFO] DbBoardsDocs:143 - JSON generation date=Tue Nov 16 23:17:54 ICT 2021 (1637079474)
2025-09-12 22:45:33,318 [WARN] PackLoader:238 - Cannot read IP mode file for STMicroelectronics.X-CUBE-BLE1.7.1.0
2025-09-12 22:45:33,318 [INFO] DbBoardsDocs:79 - Found 209 boards documents
2025-09-12 22:45:33,318 [WARN] DbBoards:127 - board B-L475E-IOT01A2 has no document id list !
2025-09-12 22:45:33,318 [WARN] DbBoards:127 - board NUCLEO-H743ZI has no document id list !
2025-09-12 22:45:33,318 [WARN] DbBoards:127 - board NUCLEO-WL55JC2 has no document id list !
2025-09-12 22:45:33,318 [WARN] DbBoards:127 - board P-NUCLEO-WB55-Nucleo has no document id list !
2025-09-12 22:45:33,318 [WARN] DbBoards:127 - board P-NUCLEO-WB55-USBDongle has no document id list !
2025-09-12 22:45:33,318 [WARN] DbBoards:127 - board STEVAL-BFA001V1B has no document id list !
2025-09-12 22:45:33,318 [WARN] DbBoards:127 - board STEVAL-BFA001V2B has no document id list !
2025-09-12 22:45:33,318 [WARN] DbBoards:127 - board STEVAL-IDP005V1 has no document id list !
2025-09-12 22:45:33,318 [WARN] DbBoards:127 - board STEVAL-IDP005V2 has no document id list !
2025-09-12 22:45:33,318 [WARN] DbBoards:127 - board STEVAL-MKSBOX1V1 has no document id list !
2025-09-12 22:45:33,318 [WARN] DbBoards:127 - board STEVAL-STWINKT1 has no document id list !
2025-09-12 22:45:33,318 [WARN] DbBoards:127 - board STEVAL-STWINKT1B has no document id list !
2025-09-12 22:45:33,318 [WARN] PackLoader:238 - Cannot read IP mode file for wolfSSL.I-CUBE-wolfMQTT.1.19.2
2025-09-12 22:45:33,318 [WARN] DbBoards:127 - board STM32439I-EVAL2 has no document id list !
2025-09-12 22:45:33,334 [WARN] DbBoards:127 - board STM32F401C-DISCO has no document id list !
2025-09-12 22:45:33,334 [WARN] DbBoards:127 - board STM32F769I-DISC1 has no document id list !
2025-09-12 22:45:33,335 [WARN] DbBoards:127 - board STM32G474E-EVAL1 has no document id list !
2025-09-12 22:45:33,335 [WARN] DbBoards:127 - board STM32H743I-EVAL2 has no document id list !
2025-09-12 22:45:33,335 [WARN] DbBoards:127 - board STM32H747I-DISC1 has no document id list !
2025-09-12 22:45:33,335 [WARN] DbBoards:127 - board STM32H753I-EVAL2 has no document id list !
2025-09-12 22:45:33,336 [WARN] DbBoards:127 - board STM32L-DISCOVERY has no document id list !
2025-09-12 22:45:33,336 [WARN] PackLoader:238 - Cannot read IP mode file for STMicroelectronics.X-CUBE-EEPRMA1.5.2.0
2025-09-12 22:45:33,355 [WARN] PackLoader:238 - Cannot read IP mode file for STMicroelectronics.X-CUBE-AZRTOS-G0.1.1.0
2025-09-12 22:45:33,363 [WARN] PackLoader:238 - Cannot read IP mode file for STMicroelectronics.X-CUBE-SAFEA1.1.2.2
2025-09-12 22:45:33,368 [WARN] PackLoader:238 - Cannot read IP mode file for STMicroelectronics.X-CUBE-NFC4.3.0.0
2025-09-12 22:45:33,369 [ERROR] Engine:463 - C:\Users\nguye\.stm32cubemx\thirdparties\pdsc\EmbeddedOffice.I-CUBE-FS-RTOS.1.0.1.pdsc: PDSC version is not supported
2025-09-12 22:45:33,369 [WARN] PackLoader:238 - Cannot read IP mode file for STMicroelectronics.X-CUBE-WB05N.2.0.0
2025-09-12 22:45:33,369 [WARN] PackLoader:238 - Cannot read IP mode file for wolfSSL.I-CUBE-wolfTPM.3.8.0
2025-09-12 22:45:33,369 [ERROR] Engine:463 - C:\Users\nguye\.stm32cubemx\thirdparties\pdsc\STMicroelectronics.X-CUBE-TCPP.4.2.0.pdsc: PDSC version is not supported
2025-09-12 22:45:33,385 [ERROR] Engine:463 - C:\Users\nguye\.stm32cubemx\thirdparties\pdsc\RealThread.X-CUBE-RT-Thread_Nano.4.1.1.pdsc: PDSC version is not supported
2025-09-12 22:45:33,386 [WARN] PackLoader:238 - Cannot read IP mode file for STMicroelectronics.FP-ATR-SIGFOX1.3.2.0
2025-09-12 22:45:33,386 [ERROR] Engine:463 - C:\Users\nguye\.stm32cubemx\thirdparties\pdsc\ITTIA_DB.I-CUBE-ITTIADB.8.9.0.pdsc: PDSC version is not supported
2025-09-12 22:45:33,386 [ERROR] Engine:463 - C:\Users\nguye\.stm32cubemx\thirdparties\pdsc\STMicroelectronics.X-CUBE-ST67W61.1.0.0.pdsc: PDSC version is not supported
2025-09-12 22:45:33,386 [WARN] PackLoader:238 - Cannot read IP mode file for STMicroelectronics.X-CUBE-AI.10.2.0
2025-09-12 22:45:33,419 [WARN] PackLoader:238 - Cannot read IP mode file for SEGGER.I-CUBE-embOS.1.3.1
2025-09-12 22:45:33,449 [ERROR] DbBoards:189 - Image file not found for board B-U585I-IOT02A: C:\ST\STM32CubeIDE_1.7.0\STM32CubeIDE\plugins\com.st.stm32cube.common.mx_6.3.0.202107141111\\db\/plugins/mcufinder/images/boards/B-U585I-IOT02A_small.jpg
2025-09-12 22:45:33,471 [WARN] PackLoader:238 - Cannot read IP mode file for STMicroelectronics.X-CUBE-ALGOBUILD.1.4.0
2025-09-12 22:45:33,535 [WARN] PackLoader:238 - Cannot read IP mode file for STMicroelectronics.X-CUBE-MEMS1.11.3.0
2025-09-12 22:45:33,559 [ERROR] DbBoards:189 - Image file not found for board NUCLEO-F413ZH: C:\ST\STM32CubeIDE_1.7.0\STM32CubeIDE\plugins\com.st.stm32cube.common.mx_6.3.0.202107141111\\db\/plugins/mcufinder/images/boards/nucleo-f413zh_small.jpg
2025-09-12 22:45:33,738 [WARN] PackLoader:238 - Cannot read IP mode file for STMicroelectronics.X-CUBE-PM33A1.1.0.0
2025-09-12 22:45:33,758 [WARN] PackLoader:238 - Cannot read IP mode file for STMicroelectronics.X-CUBE-AZRTOS-F4.1.1.0
2025-09-12 22:45:33,762 [ERROR] Engine:463 - C:\Users\nguye\.stm32cubemx\thirdparties\pdsc\Avnet-IotConnect.X-CUBE-IoTC-DA16k-PMOD.1.0.0.pdsc: PDSC version is not supported
2025-09-12 22:45:33,765 [WARN] PackLoader:238 - Cannot read IP mode file for STMicroelectronics.X-CUBE-ISPU.2.1.0
2025-09-12 22:45:33,771 [WARN] PackLoader:238 - Cannot read IP mode file for STMicroelectronics.X-CUBE-NFC12.1.0.0
2025-09-12 22:45:33,796 [WARN] PackLoader:238 - Cannot read IP mode file for STMicroelectronics.X-CUBE-AZRTOS-L5.2.0.0
2025-09-12 22:45:33,808 [WARN] PackLoader:238 - Cannot read IP mode file for STMicroelectronics.X-CUBE-NFC6.3.1.0
2025-09-12 22:45:33,815 [ERROR] Engine:463 - C:\Users\nguye\.stm32cubemx\thirdparties\pdsc\STMicroelectronics.X-CUBE-FREERTOS.1.3.1.pdsc: PDSC version is not supported
2025-09-12 22:45:33,816 [ERROR] DbBoards:189 - Image file not found for board NUCLEO-L552ZE-Q: C:\ST\STM32CubeIDE_1.7.0\STM32CubeIDE\plugins\com.st.stm32cube.common.mx_6.3.0.202107141111\\db\/plugins/mcufinder/images/boards/nucleo_l552ze_q_small.jpg
2025-09-12 22:45:33,817 [ERROR] DbBoards:189 - Image file not found for board NUCLEO-U575ZI-Q: C:\ST\STM32CubeIDE_1.7.0\STM32CubeIDE\plugins\com.st.stm32cube.common.mx_6.3.0.202107141111\\db\/plugins/mcufinder/images/boards/nucleo-u575zi-q_small.jpg
2025-09-12 22:45:33,817 [ERROR] DbBoards:189 - Image file not found for board NUCLEO-WB15CC: C:\ST\STM32CubeIDE_1.7.0\STM32CubeIDE\plugins\com.st.stm32cube.common.mx_6.3.0.202107141111\\db\/plugins/mcufinder/images/boards/nucleo-wb15cc_small.jpg
2025-09-12 22:45:33,817 [ERROR] DbBoards:189 - Image file not found for board NUCLEO-WB55RG: C:\ST\STM32CubeIDE_1.7.0\STM32CubeIDE\plugins\com.st.stm32cube.common.mx_6.3.0.202107141111\\db\/plugins/mcufinder/images/boards/nucleo-wb55rg_small.jpg
2025-09-12 22:45:33,818 [ERROR] Engine:463 - C:\Users\nguye\.stm32cubemx\thirdparties\pdsc\STMicroelectronics.FP-SNS-STAIOTCFT.1.0.0.pdsc: PDSC version is not supported
2025-09-12 22:45:33,822 [ERROR] Engine:463 - C:\Users\nguye\.stm32cubemx\thirdparties\pdsc\STMicroelectronics.X-CUBE-DPower.1.3.0.pdsc: PDSC version is not supported
2025-09-12 22:45:33,848 [WARN] ConditionMgr:437 - getConditionDescription Invalid condition id : LAN8742 Phy interface Condition cause : null
2025-09-12 22:45:33,849 [WARN] PackLoader:238 - Cannot read IP mode file for STMicroelectronics.X-CUBE-AZRTOS-L4.2.0.0
2025-09-12 22:45:33,851 [WARN] ConditionMgr:1038 - genDependencies : Invalid condition id : LAN8742 Phy interface Condition cause : null
2025-09-12 22:45:33,851 [WARN] ConditionMgr:1038 - genDependencies : Invalid condition id : LAN8742 Phy interface Condition cause : null
2025-09-12 22:45:33,852 [WARN] ConditionMgr:1038 - genDependencies : Invalid condition id : LAN8742 Phy interface Condition cause : null
2025-09-12 22:45:33,862 [WARN] PackLoader:238 - Cannot read IP mode file for STMicroelectronics.X-CUBE-SFXS2LP1.4.0.0
2025-09-12 22:45:33,869 [ERROR] Engine:463 - C:\Users\nguye\.stm32cubemx\thirdparties\pdsc\STMicroelectronics.X-CUBE-BLEMGR.4.1.0.pdsc: PDSC version is not supported
2025-09-12 22:45:33,888 [WARN] ConditionMgr:437 - getConditionDescription Invalid condition id : UX DEVICE CLASS RTOS Condition cause : null
2025-09-12 22:45:33,888 [WARN] ConditionMgr:437 - getConditionDescription Invalid condition id : UX DEVICE CLASS RTOS Condition cause : null
2025-09-12 22:45:33,890 [WARN] PackLoader:238 - Cannot read IP mode file for STMicroelectronics.X-CUBE-AZRTOS-WB.2.0.0
2025-09-12 22:45:33,891 [WARN] ConditionMgr:1038 - genDependencies : Invalid condition id : UX DEVICE CLASS RTOS Condition cause : null
2025-09-12 22:45:33,892 [WARN] ConditionMgr:1038 - genDependencies : Invalid condition id : UX DEVICE CLASS RTOS Condition cause : null
2025-09-12 22:45:33,892 [WARN] ConditionMgr:1038 - genDependencies : Invalid condition id : UX DEVICE CLASS RTOS Condition cause : null
2025-09-12 22:45:33,893 [WARN] ConditionMgr:1038 - genDependencies : Invalid condition id : UX DEVICE CLASS RTOS Condition cause : null
2025-09-12 22:45:33,893 [WARN] ConditionMgr:1038 - genDependencies : Invalid condition id : UX DEVICE CLASS RTOS Condition cause : null
2025-09-12 22:45:33,900 [WARN] PackLoader:238 - Cannot read IP mode file for STMicroelectronics.X-CUBE-GNSS1.7.0.1
2025-09-12 22:45:33,908 [WARN] PackLoader:238 - Cannot read IP mode file for STMicroelectronics.X-CUBE-TOUCHGFX.4.25.0
2025-09-12 22:45:33,910 [ERROR] Engine:463 - C:\Users\nguye\.stm32cubemx\thirdparties\pdsc\quantropi.X-CUBE-qispace-sdk-base.2.1.0.pdsc: PDSC version is not supported
2025-09-12 22:45:33,923 [WARN] PackLoader:238 - Cannot read IP mode file for STMicroelectronics.X-CUBE-SUBG2.5.0.0
2025-09-12 22:45:33,965 [WARN] PackLoader:238 - Cannot read IP mode file for STMicroelectronics.X-CUBE-AZRTOS-H7RS.1.1.0
2025-09-12 22:45:33,971 [ERROR] Engine:463 - C:\Users\nguye\.stm32cubemx\thirdparties\pdsc\Cesanta.I-CUBE-Mongoose.7.13.0.pdsc: PDSC version is not supported
2025-09-12 22:45:33,992 [WARN] PackLoader:238 - Cannot read IP mode file for STMicroelectronics.X-CUBE-AZRTOS-G4.2.0.0
2025-09-12 22:45:34,001 [WARN] PackLoader:238 - Cannot read IP mode file for wolfSSL.I-CUBE-wolfSSH.1.4.20
2025-09-12 22:45:34,006 [WARN] PackLoader:238 - Cannot read IP mode file for STMicroelectronics.X-CUBE-NFC7.2.0.0
2025-09-12 22:45:34,014 [ERROR] Engine:463 - C:\Users\nguye\.stm32cubemx\thirdparties\pdsc\STMicroelectronics.X-CUBE-IPS.3.1.0.pdsc: PDSC version is not supported
2025-09-12 22:45:34,017 [ERROR] Engine:463 - C:\Users\nguye\.stm32cubemx\thirdparties\pdsc\STMicroelectronics.X-CUBE-ALS.1.0.2.pdsc: PDSC version is not supported
2025-09-12 22:45:34,024 [WARN] PackLoader:238 - Cannot read IP mode file for STMicroelectronics.X-CUBE-STSE01.1.0.0
2025-09-12 22:45:34,033 [ERROR] Engine:463 - C:\Users\nguye\.stm32cubemx\thirdparties\pdsc\STMicroelectronics.X-CUBE-TOF1.3.4.3.pdsc: PDSC version is not supported
2025-09-12 22:45:34,033 [INFO] ThirdParty:915 - Integrity check success = true
2025-09-12 22:45:34,034 [INFO] IntegrityCheckThread:94 - exiting critical section [integrity check]
2025-09-12 22:45:34,034 [INFO] IntegrityCheckThread:97 - End integrity checks thread
2025-09-12 22:45:35,527 [INFO] ApiDb:251 - Load user favorites file C:\Users\nguye/.stm32cubeide/favorites.boards.txt: 0 item(s)
2025-09-12 22:45:35,527 [INFO] ApiDb:255 - User favorites Boards=[]
2025-09-12 22:45:35,528 [INFO] DbBoards:206 - Set 0 / 0 favorites Boards
2025-09-12 22:46:33,423 [INFO] DbMcusDocs:143 - JSON generation date=Tue Nov 16 23:17:54 ICT 2021 (1637079474)
2025-09-12 22:46:33,640 [INFO] DbMcusDocs:79 - Found 682 MCUs documents
2025-09-12 22:46:42,236 [INFO] MainUpdater:2671 - connection check result : 10
2025-09-12 22:46:42,237 [INFO] MainUpdater:2671 - connection check result : 10
2025-09-12 22:46:42,276 [INFO] MicroXplorer:448 - Change Database Path : 
2025-09-12 22:46:42,276 [INFO] MicroXplorer:478 - Change Database Version : DB.6.0.30
2025-09-12 22:46:42,277 [WARN] ThirdParty:813 - waiting for thirdparty lock release [close project]
2025-09-12 22:46:42,277 [INFO] ThirdParty:815 - entering critical section [close project]
2025-09-12 22:46:42,278 [INFO] ThirdParty:825 - exiting critical section [close project]
2025-09-12 22:46:42,281 [INFO] PinOutPanel:1463 - setPackage(No Configuration,No Configuration)
2025-09-12 22:46:42,282 [INFO] UtilMem:74 - Begin LoadConfig() Used Memory: 480169984 Bytes (543162368)
2025-09-12 22:46:42,283 [INFO] MicroXplorer:448 - Change Database Path : 
2025-09-12 22:46:42,283 [INFO] MicroXplorer:478 - Change Database Version : DB.6.0.30
2025-09-12 22:46:42,283 [INFO] OpenFileManager:313 - Change cursor
2025-09-12 22:46:42,862 [INFO] Context:592 - Trying to add GPIOservice into a context  which must be forbidden
2025-09-12 22:46:43,026 [INFO] ImportTextPane:167 - (OptionalMessage_ERROR) Unable to find key (Mcu.ThirdPartyNb) in loaded IOC file
2025-09-12 22:46:43,026 [INFO] ImportTextPane:167 - (OptionalMessage_ERROR) Unable to find key (Mcu.PinsNb) in loaded IOC file
2025-09-12 22:46:43,026 [INFO] ImportTextPane:167 - (OptionalMessage_ERROR) Unable to find key (Mcu.IPNb) in loaded IOC file
2025-09-12 22:46:43,062 [WARN] ApiManager:304 - Cannot register API 'Board Extension:PM33A1' from pack STMicroelectronics.X-CUBE-PM33A1.1.0.0: no header file found
2025-09-12 22:46:43,065 [WARN] ApiManager:304 - Cannot register API 'Board Extension:NFC09A1' from pack STMicroelectronics.X-CUBE-NFC9.1.0.0: no header file found
2025-09-12 22:46:43,070 [WARN] ApiManager:304 - Cannot register API 'Wireless:BlueNRG-MS' from pack STMicroelectronics.X-CUBE-BLE1.7.1.0: no header file found
2025-09-12 22:46:43,072 [WARN] ApiManager:304 - Cannot register API 'Board Extension:EEPRMA2' from pack STMicroelectronics.X-CUBE-EEPRMA1.5.2.0: no header file found
2025-09-12 22:46:43,072 [WARN] ApiManager:304 - Cannot register API 'Board Extension:PGEEZ1' from pack STMicroelectronics.X-CUBE-EEPRMA1.5.2.0: no header file found
2025-09-12 22:46:43,072 [WARN] ApiManager:304 - Cannot register API 'Board Extension:EEICA1' from pack STMicroelectronics.X-CUBE-EEPRMA1.5.2.0: no header file found
2025-09-12 22:46:43,072 [WARN] ApiManager:304 - Cannot register API 'Board Part:M24' from pack STMicroelectronics.X-CUBE-EEPRMA1.5.2.0: no header file found
2025-09-12 22:46:43,072 [WARN] ApiManager:304 - Cannot register API 'Board Part:M95' from pack STMicroelectronics.X-CUBE-EEPRMA1.5.2.0: no header file found
2025-09-12 22:46:43,072 [WARN] ApiManager:304 - Cannot register API 'Board Part:M95P32' from pack STMicroelectronics.X-CUBE-EEPRMA1.5.2.0: no header file found
2025-09-12 22:46:43,073 [WARN] ApiManager:304 - Cannot register API 'Board Part:M24256E-F' from pack STMicroelectronics.X-CUBE-EEPRMA1.5.2.0: no header file found
2025-09-12 22:46:43,073 [WARN] ApiManager:304 - Cannot register API 'Board Part:M24M01E-F' from pack STMicroelectronics.X-CUBE-EEPRMA1.5.2.0: no header file found
2025-09-12 22:46:43,073 [WARN] ApiManager:304 - Cannot register API 'PGEEZ1:SPI' from pack STMicroelectronics.X-CUBE-EEPRMA1.5.2.0: no header file found
2025-09-12 22:46:43,073 [WARN] ApiManager:304 - Cannot register API 'PGEEZ1:QDSPI' from pack STMicroelectronics.X-CUBE-EEPRMA1.5.2.0: no header file found
2025-09-12 22:46:43,075 [WARN] ApiManager:304 - Cannot register API 'Board Extension:GNSS1A1' from pack STMicroelectronics.X-CUBE-GNSS1.7.0.1: no header file found
2025-09-12 22:46:43,075 [WARN] ApiManager:304 - Cannot register API 'Board Support:Custom' from pack STMicroelectronics.X-CUBE-GNSS1.7.0.1: no header file found
2025-09-12 22:46:43,075 [WARN] ApiManager:304 - Cannot register API 'Data Exchange:lib_gnss' from pack STMicroelectronics.X-CUBE-GNSS1.7.0.1: no header file found
2025-09-12 22:46:43,076 [WARN] ApiManager:304 - Cannot register API 'Board Extension:NFC12A1' from pack STMicroelectronics.X-CUBE-NFC12.1.0.0: no header file found
2025-09-12 22:46:43,081 [WARN] ApiManager:304 - Cannot register API 'Board Extension:NFC06A1' from pack STMicroelectronics.X-CUBE-NFC6.3.1.0: no header file found
2025-09-12 22:46:43,081 [WARN] ApiManager:304 - Cannot register API 'Board Extension:NFC08A1' from pack STMicroelectronics.X-CUBE-NFC6.3.1.0: no header file found
2025-09-12 22:46:43,082 [INFO] RtosManager:484 - Registered RTOS mode: class=CMSIS, group=RTOS, mode=CMSIS_V1, owner=FREERTOS
2025-09-12 22:46:43,082 [INFO] RtosManager:484 - Registered RTOS mode: class=CMSIS, group=RTOS2, mode=CMSIS_V2, owner=FREERTOS
2025-09-12 22:46:43,082 [INFO] RtosManager:484 - Registered RTOS mode: class=RTOS, group=Core, mode=CMSIS_V1, owner=FREERTOS
2025-09-12 22:46:43,082 [INFO] RtosManager:484 - Registered RTOS mode: class=RTOS, group=Core, mode=CMSIS_V2, owner=FREERTOS
2025-09-12 22:46:43,082 [WARN] ModelIntegratedComponent:181 - Missing modes for component STMicroelectronics:FreeRTOS:0.0.1:STMicroelectronics:RTOS:FreeRTOS:Core:::10.2.0:
2025-09-12 22:46:43,084 [WARN] ApiManager:304 - Cannot register API 'Board Extension:STSAFEA1' from pack STMicroelectronics.X-CUBE-SAFEA1.1.2.2: no header file found
2025-09-12 22:46:43,084 [WARN] ApiManager:304 - Cannot register API 'Board Part:STSAFEA110' from pack STMicroelectronics.X-CUBE-SAFEA1.1.2.2: no header file found
2025-09-12 22:46:43,084 [WARN] ApiManager:304 - Cannot register API 'Security:ST_Cryptolib' from pack STMicroelectronics.X-CUBE-SAFEA1.1.2.2: no header file found
2025-09-12 22:46:43,084 [WARN] ApiManager:304 - Cannot register API 'Security:MbedTLS' from pack STMicroelectronics.X-CUBE-SAFEA1.1.2.2: no header file found
2025-09-12 22:46:43,084 [WARN] ApiManager:304 - Cannot register API 'Board Extension:NFC04A1' from pack STMicroelectronics.X-CUBE-NFC4.3.0.0: no header file found
2025-09-12 22:46:43,088 [WARN] ApiManager:304 - Cannot register API 'Board Extension:S2868A1' from pack STMicroelectronics.X-CUBE-SUBG2.5.0.0: no header file found
2025-09-12 22:46:43,088 [WARN] ApiManager:304 - Cannot register API 'Board Extension:S2868A2' from pack STMicroelectronics.X-CUBE-SUBG2.5.0.0: no header file found
2025-09-12 22:46:43,088 [WARN] ApiManager:304 - Cannot register API 'Board Extension:S2915A1' from pack STMicroelectronics.X-CUBE-SUBG2.5.0.0: no header file found
2025-09-12 22:46:43,091 [WARN] ApiManager:304 - Cannot register API 'Wireless:STM32WB05N' from pack STMicroelectronics.X-CUBE-WB05N.2.0.0: no header file found
2025-09-12 22:46:43,093 [WARN] ApiManager:304 - Cannot register API 'Board Extension:NFC07A1' from pack STMicroelectronics.X-CUBE-NFC7.2.0.0: no header file found
2025-09-12 22:46:43,094 [WARN] ApiManager:304 - Cannot register API 'Board Extension:NFC10A1' from pack STMicroelectronics.X-CUBE-NFC10.1.0.0: no header file found
2025-09-12 22:46:43,095 [WARN] ModelIntegratedComponent:60 - No mode defined for component null
2025-09-12 22:46:43,095 [WARN] ModelIntegratedComponent:60 - No mode defined for component null
2025-09-12 22:46:43,095 [WARN] ModelIntegratedComponent:60 - No mode defined for component null
2025-09-12 22:46:43,095 [WARN] ModelIntegratedComponent:60 - No mode defined for component null
2025-09-12 22:46:43,095 [WARN] ModelIntegratedComponent:60 - No mode defined for component null
2025-09-12 22:46:43,095 [WARN] ModelIntegratedComponent:60 - No mode defined for component null
2025-09-12 22:46:43,095 [WARN] ModelIntegratedComponent:60 - No mode defined for component null
2025-09-12 22:46:43,095 [WARN] ModelIntegratedComponent:60 - No mode defined for component null
2025-09-12 22:46:43,095 [WARN] ModelIntegratedComponent:60 - No mode defined for component null
2025-09-12 22:46:43,095 [WARN] ModelIntegratedComponent:60 - No mode defined for component null
2025-09-12 22:46:43,095 [WARN] ModelIntegratedComponent:60 - No mode defined for component null
2025-09-12 22:46:43,096 [WARN] ModelIntegratedComponent:60 - No mode defined for component null
2025-09-12 22:46:43,096 [WARN] ModelIntegratedComponent:60 - No mode defined for component null
2025-09-12 22:46:43,096 [WARN] ModelIntegratedComponent:60 - No mode defined for component null
2025-09-12 22:46:43,096 [WARN] ModelIntegratedComponent:60 - No mode defined for component null
2025-09-12 22:46:43,096 [WARN] ModelIntegratedComponent:60 - No mode defined for component null
2025-09-12 22:46:43,096 [WARN] ModelIntegratedComponent:60 - No mode defined for component null
2025-09-12 22:46:43,096 [WARN] ModelIntegratedComponent:60 - No mode defined for component null
2025-09-12 22:46:43,096 [WARN] ModelIntegratedComponent:60 - No mode defined for component null
2025-09-12 22:46:43,096 [WARN] ModelIntegratedComponent:60 - No mode defined for component null
2025-09-12 22:46:43,096 [WARN] ModelIntegratedComponent:60 - No mode defined for component null
2025-09-12 22:46:43,096 [WARN] ModelIntegratedComponent:60 - No mode defined for component null
2025-09-12 22:46:43,096 [WARN] ModelIntegratedComponent:60 - No mode defined for component null
2025-09-12 22:46:43,096 [WARN] ModelIntegratedComponent:60 - No mode defined for component null
2025-09-12 22:46:43,096 [WARN] ModelIntegratedComponent:60 - No mode defined for component null
2025-09-12 22:46:43,096 [WARN] ModelIntegratedComponent:60 - No mode defined for component null
2025-09-12 22:46:43,096 [WARN] ModelIntegratedComponent:60 - No mode defined for component null
2025-09-12 22:46:43,096 [WARN] ModelIntegratedComponent:60 - No mode defined for component null
2025-09-12 22:46:43,096 [WARN] ModelIntegratedComponent:60 - No mode defined for component null
2025-09-12 22:46:43,096 [WARN] ModelIntegratedComponent:60 - No mode defined for component null
2025-09-12 22:46:43,096 [WARN] ModelIntegratedComponent:60 - No mode defined for component null
2025-09-12 22:46:43,098 [WARN] ApiManager:304 - Cannot register API 'Board Extension:SAFEA1' from pack STMicroelectronics.X-CUBE-STSE01.1.0.0: no header file found
2025-09-12 22:46:43,098 [WARN] ApiManager:304 - Cannot register API 'Board Extension:ESE01A1' from pack STMicroelectronics.X-CUBE-STSE01.1.0.0: no header file found
2025-09-12 22:46:43,098 [WARN] ApiManager:304 - Cannot register API 'Board Part:STSAFEA110' from pack STMicroelectronics.X-CUBE-STSE01.1.0.0: no header file found
2025-09-12 22:46:43,098 [WARN] ApiManager:304 - Cannot register API 'Board Part:STSAFEA120' from pack STMicroelectronics.X-CUBE-STSE01.1.0.0: no header file found
2025-09-12 22:46:43,098 [WARN] ApiManager:304 - Cannot register API 'Security:STM32_Cryptographic' from pack STMicroelectronics.X-CUBE-STSE01.1.0.0: no header file found
2025-09-12 22:46:43,098 [WARN] ApiManager:304 - Cannot register API 'Security:STSELib' from pack STMicroelectronics.X-CUBE-STSE01.1.0.0: no header file found
2025-09-12 22:46:43,269 [WARN] ApiManager:304 - Cannot register API 'Board Extension:IKS01A3' from pack STMicroelectronics.X-CUBE-MEMS1.11.3.0: no header file found
2025-09-12 22:46:43,269 [WARN] ApiManager:304 - Cannot register API 'Board Extension:IKS02A1' from pack STMicroelectronics.X-CUBE-MEMS1.11.3.0: no header file found
2025-09-12 22:46:43,270 [WARN] ApiManager:304 - Cannot register API 'Board Extension:IKS4A1' from pack STMicroelectronics.X-CUBE-MEMS1.11.3.0: no header file found
2025-09-12 22:46:43,277 [WARN] ApiManager:304 - Cannot register API 'Board Extension:S2868A1' from pack STMicroelectronics.X-CUBE-SFXS2LP1.4.0.0: no header file found
2025-09-12 22:46:43,277 [WARN] ApiManager:304 - Cannot register API 'Board Extension:S2868A2' from pack STMicroelectronics.X-CUBE-SFXS2LP1.4.0.0: no header file found
2025-09-12 22:46:43,277 [WARN] ApiManager:304 - Cannot register API 'Board Extension:S2915A1' from pack STMicroelectronics.X-CUBE-SFXS2LP1.4.0.0: no header file found
2025-09-12 22:46:43,277 [WARN] ApiManager:304 - Cannot register API 'Wireless:BlueNRG-2' from pack STMicroelectronics.X-CUBE-BLE2.3.3.0: no header file found
2025-09-12 22:46:44,965 [INFO] UtilMem:74 - End LoadConfig() Used Memory: 466133768 Bytes (610271232)
2025-09-12 22:46:44,967 [WARN] ThirdParty:779 - waiting for thirdparty lock release [change project]
2025-09-12 22:46:44,967 [INFO] ThirdParty:781 - entering critical section [change project]
2025-09-12 22:46:44,967 [INFO] ThirdParty:967 - CMSIS Pack Vendor :STMicroelectronics X-CUBE-PM33A1 1.0.0
2025-09-12 22:46:44,967 [INFO] ThirdParty:967 - CMSIS Pack Vendor :STMicroelectronics X-CUBE-NFC9 1.0.0
2025-09-12 22:46:44,967 [INFO] ThirdParty:967 - CMSIS Pack Vendor :STMicroelectronics USB_HOST 2.0.0
2025-09-12 22:46:44,967 [INFO] ThirdParty:967 - CMSIS Pack Vendor :STMicroelectronics X-CUBE-AZRTOS-F4 1.1.0
2025-09-12 22:46:44,967 [INFO] ThirdParty:967 - CMSIS Pack Vendor :STMicroelectronics FP-ATR-ASTRA1 2.0.2
2025-09-12 22:46:44,967 [INFO] ThirdParty:967 - CMSIS Pack Vendor :wolfSSL I-CUBE-wolfSSL 5.8.2
2025-09-12 22:46:44,967 [INFO] ThirdParty:967 - CMSIS Pack Vendor :STMicroelectronics X-CUBE-BLE1 7.1.0
2025-09-12 22:46:44,967 [INFO] ThirdParty:967 - CMSIS Pack Vendor :wolfSSL I-CUBE-wolfMQTT 1.19.2
2025-09-12 22:46:44,967 [INFO] ThirdParty:967 - CMSIS Pack Vendor :STMicroelectronics USB_DEVICE 3.0.0
2025-09-12 22:46:44,967 [INFO] ThirdParty:967 - CMSIS Pack Vendor :STMicroelectronics X-CUBE-ISPU 2.1.0
2025-09-12 22:46:44,967 [INFO] ThirdParty:967 - CMSIS Pack Vendor :STMicroelectronics X-CUBE-EEPRMA1 5.2.0
2025-09-12 22:46:44,967 [INFO] ThirdParty:967 - CMSIS Pack Vendor :STMicroelectronics X-CUBE-AZRTOS-WB 2.0.0
2025-09-12 22:46:44,967 [INFO] ThirdParty:967 - CMSIS Pack Vendor :STMicroelectronics X-CUBE-GNSS1 7.0.1
2025-09-12 22:46:44,967 [INFO] ThirdParty:967 - CMSIS Pack Vendor :STMicroelectronics X-CUBE-NFC12 1.0.0
2025-09-12 22:46:44,967 [INFO] ThirdParty:967 - CMSIS Pack Vendor :STMicroelectronics X-CUBE-AZRTOS-F7 1.1.0
2025-09-12 22:46:44,967 [INFO] ThirdParty:967 - CMSIS Pack Vendor :STMicroelectronics X-CUBE-AZRTOS-L5 2.0.0
2025-09-12 22:46:44,967 [INFO] ThirdParty:967 - CMSIS Pack Vendor :STMicroelectronics X-CUBE-TOUCHGFX 4.25.0
2025-09-12 22:46:44,967 [INFO] ThirdParty:967 - CMSIS Pack Vendor :STMicroelectronics USB_DEVICE 2.0.0
2025-09-12 22:46:44,968 [INFO] ThirdParty:967 - CMSIS Pack Vendor :STMicroelectronics X-CUBE-NFC6 3.1.0
2025-09-12 22:46:44,968 [INFO] ThirdParty:967 - CMSIS Pack Vendor :STMicroelectronics FreeRTOS 0.0.1
2025-09-12 22:46:44,968 [INFO] ThirdParty:967 - CMSIS Pack Vendor :STMicroelectronics X-CUBE-AZRTOS-G0 1.1.0
2025-09-12 22:46:44,968 [INFO] ThirdParty:967 - CMSIS Pack Vendor :STMicroelectronics X-CUBE-SAFEA1 1.2.2
2025-09-12 22:46:44,968 [INFO] ThirdParty:967 - CMSIS Pack Vendor :STMicroelectronics X-CUBE-NFC4 3.0.0
2025-09-12 22:46:44,968 [INFO] ThirdParty:967 - CMSIS Pack Vendor :STMicroelectronics X-CUBE-SUBG2 5.0.0
2025-09-12 22:46:44,968 [INFO] ThirdParty:967 - CMSIS Pack Vendor :STMicroelectronics X-CUBE-AZRTOS-H7RS 1.1.0
2025-09-12 22:46:44,968 [INFO] ThirdParty:967 - CMSIS Pack Vendor :STMicroelectronics lwIP 2.0.3
2025-09-12 22:46:44,968 [INFO] ThirdParty:967 - CMSIS Pack Vendor :STMicroelectronics USB_HOST 1.0.0
2025-09-12 22:46:44,968 [INFO] ThirdParty:967 - CMSIS Pack Vendor :STMicroelectronics X-CUBE-AZRTOS-G4 2.0.0
2025-09-12 22:46:44,968 [INFO] ThirdParty:967 - CMSIS Pack Vendor :STMicroelectronics X-CUBE-WB05N 2.0.0
2025-09-12 22:46:44,968 [INFO] ThirdParty:967 - CMSIS Pack Vendor :STMicroelectronics PDM2PCM 3.1.0
2025-09-12 22:46:44,968 [INFO] ThirdParty:967 - CMSIS Pack Vendor :STMicroelectronics PDM2PCM 3.3.0
2025-09-12 22:46:44,968 [INFO] ThirdParty:967 - CMSIS Pack Vendor :wolfSSL I-CUBE-wolfTPM 3.8.0
2025-09-12 22:46:44,968 [INFO] ThirdParty:967 - CMSIS Pack Vendor :STMicroelectronics X-CUBE-AZRTOS-H7 3.4.0
2025-09-12 22:46:44,969 [INFO] ThirdParty:967 - CMSIS Pack Vendor :wolfSSL I-CUBE-wolfSSH 1.4.20
2025-09-12 22:46:44,969 [INFO] ThirdParty:967 - CMSIS Pack Vendor :STMicroelectronics X-CUBE-NFC7 2.0.0
2025-09-12 22:46:44,969 [INFO] ThirdParty:967 - CMSIS Pack Vendor :STMicroelectronics FP-ATR-SIGFOX1 3.2.0
2025-09-12 22:46:44,969 [INFO] ThirdParty:967 - CMSIS Pack Vendor :STMicroelectronics X-CUBE-NFC10 1.0.0
2025-09-12 22:46:44,969 [INFO] ThirdParty:967 - CMSIS Pack Vendor :STMicroelectronics HAL Drivers 0.0.0
2025-09-12 22:46:44,969 [INFO] ThirdParty:967 - CMSIS Pack Vendor :STMicroelectronics MBEDTLS 2.16.2
2025-09-12 22:46:44,969 [INFO] ThirdParty:967 - CMSIS Pack Vendor :STMicroelectronics MBEDTLS 2.14.1
2025-09-12 22:46:44,969 [INFO] ThirdParty:967 - CMSIS Pack Vendor :STMicroelectronics X-CUBE-STSE01 1.0.0
2025-09-12 22:46:44,969 [INFO] ThirdParty:967 - CMSIS Pack Vendor :STMicroelectronics X-CUBE-AI 10.2.0
2025-09-12 22:46:44,969 [INFO] ThirdParty:967 - CMSIS Pack Vendor :STMicroelectronics X-CUBE-AZRTOS-WL 2.0.0
2025-09-12 22:46:44,969 [INFO] ThirdParty:967 - CMSIS Pack Vendor :SEGGER I-CUBE-embOS 1.3.1
2025-09-12 22:46:44,969 [INFO] ThirdParty:967 - CMSIS Pack Vendor :STMicroelectronics X-CUBE-ALGOBUILD 1.4.0
2025-09-12 22:46:44,969 [INFO] ThirdParty:967 - CMSIS Pack Vendor :STMicroelectronics X-CUBE-MEMS1 11.3.0
2025-09-12 22:46:44,969 [INFO] ThirdParty:967 - CMSIS Pack Vendor :STMicroelectronics USB_DEVICE 1.0.0
2025-09-12 22:46:44,969 [INFO] ThirdParty:967 - CMSIS Pack Vendor :STMicroelectronics X-CUBE-AZRTOS-L4 2.0.0
2025-09-12 22:46:44,970 [INFO] ThirdParty:967 - CMSIS Pack Vendor :STMicroelectronics ThreadX 0.0.2
2025-09-12 22:46:44,970 [INFO] ThirdParty:967 - CMSIS Pack Vendor :STMicroelectronics lwIP 2.1.2
2025-09-12 22:46:44,970 [INFO] ThirdParty:967 - CMSIS Pack Vendor :STMicroelectronics X-CUBE-SFXS2LP1 4.0.0
2025-09-12 22:46:44,970 [INFO] ThirdParty:967 - CMSIS Pack Vendor :STMicroelectronics X-CUBE-BLE2 3.3.0
2025-09-12 22:46:44,970 [INFO] ThirdParty:967 - CMSIS Pack Vendor :STMicroelectronics PDM2PCM 3.2.0
2025-09-12 22:46:44,970 [INFO] ThirdParty:787 - exiting critical section [change project]
2025-09-12 22:46:45,144 [INFO] PinOutPanel:1463 - setPackage(No Configuration,No Configuration)
2025-09-12 22:46:45,145 [INFO] PinOutPanel:1463 - setPackage(STM32F103C6Ux,UFQFPN48)
2025-09-12 22:46:45,420 [INFO] UtilMem:74 - Before build in PCC Used Memory: 498245320 Bytes (629145600)
2025-09-12 22:46:45,792 [INFO] UtilMem:74 - After build in PCC Used Memory: 508912640 Bytes (629145600)
2025-09-12 22:46:45,805 [INFO] IPUIPlugin:74 - create IPUIPlugin
2025-09-12 22:46:45,807 [INFO] IPUIPlugin:74 - create IPUIPlugin
2025-09-12 22:46:45,807 [INFO] IPUIPlugin:74 - create IPUIPlugin
2025-09-12 22:46:45,807 [INFO] IPUIPlugin:74 - create IPUIPlugin
2025-09-12 22:46:45,807 [INFO] IPUIPlugin:74 - create IPUIPlugin
2025-09-12 22:46:45,807 [INFO] IPUIPlugin:74 - create IPUIPlugin
2025-09-12 22:46:45,807 [INFO] IPUIPlugin:74 - create IPUIPlugin
2025-09-12 22:46:45,807 [INFO] IPUIPlugin:74 - create IPUIPlugin
2025-09-12 22:46:45,807 [INFO] IPUIPlugin:74 - create IPUIPlugin
2025-09-12 22:46:45,808 [INFO] IPUIPlugin:74 - create IPUIPlugin
2025-09-12 22:46:45,808 [INFO] IPUIPlugin:74 - create IPUIPlugin
2025-09-12 22:46:45,808 [INFO] IPUIPlugin:74 - create IPUIPlugin
2025-09-12 22:46:45,808 [INFO] IPUIPlugin:74 - create IPUIPlugin
2025-09-12 22:46:45,808 [INFO] IPUIPlugin:74 - create IPUIPlugin
2025-09-12 22:46:45,808 [INFO] IPUIPlugin:74 - create IPUIPlugin
2025-09-12 22:46:45,809 [INFO] IPUIPlugin:74 - create IPUIPlugin
2025-09-12 22:46:45,809 [INFO] IPUIPlugin:74 - create IPUIPlugin
2025-09-12 22:46:45,809 [INFO] IPUIPlugin:74 - create IPUIPlugin
2025-09-12 22:46:45,809 [INFO] IPUIPlugin:74 - create IPUIPlugin
2025-09-12 22:46:45,809 [INFO] IPUIPlugin:74 - create IPUIPlugin
2025-09-12 22:46:45,809 [INFO] IPUIPlugin:74 - create IPUIPlugin
2025-09-12 22:46:45,810 [INFO] IPUIPlugin:74 - create IPUIPlugin
2025-09-12 22:46:45,810 [INFO] IPUIPlugin:74 - create IPUIPlugin
2025-09-12 22:46:45,887 [INFO] OpenFileManager:333 - Restore cursor
2025-09-12 22:46:46,077 [INFO] UtilMem:74 - End SaveConfig() Used Memory: 509680424 Bytes (629145600)
2025-09-12 22:46:46,122 [INFO] UtilMem:74 - End SaveConfig() Used Memory: 523105416 Bytes (629145600)
2025-09-12 22:46:46,373 [INFO] BlockDiagram:2740 - set Specific Code input for plugin: NVIC
2025-09-12 22:46:46,374 [INFO] BlockDiagram:2740 - set Specific Code input for plugin: SYS
2025-09-12 22:46:46,374 [INFO] BlockDiagram:2740 - set Specific Code input for plugin: RCC
2025-09-12 22:46:46,375 [INFO] CodeGenerator:663 - code generatio: config db path: C:\ST\STM32CubeIDE_1.7.0\STM32CubeIDE\plugins\com.st.stm32cube.common.mx_6.3.0.202107141111\\db\
2025-09-12 22:46:46,605 [INFO] CodeEngine:239 - oldGeneratedFile, C:\Users\nguye\Desktop\VXL\Ex2\Ex2\MXTmpFiles\license.tmp_save
2025-09-12 22:46:46,875 [INFO] CodeEngine:257 - Generated code: C:\Users\nguye\Desktop\VXL\Ex2\Ex2\MXTmpFiles\license.tmp
2025-09-12 22:46:46,942 [INFO] CodeEngine:239 - oldGeneratedFile, C:\Users\nguye\Desktop\VXL\Ex2\Ex2\Core\Src\stm32f1xx_it.c_save
2025-09-12 22:46:47,030 [INFO] CodeEngine:257 - Generated code: C:\Users\nguye\Desktop\VXL\Ex2\Ex2\Core\Src\stm32f1xx_it.c
2025-09-12 22:46:47,032 [INFO] CodeEngine:239 - oldGeneratedFile, C:\Users\nguye\Desktop\VXL\Ex2\Ex2\Core\Inc\stm32f1xx_it.h_save
2025-09-12 22:46:47,084 [INFO] CodeEngine:257 - Generated code: C:\Users\nguye\Desktop\VXL\Ex2\Ex2\Core\Inc\stm32f1xx_it.h
2025-09-12 22:46:47,090 [INFO] CodeEngine:239 - oldGeneratedFile, C:\Users\nguye\Desktop\VXL\Ex2\Ex2\Core\Src\stm32f1xx_hal_msp.c_save
2025-09-12 22:46:47,190 [INFO] CodeEngine:257 - Generated code: C:\Users\nguye\Desktop\VXL\Ex2\Ex2\Core\Src\stm32f1xx_hal_msp.c
2025-09-12 22:46:47,192 [INFO] CodeEngine:239 - oldGeneratedFile, C:\Users\nguye\Desktop\VXL\Ex2\Ex2\MXTmpFiles\system.tmp_save
2025-09-12 22:46:47,250 [INFO] CodeEngine:257 - Generated code: C:\Users\nguye\Desktop\VXL\Ex2\Ex2\MXTmpFiles\system.tmp
2025-09-12 22:46:47,257 [INFO] CodeEngine:239 - oldGeneratedFile, C:\Users\nguye\Desktop\VXL\Ex2\Ex2\Core\Inc\stm32f1xx_hal_conf.h_save
2025-09-12 22:46:47,339 [INFO] CodeEngine:257 - Generated code: C:\Users\nguye\Desktop\VXL\Ex2\Ex2\Core\Inc\stm32f1xx_hal_conf.h
2025-09-12 22:46:47,373 [INFO] CodeEngine:239 - oldGeneratedFile, C:\Users\nguye\Desktop\VXL\Ex2\Ex2\Core\Inc\main.h_save
2025-09-12 22:46:47,463 [INFO] CodeEngine:257 - Generated code: C:\Users\nguye\Desktop\VXL\Ex2\Ex2\Core\Inc\main.h
2025-09-12 22:46:47,467 [INFO] CodeEngine:239 - oldGeneratedFile, C:\Users\nguye\Desktop\VXL\Ex2\Ex2\Core\Src\main.c_save
2025-09-12 22:46:47,578 [INFO] CodeEngine:257 - Generated code: C:\Users\nguye\Desktop\VXL\Ex2\Ex2\Core\Src\main.c
2025-09-12 22:46:48,262 [INFO] ProjectBuilder:2578 - Time for Copy HAL[1] : 54mS.
2025-09-12 22:46:48,267 [INFO] ProjectBuilder:3622 - Project Generator version: 3.14.1
2025-09-12 22:46:48,598 [INFO] ConfigFileManager:1271 - The Die is : DIE412
2025-09-12 22:46:48,609 [INFO] ApiDbMcu:468 - Load IP Config File for FATFS
2025-09-12 22:46:48,629 [INFO] ApiDbMcu:468 - Load IP Config File for FREERTOS
2025-09-12 22:46:48,645 [INFO] ApiDbMcu:468 - Load IP Config File for USB_DEVICE
2025-09-12 22:46:50,965 [INFO] ProjectBuilder:3789 - Time for Generating toolchain IDE Files: 2698mS.
2025-09-12 22:46:50,967 [INFO] ProjectBuilder:2457 - Time for Copy CMSIS : 2mS.
2025-09-12 22:46:50,968 [INFO] ProjectBuilder:2457 - Time for Copy CMSIS : 0mS.
2025-09-12 22:46:51,637 [INFO] McuFinderGlobals:52 - Set McuFinderConnectedMode to true
2025-09-12 22:46:51,638 [INFO] ApiDb:276 - Save user favorites file C:\Users\nguye/.stm32cubeide/favorites.mcus.txt: 0 item(s)
2025-09-12 22:46:51,638 [INFO] ApiDb:280 - User favorites MCUs=[]
2025-09-12 22:47:25,076 [INFO] UtilMem:74 - End SaveConfig() Used Memory: 783681584 Bytes (922746880)
2025-09-12 22:47:28,284 [INFO] UtilMem:74 - End SaveConfig() Used Memory: 761208488 Bytes (922746880)
2025-09-12 22:47:30,379 [INFO] UtilMem:74 - End SaveConfig() Used Memory: 752371248 Bytes (922746880)
2025-09-12 22:47:30,667 [INFO] BlockDiagram:2740 - set Specific Code input for plugin: NVIC
2025-09-12 22:47:30,667 [INFO] BlockDiagram:2740 - set Specific Code input for plugin: SYS
2025-09-12 22:47:30,667 [INFO] BlockDiagram:2740 - set Specific Code input for plugin: GPIO
2025-09-12 22:47:30,667 [INFO] BlockDiagram:2740 - set Specific Code input for plugin: RCC
2025-09-12 22:47:30,668 [INFO] CodeGenerator:663 - code generatio: config db path: C:\ST\STM32CubeIDE_1.7.0\STM32CubeIDE\plugins\com.st.stm32cube.common.mx_6.3.0.202107141111\\db\
2025-09-12 22:47:30,892 [INFO] CodeEngine:239 - oldGeneratedFile, C:\Users\nguye\Desktop\VXL\Ex2\Ex2\MXTmpFiles\license.tmp_save
2025-09-12 22:47:30,942 [INFO] CodeEngine:257 - Generated code: C:\Users\nguye\Desktop\VXL\Ex2\Ex2\MXTmpFiles\license.tmp
2025-09-12 22:47:30,970 [INFO] CodeEngine:239 - oldGeneratedFile, C:\Users\nguye\Desktop\VXL\Ex2\Ex2\MXTmpFiles\gpio.tmp_save
2025-09-12 22:47:31,069 [INFO] CodeEngine:257 - Generated code: C:\Users\nguye\Desktop\VXL\Ex2\Ex2\MXTmpFiles\gpio.tmp
2025-09-12 22:47:31,096 [INFO] CodeEngine:239 - oldGeneratedFile, C:\Users\nguye\Desktop\VXL\Ex2\Ex2\Core\Src\stm32f1xx_it.c_save
2025-09-12 22:47:31,171 [INFO] CodeEngine:257 - Generated code: C:\Users\nguye\Desktop\VXL\Ex2\Ex2\Core\Src\stm32f1xx_it.c
2025-09-12 22:47:31,176 [INFO] CodeEngine:239 - oldGeneratedFile, C:\Users\nguye\Desktop\VXL\Ex2\Ex2\Core\Inc\stm32f1xx_it.h_save
2025-09-12 22:47:31,272 [INFO] CodeEngine:257 - Generated code: C:\Users\nguye\Desktop\VXL\Ex2\Ex2\Core\Inc\stm32f1xx_it.h
2025-09-12 22:47:31,295 [INFO] CodeEngine:239 - oldGeneratedFile, C:\Users\nguye\Desktop\VXL\Ex2\Ex2\Core\Src\stm32f1xx_hal_msp.c_save
2025-09-12 22:47:31,378 [INFO] CodeEngine:257 - Generated code: C:\Users\nguye\Desktop\VXL\Ex2\Ex2\Core\Src\stm32f1xx_hal_msp.c
2025-09-12 22:47:31,382 [INFO] CodeEngine:239 - oldGeneratedFile, C:\Users\nguye\Desktop\VXL\Ex2\Ex2\MXTmpFiles\system.tmp_save
2025-09-12 22:47:31,433 [INFO] CodeEngine:257 - Generated code: C:\Users\nguye\Desktop\VXL\Ex2\Ex2\MXTmpFiles\system.tmp
2025-09-12 22:47:31,451 [INFO] CodeEngine:239 - oldGeneratedFile, C:\Users\nguye\Desktop\VXL\Ex2\Ex2\Core\Inc\stm32f1xx_hal_conf.h_save
2025-09-12 22:47:31,553 [INFO] CodeEngine:257 - Generated code: C:\Users\nguye\Desktop\VXL\Ex2\Ex2\Core\Inc\stm32f1xx_hal_conf.h
2025-09-12 22:47:31,584 [INFO] CodeEngine:239 - oldGeneratedFile, C:\Users\nguye\Desktop\VXL\Ex2\Ex2\Core\Inc\main.h_save
2025-09-12 22:47:31,662 [INFO] CodeEngine:257 - Generated code: C:\Users\nguye\Desktop\VXL\Ex2\Ex2\Core\Inc\main.h
2025-09-12 22:47:31,677 [INFO] CodeEngine:239 - oldGeneratedFile, C:\Users\nguye\Desktop\VXL\Ex2\Ex2\Core\Src\main.c_save
2025-09-12 22:47:31,790 [INFO] CodeEngine:257 - Generated code: C:\Users\nguye\Desktop\VXL\Ex2\Ex2\Core\Src\main.c
2025-09-12 22:47:32,482 [INFO] ProjectBuilder:2578 - Time for Copy HAL[1] : 63mS.
2025-09-12 22:47:32,484 [INFO] ProjectBuilder:3622 - Project Generator version: 3.14.1
2025-09-12 22:47:32,906 [INFO] ConfigFileManager:1271 - The Die is : DIE412
2025-09-12 22:47:34,839 [INFO] ProjectBuilder:3789 - Time for Generating toolchain IDE Files: 2355mS.
2025-09-12 22:47:34,840 [INFO] ProjectBuilder:2457 - Time for Copy CMSIS : 0mS.
2025-09-12 22:47:34,842 [INFO] ProjectBuilder:2457 - Time for Copy CMSIS : 0mS.
